[0.270s] DEBUG:colcon:Command line arguments: ['/usr/bin/colcon', 'build']
[0.270s] DEBUG:colcon:Parsed command line arguments: Namespace(allow_overriding=[], ament_cmake_args=None, base_paths=['.'], build_base='build', catkin_cmake_args=None, catkin_skip_building_tests=False, cmake_args=None, cmake_clean_cache=False, cmake_clean_first=False, cmake_force_configure=False, cmake_target=None, cmake_target_skip_unavailable=False, continue_on_error=False, event_handlers=None, executor='parallel', ignore_user_meta=False, install_base='install', log_base=None, log_level=None, main=<bound method BuildVerb.main of <colcon_core.verb.build.BuildVerb object at 0x7f867f5cc340>>, merge_install=False, metas=['./colcon.meta'], packages_above=None, packages_above_and_dependencies=None, packages_above_depth=None, packages_end=None, packages_ignore=None, packages_ignore_regex=None, packages_select=None, packages_select_build_failed=False, packages_select_by_dep=None, packages_select_regex=None, packages_select_test_failures=False, packages_skip=None, packages_skip_build_finished=False, packages_skip_by_dep=None, packages_skip_regex=None, packages_skip_test_passed=False, packages_skip_up_to=None, packages_start=None, packages_up_to=None, packages_up_to_regex=None, parallel_workers=16, paths=None, symlink_install=False, test_result_base=None, verb_extension=<colcon_core.verb.build.BuildVerb object at 0x7f867f5cc340>, verb_name='build', verb_parser=<colcon_defaults.argument_parser.defaults.DefaultArgumentsDecorator object at 0x7f867f530610>)
[0.320s] Level 1:colcon.colcon_core.package_discovery:discover_packages(colcon_meta) check parameters
[0.320s] Level 1:colcon.colcon_core.package_discovery:discover_packages(recursive) check parameters
[0.320s] Level 1:colcon.colcon_core.package_discovery:discover_packages(ignore) check parameters
[0.320s] Level 1:colcon.colcon_core.package_discovery:discover_packages(path) check parameters
[0.320s] Level 1:colcon.colcon_core.package_discovery:discover_packages(colcon_meta) discover
[0.320s] Level 1:colcon.colcon_core.package_discovery:discover_packages(recursive) discover
[0.320s] INFO:colcon.colcon_core.package_discovery:Crawling recursively for packages in '/home/jingyan/px4_ros_com_ros2'
[0.320s] Level 1:colcon.colcon_core.package_identification:_identify(.) by extensions ['ignore', 'ignore_ament_install']
[0.320s] Level 1:colcon.colcon_core.package_identification:_identify(.) by extension 'ignore'
[0.320s] Level 1:colcon.colcon_core.package_identification:_identify(.) by extension 'ignore_ament_install'
[0.320s] Level 1:colcon.colcon_core.package_identification:_identify(.) by extensions ['colcon_pkg']
[0.320s] Level 1:colcon.colcon_core.package_identification:_identify(.) by extension 'colcon_pkg'
[0.320s] Level 1:colcon.colcon_core.package_identification:_identify(.) by extensions ['colcon_meta']
[0.320s] Level 1:colcon.colcon_core.package_identification:_identify(.) by extension 'colcon_meta'
[0.320s] Level 1:colcon.colcon_core.package_identification:_identify(.) by extensions ['ros']
[0.320s] Level 1:colcon.colcon_core.package_identification:_identify(.) by extension 'ros'
[0.334s] Level 1:colcon.colcon_core.package_identification:_identify(.) by extensions ['cmake', 'python']
[0.334s] Level 1:colcon.colcon_core.package_identification:_identify(.) by extension 'cmake'
[0.334s] Level 1:colcon.colcon_core.package_identification:_identify(.) by extension 'python'
[0.334s] Level 1:colcon.colcon_core.package_identification:_identify(.) by extensions ['python_setup_py']
[0.334s] Level 1:colcon.colcon_core.package_identification:_identify(.) by extension 'python_setup_py'
[0.334s] Level 1:colcon.colcon_core.package_identification:_identify(build) by extensions ['ignore', 'ignore_ament_install']
[0.334s] Level 1:colcon.colcon_core.package_identification:_identify(build) by extension 'ignore'
[0.334s] Level 1:colcon.colcon_core.package_identification:_identify(build) ignored
[0.334s] Level 1:colcon.colcon_core.package_identification:_identify(install) by extensions ['ignore', 'ignore_ament_install']
[0.334s] Level 1:colcon.colcon_core.package_identification:_identify(install) by extension 'ignore'
[0.334s] Level 1:colcon.colcon_core.package_identification:_identify(install) ignored
[0.334s] Level 1:colcon.colcon_core.package_identification:_identify(log) by extensions ['ignore', 'ignore_ament_install']
[0.334s] Level 1:colcon.colcon_core.package_identification:_identify(log) by extension 'ignore'
[0.334s] Level 1:colcon.colcon_core.package_identification:_identify(log) ignored
[0.334s] Level 1:colcon.colcon_core.package_identification:_identify(src) by extensions ['ignore', 'ignore_ament_install']
[0.334s] Level 1:colcon.colcon_core.package_identification:_identify(src) by extension 'ignore'
[0.335s] Level 1:colcon.colcon_core.package_identification:_identify(src) by extension 'ignore_ament_install'
[0.335s] Level 1:colcon.colcon_core.package_identification:_identify(src) by extensions ['colcon_pkg']
[0.335s] Level 1:colcon.colcon_core.package_identification:_identify(src) by extension 'colcon_pkg'
[0.335s] Level 1:colcon.colcon_core.package_identification:_identify(src) by extensions ['colcon_meta']
[0.335s] Level 1:colcon.colcon_core.package_identification:_identify(src) by extension 'colcon_meta'
[0.335s] Level 1:colcon.colcon_core.package_identification:_identify(src) by extensions ['ros']
[0.335s] Level 1:colcon.colcon_core.package_identification:_identify(src) by extension 'ros'
[0.335s] Level 1:colcon.colcon_core.package_identification:_identify(src) by extensions ['cmake', 'python']
[0.335s] Level 1:colcon.colcon_core.package_identification:_identify(src) by extension 'cmake'
[0.335s] Level 1:colcon.colcon_core.package_identification:_identify(src) by extension 'python'
[0.335s] Level 1:colcon.colcon_core.package_identification:_identify(src) by extensions ['python_setup_py']
[0.335s] Level 1:colcon.colcon_core.package_identification:_identify(src) by extension 'python_setup_py'
[0.335s] Level 1:colcon.colcon_core.package_identification:_identify(src/cartographer_config) by extensions ['ignore', 'ignore_ament_install']
[0.335s] Level 1:colcon.colcon_core.package_identification:_identify(src/cartographer_config) by extension 'ignore'
[0.335s] Level 1:colcon.colcon_core.package_identification:_identify(src/cartographer_config) by extension 'ignore_ament_install'
[0.335s] Level 1:colcon.colcon_core.package_identification:_identify(src/cartographer_config) by extensions ['colcon_pkg']
[0.335s] Level 1:colcon.colcon_core.package_identification:_identify(src/cartographer_config) by extension 'colcon_pkg'
[0.335s] Level 1:colcon.colcon_core.package_identification:_identify(src/cartographer_config) by extensions ['colcon_meta']
[0.335s] Level 1:colcon.colcon_core.package_identification:_identify(src/cartographer_config) by extension 'colcon_meta'
[0.335s] Level 1:colcon.colcon_core.package_identification:_identify(src/cartographer_config) by extensions ['ros']
[0.335s] Level 1:colcon.colcon_core.package_identification:_identify(src/cartographer_config) by extension 'ros'
[0.338s] DEBUG:colcon.colcon_core.package_identification:Package 'src/cartographer_config' with type 'ros.ament_cmake' and name 'fishbot_cartographer'
[0.338s] Level 1:colcon.colcon_core.package_identification:_identify(src/iwr6843aop_pub-main) by extensions ['ignore', 'ignore_ament_install']
[0.338s] Level 1:colcon.colcon_core.package_identification:_identify(src/iwr6843aop_pub-main) by extension 'ignore'
[0.338s] Level 1:colcon.colcon_core.package_identification:_identify(src/iwr6843aop_pub-main) by extension 'ignore_ament_install'
[0.338s] Level 1:colcon.colcon_core.package_identification:_identify(src/iwr6843aop_pub-main) by extensions ['colcon_pkg']
[0.338s] Level 1:colcon.colcon_core.package_identification:_identify(src/iwr6843aop_pub-main) by extension 'colcon_pkg'
[0.338s] Level 1:colcon.colcon_core.package_identification:_identify(src/iwr6843aop_pub-main) by extensions ['colcon_meta']
[0.338s] Level 1:colcon.colcon_core.package_identification:_identify(src/iwr6843aop_pub-main) by extension 'colcon_meta'
[0.338s] Level 1:colcon.colcon_core.package_identification:_identify(src/iwr6843aop_pub-main) by extensions ['ros']
[0.338s] Level 1:colcon.colcon_core.package_identification:_identify(src/iwr6843aop_pub-main) by extension 'ros'
[0.339s] DEBUG:colcon.colcon_core.package_identification:Package 'src/iwr6843aop_pub-main' with type 'ros.ament_python' and name 'iwr6843aop_pub'
[0.339s] Level 1:colcon.colcon_core.package_identification:_identify(src/px4_msgs) by extensions ['ignore', 'ignore_ament_install']
[0.339s] Level 1:colcon.colcon_core.package_identification:_identify(src/px4_msgs) by extension 'ignore'
[0.339s] Level 1:colcon.colcon_core.package_identification:_identify(src/px4_msgs) by extension 'ignore_ament_install'
[0.339s] Level 1:colcon.colcon_core.package_identification:_identify(src/px4_msgs) by extensions ['colcon_pkg']
[0.339s] Level 1:colcon.colcon_core.package_identification:_identify(src/px4_msgs) by extension 'colcon_pkg'
[0.339s] Level 1:colcon.colcon_core.package_identification:_identify(src/px4_msgs) by extensions ['colcon_meta']
[0.339s] Level 1:colcon.colcon_core.package_identification:_identify(src/px4_msgs) by extension 'colcon_meta'
[0.339s] Level 1:colcon.colcon_core.package_identification:_identify(src/px4_msgs) by extensions ['ros']
[0.339s] Level 1:colcon.colcon_core.package_identification:_identify(src/px4_msgs) by extension 'ros'
[0.340s] DEBUG:colcon.colcon_core.package_identification:Package 'src/px4_msgs' with type 'ros.ament_cmake' and name 'px4_msgs'
[0.340s] Level 1:colcon.colcon_core.package_identification:_identify(src/px4_ros_com) by extensions ['ignore', 'ignore_ament_install']
[0.340s] Level 1:colcon.colcon_core.package_identification:_identify(src/px4_ros_com) by extension 'ignore'
[0.341s] Level 1:colcon.colcon_core.package_identification:_identify(src/px4_ros_com) by extension 'ignore_ament_install'
[0.341s] Level 1:colcon.colcon_core.package_identification:_identify(src/px4_ros_com) by extensions ['colcon_pkg']
[0.341s] Level 1:colcon.colcon_core.package_identification:_identify(src/px4_ros_com) by extension 'colcon_pkg'
[0.341s] Level 1:colcon.colcon_core.package_identification:_identify(src/px4_ros_com) by extensions ['colcon_meta']
[0.341s] Level 1:colcon.colcon_core.package_identification:_identify(src/px4_ros_com) by extension 'colcon_meta'
[0.341s] Level 1:colcon.colcon_core.package_identification:_identify(src/px4_ros_com) by extensions ['ros']
[0.341s] Level 1:colcon.colcon_core.package_identification:_identify(src/px4_ros_com) by extension 'ros'
[0.342s] DEBUG:colcon.colcon_core.package_identification:Package 'src/px4_ros_com' with type 'ros.ament_cmake' and name 'px4_ros_com'
[0.342s] Level 1:colcon.colcon_core.package_discovery:discover_packages(recursive) using defaults
[0.342s] Level 1:colcon.colcon_core.package_discovery:discover_packages(ignore) discover
[0.342s] Level 1:colcon.colcon_core.package_discovery:discover_packages(ignore) using defaults
[0.342s] Level 1:colcon.colcon_core.package_discovery:discover_packages(path) discover
[0.342s] Level 1:colcon.colcon_core.package_discovery:discover_packages(path) using defaults
[0.361s] Level 1:colcon.colcon_core.package_discovery:discover_packages(prefix_path) check parameters
[0.361s] Level 1:colcon.colcon_core.package_discovery:discover_packages(prefix_path) discover
[0.363s] DEBUG:colcon.colcon_installed_package_information.package_discovery:Found 4 installed packages in /home/jingyan/px4_ros_com_ros2/install
[0.364s] DEBUG:colcon.colcon_installed_package_information.package_discovery:Found 267 installed packages in /opt/ros/foxy
[0.365s] Level 1:colcon.colcon_core.package_discovery:discover_packages(prefix_path) using defaults
[0.423s] Level 5:colcon.colcon_core.verb:set package 'fishbot_cartographer' build argument 'cmake_args' from command line to 'None'
[0.423s] Level 5:colcon.colcon_core.verb:set package 'fishbot_cartographer' build argument 'cmake_target' from command line to 'None'
[0.423s] Level 5:colcon.colcon_core.verb:set package 'fishbot_cartographer' build argument 'cmake_target_skip_unavailable' from command line to 'False'
[0.423s] Level 5:colcon.colcon_core.verb:set package 'fishbot_cartographer' build argument 'cmake_clean_cache' from command line to 'False'
[0.423s] Level 5:colcon.colcon_core.verb:set package 'fishbot_cartographer' build argument 'cmake_clean_first' from command line to 'False'
[0.423s] Level 5:colcon.colcon_core.verb:set package 'fishbot_cartographer' build argument 'cmake_force_configure' from command line to 'False'
[0.423s] Level 5:colcon.colcon_core.verb:set package 'fishbot_cartographer' build argument 'ament_cmake_args' from command line to 'None'
[0.423s] Level 5:colcon.colcon_core.verb:set package 'fishbot_cartographer' build argument 'catkin_cmake_args' from command line to 'None'
[0.423s] Level 5:colcon.colcon_core.verb:set package 'fishbot_cartographer' build argument 'catkin_skip_building_tests' from command line to 'False'
[0.423s] DEBUG:colcon.colcon_core.verb:Building package 'fishbot_cartographer' with the following arguments: {'ament_cmake_args': None, 'build_base': '/home/jingyan/px4_ros_com_ros2/build/fishbot_cartographer', 'catkin_cmake_args': None, 'catkin_skip_building_tests': False, 'cmake_args': None, 'cmake_clean_cache': False, 'cmake_clean_first': False, 'cmake_force_configure': False, 'cmake_target': None, 'cmake_target_skip_unavailable': False, 'install_base': '/home/jingyan/px4_ros_com_ros2/install/fishbot_cartographer', 'merge_install': False, 'path': '/home/jingyan/px4_ros_com_ros2/src/cartographer_config', 'symlink_install': False, 'test_result_base': None}
[0.424s] Level 5:colcon.colcon_core.verb:set package 'iwr6843aop_pub' build argument 'cmake_args' from command line to 'None'
[0.424s] Level 5:colcon.colcon_core.verb:set package 'iwr6843aop_pub' build argument 'cmake_target' from command line to 'None'
[0.424s] Level 5:colcon.colcon_core.verb:set package 'iwr6843aop_pub' build argument 'cmake_target_skip_unavailable' from command line to 'False'
[0.424s] Level 5:colcon.colcon_core.verb:set package 'iwr6843aop_pub' build argument 'cmake_clean_cache' from command line to 'False'
[0.424s] Level 5:colcon.colcon_core.verb:set package 'iwr6843aop_pub' build argument 'cmake_clean_first' from command line to 'False'
[0.424s] Level 5:colcon.colcon_core.verb:set package 'iwr6843aop_pub' build argument 'cmake_force_configure' from command line to 'False'
[0.424s] Level 5:colcon.colcon_core.verb:set package 'iwr6843aop_pub' build argument 'ament_cmake_args' from command line to 'None'
[0.424s] Level 5:colcon.colcon_core.verb:set package 'iwr6843aop_pub' build argument 'catkin_cmake_args' from command line to 'None'
[0.424s] Level 5:colcon.colcon_core.verb:set package 'iwr6843aop_pub' build argument 'catkin_skip_building_tests' from command line to 'False'
[0.424s] DEBUG:colcon.colcon_core.verb:Building package 'iwr6843aop_pub' with the following arguments: {'ament_cmake_args': None, 'build_base': '/home/jingyan/px4_ros_com_ros2/build/iwr6843aop_pub', 'catkin_cmake_args': None, 'catkin_skip_building_tests': False, 'cmake_args': None, 'cmake_clean_cache': False, 'cmake_clean_first': False, 'cmake_force_configure': False, 'cmake_target': None, 'cmake_target_skip_unavailable': False, 'install_base': '/home/jingyan/px4_ros_com_ros2/install/iwr6843aop_pub', 'merge_install': False, 'path': '/home/jingyan/px4_ros_com_ros2/src/iwr6843aop_pub-main', 'symlink_install': False, 'test_result_base': None}
[0.425s] Level 5:colcon.colcon_core.verb:set package 'px4_msgs' build argument 'cmake_args' from command line to 'None'
[0.425s] Level 5:colcon.colcon_core.verb:set package 'px4_msgs' build argument 'cmake_target' from command line to 'None'
[0.425s] Level 5:colcon.colcon_core.verb:set package 'px4_msgs' build argument 'cmake_target_skip_unavailable' from command line to 'False'
[0.425s] Level 5:colcon.colcon_core.verb:set package 'px4_msgs' build argument 'cmake_clean_cache' from command line to 'False'
[0.425s] Level 5:colcon.colcon_core.verb:set package 'px4_msgs' build argument 'cmake_clean_first' from command line to 'False'
[0.425s] Level 5:colcon.colcon_core.verb:set package 'px4_msgs' build argument 'cmake_force_configure' from command line to 'False'
[0.425s] Level 5:colcon.colcon_core.verb:set package 'px4_msgs' build argument 'ament_cmake_args' from command line to 'None'
[0.425s] Level 5:colcon.colcon_core.verb:set package 'px4_msgs' build argument 'catkin_cmake_args' from command line to 'None'
[0.425s] Level 5:colcon.colcon_core.verb:set package 'px4_msgs' build argument 'catkin_skip_building_tests' from command line to 'False'
[0.425s] DEBUG:colcon.colcon_core.verb:Building package 'px4_msgs' with the following arguments: {'ament_cmake_args': None, 'build_base': '/home/jingyan/px4_ros_com_ros2/build/px4_msgs', 'catkin_cmake_args': None, 'catkin_skip_building_tests': False, 'cmake_args': None, 'cmake_clean_cache': False, 'cmake_clean_first': False, 'cmake_force_configure': False, 'cmake_target': None, 'cmake_target_skip_unavailable': False, 'install_base': '/home/jingyan/px4_ros_com_ros2/install/px4_msgs', 'merge_install': False, 'path': '/home/jingyan/px4_ros_com_ros2/src/px4_msgs', 'symlink_install': False, 'test_result_base': None}
[0.426s] Level 5:colcon.colcon_core.verb:set package 'px4_ros_com' build argument 'cmake_args' from command line to 'None'
[0.426s] Level 5:colcon.colcon_core.verb:set package 'px4_ros_com' build argument 'cmake_target' from command line to 'None'
[0.426s] Level 5:colcon.colcon_core.verb:set package 'px4_ros_com' build argument 'cmake_target_skip_unavailable' from command line to 'False'
[0.426s] Level 5:colcon.colcon_core.verb:set package 'px4_ros_com' build argument 'cmake_clean_cache' from command line to 'False'
[0.426s] Level 5:colcon.colcon_core.verb:set package 'px4_ros_com' build argument 'cmake_clean_first' from command line to 'False'
[0.426s] Level 5:colcon.colcon_core.verb:set package 'px4_ros_com' build argument 'cmake_force_configure' from command line to 'False'
[0.426s] Level 5:colcon.colcon_core.verb:set package 'px4_ros_com' build argument 'ament_cmake_args' from command line to 'None'
[0.426s] Level 5:colcon.colcon_core.verb:set package 'px4_ros_com' build argument 'catkin_cmake_args' from command line to 'None'
[0.426s] Level 5:colcon.colcon_core.verb:set package 'px4_ros_com' build argument 'catkin_skip_building_tests' from command line to 'False'
[0.426s] DEBUG:colcon.colcon_core.verb:Building package 'px4_ros_com' with the following arguments: {'ament_cmake_args': None, 'build_base': '/home/jingyan/px4_ros_com_ros2/build/px4_ros_com', 'catkin_cmake_args': None, 'catkin_skip_building_tests': False, 'cmake_args': None, 'cmake_clean_cache': False, 'cmake_clean_first': False, 'cmake_force_configure': False, 'cmake_target': None, 'cmake_target_skip_unavailable': False, 'install_base': '/home/jingyan/px4_ros_com_ros2/install/px4_ros_com', 'merge_install': False, 'path': '/home/jingyan/px4_ros_com_ros2/src/px4_ros_com', 'symlink_install': False, 'test_result_base': None}
[0.427s] INFO:colcon.colcon_core.executor:Executing jobs using 'parallel' executor
[0.431s] DEBUG:colcon.colcon_parallel_executor.executor.parallel:run_until_complete
[0.431s] INFO:colcon.colcon_ros.task.ament_cmake.build:Building ROS package in '/home/jingyan/px4_ros_com_ros2/src/px4_msgs' with build type 'ament_cmake'
[0.431s] INFO:colcon.colcon_cmake.task.cmake.build:Building CMake package in '/home/jingyan/px4_ros_com_ros2/src/px4_msgs'
[0.435s] INFO:colcon.colcon_core.plugin_system:Skipping extension 'colcon_core.shell.bat': Not used on non-Windows systems
[0.435s] INFO:colcon.colcon_core.shell:Skip shell extension 'powershell' for command environment: Not usable outside of PowerShell
[0.435s] DEBUG:colcon.colcon_core.shell:Skip shell extension 'dsv' for command environment
[0.442s] INFO:colcon.colcon_ros.task.ament_cmake.build:Building ROS package in '/home/jingyan/px4_ros_com_ros2/src/cartographer_config' with build type 'ament_cmake'
[0.442s] INFO:colcon.colcon_cmake.task.cmake.build:Building CMake package in '/home/jingyan/px4_ros_com_ros2/src/cartographer_config'
[0.444s] INFO:colcon.colcon_core.shell:Skip shell extension 'powershell' for command environment: Not usable outside of PowerShell
[0.444s] DEBUG:colcon.colcon_core.shell:Skip shell extension 'dsv' for command environment
[0.451s] INFO:colcon.colcon_ros.task.ament_python.build:Building ROS package in '/home/jingyan/px4_ros_com_ros2/src/iwr6843aop_pub-main' with build type 'ament_python'
[0.452s] Level 1:colcon.colcon_core.shell:create_environment_hook('iwr6843aop_pub', 'ament_prefix_path')
[0.454s] INFO:colcon.colcon_core.shell:Creating environment hook '/home/jingyan/px4_ros_com_ros2/install/iwr6843aop_pub/share/iwr6843aop_pub/hook/ament_prefix_path.ps1'
[0.455s] INFO:colcon.colcon_core.shell:Creating environment descriptor '/home/jingyan/px4_ros_com_ros2/install/iwr6843aop_pub/share/iwr6843aop_pub/hook/ament_prefix_path.dsv'
[0.455s] INFO:colcon.colcon_core.shell:Creating environment hook '/home/jingyan/px4_ros_com_ros2/install/iwr6843aop_pub/share/iwr6843aop_pub/hook/ament_prefix_path.sh'
[0.457s] INFO:colcon.colcon_core.shell:Skip shell extension 'powershell' for command environment: Not usable outside of PowerShell
[0.457s] DEBUG:colcon.colcon_core.shell:Skip shell extension 'dsv' for command environment
[0.472s] DEBUG:colcon.colcon_core.event_handler.log_command:Invoking command in '/home/jingyan/px4_ros_com_ros2/build/px4_msgs': CMAKE_PREFIX_PATH=${CMAKE_PREFIX_PATH}:/home/jingyan/px4_ros_com_ros2/install/iwr6843aop_pub:/opt/ros/foxy /usr/bin/cmake --build /home/jingyan/px4_ros_com_ros2/build/px4_msgs -- -j16 -l16
[0.480s] DEBUG:colcon.colcon_core.event_handler.log_command:Invoking command in '/home/jingyan/px4_ros_com_ros2/build/fishbot_cartographer': CMAKE_PREFIX_PATH=${CMAKE_PREFIX_PATH}:/home/jingyan/px4_ros_com_ros2/install/iwr6843aop_pub:/opt/ros/foxy /usr/bin/cmake --build /home/jingyan/px4_ros_com_ros2/build/fishbot_cartographer -- -j16 -l16
[0.741s] INFO:colcon.colcon_core.task.python.build:Building Python package in '/home/jingyan/px4_ros_com_ros2/src/iwr6843aop_pub-main'
[0.744s] INFO:colcon.colcon_core.shell:Skip shell extension 'powershell' for command environment: Not usable outside of PowerShell
[0.744s] DEBUG:colcon.colcon_core.shell:Skip shell extension 'dsv' for command environment
[0.756s] DEBUG:colcon.colcon_core.event_handler.log_command:Invoked command in '/home/jingyan/px4_ros_com_ros2/build/fishbot_cartographer' returned '0': CMAKE_PREFIX_PATH=${CMAKE_PREFIX_PATH}:/home/jingyan/px4_ros_com_ros2/install/iwr6843aop_pub:/opt/ros/foxy /usr/bin/cmake --build /home/jingyan/px4_ros_com_ros2/build/fishbot_cartographer -- -j16 -l16
[0.800s] DEBUG:colcon.colcon_core.event_handler.log_command:Invoking command in '/home/jingyan/px4_ros_com_ros2/build/fishbot_cartographer': CMAKE_PREFIX_PATH=${CMAKE_PREFIX_PATH}:/home/jingyan/px4_ros_com_ros2/install/iwr6843aop_pub:/opt/ros/foxy /usr/bin/cmake --install /home/jingyan/px4_ros_com_ros2/build/fishbot_cartographer
[0.814s] Level 1:colcon.colcon_core.environment:create_environment_scripts_only(fishbot_cartographer)
[0.815s] DEBUG:colcon.colcon_core.event_handler.log_command:Invoked command in '/home/jingyan/px4_ros_com_ros2/build/fishbot_cartographer' returned '0': CMAKE_PREFIX_PATH=${CMAKE_PREFIX_PATH}:/home/jingyan/px4_ros_com_ros2/install/iwr6843aop_pub:/opt/ros/foxy /usr/bin/cmake --install /home/jingyan/px4_ros_com_ros2/build/fishbot_cartographer
[0.822s] Level 1:colcon.colcon_core.environment:checking '/home/jingyan/px4_ros_com_ros2/install/fishbot_cartographer' for CMake module files
[0.823s] Level 1:colcon.colcon_core.environment:checking '/home/jingyan/px4_ros_com_ros2/install/fishbot_cartographer' for CMake config files
[0.824s] Level 1:colcon.colcon_core.shell:create_environment_hook('fishbot_cartographer', 'cmake_prefix_path')
[0.826s] INFO:colcon.colcon_core.shell:Creating environment hook '/home/jingyan/px4_ros_com_ros2/install/fishbot_cartographer/share/fishbot_cartographer/hook/cmake_prefix_path.ps1'
[0.827s] INFO:colcon.colcon_core.shell:Creating environment descriptor '/home/jingyan/px4_ros_com_ros2/install/fishbot_cartographer/share/fishbot_cartographer/hook/cmake_prefix_path.dsv'
[0.827s] INFO:colcon.colcon_core.shell:Creating environment hook '/home/jingyan/px4_ros_com_ros2/install/fishbot_cartographer/share/fishbot_cartographer/hook/cmake_prefix_path.sh'
[0.828s] Level 1:colcon.colcon_core.environment:checking '/home/jingyan/px4_ros_com_ros2/install/fishbot_cartographer/bin'
[0.829s] Level 1:colcon.colcon_core.environment:checking '/home/jingyan/px4_ros_com_ros2/install/fishbot_cartographer/lib/pkgconfig/fishbot_cartographer.pc'
[0.829s] Level 1:colcon.colcon_core.environment:checking '/home/jingyan/px4_ros_com_ros2/install/fishbot_cartographer/lib/python3.8/site-packages'
[0.829s] Level 1:colcon.colcon_core.environment:checking '/home/jingyan/px4_ros_com_ros2/install/fishbot_cartographer/bin'
[0.831s] INFO:colcon.colcon_core.shell:Creating package script '/home/jingyan/px4_ros_com_ros2/install/fishbot_cartographer/share/fishbot_cartographer/package.ps1'
[0.832s] INFO:colcon.colcon_core.shell:Creating package descriptor '/home/jingyan/px4_ros_com_ros2/install/fishbot_cartographer/share/fishbot_cartographer/package.dsv'
[0.832s] INFO:colcon.colcon_core.shell:Creating package script '/home/jingyan/px4_ros_com_ros2/install/fishbot_cartographer/share/fishbot_cartographer/package.sh'
[0.833s] INFO:colcon.colcon_core.shell:Creating package script '/home/jingyan/px4_ros_com_ros2/install/fishbot_cartographer/share/fishbot_cartographer/package.bash'
[0.833s] INFO:colcon.colcon_core.shell:Creating package script '/home/jingyan/px4_ros_com_ros2/install/fishbot_cartographer/share/fishbot_cartographer/package.zsh'
[0.834s] Level 1:colcon.colcon_core.environment:create_file_with_runtime_dependencies(/home/jingyan/px4_ros_com_ros2/install/fishbot_cartographer/share/colcon-core/packages/fishbot_cartographer)
[0.859s] Level 1:colcon.colcon_core.environment:create_environment_scripts_only(fishbot_cartographer)
[0.863s] Level 1:colcon.colcon_core.environment:checking '/home/jingyan/px4_ros_com_ros2/install/fishbot_cartographer' for CMake module files
[0.864s] Level 1:colcon.colcon_core.environment:checking '/home/jingyan/px4_ros_com_ros2/install/fishbot_cartographer' for CMake config files
[0.864s] Level 1:colcon.colcon_core.shell:create_environment_hook('fishbot_cartographer', 'cmake_prefix_path')
[0.867s] INFO:colcon.colcon_core.shell:Creating environment hook '/home/jingyan/px4_ros_com_ros2/install/fishbot_cartographer/share/fishbot_cartographer/hook/cmake_prefix_path.ps1'
[0.867s] INFO:colcon.colcon_core.shell:Creating environment descriptor '/home/jingyan/px4_ros_com_ros2/install/fishbot_cartographer/share/fishbot_cartographer/hook/cmake_prefix_path.dsv'
[0.867s] INFO:colcon.colcon_core.shell:Creating environment hook '/home/jingyan/px4_ros_com_ros2/install/fishbot_cartographer/share/fishbot_cartographer/hook/cmake_prefix_path.sh'
[0.868s] Level 1:colcon.colcon_core.environment:checking '/home/jingyan/px4_ros_com_ros2/install/fishbot_cartographer/bin'
[0.868s] Level 1:colcon.colcon_core.environment:checking '/home/jingyan/px4_ros_com_ros2/install/fishbot_cartographer/lib/pkgconfig/fishbot_cartographer.pc'
[0.868s] Level 1:colcon.colcon_core.environment:checking '/home/jingyan/px4_ros_com_ros2/install/fishbot_cartographer/lib/python3.8/site-packages'
[0.868s] Level 1:colcon.colcon_core.environment:checking '/home/jingyan/px4_ros_com_ros2/install/fishbot_cartographer/bin'
[0.869s] INFO:colcon.colcon_core.shell:Creating package script '/home/jingyan/px4_ros_com_ros2/install/fishbot_cartographer/share/fishbot_cartographer/package.ps1'
[0.870s] INFO:colcon.colcon_core.shell:Creating package descriptor '/home/jingyan/px4_ros_com_ros2/install/fishbot_cartographer/share/fishbot_cartographer/package.dsv'
[0.870s] INFO:colcon.colcon_core.shell:Creating package script '/home/jingyan/px4_ros_com_ros2/install/fishbot_cartographer/share/fishbot_cartographer/package.sh'
[0.870s] INFO:colcon.colcon_core.shell:Creating package script '/home/jingyan/px4_ros_com_ros2/install/fishbot_cartographer/share/fishbot_cartographer/package.bash'
[0.871s] INFO:colcon.colcon_core.shell:Creating package script '/home/jingyan/px4_ros_com_ros2/install/fishbot_cartographer/share/fishbot_cartographer/package.zsh'
[0.871s] Level 1:colcon.colcon_core.environment:create_file_with_runtime_dependencies(/home/jingyan/px4_ros_com_ros2/install/fishbot_cartographer/share/colcon-core/packages/fishbot_cartographer)
[1.257s] DEBUG:colcon.colcon_core.event_handler.log_command:Invoking command in '/home/jingyan/px4_ros_com_ros2/src/iwr6843aop_pub-main': PYTHONPATH=/home/jingyan/px4_ros_com_ros2/install/iwr6843aop_pub/lib/python3.8/site-packages:${PYTHONPATH} /usr/bin/python3 setup.py egg_info --egg-base ../../build/iwr6843aop_pub build --build-base /home/jingyan/px4_ros_com_ros2/build/iwr6843aop_pub/build install --prefix /home/jingyan/px4_ros_com_ros2/install/iwr6843aop_pub --record /home/jingyan/px4_ros_com_ros2/build/iwr6843aop_pub/install.log --single-version-externally-managed
[1.561s] DEBUG:colcon.colcon_core.event_handler.log_command:Invoked command in '/home/jingyan/px4_ros_com_ros2/build/px4_msgs' returned '0': CMAKE_PREFIX_PATH=${CMAKE_PREFIX_PATH}:/home/jingyan/px4_ros_com_ros2/install/iwr6843aop_pub:/opt/ros/foxy /usr/bin/cmake --build /home/jingyan/px4_ros_com_ros2/build/px4_msgs -- -j16 -l16
[1.645s] Level 1:colcon.colcon_core.environment:checking '/home/jingyan/px4_ros_com_ros2/install/iwr6843aop_pub' for CMake module files
[1.646s] DEBUG:colcon.colcon_core.event_handler.log_command:Invoked command in '/home/jingyan/px4_ros_com_ros2/src/iwr6843aop_pub-main' returned '0': PYTHONPATH=/home/jingyan/px4_ros_com_ros2/install/iwr6843aop_pub/lib/python3.8/site-packages:${PYTHONPATH} /usr/bin/python3 setup.py egg_info --egg-base ../../build/iwr6843aop_pub build --build-base /home/jingyan/px4_ros_com_ros2/build/iwr6843aop_pub/build install --prefix /home/jingyan/px4_ros_com_ros2/install/iwr6843aop_pub --record /home/jingyan/px4_ros_com_ros2/build/iwr6843aop_pub/install.log --single-version-externally-managed
[1.647s] Level 1:colcon.colcon_core.environment:checking '/home/jingyan/px4_ros_com_ros2/install/iwr6843aop_pub' for CMake config files
[1.648s] Level 1:colcon.colcon_core.environment:checking '/home/jingyan/px4_ros_com_ros2/install/iwr6843aop_pub/lib'
[1.648s] Level 1:colcon.colcon_core.environment:checking '/home/jingyan/px4_ros_com_ros2/install/iwr6843aop_pub/bin'
[1.649s] Level 1:colcon.colcon_core.environment:checking '/home/jingyan/px4_ros_com_ros2/install/iwr6843aop_pub/lib/pkgconfig/iwr6843aop_pub.pc'
[1.649s] Level 1:colcon.colcon_core.environment:checking '/home/jingyan/px4_ros_com_ros2/install/iwr6843aop_pub/lib/python3.8/site-packages'
[1.649s] Level 1:colcon.colcon_core.shell:create_environment_hook('iwr6843aop_pub', 'pythonpath')
[1.651s] INFO:colcon.colcon_core.shell:Creating environment hook '/home/jingyan/px4_ros_com_ros2/install/iwr6843aop_pub/share/iwr6843aop_pub/hook/pythonpath.ps1'
[1.652s] INFO:colcon.colcon_core.shell:Creating environment descriptor '/home/jingyan/px4_ros_com_ros2/install/iwr6843aop_pub/share/iwr6843aop_pub/hook/pythonpath.dsv'
[1.652s] INFO:colcon.colcon_core.shell:Creating environment hook '/home/jingyan/px4_ros_com_ros2/install/iwr6843aop_pub/share/iwr6843aop_pub/hook/pythonpath.sh'
[1.652s] Level 1:colcon.colcon_core.environment:checking '/home/jingyan/px4_ros_com_ros2/install/iwr6843aop_pub/bin'
[1.652s] Level 1:colcon.colcon_core.environment:create_environment_scripts_only(iwr6843aop_pub)
[1.653s] INFO:colcon.colcon_core.shell:Creating package script '/home/jingyan/px4_ros_com_ros2/install/iwr6843aop_pub/share/iwr6843aop_pub/package.ps1'
[1.654s] INFO:colcon.colcon_core.shell:Creating package descriptor '/home/jingyan/px4_ros_com_ros2/install/iwr6843aop_pub/share/iwr6843aop_pub/package.dsv'
[1.654s] INFO:colcon.colcon_core.shell:Creating package script '/home/jingyan/px4_ros_com_ros2/install/iwr6843aop_pub/share/iwr6843aop_pub/package.sh'
[1.654s] INFO:colcon.colcon_core.shell:Creating package script '/home/jingyan/px4_ros_com_ros2/install/iwr6843aop_pub/share/iwr6843aop_pub/package.bash'
[1.655s] INFO:colcon.colcon_core.shell:Creating package script '/home/jingyan/px4_ros_com_ros2/install/iwr6843aop_pub/share/iwr6843aop_pub/package.zsh'
[1.655s] Level 1:colcon.colcon_core.environment:create_file_with_runtime_dependencies(/home/jingyan/px4_ros_com_ros2/install/iwr6843aop_pub/share/colcon-core/packages/iwr6843aop_pub)
[4.393s] DEBUG:colcon.colcon_core.event_handler.log_command:Invoking command in '/home/jingyan/px4_ros_com_ros2/build/px4_msgs': CMAKE_PREFIX_PATH=${CMAKE_PREFIX_PATH}:/home/jingyan/px4_ros_com_ros2/install/iwr6843aop_pub:/opt/ros/foxy /usr/bin/cmake --install /home/jingyan/px4_ros_com_ros2/build/px4_msgs
[5.397s] Level 1:colcon.colcon_core.environment:create_environment_scripts_only(px4_msgs)
[5.401s] Level 1:colcon.colcon_core.environment:checking '/home/jingyan/px4_ros_com_ros2/install/px4_msgs' for CMake module files
[5.402s] DEBUG:colcon.colcon_core.event_handler.log_command:Invoked command in '/home/jingyan/px4_ros_com_ros2/build/px4_msgs' returned '0': CMAKE_PREFIX_PATH=${CMAKE_PREFIX_PATH}:/home/jingyan/px4_ros_com_ros2/install/iwr6843aop_pub:/opt/ros/foxy /usr/bin/cmake --install /home/jingyan/px4_ros_com_ros2/build/px4_msgs
[5.403s] Level 1:colcon.colcon_core.environment:checking '/home/jingyan/px4_ros_com_ros2/install/px4_msgs' for CMake config files
[5.404s] Level 1:colcon.colcon_core.shell:create_environment_hook('px4_msgs', 'cmake_prefix_path')
[5.407s] INFO:colcon.colcon_core.shell:Creating environment hook '/home/jingyan/px4_ros_com_ros2/install/px4_msgs/share/px4_msgs/hook/cmake_prefix_path.ps1'
[5.407s] INFO:colcon.colcon_core.shell:Creating environment descriptor '/home/jingyan/px4_ros_com_ros2/install/px4_msgs/share/px4_msgs/hook/cmake_prefix_path.dsv'
[5.407s] INFO:colcon.colcon_core.shell:Creating environment hook '/home/jingyan/px4_ros_com_ros2/install/px4_msgs/share/px4_msgs/hook/cmake_prefix_path.sh'
[5.408s] Level 1:colcon.colcon_core.environment:checking '/home/jingyan/px4_ros_com_ros2/install/px4_msgs/lib'
[5.408s] Level 1:colcon.colcon_core.shell:create_environment_hook('px4_msgs', 'ld_library_path_lib')
[5.409s] INFO:colcon.colcon_core.shell:Creating environment hook '/home/jingyan/px4_ros_com_ros2/install/px4_msgs/share/px4_msgs/hook/ld_library_path_lib.ps1'
[5.409s] INFO:colcon.colcon_core.shell:Creating environment descriptor '/home/jingyan/px4_ros_com_ros2/install/px4_msgs/share/px4_msgs/hook/ld_library_path_lib.dsv'
[5.409s] INFO:colcon.colcon_core.shell:Creating environment hook '/home/jingyan/px4_ros_com_ros2/install/px4_msgs/share/px4_msgs/hook/ld_library_path_lib.sh'
[5.410s] Level 1:colcon.colcon_core.environment:checking '/home/jingyan/px4_ros_com_ros2/install/px4_msgs/bin'
[5.410s] Level 1:colcon.colcon_core.environment:checking '/home/jingyan/px4_ros_com_ros2/install/px4_msgs/lib/pkgconfig/px4_msgs.pc'
[5.410s] Level 1:colcon.colcon_core.environment:checking '/home/jingyan/px4_ros_com_ros2/install/px4_msgs/lib/python3.8/site-packages'
[5.410s] Level 1:colcon.colcon_core.shell:create_environment_hook('px4_msgs', 'pythonpath')
[5.411s] INFO:colcon.colcon_core.shell:Creating environment hook '/home/jingyan/px4_ros_com_ros2/install/px4_msgs/share/px4_msgs/hook/pythonpath.ps1'
[5.411s] INFO:colcon.colcon_core.shell:Creating environment descriptor '/home/jingyan/px4_ros_com_ros2/install/px4_msgs/share/px4_msgs/hook/pythonpath.dsv'
[5.411s] INFO:colcon.colcon_core.shell:Creating environment hook '/home/jingyan/px4_ros_com_ros2/install/px4_msgs/share/px4_msgs/hook/pythonpath.sh'
[5.412s] Level 1:colcon.colcon_core.environment:checking '/home/jingyan/px4_ros_com_ros2/install/px4_msgs/bin'
[5.413s] INFO:colcon.colcon_core.shell:Creating package script '/home/jingyan/px4_ros_com_ros2/install/px4_msgs/share/px4_msgs/package.ps1'
[5.413s] INFO:colcon.colcon_core.shell:Creating package descriptor '/home/jingyan/px4_ros_com_ros2/install/px4_msgs/share/px4_msgs/package.dsv'
[5.414s] INFO:colcon.colcon_core.shell:Creating package script '/home/jingyan/px4_ros_com_ros2/install/px4_msgs/share/px4_msgs/package.sh'
[5.414s] INFO:colcon.colcon_core.shell:Creating package script '/home/jingyan/px4_ros_com_ros2/install/px4_msgs/share/px4_msgs/package.bash'
[5.414s] INFO:colcon.colcon_core.shell:Creating package script '/home/jingyan/px4_ros_com_ros2/install/px4_msgs/share/px4_msgs/package.zsh'
[5.414s] Level 1:colcon.colcon_core.environment:create_file_with_runtime_dependencies(/home/jingyan/px4_ros_com_ros2/install/px4_msgs/share/colcon-core/packages/px4_msgs)
[8.023s] Level 1:colcon.colcon_core.environment:create_environment_scripts_only(px4_msgs)
[8.024s] Level 1:colcon.colcon_core.environment:checking '/home/jingyan/px4_ros_com_ros2/install/px4_msgs' for CMake module files
[8.025s] Level 1:colcon.colcon_core.environment:checking '/home/jingyan/px4_ros_com_ros2/install/px4_msgs' for CMake config files
[8.025s] Level 1:colcon.colcon_core.shell:create_environment_hook('px4_msgs', 'cmake_prefix_path')
[8.026s] INFO:colcon.colcon_core.shell:Creating environment hook '/home/jingyan/px4_ros_com_ros2/install/px4_msgs/share/px4_msgs/hook/cmake_prefix_path.ps1'
[8.027s] INFO:colcon.colcon_core.shell:Creating environment descriptor '/home/jingyan/px4_ros_com_ros2/install/px4_msgs/share/px4_msgs/hook/cmake_prefix_path.dsv'
[8.027s] INFO:colcon.colcon_core.shell:Creating environment hook '/home/jingyan/px4_ros_com_ros2/install/px4_msgs/share/px4_msgs/hook/cmake_prefix_path.sh'
[8.027s] Level 1:colcon.colcon_core.environment:checking '/home/jingyan/px4_ros_com_ros2/install/px4_msgs/lib'
[8.027s] Level 1:colcon.colcon_core.shell:create_environment_hook('px4_msgs', 'ld_library_path_lib')
[8.028s] INFO:colcon.colcon_core.shell:Creating environment hook '/home/jingyan/px4_ros_com_ros2/install/px4_msgs/share/px4_msgs/hook/ld_library_path_lib.ps1'
[8.029s] INFO:colcon.colcon_core.shell:Creating environment descriptor '/home/jingyan/px4_ros_com_ros2/install/px4_msgs/share/px4_msgs/hook/ld_library_path_lib.dsv'
[8.029s] INFO:colcon.colcon_core.shell:Creating environment hook '/home/jingyan/px4_ros_com_ros2/install/px4_msgs/share/px4_msgs/hook/ld_library_path_lib.sh'
[8.029s] Level 1:colcon.colcon_core.environment:checking '/home/jingyan/px4_ros_com_ros2/install/px4_msgs/bin'
[8.029s] Level 1:colcon.colcon_core.environment:checking '/home/jingyan/px4_ros_com_ros2/install/px4_msgs/lib/pkgconfig/px4_msgs.pc'
[8.029s] Level 1:colcon.colcon_core.environment:checking '/home/jingyan/px4_ros_com_ros2/install/px4_msgs/lib/python3.8/site-packages'
[8.029s] Level 1:colcon.colcon_core.shell:create_environment_hook('px4_msgs', 'pythonpath')
[8.031s] INFO:colcon.colcon_core.shell:Creating environment hook '/home/jingyan/px4_ros_com_ros2/install/px4_msgs/share/px4_msgs/hook/pythonpath.ps1'
[8.031s] INFO:colcon.colcon_core.shell:Creating environment descriptor '/home/jingyan/px4_ros_com_ros2/install/px4_msgs/share/px4_msgs/hook/pythonpath.dsv'
[8.031s] INFO:colcon.colcon_core.shell:Creating environment hook '/home/jingyan/px4_ros_com_ros2/install/px4_msgs/share/px4_msgs/hook/pythonpath.sh'
[8.031s] Level 1:colcon.colcon_core.environment:checking '/home/jingyan/px4_ros_com_ros2/install/px4_msgs/bin'
[8.033s] INFO:colcon.colcon_core.shell:Creating package script '/home/jingyan/px4_ros_com_ros2/install/px4_msgs/share/px4_msgs/package.ps1'
[8.033s] INFO:colcon.colcon_core.shell:Creating package descriptor '/home/jingyan/px4_ros_com_ros2/install/px4_msgs/share/px4_msgs/package.dsv'
[8.033s] INFO:colcon.colcon_core.shell:Creating package script '/home/jingyan/px4_ros_com_ros2/install/px4_msgs/share/px4_msgs/package.sh'
[8.034s] INFO:colcon.colcon_core.shell:Creating package script '/home/jingyan/px4_ros_com_ros2/install/px4_msgs/share/px4_msgs/package.bash'
[8.034s] INFO:colcon.colcon_core.shell:Creating package script '/home/jingyan/px4_ros_com_ros2/install/px4_msgs/share/px4_msgs/package.zsh'
[8.034s] Level 1:colcon.colcon_core.environment:create_file_with_runtime_dependencies(/home/jingyan/px4_ros_com_ros2/install/px4_msgs/share/colcon-core/packages/px4_msgs)
[8.035s] INFO:colcon.colcon_ros.task.ament_cmake.build:Building ROS package in '/home/jingyan/px4_ros_com_ros2/src/px4_ros_com' with build type 'ament_cmake'
[8.035s] INFO:colcon.colcon_cmake.task.cmake.build:Building CMake package in '/home/jingyan/px4_ros_com_ros2/src/px4_ros_com'
[8.036s] INFO:colcon.colcon_core.shell:Skip shell extension 'powershell' for command environment: Not usable outside of PowerShell
[8.036s] DEBUG:colcon.colcon_core.shell:Skip shell extension 'dsv' for command environment
[8.059s] DEBUG:colcon.colcon_core.event_handler.log_command:Invoking command in '/home/jingyan/px4_ros_com_ros2/build/px4_ros_com': CMAKE_PREFIX_PATH=/home/jingyan/px4_ros_com_ros2/install/px4_msgs:/home/jingyan/px4_ros_com_ros2/install/px4_ros_com:/home/jingyan/px4_ros_com_ros2/install/fishbot_cartographer:/home/jingyan/px4_ros_com_ros2/install/iwr6843aop_pub:/opt/ros/foxy LD_LIBRARY_PATH=/home/jingyan/px4_ros_com_ros2/install/px4_msgs/lib:/home/jingyan/px4_ros_com_ros2/install/px4_ros_com/lib:/usr/lib/x86_64-linux-gnu/gazebo-11/plugins:/opt/ros/foxy/opt/yaml_cpp_vendor/lib:/opt/ros/foxy/opt/rviz_ogre_vendor/lib:/opt/ros/foxy/lib/x86_64-linux-gnu:/opt/ros/foxy/lib /usr/bin/cmake --build /home/jingyan/px4_ros_com_ros2/build/px4_ros_com -- -j16 -l16
[16.860s] DEBUG:colcon.colcon_core.event_handler.log_command:Invoked command in '/home/jingyan/px4_ros_com_ros2/build/px4_ros_com' returned '0': CMAKE_PREFIX_PATH=/home/jingyan/px4_ros_com_ros2/install/px4_msgs:/home/jingyan/px4_ros_com_ros2/install/px4_ros_com:/home/jingyan/px4_ros_com_ros2/install/fishbot_cartographer:/home/jingyan/px4_ros_com_ros2/install/iwr6843aop_pub:/opt/ros/foxy LD_LIBRARY_PATH=/home/jingyan/px4_ros_com_ros2/install/px4_msgs/lib:/home/jingyan/px4_ros_com_ros2/install/px4_ros_com/lib:/usr/lib/x86_64-linux-gnu/gazebo-11/plugins:/opt/ros/foxy/opt/yaml_cpp_vendor/lib:/opt/ros/foxy/opt/rviz_ogre_vendor/lib:/opt/ros/foxy/lib/x86_64-linux-gnu:/opt/ros/foxy/lib /usr/bin/cmake --build /home/jingyan/px4_ros_com_ros2/build/px4_ros_com -- -j16 -l16
[17.004s] DEBUG:colcon.colcon_core.event_handler.log_command:Invoking command in '/home/jingyan/px4_ros_com_ros2/build/px4_ros_com': CMAKE_PREFIX_PATH=/home/jingyan/px4_ros_com_ros2/install/px4_msgs:/home/jingyan/px4_ros_com_ros2/install/px4_ros_com:/home/jingyan/px4_ros_com_ros2/install/fishbot_cartographer:/home/jingyan/px4_ros_com_ros2/install/iwr6843aop_pub:/opt/ros/foxy LD_LIBRARY_PATH=/home/jingyan/px4_ros_com_ros2/install/px4_msgs/lib:/home/jingyan/px4_ros_com_ros2/install/px4_ros_com/lib:/usr/lib/x86_64-linux-gnu/gazebo-11/plugins:/opt/ros/foxy/opt/yaml_cpp_vendor/lib:/opt/ros/foxy/opt/rviz_ogre_vendor/lib:/opt/ros/foxy/lib/x86_64-linux-gnu:/opt/ros/foxy/lib /usr/bin/cmake --install /home/jingyan/px4_ros_com_ros2/build/px4_ros_com
[17.051s] Level 1:colcon.colcon_core.environment:create_environment_scripts_only(px4_ros_com)
[17.056s] Level 1:colcon.colcon_core.environment:checking '/home/jingyan/px4_ros_com_ros2/install/px4_ros_com' for CMake module files
[17.057s] DEBUG:colcon.colcon_core.event_handler.log_command:Invoked command in '/home/jingyan/px4_ros_com_ros2/build/px4_ros_com' returned '0': CMAKE_PREFIX_PATH=/home/jingyan/px4_ros_com_ros2/install/px4_msgs:/home/jingyan/px4_ros_com_ros2/install/px4_ros_com:/home/jingyan/px4_ros_com_ros2/install/fishbot_cartographer:/home/jingyan/px4_ros_com_ros2/install/iwr6843aop_pub:/opt/ros/foxy LD_LIBRARY_PATH=/home/jingyan/px4_ros_com_ros2/install/px4_msgs/lib:/home/jingyan/px4_ros_com_ros2/install/px4_ros_com/lib:/usr/lib/x86_64-linux-gnu/gazebo-11/plugins:/opt/ros/foxy/opt/yaml_cpp_vendor/lib:/opt/ros/foxy/opt/rviz_ogre_vendor/lib:/opt/ros/foxy/lib/x86_64-linux-gnu:/opt/ros/foxy/lib /usr/bin/cmake --install /home/jingyan/px4_ros_com_ros2/build/px4_ros_com
[17.057s] Level 1:colcon.colcon_core.environment:checking '/home/jingyan/px4_ros_com_ros2/install/px4_ros_com' for CMake config files
[17.058s] Level 1:colcon.colcon_core.shell:create_environment_hook('px4_ros_com', 'cmake_prefix_path')
[17.059s] INFO:colcon.colcon_core.shell:Creating environment hook '/home/jingyan/px4_ros_com_ros2/install/px4_ros_com/share/px4_ros_com/hook/cmake_prefix_path.ps1'
[17.059s] INFO:colcon.colcon_core.shell:Creating environment descriptor '/home/jingyan/px4_ros_com_ros2/install/px4_ros_com/share/px4_ros_com/hook/cmake_prefix_path.dsv'
[17.059s] INFO:colcon.colcon_core.shell:Creating environment hook '/home/jingyan/px4_ros_com_ros2/install/px4_ros_com/share/px4_ros_com/hook/cmake_prefix_path.sh'
[17.060s] Level 1:colcon.colcon_core.environment:checking '/home/jingyan/px4_ros_com_ros2/install/px4_ros_com/lib'
[17.060s] Level 1:colcon.colcon_core.shell:create_environment_hook('px4_ros_com', 'ld_library_path_lib')
[17.061s] INFO:colcon.colcon_core.shell:Creating environment hook '/home/jingyan/px4_ros_com_ros2/install/px4_ros_com/share/px4_ros_com/hook/ld_library_path_lib.ps1'
[17.061s] INFO:colcon.colcon_core.shell:Creating environment descriptor '/home/jingyan/px4_ros_com_ros2/install/px4_ros_com/share/px4_ros_com/hook/ld_library_path_lib.dsv'
[17.062s] INFO:colcon.colcon_core.shell:Creating environment hook '/home/jingyan/px4_ros_com_ros2/install/px4_ros_com/share/px4_ros_com/hook/ld_library_path_lib.sh'
[17.062s] Level 1:colcon.colcon_core.environment:checking '/home/jingyan/px4_ros_com_ros2/install/px4_ros_com/bin'
[17.062s] Level 1:colcon.colcon_core.shell:create_environment_hook('px4_ros_com', 'path')
[17.063s] INFO:colcon.colcon_core.shell:Creating environment hook '/home/jingyan/px4_ros_com_ros2/install/px4_ros_com/share/px4_ros_com/hook/path.ps1'
[17.063s] INFO:colcon.colcon_core.shell:Creating environment descriptor '/home/jingyan/px4_ros_com_ros2/install/px4_ros_com/share/px4_ros_com/hook/path.dsv'
[17.064s] INFO:colcon.colcon_core.shell:Creating environment hook '/home/jingyan/px4_ros_com_ros2/install/px4_ros_com/share/px4_ros_com/hook/path.sh'
[17.064s] Level 1:colcon.colcon_core.environment:checking '/home/jingyan/px4_ros_com_ros2/install/px4_ros_com/lib/pkgconfig/px4_ros_com.pc'
[17.064s] Level 1:colcon.colcon_core.environment:checking '/home/jingyan/px4_ros_com_ros2/install/px4_ros_com/lib/python3.8/site-packages'
[17.064s] Level 1:colcon.colcon_core.environment:checking '/home/jingyan/px4_ros_com_ros2/install/px4_ros_com/bin'
[17.064s] Level 1:colcon.colcon_core.shell:create_environment_hook('px4_ros_com', 'pythonscriptspath')
[17.065s] INFO:colcon.colcon_core.shell:Creating environment hook '/home/jingyan/px4_ros_com_ros2/install/px4_ros_com/share/px4_ros_com/hook/pythonscriptspath.ps1'
[17.066s] INFO:colcon.colcon_core.shell:Creating environment descriptor '/home/jingyan/px4_ros_com_ros2/install/px4_ros_com/share/px4_ros_com/hook/pythonscriptspath.dsv'
[17.066s] INFO:colcon.colcon_core.shell:Creating environment hook '/home/jingyan/px4_ros_com_ros2/install/px4_ros_com/share/px4_ros_com/hook/pythonscriptspath.sh'
[17.067s] INFO:colcon.colcon_core.shell:Creating package script '/home/jingyan/px4_ros_com_ros2/install/px4_ros_com/share/px4_ros_com/package.ps1'
[17.068s] INFO:colcon.colcon_core.shell:Creating package descriptor '/home/jingyan/px4_ros_com_ros2/install/px4_ros_com/share/px4_ros_com/package.dsv'
[17.068s] INFO:colcon.colcon_core.shell:Creating package script '/home/jingyan/px4_ros_com_ros2/install/px4_ros_com/share/px4_ros_com/package.sh'
[17.068s] INFO:colcon.colcon_core.shell:Creating package script '/home/jingyan/px4_ros_com_ros2/install/px4_ros_com/share/px4_ros_com/package.bash'
[17.069s] INFO:colcon.colcon_core.shell:Creating package script '/home/jingyan/px4_ros_com_ros2/install/px4_ros_com/share/px4_ros_com/package.zsh'
[17.069s] Level 1:colcon.colcon_core.environment:create_file_with_runtime_dependencies(/home/jingyan/px4_ros_com_ros2/install/px4_ros_com/share/colcon-core/packages/px4_ros_com)
[17.214s] Level 1:colcon.colcon_core.environment:create_environment_scripts_only(px4_ros_com)
[17.218s] Level 1:colcon.colcon_core.environment:checking '/home/jingyan/px4_ros_com_ros2/install/px4_ros_com' for CMake module files
[17.219s] Level 1:colcon.colcon_core.environment:checking '/home/jingyan/px4_ros_com_ros2/install/px4_ros_com' for CMake config files
[17.220s] Level 1:colcon.colcon_core.shell:create_environment_hook('px4_ros_com', 'cmake_prefix_path')
[17.223s] INFO:colcon.colcon_core.shell:Creating environment hook '/home/jingyan/px4_ros_com_ros2/install/px4_ros_com/share/px4_ros_com/hook/cmake_prefix_path.ps1'
[17.223s] INFO:colcon.colcon_core.shell:Creating environment descriptor '/home/jingyan/px4_ros_com_ros2/install/px4_ros_com/share/px4_ros_com/hook/cmake_prefix_path.dsv'
[17.223s] INFO:colcon.colcon_core.shell:Creating environment hook '/home/jingyan/px4_ros_com_ros2/install/px4_ros_com/share/px4_ros_com/hook/cmake_prefix_path.sh'
[17.224s] Level 1:colcon.colcon_core.environment:checking '/home/jingyan/px4_ros_com_ros2/install/px4_ros_com/lib'
[17.224s] Level 1:colcon.colcon_core.shell:create_environment_hook('px4_ros_com', 'ld_library_path_lib')
[17.225s] INFO:colcon.colcon_core.shell:Creating environment hook '/home/jingyan/px4_ros_com_ros2/install/px4_ros_com/share/px4_ros_com/hook/ld_library_path_lib.ps1'
[17.225s] INFO:colcon.colcon_core.shell:Creating environment descriptor '/home/jingyan/px4_ros_com_ros2/install/px4_ros_com/share/px4_ros_com/hook/ld_library_path_lib.dsv'
[17.225s] INFO:colcon.colcon_core.shell:Creating environment hook '/home/jingyan/px4_ros_com_ros2/install/px4_ros_com/share/px4_ros_com/hook/ld_library_path_lib.sh'
[17.226s] Level 1:colcon.colcon_core.environment:checking '/home/jingyan/px4_ros_com_ros2/install/px4_ros_com/bin'
[17.226s] Level 1:colcon.colcon_core.shell:create_environment_hook('px4_ros_com', 'path')
[17.227s] INFO:colcon.colcon_core.shell:Creating environment hook '/home/jingyan/px4_ros_com_ros2/install/px4_ros_com/share/px4_ros_com/hook/path.ps1'
[17.227s] INFO:colcon.colcon_core.shell:Creating environment descriptor '/home/jingyan/px4_ros_com_ros2/install/px4_ros_com/share/px4_ros_com/hook/path.dsv'
[17.228s] INFO:colcon.colcon_core.shell:Creating environment hook '/home/jingyan/px4_ros_com_ros2/install/px4_ros_com/share/px4_ros_com/hook/path.sh'
[17.228s] Level 1:colcon.colcon_core.environment:checking '/home/jingyan/px4_ros_com_ros2/install/px4_ros_com/lib/pkgconfig/px4_ros_com.pc'
[17.228s] Level 1:colcon.colcon_core.environment:checking '/home/jingyan/px4_ros_com_ros2/install/px4_ros_com/lib/python3.8/site-packages'
[17.229s] Level 1:colcon.colcon_core.environment:checking '/home/jingyan/px4_ros_com_ros2/install/px4_ros_com/bin'
[17.229s] Level 1:colcon.colcon_core.shell:create_environment_hook('px4_ros_com', 'pythonscriptspath')
[17.230s] INFO:colcon.colcon_core.shell:Creating environment hook '/home/jingyan/px4_ros_com_ros2/install/px4_ros_com/share/px4_ros_com/hook/pythonscriptspath.ps1'
[17.230s] INFO:colcon.colcon_core.shell:Creating environment descriptor '/home/jingyan/px4_ros_com_ros2/install/px4_ros_com/share/px4_ros_com/hook/pythonscriptspath.dsv'
[17.230s] INFO:colcon.colcon_core.shell:Creating environment hook '/home/jingyan/px4_ros_com_ros2/install/px4_ros_com/share/px4_ros_com/hook/pythonscriptspath.sh'
[17.232s] INFO:colcon.colcon_core.shell:Creating package script '/home/jingyan/px4_ros_com_ros2/install/px4_ros_com/share/px4_ros_com/package.ps1'
[17.232s] INFO:colcon.colcon_core.shell:Creating package descriptor '/home/jingyan/px4_ros_com_ros2/install/px4_ros_com/share/px4_ros_com/package.dsv'
[17.233s] INFO:colcon.colcon_core.shell:Creating package script '/home/jingyan/px4_ros_com_ros2/install/px4_ros_com/share/px4_ros_com/package.sh'
[17.233s] INFO:colcon.colcon_core.shell:Creating package script '/home/jingyan/px4_ros_com_ros2/install/px4_ros_com/share/px4_ros_com/package.bash'
[17.233s] INFO:colcon.colcon_core.shell:Creating package script '/home/jingyan/px4_ros_com_ros2/install/px4_ros_com/share/px4_ros_com/package.zsh'
[17.233s] Level 1:colcon.colcon_core.environment:create_file_with_runtime_dependencies(/home/jingyan/px4_ros_com_ros2/install/px4_ros_com/share/colcon-core/packages/px4_ros_com)
[17.234s] DEBUG:colcon.colcon_parallel_executor.executor.parallel:closing loop
[17.234s] DEBUG:colcon.colcon_parallel_executor.executor.parallel:loop closed
[17.234s] DEBUG:colcon.colcon_parallel_executor.executor.parallel:run_until_complete finished with '0'
[17.234s] DEBUG:colcon.colcon_core.event_reactor:joining thread
[17.239s] INFO:colcon.colcon_core.plugin_system:Skipping extension 'colcon_notification.desktop_notification.terminal_notifier': Not used on non-Darwin systems
[17.239s] INFO:colcon.colcon_core.plugin_system:Skipping extension 'colcon_notification.desktop_notification.win32': Not used on non-Windows systems
[17.239s] INFO:colcon.colcon_notification.desktop_notification:Sending desktop notification using 'notify2'
[17.264s] DEBUG:colcon.colcon_core.event_reactor:joined thread
[17.267s] INFO:colcon.colcon_core.shell:Creating prefix script '/home/jingyan/px4_ros_com_ros2/install/local_setup.ps1'
[17.268s] INFO:colcon.colcon_core.shell:Creating prefix util module '/home/jingyan/px4_ros_com_ros2/install/_local_setup_util_ps1.py'
[17.270s] INFO:colcon.colcon_core.shell:Creating prefix chain script '/home/jingyan/px4_ros_com_ros2/install/setup.ps1'
[17.273s] INFO:colcon.colcon_core.shell:Creating prefix script '/home/jingyan/px4_ros_com_ros2/install/local_setup.sh'
[17.274s] INFO:colcon.colcon_core.shell:Creating prefix util module '/home/jingyan/px4_ros_com_ros2/install/_local_setup_util_sh.py'
[17.275s] INFO:colcon.colcon_core.shell:Creating prefix chain script '/home/jingyan/px4_ros_com_ros2/install/setup.sh'
[17.276s] INFO:colcon.colcon_core.shell:Creating prefix script '/home/jingyan/px4_ros_com_ros2/install/local_setup.bash'
[17.276s] INFO:colcon.colcon_core.shell:Creating prefix chain script '/home/jingyan/px4_ros_com_ros2/install/setup.bash'
[17.277s] INFO:colcon.colcon_core.shell:Creating prefix script '/home/jingyan/px4_ros_com_ros2/install/local_setup.zsh'
[17.278s] INFO:colcon.colcon_core.shell:Creating prefix chain script '/home/jingyan/px4_ros_com_ros2/install/setup.zsh'
