[0.019s] Invoking command in '/home/jingyan/px4_ros_com_ros2/build/mmwave_drone_cartographer': CMAKE_PREFIX_PATH=/opt/ros/foxy /usr/bin/cmake --build /home/jingyan/px4_ros_com_ros2/build/mmwave_drone_cartographer -- -j16 -l16
[0.072s] Invoked command in '/home/jingyan/px4_ros_com_ros2/build/mmwave_drone_cartographer' returned '0': CMAKE_PREFIX_PATH=/opt/ros/foxy /usr/bin/cmake --build /home/jingyan/px4_ros_com_ros2/build/mmwave_drone_cartographer -- -j16 -l16
[0.119s] Invoking command in '/home/jingyan/px4_ros_com_ros2/build/mmwave_drone_cartographer': CMAKE_PREFIX_PATH=/opt/ros/foxy /usr/bin/cmake --install /home/jingyan/px4_ros_com_ros2/build/mmwave_drone_cartographer
[0.130s] -- Install configuration: ""
[0.130s] -- Up-to-date: /home/jingyan/px4_ros_com_ros2/install/mmwave_drone_cartographer/share/mmwave_drone_cartographer/config
[0.130s] -- Installing: /home/jingyan/px4_ros_com_ros2/install/mmwave_drone_cartographer/share/mmwave_drone_cartographer/config/with_odometry_2d.lua
[0.131s] -- Up-to-date: /home/jingyan/px4_ros_com_ros2/install/mmwave_drone_cartographer/share/mmwave_drone_cartographer/launch
[0.131s] -- Up-to-date: /home/jingyan/px4_ros_com_ros2/install/mmwave_drone_cartographer/share/mmwave_drone_cartographer/launch/cartographer.launch.py
[0.131s] -- Up-to-date: /home/jingyan/px4_ros_com_ros2/install/mmwave_drone_cartographer/share/mmwave_drone_cartographer/rviz
[0.131s] -- Up-to-date: /home/jingyan/px4_ros_com_ros2/install/mmwave_drone_cartographer/share/ament_index/resource_index/package_run_dependencies/mmwave_drone_cartographer
[0.131s] -- Up-to-date: /home/jingyan/px4_ros_com_ros2/install/mmwave_drone_cartographer/share/ament_index/resource_index/parent_prefix_path/mmwave_drone_cartographer
[0.132s] -- Up-to-date: /home/jingyan/px4_ros_com_ros2/install/mmwave_drone_cartographer/share/mmwave_drone_cartographer/environment/ament_prefix_path.sh
[0.132s] -- Up-to-date: /home/jingyan/px4_ros_com_ros2/install/mmwave_drone_cartographer/share/mmwave_drone_cartographer/environment/ament_prefix_path.dsv
[0.132s] -- Up-to-date: /home/jingyan/px4_ros_com_ros2/install/mmwave_drone_cartographer/share/mmwave_drone_cartographer/environment/path.sh
[0.133s] -- Up-to-date: /home/jingyan/px4_ros_com_ros2/install/mmwave_drone_cartographer/share/mmwave_drone_cartographer/environment/path.dsv
[0.133s] -- Up-to-date: /home/jingyan/px4_ros_com_ros2/install/mmwave_drone_cartographer/share/mmwave_drone_cartographer/local_setup.bash
[0.133s] -- Up-to-date: /home/jingyan/px4_ros_com_ros2/install/mmwave_drone_cartographer/share/mmwave_drone_cartographer/local_setup.sh
[0.133s] -- Up-to-date: /home/jingyan/px4_ros_com_ros2/install/mmwave_drone_cartographer/share/mmwave_drone_cartographer/local_setup.zsh
[0.133s] -- Up-to-date: /home/jingyan/px4_ros_com_ros2/install/mmwave_drone_cartographer/share/mmwave_drone_cartographer/local_setup.dsv
[0.134s] -- Installing: /home/jingyan/px4_ros_com_ros2/install/mmwave_drone_cartographer/share/mmwave_drone_cartographer/package.dsv
[0.134s] -- Up-to-date: /home/jingyan/px4_ros_com_ros2/install/mmwave_drone_cartographer/share/ament_index/resource_index/packages/mmwave_drone_cartographer
[0.134s] -- Up-to-date: /home/jingyan/px4_ros_com_ros2/install/mmwave_drone_cartographer/share/mmwave_drone_cartographer/cmake/mmwave_drone_cartographerConfig.cmake
[0.134s] -- Up-to-date: /home/jingyan/px4_ros_com_ros2/install/mmwave_drone_cartographer/share/mmwave_drone_cartographer/cmake/mmwave_drone_cartographerConfig-version.cmake
[0.134s] -- Up-to-date: /home/jingyan/px4_ros_com_ros2/install/mmwave_drone_cartographer/share/mmwave_drone_cartographer/package.xml
[0.135s] Invoked command in '/home/jingyan/px4_ros_com_ros2/build/mmwave_drone_cartographer' returned '0': CMAKE_PREFIX_PATH=/opt/ros/foxy /usr/bin/cmake --install /home/jingyan/px4_ros_com_ros2/build/mmwave_drone_cartographer
