running egg_info
writing ../../build/nav_goals/nav_goals.egg-info/PKG-INFO
writing dependency_links to ../../build/nav_goals/nav_goals.egg-info/dependency_links.txt
writing entry points to ../../build/nav_goals/nav_goals.egg-info/entry_points.txt
writing requirements to ../../build/nav_goals/nav_goals.egg-info/requires.txt
writing top-level names to ../../build/nav_goals/nav_goals.egg-info/top_level.txt
reading manifest file '../../build/nav_goals/nav_goals.egg-info/SOURCES.txt'
writing manifest file '../../build/nav_goals/nav_goals.egg-info/SOURCES.txt'
running build
running build_py
copying nav_goals/nav.py -> /home/jingyan/px4_ros_com_ros2/build/nav_goals/build/lib/nav_goals
running install
running install_lib
copying /home/jingyan/px4_ros_com_ros2/build/nav_goals/build/lib/nav_goals/nav.py -> /home/jingyan/px4_ros_com_ros2/install/nav_goals/lib/python3.8/site-packages/nav_goals
byte-compiling /home/jingyan/px4_ros_com_ros2/install/nav_goals/lib/python3.8/site-packages/nav_goals/nav.py to nav.cpython-38.pyc
running install_data
running install_egg_info
removing '/home/jingyan/px4_ros_com_ros2/install/nav_goals/lib/python3.8/site-packages/nav_goals-0.0.0-py3.8.egg-info' (and everything under it)
Copying ../../build/nav_goals/nav_goals.egg-info to /home/jingyan/px4_ros_com_ros2/install/nav_goals/lib/python3.8/site-packages/nav_goals-0.0.0-py3.8.egg-info
running install_scripts
Installing navigator script to /home/jingyan/px4_ros_com_ros2/install/nav_goals/lib/nav_goals
writing list of installed files to '/home/jingyan/px4_ros_com_ros2/build/nav_goals/install.log'
