[35m[1mScanning dependencies of target offboard_control[0m
[  2%] Built target vehicle_gps_position_listener
[  6%] Built target sensor_combined_listener
[  6%] Built target frame_transforms
[  8%] Built target offboard_control_vel
[ 10%] Built target debug_vect_advertiser
[ 11%] Built target Odom_transform
[ 12%] [32mBuilding CXX object CMakeFiles/offboard_control.dir/src/examples/offboard/offboard_control.cpp.o[0m
[ 99%] Built target micrortps_agent
[01m[K/home/jingyan/px4_ros_com_ros2/src/px4_ros_com/src/examples/offboard/offboard_control.cpp:147:38:[m[K [01;31m[Kerror: [m[K‘[01m[KVehicleOdometry[m[K’ is not a member of ‘[01m[Kpx4_msgs::msg[m[K’
  147 |  rclcpp::Subscription<px4_msgs::msg::[01;31m[KVehicleOdometry[m[K>::SharedPtr odom_subscription_;
      |                                      [01;31m[K^~~~~~~~~~~~~~~[m[K
[01m[K/home/jingyan/px4_ros_com_ros2/src/px4_ros_com/src/examples/offboard/offboard_control.cpp:147:53:[m[K [01;31m[Kerror: [m[Ktemplate argument 1 is invalid
  147 |  rclcpp::Subscription<px4_msgs::msg::VehicleOdometry[01;31m[K>[m[K::SharedPtr odom_subscription_;
      |                                                     [01;31m[K^[m[K
[01m[K/home/jingyan/px4_ros_com_ros2/src/px4_ros_com/src/examples/offboard/offboard_control.cpp:147:53:[m[K [01;31m[Kerror: [m[Ktemplate argument 3 is invalid
[01m[K/home/jingyan/px4_ros_com_ros2/src/px4_ros_com/src/examples/offboard/offboard_control.cpp:147:56:[m[K [01;31m[Kerror: [m[Kexpected ‘[01m[K;[m[K’ at end of member declaration
  147 |  rclcpp::Subscription<px4_msgs::msg::VehicleOdometry>::[01;31m[KSharedPtr[m[K odom_subscription_;
      |                                                        [01;31m[K^~~~~~~~~[m[K
      |                                                                 [32m[K;[m[K
[01m[K/home/jingyan/px4_ros_com_ros2/src/px4_ros_com/src/examples/offboard/offboard_control.cpp:147:66:[m[K [01;31m[Kerror: [m[K‘[01m[Kodom_subscription_[m[K’ does not name a type; did you mean ‘[01m[Krcl_subscription_t[m[K’?
  147 |  rclcpp::Subscription<px4_msgs::msg::VehicleOdometry>::SharedPtr [01;31m[Kodom_subscription_[m[K;
      |                                                                  [01;31m[K^~~~~~~~~~~~~~~~~~[m[K
      |                                                                  [32m[Krcl_subscription_t[m[K
[01m[K/home/jingyan/px4_ros_com_ros2/src/px4_ros_com/src/examples/offboard/offboard_control.cpp:162:41:[m[K [01;31m[Kerror: [m[K‘[01m[KVehicleOdometry[m[K’ in namespace ‘[01m[Kpx4_msgs::msg[m[K’ does not name a type
  162 |  void odom_convert(const px4_msgs::msg::[01;31m[KVehicleOdometry[m[K::SharedPtr _msg);
      |                                         [01;31m[K^~~~~~~~~~~~~~~[m[K
[01m[K/home/jingyan/px4_ros_com_ros2/src/px4_ros_com/src/examples/offboard/offboard_control.cpp:162:68:[m[K [01;31m[Kerror: [m[Kexpected unqualified-id before ‘[01m[K_msg[m[K’
  162 |  void odom_convert(const px4_msgs::msg::VehicleOdometry::SharedPtr [01;31m[K_msg[m[K);
      |                                                                    [01;31m[K^~~~[m[K
[01m[K/home/jingyan/px4_ros_com_ros2/src/px4_ros_com/src/examples/offboard/offboard_control.cpp:162:67:[m[K [01;31m[Kerror: [m[Kexpected ‘[01m[K)[m[K’ before ‘[01m[K_msg[m[K’
  162 |  void odom_convert[34m[K([m[Kconst px4_msgs::msg::VehicleOdometry::SharedPtr[01;31m[K [m[K[32m[K_msg[m[K);
      |                   [34m[K~[m[K                                               [01;31m[K^[m[K[32m[K~~~~[m[K
      |                                                                   [32m[K)[m[K
[01m[K/home/jingyan/px4_ros_com_ros2/src/px4_ros_com/src/examples/offboard/offboard_control.cpp:162:58:[m[K [01;31m[Kerror: [m[Kexpected ‘[01m[K;[m[K’ at end of member declaration
  162 |  void odom_convert(const px4_msgs::msg::VehicleOdometry::[01;31m[KSharedPtr[m[K _msg);
      |                                                          [01;31m[K^~~~~~~~~[m[K
      |                                                                   [32m[K;[m[K
[01m[K/home/jingyan/px4_ros_com_ros2/src/px4_ros_com/src/examples/offboard/offboard_control.cpp:162:68:[m[K [01;31m[Kerror: [m[K‘[01m[K_msg[m[K’ does not name a type
  162 |  void odom_convert(const px4_msgs::msg::VehicleOdometry::SharedPtr [01;31m[K_msg[m[K);
      |                                                                    [01;31m[K^~~~[m[K
[01m[K/home/jingyan/px4_ros_com_ros2/src/px4_ros_com/src/examples/offboard/offboard_control.cpp:[m[K In constructor ‘[01m[KOffboardControl::OffboardControl()[m[K’:
[01m[K/home/jingyan/px4_ros_com_ros2/src/px4_ros_com/src/examples/offboard/offboard_control.cpp:134:3:[m[K [01;31m[Kerror: [m[K‘[01m[Kodom_subscription_[m[K’ was not declared in this scope; did you mean ‘[01m[Ksubscription_[m[K’?
  134 |   [01;31m[Kodom_subscription_[m[K = this->create_subscription<px4_msgs::msg::VehicleOdometry>(
      |   [01;31m[K^~~~~~~~~~~~~~~~~~[m[K
      |   [32m[Ksubscription_[m[K
[01m[K/home/jingyan/px4_ros_com_ros2/src/px4_ros_com/src/examples/offboard/offboard_control.cpp:134:65:[m[K [01;31m[Kerror: [m[K‘[01m[KVehicleOdometry[m[K’ is not a member of ‘[01m[Kpx4_msgs::msg[m[K’
  134 |   odom_subscription_ = this->create_subscription<px4_msgs::msg::[01;31m[KVehicleOdometry[m[K>(
      |                                                                 [01;31m[K^~~~~~~~~~~~~~~[m[K
[01m[K/home/jingyan/px4_ros_com_ros2/src/px4_ros_com/src/examples/offboard/offboard_control.cpp:136:15:[m[K [01;31m[Kerror: [m[K‘[01m[KPx4OdomTransform[m[K’ has not been declared
  136 |    std::bind(&[01;31m[KPx4OdomTransform[m[K::odom_convert, this, std::placeholders::_1));
      |               [01;31m[K^~~~~~~~~~~~~~~~[m[K
[01m[K/home/jingyan/px4_ros_com_ros2/src/px4_ros_com/src/examples/offboard/offboard_control.cpp:[m[K At global scope:
[01m[K/home/jingyan/px4_ros_com_ros2/src/px4_ros_com/src/examples/offboard/offboard_control.cpp:209:6:[m[K [01;31m[Kerror: [m[K‘[01m[KPx4OdomTransform[m[K’ has not been declared
  209 | void [01;31m[KPx4OdomTransform[m[K::odom_convert(const px4_msgs::msg::VehicleOdometry::SharedPtr _msg)
      |      [01;31m[K^~~~~~~~~~~~~~~~[m[K
[01m[K/home/jingyan/px4_ros_com_ros2/src/px4_ros_com/src/examples/offboard/offboard_control.cpp:209:58:[m[K [01;31m[Kerror: [m[K‘[01m[KVehicleOdometry[m[K’ in namespace ‘[01m[Kpx4_msgs::msg[m[K’ does not name a type
  209 | void Px4OdomTransform::odom_convert(const px4_msgs::msg::[01;31m[KVehicleOdometry[m[K::SharedPtr _msg)
      |                                                          [01;31m[K^~~~~~~~~~~~~~~[m[K
[01m[K/home/jingyan/px4_ros_com_ros2/src/px4_ros_com/src/examples/offboard/offboard_control.cpp:209:85:[m[K [01;31m[Kerror: [m[Kexpected unqualified-id before ‘[01m[K_msg[m[K’
  209 | void Px4OdomTransform::odom_convert(const px4_msgs::msg::VehicleOdometry::SharedPtr [01;31m[K_msg[m[K)
      |                                                                                     [01;31m[K^~~~[m[K
[01m[K/home/jingyan/px4_ros_com_ros2/src/px4_ros_com/src/examples/offboard/offboard_control.cpp:209:84:[m[K [01;31m[Kerror: [m[Kexpected ‘[01m[K)[m[K’ before ‘[01m[K_msg[m[K’
  209 | void Px4OdomTransform::odom_convert[34m[K([m[Kconst px4_msgs::msg::VehicleOdometry::SharedPtr[01;31m[K [m[K[32m[K_msg[m[K)
      |                                    [34m[K~[m[K                                               [01;31m[K^[m[K[32m[K~~~~[m[K
      |                                                                                    [32m[K)[m[K
[01m[K/home/jingyan/px4_ros_com_ros2/src/px4_ros_com/src/examples/offboard/offboard_control.cpp:209:85:[m[K [01;31m[Kerror: [m[Kexpected initializer before ‘[01m[K_msg[m[K’
  209 | void Px4OdomTransform::odom_convert(const px4_msgs::msg::VehicleOdometry::SharedPtr [01;31m[K_msg[m[K)
      |                                                                                     [01;31m[K^~~~[m[K
make[2]: *** [CMakeFiles/offboard_control.dir/build.make:63: CMakeFiles/offboard_control.dir/src/examples/offboard/offboard_control.cpp.o] Error 1
make[1]: *** [CMakeFiles/Makefile2:119: CMakeFiles/offboard_control.dir/all] Error 2
make: *** [Makefile:141: all] Error 2
