[0.054s] Invoking command in '/home/jingyan/px4_ros_com_ros2/build/fishbot_navigation2': CMAKE_PREFIX_PATH=${CMAKE_PREFIX_PATH}:/home/jingyan/px4_ros_com_ros2/install/nav_goals:/home/jingyan/px4_ros_com_ros2/install/iwr6843aop_pub:/opt/ros/foxy /usr/bin/cmake --build /home/jingyan/px4_ros_com_ros2/build/fishbot_navigation2 -- -j16 -l16
[0.358s] Invoked command in '/home/jingyan/px4_ros_com_ros2/build/fishbot_navigation2' returned '0': CMAKE_PREFIX_PATH=${CMAKE_PREFIX_PATH}:/home/jingyan/px4_ros_com_ros2/install/nav_goals:/home/jingyan/px4_ros_com_ros2/install/iwr6843aop_pub:/opt/ros/foxy /usr/bin/cmake --build /home/jingyan/px4_ros_com_ros2/build/fishbot_navigation2 -- -j16 -l16
[0.681s] Invoking command in '/home/jingyan/px4_ros_com_ros2/build/fishbot_navigation2': CMAKE_PREFIX_PATH=${CMAKE_PREFIX_PATH}:/home/jingyan/px4_ros_com_ros2/install/nav_goals:/home/jingyan/px4_ros_com_ros2/install/iwr6843aop_pub:/opt/ros/foxy /usr/bin/cmake --install /home/jingyan/px4_ros_com_ros2/build/fishbot_navigation2
[0.690s] -- Install configuration: ""
[0.690s] -- Up-to-date: /home/jingyan/px4_ros_com_ros2/install/fishbot_navigation2/share/fishbot_navigation2/launch
[0.690s] -- Up-to-date: /home/jingyan/px4_ros_com_ros2/install/fishbot_navigation2/share/fishbot_navigation2/launch/navigation2.launch.py
[0.690s] -- Up-to-date: /home/jingyan/px4_ros_com_ros2/install/fishbot_navigation2/share/fishbot_navigation2/launch/navigation2
[0.690s] -- Up-to-date: /home/jingyan/px4_ros_com_ros2/install/fishbot_navigation2/share/fishbot_navigation2/param
[0.690s] -- Up-to-date: /home/jingyan/px4_ros_com_ros2/install/fishbot_navigation2/share/fishbot_navigation2/param/fishbot_nav2.yaml
[0.690s] -- Up-to-date: /home/jingyan/px4_ros_com_ros2/install/fishbot_navigation2/share/fishbot_navigation2/maps
[0.691s] -- Up-to-date: /home/jingyan/px4_ros_com_ros2/install/fishbot_navigation2/share/fishbot_navigation2/maps/fishbot_map.yaml
[0.691s] -- Up-to-date: /home/jingyan/px4_ros_com_ros2/install/fishbot_navigation2/share/fishbot_navigation2/maps/square_map.yaml
[0.692s] -- Up-to-date: /home/jingyan/px4_ros_com_ros2/install/fishbot_navigation2/share/fishbot_navigation2/maps/square_map.pgm
[0.692s] -- Up-to-date: /home/jingyan/px4_ros_com_ros2/install/fishbot_navigation2/share/fishbot_navigation2/maps/fishbot_map.pgm
[0.692s] -- Up-to-date: /home/jingyan/px4_ros_com_ros2/install/fishbot_navigation2/share/fishbot_navigation2/maps/indoor_map.pgm
[0.692s] -- Up-to-date: /home/jingyan/px4_ros_com_ros2/install/fishbot_navigation2/share/fishbot_navigation2/maps/indoor_map.yaml
[0.692s] -- Up-to-date: /home/jingyan/px4_ros_com_ros2/install/fishbot_navigation2/share/ament_index/resource_index/package_run_dependencies/fishbot_navigation2
[0.693s] -- Up-to-date: /home/jingyan/px4_ros_com_ros2/install/fishbot_navigation2/share/ament_index/resource_index/parent_prefix_path/fishbot_navigation2
[0.693s] -- Up-to-date: /home/jingyan/px4_ros_com_ros2/install/fishbot_navigation2/share/fishbot_navigation2/environment/ament_prefix_path.sh
[0.694s] -- Up-to-date: /home/jingyan/px4_ros_com_ros2/install/fishbot_navigation2/share/fishbot_navigation2/environment/ament_prefix_path.dsv
[0.694s] -- Up-to-date: /home/jingyan/px4_ros_com_ros2/install/fishbot_navigation2/share/fishbot_navigation2/environment/path.sh
[0.694s] -- Up-to-date: /home/jingyan/px4_ros_com_ros2/install/fishbot_navigation2/share/fishbot_navigation2/environment/path.dsv
[0.694s] -- Up-to-date: /home/jingyan/px4_ros_com_ros2/install/fishbot_navigation2/share/fishbot_navigation2/local_setup.bash
[0.694s] -- Up-to-date: /home/jingyan/px4_ros_com_ros2/install/fishbot_navigation2/share/fishbot_navigation2/local_setup.sh
[0.695s] -- Up-to-date: /home/jingyan/px4_ros_com_ros2/install/fishbot_navigation2/share/fishbot_navigation2/local_setup.zsh
[0.695s] -- Up-to-date: /home/jingyan/px4_ros_com_ros2/install/fishbot_navigation2/share/fishbot_navigation2/local_setup.dsv
[0.695s] -- Installing: /home/jingyan/px4_ros_com_ros2/install/fishbot_navigation2/share/fishbot_navigation2/package.dsv
[0.695s] -- Up-to-date: /home/jingyan/px4_ros_com_ros2/install/fishbot_navigation2/share/ament_index/resource_index/packages/fishbot_navigation2
[0.695s] -- Up-to-date: /home/jingyan/px4_ros_com_ros2/install/fishbot_navigation2/share/fishbot_navigation2/cmake/fishbot_navigation2Config.cmake
[0.695s] -- Up-to-date: /home/jingyan/px4_ros_com_ros2/install/fishbot_navigation2/share/fishbot_navigation2/cmake/fishbot_navigation2Config-version.cmake
[0.695s] -- Up-to-date: /home/jingyan/px4_ros_com_ros2/install/fishbot_navigation2/share/fishbot_navigation2/package.xml
[0.720s] Invoked command in '/home/jingyan/px4_ros_com_ros2/build/fishbot_navigation2' returned '0': CMAKE_PREFIX_PATH=${CMAKE_PREFIX_PATH}:/home/jingyan/px4_ros_com_ros2/install/nav_goals:/home/jingyan/px4_ros_com_ros2/install/iwr6843aop_pub:/opt/ros/foxy /usr/bin/cmake --install /home/jingyan/px4_ros_com_ros2/build/fishbot_navigation2
