[0.350s] DEBUG:colcon:Command line arguments: ['/usr/bin/colcon', 'build', '--packages-select', 'fishbot_cartographer', 'px4_ros_com']
[0.350s] DEBUG:colcon:Parsed command line arguments: Namespace(allow_overriding=[], ament_cmake_args=None, base_paths=['.'], build_base='build', catkin_cmake_args=None, catkin_skip_building_tests=False, cmake_args=None, cmake_clean_cache=False, cmake_clean_first=False, cmake_force_configure=False, cmake_target=None, cmake_target_skip_unavailable=False, continue_on_error=False, event_handlers=None, executor='parallel', ignore_user_meta=False, install_base='install', log_base=None, log_level=None, main=<bound method BuildVerb.main of <colcon_core.verb.build.BuildVerb object at 0x7f0de8966400>>, merge_install=False, metas=['./colcon.meta'], packages_above=None, packages_above_and_dependencies=None, packages_above_depth=None, packages_end=None, packages_ignore=None, packages_ignore_regex=None, packages_select=['fishbot_cartographer', 'px4_ros_com'], packages_select_build_failed=False, packages_select_by_dep=None, packages_select_regex=None, packages_select_test_failures=False, packages_skip=None, packages_skip_build_finished=False, packages_skip_by_dep=None, packages_skip_regex=None, packages_skip_test_passed=False, packages_skip_up_to=None, packages_start=None, packages_up_to=None, packages_up_to_regex=None, parallel_workers=16, paths=None, symlink_install=False, test_result_base=None, verb_extension=<colcon_core.verb.build.BuildVerb object at 0x7f0de8966400>, verb_name='build', verb_parser=<colcon_defaults.argument_parser.defaults.DefaultArgumentsDecorator object at 0x7f0de88c7730>)
[0.402s] Level 1:colcon.colcon_core.package_discovery:discover_packages(colcon_meta) check parameters
[0.402s] Level 1:colcon.colcon_core.package_discovery:discover_packages(recursive) check parameters
[0.402s] Level 1:colcon.colcon_core.package_discovery:discover_packages(ignore) check parameters
[0.402s] Level 1:colcon.colcon_core.package_discovery:discover_packages(path) check parameters
[0.402s] Level 1:colcon.colcon_core.package_discovery:discover_packages(colcon_meta) discover
[0.402s] Level 1:colcon.colcon_core.package_discovery:discover_packages(recursive) discover
[0.402s] INFO:colcon.colcon_core.package_discovery:Crawling recursively for packages in '/home/jingyan/px4_ros_com_ros2'
[0.402s] Level 1:colcon.colcon_core.package_identification:_identify(.) by extensions ['ignore', 'ignore_ament_install']
[0.402s] Level 1:colcon.colcon_core.package_identification:_identify(.) by extension 'ignore'
[0.402s] Level 1:colcon.colcon_core.package_identification:_identify(.) by extension 'ignore_ament_install'
[0.402s] Level 1:colcon.colcon_core.package_identification:_identify(.) by extensions ['colcon_pkg']
[0.402s] Level 1:colcon.colcon_core.package_identification:_identify(.) by extension 'colcon_pkg'
[0.402s] Level 1:colcon.colcon_core.package_identification:_identify(.) by extensions ['colcon_meta']
[0.402s] Level 1:colcon.colcon_core.package_identification:_identify(.) by extension 'colcon_meta'
[0.403s] Level 1:colcon.colcon_core.package_identification:_identify(.) by extensions ['ros']
[0.403s] Level 1:colcon.colcon_core.package_identification:_identify(.) by extension 'ros'
[0.416s] Level 1:colcon.colcon_core.package_identification:_identify(.) by extensions ['cmake', 'python']
[0.416s] Level 1:colcon.colcon_core.package_identification:_identify(.) by extension 'cmake'
[0.416s] Level 1:colcon.colcon_core.package_identification:_identify(.) by extension 'python'
[0.416s] Level 1:colcon.colcon_core.package_identification:_identify(.) by extensions ['python_setup_py']
[0.416s] Level 1:colcon.colcon_core.package_identification:_identify(.) by extension 'python_setup_py'
[0.416s] Level 1:colcon.colcon_core.package_identification:_identify(build) by extensions ['ignore', 'ignore_ament_install']
[0.416s] Level 1:colcon.colcon_core.package_identification:_identify(build) by extension 'ignore'
[0.416s] Level 1:colcon.colcon_core.package_identification:_identify(build) ignored
[0.416s] Level 1:colcon.colcon_core.package_identification:_identify(install) by extensions ['ignore', 'ignore_ament_install']
[0.416s] Level 1:colcon.colcon_core.package_identification:_identify(install) by extension 'ignore'
[0.416s] Level 1:colcon.colcon_core.package_identification:_identify(install) ignored
[0.417s] Level 1:colcon.colcon_core.package_identification:_identify(log) by extensions ['ignore', 'ignore_ament_install']
[0.417s] Level 1:colcon.colcon_core.package_identification:_identify(log) by extension 'ignore'
[0.417s] Level 1:colcon.colcon_core.package_identification:_identify(log) ignored
[0.417s] Level 1:colcon.colcon_core.package_identification:_identify(src) by extensions ['ignore', 'ignore_ament_install']
[0.417s] Level 1:colcon.colcon_core.package_identification:_identify(src) by extension 'ignore'
[0.417s] Level 1:colcon.colcon_core.package_identification:_identify(src) by extension 'ignore_ament_install'
[0.417s] Level 1:colcon.colcon_core.package_identification:_identify(src) by extensions ['colcon_pkg']
[0.417s] Level 1:colcon.colcon_core.package_identification:_identify(src) by extension 'colcon_pkg'
[0.417s] Level 1:colcon.colcon_core.package_identification:_identify(src) by extensions ['colcon_meta']
[0.417s] Level 1:colcon.colcon_core.package_identification:_identify(src) by extension 'colcon_meta'
[0.417s] Level 1:colcon.colcon_core.package_identification:_identify(src) by extensions ['ros']
[0.417s] Level 1:colcon.colcon_core.package_identification:_identify(src) by extension 'ros'
[0.417s] Level 1:colcon.colcon_core.package_identification:_identify(src) by extensions ['cmake', 'python']
[0.417s] Level 1:colcon.colcon_core.package_identification:_identify(src) by extension 'cmake'
[0.417s] Level 1:colcon.colcon_core.package_identification:_identify(src) by extension 'python'
[0.417s] Level 1:colcon.colcon_core.package_identification:_identify(src) by extensions ['python_setup_py']
[0.417s] Level 1:colcon.colcon_core.package_identification:_identify(src) by extension 'python_setup_py'
[0.417s] Level 1:colcon.colcon_core.package_identification:_identify(src/cartographer_config) by extensions ['ignore', 'ignore_ament_install']
[0.417s] Level 1:colcon.colcon_core.package_identification:_identify(src/cartographer_config) by extension 'ignore'
[0.417s] Level 1:colcon.colcon_core.package_identification:_identify(src/cartographer_config) by extension 'ignore_ament_install'
[0.417s] Level 1:colcon.colcon_core.package_identification:_identify(src/cartographer_config) by extensions ['colcon_pkg']
[0.417s] Level 1:colcon.colcon_core.package_identification:_identify(src/cartographer_config) by extension 'colcon_pkg'
[0.417s] Level 1:colcon.colcon_core.package_identification:_identify(src/cartographer_config) by extensions ['colcon_meta']
[0.417s] Level 1:colcon.colcon_core.package_identification:_identify(src/cartographer_config) by extension 'colcon_meta'
[0.417s] Level 1:colcon.colcon_core.package_identification:_identify(src/cartographer_config) by extensions ['ros']
[0.417s] Level 1:colcon.colcon_core.package_identification:_identify(src/cartographer_config) by extension 'ros'
[0.420s] DEBUG:colcon.colcon_core.package_identification:Package 'src/cartographer_config' with type 'ros.ament_cmake' and name 'fishbot_cartographer'
[0.420s] Level 1:colcon.colcon_core.package_identification:_identify(src/iwr6843aop_pub-main) by extensions ['ignore', 'ignore_ament_install']
[0.420s] Level 1:colcon.colcon_core.package_identification:_identify(src/iwr6843aop_pub-main) by extension 'ignore'
[0.420s] Level 1:colcon.colcon_core.package_identification:_identify(src/iwr6843aop_pub-main) by extension 'ignore_ament_install'
[0.420s] Level 1:colcon.colcon_core.package_identification:_identify(src/iwr6843aop_pub-main) by extensions ['colcon_pkg']
[0.420s] Level 1:colcon.colcon_core.package_identification:_identify(src/iwr6843aop_pub-main) by extension 'colcon_pkg'
[0.420s] Level 1:colcon.colcon_core.package_identification:_identify(src/iwr6843aop_pub-main) by extensions ['colcon_meta']
[0.420s] Level 1:colcon.colcon_core.package_identification:_identify(src/iwr6843aop_pub-main) by extension 'colcon_meta'
[0.420s] Level 1:colcon.colcon_core.package_identification:_identify(src/iwr6843aop_pub-main) by extensions ['ros']
[0.420s] Level 1:colcon.colcon_core.package_identification:_identify(src/iwr6843aop_pub-main) by extension 'ros'
[0.421s] DEBUG:colcon.colcon_core.package_identification:Package 'src/iwr6843aop_pub-main' with type 'ros.ament_python' and name 'iwr6843aop_pub'
[0.421s] Level 1:colcon.colcon_core.package_identification:_identify(src/px4_msgs) by extensions ['ignore', 'ignore_ament_install']
[0.421s] Level 1:colcon.colcon_core.package_identification:_identify(src/px4_msgs) by extension 'ignore'
[0.421s] Level 1:colcon.colcon_core.package_identification:_identify(src/px4_msgs) by extension 'ignore_ament_install'
[0.422s] Level 1:colcon.colcon_core.package_identification:_identify(src/px4_msgs) by extensions ['colcon_pkg']
[0.422s] Level 1:colcon.colcon_core.package_identification:_identify(src/px4_msgs) by extension 'colcon_pkg'
[0.422s] Level 1:colcon.colcon_core.package_identification:_identify(src/px4_msgs) by extensions ['colcon_meta']
[0.422s] Level 1:colcon.colcon_core.package_identification:_identify(src/px4_msgs) by extension 'colcon_meta'
[0.422s] Level 1:colcon.colcon_core.package_identification:_identify(src/px4_msgs) by extensions ['ros']
[0.422s] Level 1:colcon.colcon_core.package_identification:_identify(src/px4_msgs) by extension 'ros'
[0.423s] DEBUG:colcon.colcon_core.package_identification:Package 'src/px4_msgs' with type 'ros.ament_cmake' and name 'px4_msgs'
[0.423s] Level 1:colcon.colcon_core.package_identification:_identify(src/px4_ros_com) by extensions ['ignore', 'ignore_ament_install']
[0.423s] Level 1:colcon.colcon_core.package_identification:_identify(src/px4_ros_com) by extension 'ignore'
[0.424s] Level 1:colcon.colcon_core.package_identification:_identify(src/px4_ros_com) by extension 'ignore_ament_install'
[0.424s] Level 1:colcon.colcon_core.package_identification:_identify(src/px4_ros_com) by extensions ['colcon_pkg']
[0.424s] Level 1:colcon.colcon_core.package_identification:_identify(src/px4_ros_com) by extension 'colcon_pkg'
[0.424s] Level 1:colcon.colcon_core.package_identification:_identify(src/px4_ros_com) by extensions ['colcon_meta']
[0.424s] Level 1:colcon.colcon_core.package_identification:_identify(src/px4_ros_com) by extension 'colcon_meta'
[0.424s] Level 1:colcon.colcon_core.package_identification:_identify(src/px4_ros_com) by extensions ['ros']
[0.424s] Level 1:colcon.colcon_core.package_identification:_identify(src/px4_ros_com) by extension 'ros'
[0.426s] DEBUG:colcon.colcon_core.package_identification:Package 'src/px4_ros_com' with type 'ros.ament_cmake' and name 'px4_ros_com'
[0.426s] Level 1:colcon.colcon_core.package_discovery:discover_packages(recursive) using defaults
[0.426s] Level 1:colcon.colcon_core.package_discovery:discover_packages(ignore) discover
[0.427s] Level 1:colcon.colcon_core.package_discovery:discover_packages(ignore) using defaults
[0.427s] Level 1:colcon.colcon_core.package_discovery:discover_packages(path) discover
[0.427s] Level 1:colcon.colcon_core.package_discovery:discover_packages(path) using defaults
[0.452s] INFO:colcon.colcon_core.package_selection:Skipping not selected package 'iwr6843aop_pub' in 'src/iwr6843aop_pub-main'
[0.452s] INFO:colcon.colcon_core.package_selection:Skipping not selected package 'px4_msgs' in 'src/px4_msgs'
[0.453s] Level 1:colcon.colcon_core.package_discovery:discover_packages(prefix_path) check parameters
[0.453s] Level 1:colcon.colcon_core.package_discovery:discover_packages(prefix_path) discover
[0.455s] DEBUG:colcon.colcon_installed_package_information.package_discovery:Found 267 installed packages in /opt/ros/foxy
[0.457s] Level 1:colcon.colcon_core.package_discovery:discover_packages(prefix_path) using defaults
[0.513s] Level 5:colcon.colcon_core.verb:set package 'fishbot_cartographer' build argument 'cmake_args' from command line to 'None'
[0.513s] Level 5:colcon.colcon_core.verb:set package 'fishbot_cartographer' build argument 'cmake_target' from command line to 'None'
[0.513s] Level 5:colcon.colcon_core.verb:set package 'fishbot_cartographer' build argument 'cmake_target_skip_unavailable' from command line to 'False'
[0.513s] Level 5:colcon.colcon_core.verb:set package 'fishbot_cartographer' build argument 'cmake_clean_cache' from command line to 'False'
[0.513s] Level 5:colcon.colcon_core.verb:set package 'fishbot_cartographer' build argument 'cmake_clean_first' from command line to 'False'
[0.513s] Level 5:colcon.colcon_core.verb:set package 'fishbot_cartographer' build argument 'cmake_force_configure' from command line to 'False'
[0.513s] Level 5:colcon.colcon_core.verb:set package 'fishbot_cartographer' build argument 'ament_cmake_args' from command line to 'None'
[0.513s] Level 5:colcon.colcon_core.verb:set package 'fishbot_cartographer' build argument 'catkin_cmake_args' from command line to 'None'
[0.513s] Level 5:colcon.colcon_core.verb:set package 'fishbot_cartographer' build argument 'catkin_skip_building_tests' from command line to 'False'
[0.513s] DEBUG:colcon.colcon_core.verb:Building package 'fishbot_cartographer' with the following arguments: {'ament_cmake_args': None, 'build_base': '/home/jingyan/px4_ros_com_ros2/build/fishbot_cartographer', 'catkin_cmake_args': None, 'catkin_skip_building_tests': False, 'cmake_args': None, 'cmake_clean_cache': False, 'cmake_clean_first': False, 'cmake_force_configure': False, 'cmake_target': None, 'cmake_target_skip_unavailable': False, 'install_base': '/home/jingyan/px4_ros_com_ros2/install/fishbot_cartographer', 'merge_install': False, 'path': '/home/jingyan/px4_ros_com_ros2/src/cartographer_config', 'symlink_install': False, 'test_result_base': None}
[0.514s] Level 5:colcon.colcon_core.verb:set package 'px4_ros_com' build argument 'cmake_args' from command line to 'None'
[0.514s] Level 5:colcon.colcon_core.verb:set package 'px4_ros_com' build argument 'cmake_target' from command line to 'None'
[0.514s] Level 5:colcon.colcon_core.verb:set package 'px4_ros_com' build argument 'cmake_target_skip_unavailable' from command line to 'False'
[0.514s] Level 5:colcon.colcon_core.verb:set package 'px4_ros_com' build argument 'cmake_clean_cache' from command line to 'False'
[0.514s] Level 5:colcon.colcon_core.verb:set package 'px4_ros_com' build argument 'cmake_clean_first' from command line to 'False'
[0.514s] Level 5:colcon.colcon_core.verb:set package 'px4_ros_com' build argument 'cmake_force_configure' from command line to 'False'
[0.514s] Level 5:colcon.colcon_core.verb:set package 'px4_ros_com' build argument 'ament_cmake_args' from command line to 'None'
[0.514s] Level 5:colcon.colcon_core.verb:set package 'px4_ros_com' build argument 'catkin_cmake_args' from command line to 'None'
[0.514s] Level 5:colcon.colcon_core.verb:set package 'px4_ros_com' build argument 'catkin_skip_building_tests' from command line to 'False'
[0.514s] DEBUG:colcon.colcon_core.verb:Building package 'px4_ros_com' with the following arguments: {'ament_cmake_args': None, 'build_base': '/home/jingyan/px4_ros_com_ros2/build/px4_ros_com', 'catkin_cmake_args': None, 'catkin_skip_building_tests': False, 'cmake_args': None, 'cmake_clean_cache': False, 'cmake_clean_first': False, 'cmake_force_configure': False, 'cmake_target': None, 'cmake_target_skip_unavailable': False, 'install_base': '/home/jingyan/px4_ros_com_ros2/install/px4_ros_com', 'merge_install': False, 'path': '/home/jingyan/px4_ros_com_ros2/src/px4_ros_com', 'symlink_install': False, 'test_result_base': None}
[0.515s] INFO:colcon.colcon_core.executor:Executing jobs using 'parallel' executor
[0.519s] DEBUG:colcon.colcon_parallel_executor.executor.parallel:run_until_complete
[0.519s] INFO:colcon.colcon_ros.task.ament_cmake.build:Building ROS package in '/home/jingyan/px4_ros_com_ros2/src/cartographer_config' with build type 'ament_cmake'
[0.519s] INFO:colcon.colcon_cmake.task.cmake.build:Building CMake package in '/home/jingyan/px4_ros_com_ros2/src/cartographer_config'
[0.523s] INFO:colcon.colcon_core.plugin_system:Skipping extension 'colcon_core.shell.bat': Not used on non-Windows systems
[0.524s] INFO:colcon.colcon_core.shell:Skip shell extension 'powershell' for command environment: Not usable outside of PowerShell
[0.524s] DEBUG:colcon.colcon_core.shell:Skip shell extension 'dsv' for command environment
[0.532s] INFO:colcon.colcon_ros.task.ament_cmake.build:Building ROS package in '/home/jingyan/px4_ros_com_ros2/src/px4_ros_com' with build type 'ament_cmake'
[0.532s] INFO:colcon.colcon_cmake.task.cmake.build:Building CMake package in '/home/jingyan/px4_ros_com_ros2/src/px4_ros_com'
[0.536s] INFO:colcon.colcon_core.shell:Skip shell extension 'powershell' for command environment: Not usable outside of PowerShell
[0.537s] DEBUG:colcon.colcon_core.shell:Skip shell extension 'dsv' for command environment
[0.555s] DEBUG:colcon.colcon_core.event_handler.log_command:Invoking command in '/home/jingyan/px4_ros_com_ros2/build/fishbot_cartographer': CMAKE_PREFIX_PATH=/opt/ros/foxy /usr/bin/cmake --build /home/jingyan/px4_ros_com_ros2/build/fishbot_cartographer -- -j16 -l16
[0.563s] DEBUG:colcon.colcon_core.event_handler.log_command:Invoking command in '/home/jingyan/px4_ros_com_ros2/build/px4_ros_com': AMENT_PREFIX_PATH=/home/jingyan/px4_ros_com_ros2/install/px4_msgs:${AMENT_PREFIX_PATH} CMAKE_PREFIX_PATH=/home/jingyan/px4_ros_com_ros2/install/px4_msgs:/opt/ros/foxy LD_LIBRARY_PATH=/home/jingyan/px4_ros_com_ros2/install/px4_msgs/lib:${LD_LIBRARY_PATH} PYTHONPATH=/home/jingyan/px4_ros_com_ros2/install/px4_msgs/lib/python3.8/site-packages:${PYTHONPATH} /usr/bin/cmake --build /home/jingyan/px4_ros_com_ros2/build/px4_ros_com -- -j16 -l16
[0.608s] DEBUG:colcon.colcon_core.event_handler.log_command:Invoked command in '/home/jingyan/px4_ros_com_ros2/build/fishbot_cartographer' returned '0': CMAKE_PREFIX_PATH=/opt/ros/foxy /usr/bin/cmake --build /home/jingyan/px4_ros_com_ros2/build/fishbot_cartographer -- -j16 -l16
[0.658s] DEBUG:colcon.colcon_core.event_handler.log_command:Invoking command in '/home/jingyan/px4_ros_com_ros2/build/fishbot_cartographer': CMAKE_PREFIX_PATH=/opt/ros/foxy /usr/bin/cmake --install /home/jingyan/px4_ros_com_ros2/build/fishbot_cartographer
[0.669s] Level 1:colcon.colcon_core.environment:create_environment_scripts_only(fishbot_cartographer)
[0.671s] DEBUG:colcon.colcon_core.event_handler.log_command:Invoked command in '/home/jingyan/px4_ros_com_ros2/build/fishbot_cartographer' returned '0': CMAKE_PREFIX_PATH=/opt/ros/foxy /usr/bin/cmake --install /home/jingyan/px4_ros_com_ros2/build/fishbot_cartographer
[0.679s] Level 1:colcon.colcon_core.environment:checking '/home/jingyan/px4_ros_com_ros2/install/fishbot_cartographer' for CMake module files
[0.680s] Level 1:colcon.colcon_core.environment:checking '/home/jingyan/px4_ros_com_ros2/install/fishbot_cartographer' for CMake config files
[0.680s] Level 1:colcon.colcon_core.shell:create_environment_hook('fishbot_cartographer', 'cmake_prefix_path')
[0.683s] INFO:colcon.colcon_core.shell:Creating environment hook '/home/jingyan/px4_ros_com_ros2/install/fishbot_cartographer/share/fishbot_cartographer/hook/cmake_prefix_path.ps1'
[0.684s] INFO:colcon.colcon_core.shell:Creating environment descriptor '/home/jingyan/px4_ros_com_ros2/install/fishbot_cartographer/share/fishbot_cartographer/hook/cmake_prefix_path.dsv'
[0.685s] INFO:colcon.colcon_core.shell:Creating environment hook '/home/jingyan/px4_ros_com_ros2/install/fishbot_cartographer/share/fishbot_cartographer/hook/cmake_prefix_path.sh'
[0.686s] Level 1:colcon.colcon_core.environment:checking '/home/jingyan/px4_ros_com_ros2/install/fishbot_cartographer/bin'
[0.686s] Level 1:colcon.colcon_core.environment:checking '/home/jingyan/px4_ros_com_ros2/install/fishbot_cartographer/lib/pkgconfig/fishbot_cartographer.pc'
[0.687s] Level 1:colcon.colcon_core.environment:checking '/home/jingyan/px4_ros_com_ros2/install/fishbot_cartographer/lib/python3.8/site-packages'
[0.687s] Level 1:colcon.colcon_core.environment:checking '/home/jingyan/px4_ros_com_ros2/install/fishbot_cartographer/bin'
[0.688s] INFO:colcon.colcon_core.shell:Creating package script '/home/jingyan/px4_ros_com_ros2/install/fishbot_cartographer/share/fishbot_cartographer/package.ps1'
[0.689s] INFO:colcon.colcon_core.shell:Creating package descriptor '/home/jingyan/px4_ros_com_ros2/install/fishbot_cartographer/share/fishbot_cartographer/package.dsv'
[0.690s] INFO:colcon.colcon_core.shell:Creating package script '/home/jingyan/px4_ros_com_ros2/install/fishbot_cartographer/share/fishbot_cartographer/package.sh'
[0.690s] INFO:colcon.colcon_core.shell:Creating package script '/home/jingyan/px4_ros_com_ros2/install/fishbot_cartographer/share/fishbot_cartographer/package.bash'
[0.691s] INFO:colcon.colcon_core.shell:Creating package script '/home/jingyan/px4_ros_com_ros2/install/fishbot_cartographer/share/fishbot_cartographer/package.zsh'
[0.691s] Level 1:colcon.colcon_core.environment:create_file_with_runtime_dependencies(/home/jingyan/px4_ros_com_ros2/install/fishbot_cartographer/share/colcon-core/packages/fishbot_cartographer)
[0.722s] Level 1:colcon.colcon_core.environment:create_environment_scripts_only(fishbot_cartographer)
[0.724s] Level 1:colcon.colcon_core.environment:checking '/home/jingyan/px4_ros_com_ros2/install/fishbot_cartographer' for CMake module files
[0.725s] Level 1:colcon.colcon_core.environment:checking '/home/jingyan/px4_ros_com_ros2/install/fishbot_cartographer' for CMake config files
[0.725s] Level 1:colcon.colcon_core.shell:create_environment_hook('fishbot_cartographer', 'cmake_prefix_path')
[0.726s] INFO:colcon.colcon_core.shell:Creating environment hook '/home/jingyan/px4_ros_com_ros2/install/fishbot_cartographer/share/fishbot_cartographer/hook/cmake_prefix_path.ps1'
[0.727s] INFO:colcon.colcon_core.shell:Creating environment descriptor '/home/jingyan/px4_ros_com_ros2/install/fishbot_cartographer/share/fishbot_cartographer/hook/cmake_prefix_path.dsv'
[0.727s] INFO:colcon.colcon_core.shell:Creating environment hook '/home/jingyan/px4_ros_com_ros2/install/fishbot_cartographer/share/fishbot_cartographer/hook/cmake_prefix_path.sh'
[0.728s] Level 1:colcon.colcon_core.environment:checking '/home/jingyan/px4_ros_com_ros2/install/fishbot_cartographer/bin'
[0.728s] Level 1:colcon.colcon_core.environment:checking '/home/jingyan/px4_ros_com_ros2/install/fishbot_cartographer/lib/pkgconfig/fishbot_cartographer.pc'
[0.728s] Level 1:colcon.colcon_core.environment:checking '/home/jingyan/px4_ros_com_ros2/install/fishbot_cartographer/lib/python3.8/site-packages'
[0.728s] Level 1:colcon.colcon_core.environment:checking '/home/jingyan/px4_ros_com_ros2/install/fishbot_cartographer/bin'
[0.729s] INFO:colcon.colcon_core.shell:Creating package script '/home/jingyan/px4_ros_com_ros2/install/fishbot_cartographer/share/fishbot_cartographer/package.ps1'
[0.730s] INFO:colcon.colcon_core.shell:Creating package descriptor '/home/jingyan/px4_ros_com_ros2/install/fishbot_cartographer/share/fishbot_cartographer/package.dsv'
[0.730s] INFO:colcon.colcon_core.shell:Creating package script '/home/jingyan/px4_ros_com_ros2/install/fishbot_cartographer/share/fishbot_cartographer/package.sh'
[0.731s] INFO:colcon.colcon_core.shell:Creating package script '/home/jingyan/px4_ros_com_ros2/install/fishbot_cartographer/share/fishbot_cartographer/package.bash'
[0.731s] INFO:colcon.colcon_core.shell:Creating package script '/home/jingyan/px4_ros_com_ros2/install/fishbot_cartographer/share/fishbot_cartographer/package.zsh'
[0.732s] Level 1:colcon.colcon_core.environment:create_file_with_runtime_dependencies(/home/jingyan/px4_ros_com_ros2/install/fishbot_cartographer/share/colcon-core/packages/fishbot_cartographer)
[7.637s] DEBUG:colcon.colcon_core.event_handler.log_command:Invoked command in '/home/jingyan/px4_ros_com_ros2/build/px4_ros_com' returned '0': AMENT_PREFIX_PATH=/home/jingyan/px4_ros_com_ros2/install/px4_msgs:${AMENT_PREFIX_PATH} CMAKE_PREFIX_PATH=/home/jingyan/px4_ros_com_ros2/install/px4_msgs:/opt/ros/foxy LD_LIBRARY_PATH=/home/jingyan/px4_ros_com_ros2/install/px4_msgs/lib:${LD_LIBRARY_PATH} PYTHONPATH=/home/jingyan/px4_ros_com_ros2/install/px4_msgs/lib/python3.8/site-packages:${PYTHONPATH} /usr/bin/cmake --build /home/jingyan/px4_ros_com_ros2/build/px4_ros_com -- -j16 -l16
[7.963s] DEBUG:colcon.colcon_core.event_handler.log_command:Invoking command in '/home/jingyan/px4_ros_com_ros2/build/px4_ros_com': AMENT_PREFIX_PATH=/home/jingyan/px4_ros_com_ros2/install/px4_msgs:${AMENT_PREFIX_PATH} CMAKE_PREFIX_PATH=/home/jingyan/px4_ros_com_ros2/install/px4_msgs:/opt/ros/foxy LD_LIBRARY_PATH=/home/jingyan/px4_ros_com_ros2/install/px4_msgs/lib:${LD_LIBRARY_PATH} PYTHONPATH=/home/jingyan/px4_ros_com_ros2/install/px4_msgs/lib/python3.8/site-packages:${PYTHONPATH} /usr/bin/cmake --install /home/jingyan/px4_ros_com_ros2/build/px4_ros_com
[7.978s] Level 1:colcon.colcon_core.environment:create_environment_scripts_only(px4_ros_com)
[7.982s] Level 1:colcon.colcon_core.environment:checking '/home/jingyan/px4_ros_com_ros2/install/px4_ros_com' for CMake module files
[7.983s] DEBUG:colcon.colcon_core.event_handler.log_command:Invoked command in '/home/jingyan/px4_ros_com_ros2/build/px4_ros_com' returned '0': AMENT_PREFIX_PATH=/home/jingyan/px4_ros_com_ros2/install/px4_msgs:${AMENT_PREFIX_PATH} CMAKE_PREFIX_PATH=/home/jingyan/px4_ros_com_ros2/install/px4_msgs:/opt/ros/foxy LD_LIBRARY_PATH=/home/jingyan/px4_ros_com_ros2/install/px4_msgs/lib:${LD_LIBRARY_PATH} PYTHONPATH=/home/jingyan/px4_ros_com_ros2/install/px4_msgs/lib/python3.8/site-packages:${PYTHONPATH} /usr/bin/cmake --install /home/jingyan/px4_ros_com_ros2/build/px4_ros_com
[7.984s] Level 1:colcon.colcon_core.environment:checking '/home/jingyan/px4_ros_com_ros2/install/px4_ros_com' for CMake config files
[7.985s] Level 1:colcon.colcon_core.shell:create_environment_hook('px4_ros_com', 'cmake_prefix_path')
[7.988s] INFO:colcon.colcon_core.shell:Creating environment hook '/home/jingyan/px4_ros_com_ros2/install/px4_ros_com/share/px4_ros_com/hook/cmake_prefix_path.ps1'
[7.989s] INFO:colcon.colcon_core.shell:Creating environment descriptor '/home/jingyan/px4_ros_com_ros2/install/px4_ros_com/share/px4_ros_com/hook/cmake_prefix_path.dsv'
[7.989s] INFO:colcon.colcon_core.shell:Creating environment hook '/home/jingyan/px4_ros_com_ros2/install/px4_ros_com/share/px4_ros_com/hook/cmake_prefix_path.sh'
[7.990s] Level 1:colcon.colcon_core.environment:checking '/home/jingyan/px4_ros_com_ros2/install/px4_ros_com/lib'
[7.991s] Level 1:colcon.colcon_core.shell:create_environment_hook('px4_ros_com', 'ld_library_path_lib')
[7.992s] INFO:colcon.colcon_core.shell:Creating environment hook '/home/jingyan/px4_ros_com_ros2/install/px4_ros_com/share/px4_ros_com/hook/ld_library_path_lib.ps1'
[7.992s] INFO:colcon.colcon_core.shell:Creating environment descriptor '/home/jingyan/px4_ros_com_ros2/install/px4_ros_com/share/px4_ros_com/hook/ld_library_path_lib.dsv'
[7.992s] INFO:colcon.colcon_core.shell:Creating environment hook '/home/jingyan/px4_ros_com_ros2/install/px4_ros_com/share/px4_ros_com/hook/ld_library_path_lib.sh'
[7.993s] Level 1:colcon.colcon_core.environment:checking '/home/jingyan/px4_ros_com_ros2/install/px4_ros_com/bin'
[7.993s] Level 1:colcon.colcon_core.shell:create_environment_hook('px4_ros_com', 'path')
[7.994s] INFO:colcon.colcon_core.shell:Creating environment hook '/home/jingyan/px4_ros_com_ros2/install/px4_ros_com/share/px4_ros_com/hook/path.ps1'
[7.994s] INFO:colcon.colcon_core.shell:Creating environment descriptor '/home/jingyan/px4_ros_com_ros2/install/px4_ros_com/share/px4_ros_com/hook/path.dsv'
[7.995s] INFO:colcon.colcon_core.shell:Creating environment hook '/home/jingyan/px4_ros_com_ros2/install/px4_ros_com/share/px4_ros_com/hook/path.sh'
[7.995s] Level 1:colcon.colcon_core.environment:checking '/home/jingyan/px4_ros_com_ros2/install/px4_ros_com/lib/pkgconfig/px4_ros_com.pc'
[7.995s] Level 1:colcon.colcon_core.environment:checking '/home/jingyan/px4_ros_com_ros2/install/px4_ros_com/lib/python3.8/site-packages'
[7.995s] Level 1:colcon.colcon_core.environment:checking '/home/jingyan/px4_ros_com_ros2/install/px4_ros_com/bin'
[7.995s] Level 1:colcon.colcon_core.shell:create_environment_hook('px4_ros_com', 'pythonscriptspath')
[7.997s] INFO:colcon.colcon_core.shell:Creating environment hook '/home/jingyan/px4_ros_com_ros2/install/px4_ros_com/share/px4_ros_com/hook/pythonscriptspath.ps1'
[7.997s] INFO:colcon.colcon_core.shell:Creating environment descriptor '/home/jingyan/px4_ros_com_ros2/install/px4_ros_com/share/px4_ros_com/hook/pythonscriptspath.dsv'
[7.997s] INFO:colcon.colcon_core.shell:Creating environment hook '/home/jingyan/px4_ros_com_ros2/install/px4_ros_com/share/px4_ros_com/hook/pythonscriptspath.sh'
[7.999s] INFO:colcon.colcon_core.shell:Creating package script '/home/jingyan/px4_ros_com_ros2/install/px4_ros_com/share/px4_ros_com/package.ps1'
[7.999s] INFO:colcon.colcon_core.shell:Creating package descriptor '/home/jingyan/px4_ros_com_ros2/install/px4_ros_com/share/px4_ros_com/package.dsv'
[8.000s] INFO:colcon.colcon_core.shell:Creating package script '/home/jingyan/px4_ros_com_ros2/install/px4_ros_com/share/px4_ros_com/package.sh'
[8.000s] INFO:colcon.colcon_core.shell:Creating package script '/home/jingyan/px4_ros_com_ros2/install/px4_ros_com/share/px4_ros_com/package.bash'
[8.000s] INFO:colcon.colcon_core.shell:Creating package script '/home/jingyan/px4_ros_com_ros2/install/px4_ros_com/share/px4_ros_com/package.zsh'
[8.001s] Level 1:colcon.colcon_core.environment:create_file_with_runtime_dependencies(/home/jingyan/px4_ros_com_ros2/install/px4_ros_com/share/colcon-core/packages/px4_ros_com)
[8.254s] Level 1:colcon.colcon_core.environment:create_environment_scripts_only(px4_ros_com)
[8.259s] Level 1:colcon.colcon_core.environment:checking '/home/jingyan/px4_ros_com_ros2/install/px4_ros_com' for CMake module files
[8.260s] Level 1:colcon.colcon_core.environment:checking '/home/jingyan/px4_ros_com_ros2/install/px4_ros_com' for CMake config files
[8.261s] Level 1:colcon.colcon_core.shell:create_environment_hook('px4_ros_com', 'cmake_prefix_path')
[8.264s] INFO:colcon.colcon_core.shell:Creating environment hook '/home/jingyan/px4_ros_com_ros2/install/px4_ros_com/share/px4_ros_com/hook/cmake_prefix_path.ps1'
[8.264s] INFO:colcon.colcon_core.shell:Creating environment descriptor '/home/jingyan/px4_ros_com_ros2/install/px4_ros_com/share/px4_ros_com/hook/cmake_prefix_path.dsv'
[8.265s] INFO:colcon.colcon_core.shell:Creating environment hook '/home/jingyan/px4_ros_com_ros2/install/px4_ros_com/share/px4_ros_com/hook/cmake_prefix_path.sh'
[8.265s] Level 1:colcon.colcon_core.environment:checking '/home/jingyan/px4_ros_com_ros2/install/px4_ros_com/lib'
[8.265s] Level 1:colcon.colcon_core.shell:create_environment_hook('px4_ros_com', 'ld_library_path_lib')
[8.267s] INFO:colcon.colcon_core.shell:Creating environment hook '/home/jingyan/px4_ros_com_ros2/install/px4_ros_com/share/px4_ros_com/hook/ld_library_path_lib.ps1'
[8.267s] INFO:colcon.colcon_core.shell:Creating environment descriptor '/home/jingyan/px4_ros_com_ros2/install/px4_ros_com/share/px4_ros_com/hook/ld_library_path_lib.dsv'
[8.268s] INFO:colcon.colcon_core.shell:Creating environment hook '/home/jingyan/px4_ros_com_ros2/install/px4_ros_com/share/px4_ros_com/hook/ld_library_path_lib.sh'
[8.268s] Level 1:colcon.colcon_core.environment:checking '/home/jingyan/px4_ros_com_ros2/install/px4_ros_com/bin'
[8.268s] Level 1:colcon.colcon_core.shell:create_environment_hook('px4_ros_com', 'path')
[8.269s] INFO:colcon.colcon_core.shell:Creating environment hook '/home/jingyan/px4_ros_com_ros2/install/px4_ros_com/share/px4_ros_com/hook/path.ps1'
[8.269s] INFO:colcon.colcon_core.shell:Creating environment descriptor '/home/jingyan/px4_ros_com_ros2/install/px4_ros_com/share/px4_ros_com/hook/path.dsv'
[8.269s] INFO:colcon.colcon_core.shell:Creating environment hook '/home/jingyan/px4_ros_com_ros2/install/px4_ros_com/share/px4_ros_com/hook/path.sh'
[8.270s] Level 1:colcon.colcon_core.environment:checking '/home/jingyan/px4_ros_com_ros2/install/px4_ros_com/lib/pkgconfig/px4_ros_com.pc'
[8.270s] Level 1:colcon.colcon_core.environment:checking '/home/jingyan/px4_ros_com_ros2/install/px4_ros_com/lib/python3.8/site-packages'
[8.270s] Level 1:colcon.colcon_core.environment:checking '/home/jingyan/px4_ros_com_ros2/install/px4_ros_com/bin'
[8.270s] Level 1:colcon.colcon_core.shell:create_environment_hook('px4_ros_com', 'pythonscriptspath')
[8.272s] INFO:colcon.colcon_core.shell:Creating environment hook '/home/jingyan/px4_ros_com_ros2/install/px4_ros_com/share/px4_ros_com/hook/pythonscriptspath.ps1'
[8.272s] INFO:colcon.colcon_core.shell:Creating environment descriptor '/home/jingyan/px4_ros_com_ros2/install/px4_ros_com/share/px4_ros_com/hook/pythonscriptspath.dsv'
[8.272s] INFO:colcon.colcon_core.shell:Creating environment hook '/home/jingyan/px4_ros_com_ros2/install/px4_ros_com/share/px4_ros_com/hook/pythonscriptspath.sh'
[8.274s] INFO:colcon.colcon_core.shell:Creating package script '/home/jingyan/px4_ros_com_ros2/install/px4_ros_com/share/px4_ros_com/package.ps1'
[8.274s] INFO:colcon.colcon_core.shell:Creating package descriptor '/home/jingyan/px4_ros_com_ros2/install/px4_ros_com/share/px4_ros_com/package.dsv'
[8.275s] INFO:colcon.colcon_core.shell:Creating package script '/home/jingyan/px4_ros_com_ros2/install/px4_ros_com/share/px4_ros_com/package.sh'
[8.275s] INFO:colcon.colcon_core.shell:Creating package script '/home/jingyan/px4_ros_com_ros2/install/px4_ros_com/share/px4_ros_com/package.bash'
[8.275s] INFO:colcon.colcon_core.shell:Creating package script '/home/jingyan/px4_ros_com_ros2/install/px4_ros_com/share/px4_ros_com/package.zsh'
[8.276s] Level 1:colcon.colcon_core.environment:create_file_with_runtime_dependencies(/home/jingyan/px4_ros_com_ros2/install/px4_ros_com/share/colcon-core/packages/px4_ros_com)
[8.276s] DEBUG:colcon.colcon_parallel_executor.executor.parallel:closing loop
[8.276s] DEBUG:colcon.colcon_parallel_executor.executor.parallel:loop closed
[8.276s] DEBUG:colcon.colcon_parallel_executor.executor.parallel:run_until_complete finished with '0'
[8.276s] DEBUG:colcon.colcon_core.event_reactor:joining thread
[8.287s] INFO:colcon.colcon_core.plugin_system:Skipping extension 'colcon_notification.desktop_notification.terminal_notifier': Not used on non-Darwin systems
[8.288s] INFO:colcon.colcon_core.plugin_system:Skipping extension 'colcon_notification.desktop_notification.win32': Not used on non-Windows systems
[8.288s] INFO:colcon.colcon_notification.desktop_notification:Sending desktop notification using 'notify2'
[8.313s] DEBUG:colcon.colcon_core.event_reactor:joined thread
[8.316s] INFO:colcon.colcon_core.shell:Creating prefix script '/home/jingyan/px4_ros_com_ros2/install/local_setup.ps1'
[8.317s] INFO:colcon.colcon_core.shell:Creating prefix util module '/home/jingyan/px4_ros_com_ros2/install/_local_setup_util_ps1.py'
[8.318s] INFO:colcon.colcon_core.shell:Creating prefix chain script '/home/jingyan/px4_ros_com_ros2/install/setup.ps1'
[8.319s] INFO:colcon.colcon_core.shell:Creating prefix script '/home/jingyan/px4_ros_com_ros2/install/local_setup.sh'
[8.319s] INFO:colcon.colcon_core.shell:Creating prefix util module '/home/jingyan/px4_ros_com_ros2/install/_local_setup_util_sh.py'
[8.320s] INFO:colcon.colcon_core.shell:Creating prefix chain script '/home/jingyan/px4_ros_com_ros2/install/setup.sh'
[8.321s] INFO:colcon.colcon_core.shell:Creating prefix script '/home/jingyan/px4_ros_com_ros2/install/local_setup.bash'
[8.321s] INFO:colcon.colcon_core.shell:Creating prefix chain script '/home/jingyan/px4_ros_com_ros2/install/setup.bash'
[8.322s] INFO:colcon.colcon_core.shell:Creating prefix script '/home/jingyan/px4_ros_com_ros2/install/local_setup.zsh'
[8.322s] INFO:colcon.colcon_core.shell:Creating prefix chain script '/home/jingyan/px4_ros_com_ros2/install/setup.zsh'
