[0.034s] Invoking command in '/home/jingyan/px4_ros_com_ros2/build/fishbot_cartographer': CMAKE_PREFIX_PATH=/opt/ros/foxy /usr/bin/cmake --build /home/jingyan/px4_ros_com_ros2/build/fishbot_cartographer -- -j16 -l16
[0.087s] Invoked command in '/home/jingyan/px4_ros_com_ros2/build/fishbot_cartographer' returned '0': CMAKE_PREFIX_PATH=/opt/ros/foxy /usr/bin/cmake --build /home/jingyan/px4_ros_com_ros2/build/fishbot_cartographer -- -j16 -l16
[0.138s] Invoking command in '/home/jingyan/px4_ros_com_ros2/build/fishbot_cartographer': CMAKE_PREFIX_PATH=/opt/ros/foxy /usr/bin/cmake --install /home/jingyan/px4_ros_com_ros2/build/fishbot_cartographer
[0.145s] -- Install configuration: ""
[0.146s] -- Up-to-date: /home/jingyan/px4_ros_com_ros2/install/fishbot_cartographer/share/fishbot_cartographer/config
[0.146s] -- Installing: /home/jingyan/px4_ros_com_ros2/install/fishbot_cartographer/share/fishbot_cartographer/config/fishbot_2d.lua
[0.146s] -- Up-to-date: /home/jingyan/px4_ros_com_ros2/install/fishbot_cartographer/share/fishbot_cartographer/launch
[0.146s] -- Up-to-date: /home/jingyan/px4_ros_com_ros2/install/fishbot_cartographer/share/fishbot_cartographer/launch/cartographer.launch.py
[0.146s] -- Up-to-date: /home/jingyan/px4_ros_com_ros2/install/fishbot_cartographer/share/fishbot_cartographer/rviz
[0.146s] -- Up-to-date: /home/jingyan/px4_ros_com_ros2/install/fishbot_cartographer/share/ament_index/resource_index/package_run_dependencies/fishbot_cartographer
[0.146s] -- Up-to-date: /home/jingyan/px4_ros_com_ros2/install/fishbot_cartographer/share/ament_index/resource_index/parent_prefix_path/fishbot_cartographer
[0.146s] -- Up-to-date: /home/jingyan/px4_ros_com_ros2/install/fishbot_cartographer/share/fishbot_cartographer/environment/ament_prefix_path.sh
[0.146s] -- Up-to-date: /home/jingyan/px4_ros_com_ros2/install/fishbot_cartographer/share/fishbot_cartographer/environment/ament_prefix_path.dsv
[0.147s] -- Up-to-date: /home/jingyan/px4_ros_com_ros2/install/fishbot_cartographer/share/fishbot_cartographer/environment/path.sh
[0.147s] -- Up-to-date: /home/jingyan/px4_ros_com_ros2/install/fishbot_cartographer/share/fishbot_cartographer/environment/path.dsv
[0.147s] -- Up-to-date: /home/jingyan/px4_ros_com_ros2/install/fishbot_cartographer/share/fishbot_cartographer/local_setup.bash
[0.147s] -- Up-to-date: /home/jingyan/px4_ros_com_ros2/install/fishbot_cartographer/share/fishbot_cartographer/local_setup.sh
[0.147s] -- Up-to-date: /home/jingyan/px4_ros_com_ros2/install/fishbot_cartographer/share/fishbot_cartographer/local_setup.zsh
[0.147s] -- Up-to-date: /home/jingyan/px4_ros_com_ros2/install/fishbot_cartographer/share/fishbot_cartographer/local_setup.dsv
[0.147s] -- Installing: /home/jingyan/px4_ros_com_ros2/install/fishbot_cartographer/share/fishbot_cartographer/package.dsv
[0.147s] -- Up-to-date: /home/jingyan/px4_ros_com_ros2/install/fishbot_cartographer/share/ament_index/resource_index/packages/fishbot_cartographer
[0.147s] -- Up-to-date: /home/jingyan/px4_ros_com_ros2/install/fishbot_cartographer/share/fishbot_cartographer/cmake/fishbot_cartographerConfig.cmake
[0.147s] -- Up-to-date: /home/jingyan/px4_ros_com_ros2/install/fishbot_cartographer/share/fishbot_cartographer/cmake/fishbot_cartographerConfig-version.cmake
[0.148s] -- Up-to-date: /home/jingyan/px4_ros_com_ros2/install/fishbot_cartographer/share/fishbot_cartographer/package.xml
[0.151s] Invoked command in '/home/jingyan/px4_ros_com_ros2/build/fishbot_cartographer' returned '0': CMAKE_PREFIX_PATH=/opt/ros/foxy /usr/bin/cmake --install /home/jingyan/px4_ros_com_ros2/build/fishbot_cartographer
