/usr/local/lib/python3.8/dist-packages/setuptools/dist.py:771: UserWarning: Usage of dash-separated 'script-dir' will not be supported in future versions. Please use the underscore name 'script_dir' instead
  warnings.warn(
/usr/local/lib/python3.8/dist-packages/setuptools/dist.py:771: UserWarning: Usage of dash-separated 'install-scripts' will not be supported in future versions. Please use the underscore name 'install_scripts' instead
  warnings.warn(
running egg_info
writing ../../build/iwr6843_pub/iwr6843_pub.egg-info/PKG-INFO
writing dependency_links to ../../build/iwr6843_pub/iwr6843_pub.egg-info/dependency_links.txt
writing entry points to ../../build/iwr6843_pub/iwr6843_pub.egg-info/entry_points.txt
writing requirements to ../../build/iwr6843_pub/iwr6843_pub.egg-info/requires.txt
writing top-level names to ../../build/iwr6843_pub/iwr6843_pub.egg-info/top_level.txt
reading manifest file '../../build/iwr6843_pub/iwr6843_pub.egg-info/SOURCES.txt'
writing manifest file '../../build/iwr6843_pub/iwr6843_pub.egg-info/SOURCES.txt'
running build
running build_py
copying iwr6843_pub/publisher_member_function.py -> /home/jingyan/px4_ros_com_ros2/build/iwr6843_pub/build/lib/iwr6843_pub
running install
/usr/local/lib/python3.8/dist-packages/setuptools/command/install.py:34: SetuptoolsDeprecationWarning: setup.py install is deprecated. Use build and pip and other standards-based tools.
  warnings.warn(
running install_lib
copying /home/jingyan/px4_ros_com_ros2/build/iwr6843_pub/build/lib/iwr6843_pub/publisher_member_function.py -> /home/jingyan/px4_ros_com_ros2/install/iwr6843_pub/lib/python3.8/site-packages/iwr6843_pub
byte-compiling /home/jingyan/px4_ros_com_ros2/install/iwr6843_pub/lib/python3.8/site-packages/iwr6843_pub/publisher_member_function.py to publisher_member_function.cpython-38.pyc
running install_data
running install_egg_info
removing '/home/jingyan/px4_ros_com_ros2/install/iwr6843_pub/lib/python3.8/site-packages/iwr6843_pub-0.0.0-py3.8.egg-info' (and everything under it)
Copying ../../build/iwr6843_pub/iwr6843_pub.egg-info to /home/jingyan/px4_ros_com_ros2/install/iwr6843_pub/lib/python3.8/site-packages/iwr6843_pub-0.0.0-py3.8.egg-info
running install_scripts
Installing pcl_pub script to /home/jingyan/px4_ros_com_ros2/install/iwr6843_pub/lib/iwr6843_pub
writing list of installed files to '/home/jingyan/px4_ros_com_ros2/build/iwr6843_pub/install.log'
