[1.811s] Invoking command in '/home/jingyan/px4_ros_com_ros2/src/iwr6843_pub-main': PYTHONPATH=/home/jingyan/px4_ros_com_ros2/install/iwr6843_pub/lib/python3.8/site-packages:${PYTHONPATH} /usr/bin/python3 setup.py egg_info --egg-base ../../build/iwr6843_pub build --build-base /home/jingyan/px4_ros_com_ros2/build/iwr6843_pub/build install --prefix /home/jingyan/px4_ros_com_ros2/install/iwr6843_pub --record /home/jingyan/px4_ros_com_ros2/build/iwr6843_pub/install.log --single-version-externally-managed
[2.241s] /usr/local/lib/python3.8/dist-packages/setuptools/dist.py:771: UserWarning: Usage of dash-separated 'script-dir' will not be supported in future versions. Please use the underscore name 'script_dir' instead
[2.241s]   warnings.warn(
[2.242s] /usr/local/lib/python3.8/dist-packages/setuptools/dist.py:771: UserWarning: Usage of dash-separated 'install-scripts' will not be supported in future versions. Please use the underscore name 'install_scripts' instead
[2.242s]   warnings.warn(
[2.431s] running egg_info
[2.458s] writing ../../build/iwr6843_pub/iwr6843_pub.egg-info/PKG-INFO
[2.458s] writing dependency_links to ../../build/iwr6843_pub/iwr6843_pub.egg-info/dependency_links.txt
[2.459s] writing entry points to ../../build/iwr6843_pub/iwr6843_pub.egg-info/entry_points.txt
[2.459s] writing requirements to ../../build/iwr6843_pub/iwr6843_pub.egg-info/requires.txt
[2.459s] writing top-level names to ../../build/iwr6843_pub/iwr6843_pub.egg-info/top_level.txt
[2.515s] reading manifest file '../../build/iwr6843_pub/iwr6843_pub.egg-info/SOURCES.txt'
[2.518s] writing manifest file '../../build/iwr6843_pub/iwr6843_pub.egg-info/SOURCES.txt'
[2.519s] running build
[2.519s] running build_py
[2.519s] copying iwr6843_pub/publisher_member_function.py -> /home/jingyan/px4_ros_com_ros2/build/iwr6843_pub/build/lib/iwr6843_pub
[2.519s] running install
[2.520s] /usr/local/lib/python3.8/dist-packages/setuptools/command/install.py:34: SetuptoolsDeprecationWarning: setup.py install is deprecated. Use build and pip and other standards-based tools.
[2.520s]   warnings.warn(
[2.541s] running install_lib
[2.569s] copying /home/jingyan/px4_ros_com_ros2/build/iwr6843_pub/build/lib/iwr6843_pub/publisher_member_function.py -> /home/jingyan/px4_ros_com_ros2/install/iwr6843_pub/lib/python3.8/site-packages/iwr6843_pub
[2.571s] byte-compiling /home/jingyan/px4_ros_com_ros2/install/iwr6843_pub/lib/python3.8/site-packages/iwr6843_pub/publisher_member_function.py to publisher_member_function.cpython-38.pyc
[2.575s] running install_data
[2.595s] running install_egg_info
[2.628s] removing '/home/jingyan/px4_ros_com_ros2/install/iwr6843_pub/lib/python3.8/site-packages/iwr6843_pub-0.0.0-py3.8.egg-info' (and everything under it)
[2.629s] Copying ../../build/iwr6843_pub/iwr6843_pub.egg-info to /home/jingyan/px4_ros_com_ros2/install/iwr6843_pub/lib/python3.8/site-packages/iwr6843_pub-0.0.0-py3.8.egg-info
[2.630s] running install_scripts
[2.789s] Installing pcl_pub script to /home/jingyan/px4_ros_com_ros2/install/iwr6843_pub/lib/iwr6843_pub
[2.789s] writing list of installed files to '/home/jingyan/px4_ros_com_ros2/build/iwr6843_pub/install.log'
[2.905s] Invoked command in '/home/jingyan/px4_ros_com_ros2/src/iwr6843_pub-main' returned '0': PYTHONPATH=/home/jingyan/px4_ros_com_ros2/install/iwr6843_pub/lib/python3.8/site-packages:${PYTHONPATH} /usr/bin/python3 setup.py egg_info --egg-base ../../build/iwr6843_pub build --build-base /home/jingyan/px4_ros_com_ros2/build/iwr6843_pub/build install --prefix /home/jingyan/px4_ros_com_ros2/install/iwr6843_pub --record /home/jingyan/px4_ros_com_ros2/build/iwr6843_pub/install.log --single-version-externally-managed
