[0.026s] Invoking command in '/home/jingyan/px4_ros_com_ros2/build/px4_ros_com': CMAKE_PREFIX_PATH=/home/jingyan/px4_ros_com_ros2/install/px4_msgs:/home/jingyan/px4_ros_com_ros2/install/px4_ros_com:/home/jingyan/px4_ros_com_ros2/install/fishbot_cartographer:/home/jingyan/px4_ros_com_ros2/install/iwr6843aop_pub:/opt/ros/foxy LD_LIBRARY_PATH=/home/jingyan/px4_ros_com_ros2/install/px4_msgs/lib:/home/jingyan/px4_ros_com_ros2/install/px4_ros_com/lib:/usr/lib/x86_64-linux-gnu/gazebo-11/plugins:/opt/ros/foxy/opt/yaml_cpp_vendor/lib:/opt/ros/foxy/opt/rviz_ogre_vendor/lib:/opt/ros/foxy/lib/x86_64-linux-gnu:/opt/ros/foxy/lib /usr/bin/cmake --build /home/jingyan/px4_ros_com_ros2/build/px4_ros_com -- -j16 -l16
[0.091s] [35m[1mScanning dependencies of target Odom_transform[0m
[0.106s] [  6%] Built target sensor_combined_listener
[0.106s] [  6%] Built target vehicle_gps_position_listener
[0.106s] [  6%] Built target offboard_control
[0.111s] [  8%] Built target frame_transforms
[0.111s] [ 10%] Built target debug_vect_advertiser
[0.123s] [ 10%] [32mBuilding CXX object CMakeFiles/Odom_transform.dir/src/examples/offboard/Odom_transform.cpp.o[0m
[0.161s] [ 99%] Built target micrortps_agent
[6.128s] [100%] [32m[1mLinking CXX executable Odom_transform[0m
[6.481s] [100%] Built target Odom_transform
[6.498s] Invoked command in '/home/jingyan/px4_ros_com_ros2/build/px4_ros_com' returned '0': CMAKE_PREFIX_PATH=/home/jingyan/px4_ros_com_ros2/install/px4_msgs:/home/jingyan/px4_ros_com_ros2/install/px4_ros_com:/home/jingyan/px4_ros_com_ros2/install/fishbot_cartographer:/home/jingyan/px4_ros_com_ros2/install/iwr6843aop_pub:/opt/ros/foxy LD_LIBRARY_PATH=/home/jingyan/px4_ros_com_ros2/install/px4_msgs/lib:/home/jingyan/px4_ros_com_ros2/install/px4_ros_com/lib:/usr/lib/x86_64-linux-gnu/gazebo-11/plugins:/opt/ros/foxy/opt/yaml_cpp_vendor/lib:/opt/ros/foxy/opt/rviz_ogre_vendor/lib:/opt/ros/foxy/lib/x86_64-linux-gnu:/opt/ros/foxy/lib /usr/bin/cmake --build /home/jingyan/px4_ros_com_ros2/build/px4_ros_com -- -j16 -l16
[6.840s] Invoking command in '/home/jingyan/px4_ros_com_ros2/build/px4_ros_com': CMAKE_PREFIX_PATH=/home/jingyan/px4_ros_com_ros2/install/px4_msgs:/home/jingyan/px4_ros_com_ros2/install/px4_ros_com:/home/jingyan/px4_ros_com_ros2/install/fishbot_cartographer:/home/jingyan/px4_ros_com_ros2/install/iwr6843aop_pub:/opt/ros/foxy LD_LIBRARY_PATH=/home/jingyan/px4_ros_com_ros2/install/px4_msgs/lib:/home/jingyan/px4_ros_com_ros2/install/px4_ros_com/lib:/usr/lib/x86_64-linux-gnu/gazebo-11/plugins:/opt/ros/foxy/opt/yaml_cpp_vendor/lib:/opt/ros/foxy/opt/rviz_ogre_vendor/lib:/opt/ros/foxy/lib/x86_64-linux-gnu:/opt/ros/foxy/lib /usr/bin/cmake --install /home/jingyan/px4_ros_com_ros2/build/px4_ros_com
[6.853s] -- Install configuration: ""
[6.853s] -- Up-to-date: /home/jingyan/px4_ros_com_ros2/install/px4_ros_com/include/px4_ros_com
[6.853s] -- Up-to-date: /home/jingyan/px4_ros_com_ros2/install/px4_ros_com/share/px4_ros_com/cmake
[6.854s] -- Up-to-date: /home/jingyan/px4_ros_com_ros2/install/px4_ros_com/lib/libframe_transforms.so
[6.854s] -- Up-to-date: /home/jingyan/px4_ros_com_ros2/install/px4_ros_com/bin/micrortps_agent
[6.854s] -- Up-to-date: /home/jingyan/px4_ros_com_ros2/install/px4_ros_com/share/px4_ros_com/launch
[6.854s] -- Up-to-date: /home/jingyan/px4_ros_com_ros2/install/px4_ros_com/share/px4_ros_com/test
[6.854s] -- Installing: /home/jingyan/px4_ros_com_ros2/install/px4_ros_com/share/px4_ros_com/package.dsv
[6.855s] -- Up-to-date: /home/jingyan/px4_ros_com_ros2/install/px4_ros_com/share/px4_ros_com/cmake/export_frame_transformsExport.cmake
[6.855s] -- Up-to-date: /home/jingyan/px4_ros_com_ros2/install/px4_ros_com/share/px4_ros_com/cmake/export_frame_transformsExport-noconfig.cmake
[6.859s] Invoked command in '/home/jingyan/px4_ros_com_ros2/build/px4_ros_com' returned '0': CMAKE_PREFIX_PATH=/home/jingyan/px4_ros_com_ros2/install/px4_msgs:/home/jingyan/px4_ros_com_ros2/install/px4_ros_com:/home/jingyan/px4_ros_com_ros2/install/fishbot_cartographer:/home/jingyan/px4_ros_com_ros2/install/iwr6843aop_pub:/opt/ros/foxy LD_LIBRARY_PATH=/home/jingyan/px4_ros_com_ros2/install/px4_msgs/lib:/home/jingyan/px4_ros_com_ros2/install/px4_ros_com/lib:/usr/lib/x86_64-linux-gnu/gazebo-11/plugins:/opt/ros/foxy/opt/yaml_cpp_vendor/lib:/opt/ros/foxy/opt/rviz_ogre_vendor/lib:/opt/ros/foxy/lib/x86_64-linux-gnu:/opt/ros/foxy/lib /usr/bin/cmake --install /home/jingyan/px4_ros_com_ros2/build/px4_ros_com
