[35m[1mScanning dependencies of target offboard_control_absolute_version[0m
[  2%] Built target frame_transforms
[  3%] Built target Odom_transform
[  5%] Built target vehicle_gps_position_listener
[  7%] Built target sensor_combined_listener
[  9%] Built target offboard_control
[ 11%] Built target offboard_control_vel
[ 13%] Built target debug_vect_advertiser
[ 14%] [32mBuilding CXX object CMakeFiles/offboard_control_absolute_version.dir/src/examples/offboard/offboard_control_absolute_version.cpp.o[0m
[ 99%] Built target micrortps_agent
[01m[K/home/jingyan/px4_ros_com_ros2/src/px4_ros_com/src/examples/offboard/offboard_control_absolute_version.cpp:[m[K In member function ‘[01m[Kvoid OffboardControl::OnVelVect(geometry_msgs::msg::PoseStamped_<std::allocator<void> >::UniquePtr)[m[K’:
[01m[K/home/jingyan/px4_ros_com_ros2/src/px4_ros_com/src/examples/offboard/offboard_control_absolute_version.cpp:206:45:[m[K [01;31m[Kerror: [m[Kno match for ‘[01m[Koperator[][m[K’ (operand types are ‘[01m[Kgeometry_msgs::msg::Pose_<std::allocator<void> >::_position_type[m[K’ {aka ‘[01m[Kgeometry_msgs::msg::Point_<std::allocator<void> >[m[K’} and ‘[01m[Kint[m[K’)
  206 |  OffboardControl::xgoal = msg->pose.position[01;31m[K[[m[K1];
      |                                             [01;31m[K^[m[K
[01m[K/home/jingyan/px4_ros_com_ros2/src/px4_ros_com/src/examples/offboard/offboard_control_absolute_version.cpp:207:46:[m[K [01;31m[Kerror: [m[Kno match for ‘[01m[Koperator[][m[K’ (operand types are ‘[01m[Kgeometry_msgs::msg::Pose_<std::allocator<void> >::_position_type[m[K’ {aka ‘[01m[Kgeometry_msgs::msg::Point_<std::allocator<void> >[m[K’} and ‘[01m[Kint[m[K’)
  207 |  OffboardControl::ygoal = -msg->pose.position[01;31m[K[[m[K0];
      |                                              [01;31m[K^[m[K
[01m[K/home/jingyan/px4_ros_com_ros2/src/px4_ros_com/src/examples/offboard/offboard_control_absolute_version.cpp:209:34:[m[K [01;31m[Kerror: [m[Kno match for ‘[01m[Koperator[][m[K’ (operand types are ‘[01m[Kgeometry_msgs::msg::Pose_<std::allocator<void> >::_orientation_type[m[K’ {aka ‘[01m[Kgeometry_msgs::msg::Quaternion_<std::allocator<void> >[m[K’} and ‘[01m[Kint[m[K’)
  209 |  goalQ[0] = msg->pose.orientation[01;31m[K[[m[K0];
      |                                  [01;31m[K^[m[K
[01m[K/home/jingyan/px4_ros_com_ros2/src/px4_ros_com/src/examples/offboard/offboard_control_absolute_version.cpp:210:34:[m[K [01;31m[Kerror: [m[Kno match for ‘[01m[Koperator[][m[K’ (operand types are ‘[01m[Kgeometry_msgs::msg::Pose_<std::allocator<void> >::_orientation_type[m[K’ {aka ‘[01m[Kgeometry_msgs::msg::Quaternion_<std::allocator<void> >[m[K’} and ‘[01m[Kint[m[K’)
  210 |  goalQ[1] = msg->pose.orientation[01;31m[K[[m[K1];
      |                                  [01;31m[K^[m[K
[01m[K/home/jingyan/px4_ros_com_ros2/src/px4_ros_com/src/examples/offboard/offboard_control_absolute_version.cpp:211:34:[m[K [01;31m[Kerror: [m[Kno match for ‘[01m[Koperator[][m[K’ (operand types are ‘[01m[Kgeometry_msgs::msg::Pose_<std::allocator<void> >::_orientation_type[m[K’ {aka ‘[01m[Kgeometry_msgs::msg::Quaternion_<std::allocator<void> >[m[K’} and ‘[01m[Kint[m[K’)
  211 |  goalQ[2] = msg->pose.orientation[01;31m[K[[m[K2];
      |                                  [01;31m[K^[m[K
[01m[K/home/jingyan/px4_ros_com_ros2/src/px4_ros_com/src/examples/offboard/offboard_control_absolute_version.cpp:212:34:[m[K [01;31m[Kerror: [m[Kno match for ‘[01m[Koperator[][m[K’ (operand types are ‘[01m[Kgeometry_msgs::msg::Pose_<std::allocator<void> >::_orientation_type[m[K’ {aka ‘[01m[Kgeometry_msgs::msg::Quaternion_<std::allocator<void> >[m[K’} and ‘[01m[Kint[m[K’)
  212 |  goalQ[3] = msg->pose.orientation[01;31m[K[[m[K3];
      |                                  [01;31m[K^[m[K
make[2]: *** [CMakeFiles/offboard_control_absolute_version.dir/build.make:63: CMakeFiles/offboard_control_absolute_version.dir/src/examples/offboard/offboard_control_absolute_version.cpp.o] Error 1
make[1]: *** [CMakeFiles/Makefile2:283: CMakeFiles/offboard_control_absolute_version.dir/all] Error 2
make: *** [Makefile:141: all] Error 2
