-- Using C++17 compiler
-- Found ament_cmake: 0.9.11 (/opt/ros/foxy/share/ament_cmake/cmake)
-- Using PYTHON_EXECUTABLE: /usr/bin/python3
-- Override CMake install command with custom implementation using symlinks instead of copying resources
-- Found builtin_interfaces: 1.0.0 (/opt/ros/foxy/share/builtin_interfaces/cmake)
-- Using all available rosidl_typesupport_c: rosidl_typesupport_fastrtps_c;rosidl_typesupport_introspection_c
-- Found rosidl_adapter: 1.3.0 (/opt/ros/foxy/share/rosidl_adapter/cmake)
-- Using all available rosidl_typesupport_cpp: rosidl_typesupport_fastrtps_cpp;rosidl_typesupport_introspection_cpp
-- Found rclcpp: 2.4.2 (/opt/ros/foxy/share/rclcpp/cmake)
-- Found rmw_implementation_cmake: 1.0.3 (/opt/ros/foxy/share/rmw_implementation_cmake/cmake)
-- Using RMW implementation 'rmw_fastrtps_cpp' as default
-- Found rmw_fastrtps_cpp: 1.3.1 (/opt/ros/foxy/share/rmw_fastrtps_cpp/cmake)
-- Found px4_msgs: 2.0.1 (/home/jingyan/px4_ros_com_ros2/install/px4_msgs/share/px4_msgs/cmake)
-- Found sensor_msgs: 2.0.5 (/opt/ros/foxy/share/sensor_msgs/cmake)
-- Found eigen3_cmake_module: 0.1.1 (/opt/ros/foxy/share/eigen3_cmake_module/cmake)
-- fastrtpsgen found in /usr/local/bin
openjdk version "13.0.7" 2021-04-20
OpenJDK Runtime Environment (build 13.0.7+5-Ubuntu-0ubuntu120.04)
OpenJDK 64-Bit Server VM (build 13.0.7+5-Ubuntu-0ubuntu120.04, mixed mode)
-- fastrtpsgen version 1.0.4
-- px4_msgs message dir under /home/jingyan/px4_ros_com_ros2/install/px4_msgs/share/px4_msgs/msg
-- IDL definitions under /home/jingyan/px4_ros_com_ros2/install/px4_msgs/share/px4_msgs/msg
-- Retrieving list of msgs to send...
-- List of msgs to send: DebugArray, DebugKeyValue, DebugValue, DebugVect, OffboardControlMode, OnboardComputerStatus, PositionSetpoint, PositionSetpointTriplet, SensorOpticalFlow, TelemetryStatus, Timesync, TrajectoryBezier, TrajectorySetpoint, VehicleAttitudeSetpoint, VehicleCommand, VehicleLocalPositionSetpoint, VehicleRatesSetpoint, VehicleTrajectoryBezier, VehicleTrajectoryWaypoint, VehicleMocapOdometry, VehicleVisualOdometry
-- Retrieving list of msgs to receive...
-- List of msgs to receive: CollisionConstraints, SensorCombined, Timesync, TimesyncStatus, TrajectoryWaypoint, VehicleControlMode, VehicleOdometry, VehicleStatus
CMake Error at /opt/ros/foxy/share/ament_cmake_target_dependencies/cmake/ament_target_dependencies.cmake:77 (message):
  ament_target_dependencies() the passed package name 'nav_msgs' was not
  found before
Call Stack (most recent call first):
  CMakeLists.txt:74 (ament_target_dependencies)
  CMakeLists.txt:102 (custom_executable)


-- Configuring incomplete, errors occurred!
See also "/home/jingyan/px4_ros_com_ros2/build/px4_ros_com/CMakeFiles/CMakeOutput.log".
See also "/home/jingyan/px4_ros_com_ros2/build/px4_ros_com/CMakeFiles/CMakeError.log".
make: *** [Makefile:3216: cmake_check_build_system] Error 1
