[0.018s] Invoking command in '/home/jingyan/px4_ros_com_ros2/build/px4_ros_com': AMENT_PREFIX_PATH=/home/jingyan/px4_ros_com_ros2/install/px4_msgs:${AMENT_PREFIX_PATH} CMAKE_PREFIX_PATH=/home/jingyan/px4_ros_com_ros2/install/px4_msgs:/opt/ros/foxy LD_LIBRARY_PATH=/home/jingyan/px4_ros_com_ros2/install/px4_msgs/lib:${LD_LIBRARY_PATH} PYTHONPATH=/home/jingyan/px4_ros_com_ros2/install/px4_msgs/lib/python3.8/site-packages:${PYTHONPATH} /usr/bin/cmake --build /home/jingyan/px4_ros_com_ros2/build/px4_ros_com -- -j16 -l16
[0.081s] [35m[1mScanning dependencies of target Odom_transform_real[0m
[0.093s] [  2%] Built target offboard_control
[0.095s] [  4%] Built target debug_vect_advertiser
[0.095s] [  6%] Built target frame_transforms
[0.098s] [  9%] Built target sensor_combined_listener
[0.098s] [  9%] Built target offboard_control_absolute_version
[0.099s] [ 12%] Built target Odom_transform
[0.100s] [ 12%] Built target vehicle_gps_position_listener
[0.100s] [ 14%] Built target offboard_simple
[0.100s] [ 16%] Built target offboard_control_vel
[0.120s] [ 17%] [32mBuilding CXX object CMakeFiles/Odom_transform_real.dir/src/examples/offboard/Odom_transform_real.cpp.o[0m
[0.126s] [ 99%] Built target micrortps_agent
[0.216s] [01m[K/home/jingyan/px4_ros_com_ros2/src/px4_ros_com/src/examples/offboard/Odom_transform_real.cpp:6:10:[m[K [01;31m[Kfatal error: [m[Ksensor_msgs/PointCloud2.h: No such file or directory
[0.216s]     6 | #include [01;31m[K<sensor_msgs/PointCloud2.h>[m[K
[0.217s]       |          [01;31m[K^~~~~~~~~~~~~~~~~~~~~~~~~~~[m[K
[0.217s] compilation terminated.
[0.218s] make[2]: *** [CMakeFiles/Odom_transform_real.dir/build.make:63: CMakeFiles/Odom_transform_real.dir/src/examples/offboard/Odom_transform_real.cpp.o] Error 1
[0.219s] make[1]: *** [CMakeFiles/Makefile2:341: CMakeFiles/Odom_transform_real.dir/all] Error 2
[0.219s] make: *** [Makefile:141: all] Error 2
[0.222s] Invoked command in '/home/jingyan/px4_ros_com_ros2/build/px4_ros_com' returned '2': AMENT_PREFIX_PATH=/home/jingyan/px4_ros_com_ros2/install/px4_msgs:${AMENT_PREFIX_PATH} CMAKE_PREFIX_PATH=/home/jingyan/px4_ros_com_ros2/install/px4_msgs:/opt/ros/foxy LD_LIBRARY_PATH=/home/jingyan/px4_ros_com_ros2/install/px4_msgs/lib:${LD_LIBRARY_PATH} PYTHONPATH=/home/jingyan/px4_ros_com_ros2/install/px4_msgs/lib/python3.8/site-packages:${PYTHONPATH} /usr/bin/cmake --build /home/jingyan/px4_ros_com_ros2/build/px4_ros_com -- -j16 -l16
