-- Using C++17 compiler
-- Found ament_cmake: 0.9.11 (/opt/ros/foxy/share/ament_cmake/cmake)
-- Using PYTHON_EXECUTABLE: /usr/bin/python3
-- Found builtin_interfaces: 1.0.0 (/opt/ros/foxy/share/builtin_interfaces/cmake)
-- Using all available rosidl_typesupport_c: rosidl_typesupport_fastrtps_c;rosidl_typesupport_introspection_c
-- Found rosidl_adapter: 1.3.0 (/opt/ros/foxy/share/rosidl_adapter/cmake)
-- Using all available rosidl_typesupport_cpp: rosidl_typesupport_fastrtps_cpp;rosidl_typesupport_introspection_cpp
-- Found rclcpp: 2.4.2 (/opt/ros/foxy/share/rclcpp/cmake)
-- Found rmw_implementation_cmake: 1.0.3 (/opt/ros/foxy/share/rmw_implementation_cmake/cmake)
-- Using RMW implementation 'rmw_fastrtps_cpp' as default
-- Found rmw_fastrtps_cpp: 1.3.1 (/opt/ros/foxy/share/rmw_fastrtps_cpp/cmake)
-- Found px4_msgs: 2.0.1 (/home/jingyan/px4_ros_com_ros2/install/px4_msgs/share/px4_msgs/cmake)
-- Found sensor_msgs: 2.0.5 (/opt/ros/foxy/share/sensor_msgs/cmake)
-- Found nav_msgs: 2.0.5 (/opt/ros/foxy/share/nav_msgs/cmake)
-- Found tf2: 0.13.13 (/opt/ros/foxy/share/tf2/cmake)
-- Found tf2_ros: 0.13.13 (/opt/ros/foxy/share/tf2_ros/cmake)
-- Found eigen3_cmake_module: 0.1.1 (/opt/ros/foxy/share/eigen3_cmake_module/cmake)
-- fastrtpsgen found in /usr/local/bin
openjdk version "13.0.7" 2021-04-20
OpenJDK Runtime Environment (build 13.0.7+5-Ubuntu-0ubuntu120.04)
OpenJDK 64-Bit Server VM (build 13.0.7+5-Ubuntu-0ubuntu120.04, mixed mode)
-- fastrtpsgen version 1.0.4
-- px4_msgs message dir under /home/jingyan/px4_ros_com_ros2/install/px4_msgs/share/px4_msgs/msg
-- IDL definitions under /home/jingyan/px4_ros_com_ros2/install/px4_msgs/share/px4_msgs/msg
-- Retrieving list of msgs to send...
-- List of msgs to send: DebugArray, DebugKeyValue, DebugValue, DebugVect, OffboardControlMode, OnboardComputerStatus, PositionSetpoint, PositionSetpointTriplet, SensorOpticalFlow, TelemetryStatus, Timesync, TrajectoryBezier, TrajectorySetpoint, VehicleAttitudeSetpoint, VehicleCommand, VehicleLocalPositionSetpoint, VehicleRatesSetpoint, VehicleTrajectoryBezier, VehicleTrajectoryWaypoint, VehicleMocapOdometry, VehicleVisualOdometry
-- Retrieving list of msgs to receive...
-- List of msgs to receive: CollisionConstraints, SensorCombined, Timesync, TimesyncStatus, TrajectoryWaypoint, VehicleControlMode, VehicleOdometry, VehicleStatus
-- Configuring done
-- Generating done
-- Build files have been written to: /home/jingyan/px4_ros_com_ros2/build/px4_ros_com
[35m[1mScanning dependencies of target offboard_control_absolute_version[0m
[  5%] Built target debug_vect_advertiser
[  4%] Built target Odom_transform
[  5%] Built target vehicle_gps_position_listener
[  9%] Built target sensor_combined_listener
[  9%] Built target offboard_control
[ 11%] Built target frame_transforms
[ 13%] Built target offboard_control_vel
[ 98%] Built target micrortps_agent
[ 99%] [32mBuilding CXX object CMakeFiles/offboard_control_absolute_version.dir/src/examples/offboard/offboard_control_absolute_version.cpp.o[0m
[01m[K/home/jingyan/px4_ros_com_ros2/src/px4_ros_com/src/examples/offboard/offboard_control_absolute_version.cpp:[m[K In member function ‘[01m[Kvoid OffboardControl::OnVelVect(nav_msgs::msg::Path_<std::allocator<void> >::UniquePtr)[m[K’:
[01m[K/home/jingyan/px4_ros_com_ros2/src/px4_ros_com/src/examples/offboard/offboard_control_absolute_version.cpp:206:32:[m[K [01;31m[Kerror: [m[K‘[01m[Kstruct nav_msgs::msg::Path_<std::allocator<void> >[m[K’ has no member named ‘[01m[Kpose[m[K’; did you mean ‘[01m[Kposes[m[K’?
  206 |  OffboardControl::xgoal = msg->[01;31m[Kpose[m[K.position[1];
      |                                [01;31m[K^~~~[m[K
      |                                [32m[Kposes[m[K
[01m[K/home/jingyan/px4_ros_com_ros2/src/px4_ros_com/src/examples/offboard/offboard_control_absolute_version.cpp:207:33:[m[K [01;31m[Kerror: [m[K‘[01m[Kstruct nav_msgs::msg::Path_<std::allocator<void> >[m[K’ has no member named ‘[01m[Kpose[m[K’; did you mean ‘[01m[Kposes[m[K’?
  207 |  OffboardControl::ygoal = -msg->[01;31m[Kpose[m[K.position[0];
      |                                 [01;31m[K^~~~[m[K
      |                                 [32m[Kposes[m[K
[01m[K/home/jingyan/px4_ros_com_ros2/src/px4_ros_com/src/examples/offboard/offboard_control_absolute_version.cpp:209:18:[m[K [01;31m[Kerror: [m[K‘[01m[Kstruct nav_msgs::msg::Path_<std::allocator<void> >[m[K’ has no member named ‘[01m[Kpose[m[K’; did you mean ‘[01m[Kposes[m[K’?
  209 |  goalQ[0] = msg->[01;31m[Kpose[m[K.orientation[0];
      |                  [01;31m[K^~~~[m[K
      |                  [32m[Kposes[m[K
[01m[K/home/jingyan/px4_ros_com_ros2/src/px4_ros_com/src/examples/offboard/offboard_control_absolute_version.cpp:210:18:[m[K [01;31m[Kerror: [m[K‘[01m[Kstruct nav_msgs::msg::Path_<std::allocator<void> >[m[K’ has no member named ‘[01m[Kpose[m[K’; did you mean ‘[01m[Kposes[m[K’?
  210 |  goalQ[1] = msg->[01;31m[Kpose[m[K.orientation[1];
      |                  [01;31m[K^~~~[m[K
      |                  [32m[Kposes[m[K
[01m[K/home/jingyan/px4_ros_com_ros2/src/px4_ros_com/src/examples/offboard/offboard_control_absolute_version.cpp:211:18:[m[K [01;31m[Kerror: [m[K‘[01m[Kstruct nav_msgs::msg::Path_<std::allocator<void> >[m[K’ has no member named ‘[01m[Kpose[m[K’; did you mean ‘[01m[Kposes[m[K’?
  211 |  goalQ[2] = msg->[01;31m[Kpose[m[K.orientation[2];
      |                  [01;31m[K^~~~[m[K
      |                  [32m[Kposes[m[K
[01m[K/home/jingyan/px4_ros_com_ros2/src/px4_ros_com/src/examples/offboard/offboard_control_absolute_version.cpp:212:18:[m[K [01;31m[Kerror: [m[K‘[01m[Kstruct nav_msgs::msg::Path_<std::allocator<void> >[m[K’ has no member named ‘[01m[Kpose[m[K’; did you mean ‘[01m[Kposes[m[K’?
  212 |  goalQ[3] = msg->[01;31m[Kpose[m[K.orientation[3];
      |                  [01;31m[K^~~~[m[K
      |                  [32m[Kposes[m[K
make[2]: *** [CMakeFiles/offboard_control_absolute_version.dir/build.make:63: CMakeFiles/offboard_control_absolute_version.dir/src/examples/offboard/offboard_control_absolute_version.cpp.o] Error 1
make[1]: *** [CMakeFiles/Makefile2:283: CMakeFiles/offboard_control_absolute_version.dir/all] Error 2
make: *** [Makefile:141: all] Error 2
