[0.031s] Invoking command in '/home/jingyan/px4_ros_com_ros2/build/px4_ros_com': AMENT_PREFIX_PATH=/home/jingyan/px4_ros_com_ros2/install/px4_msgs:${AMENT_PREFIX_PATH} CMAKE_PREFIX_PATH=/home/jingyan/px4_ros_com_ros2/install/px4_msgs:/opt/ros/foxy LD_LIBRARY_PATH=/home/jingyan/px4_ros_com_ros2/install/px4_msgs/lib:${LD_LIBRARY_PATH} PYTHONPATH=/home/jingyan/px4_ros_com_ros2/install/px4_msgs/lib/python3.8/site-packages:${PYTHONPATH} /usr/bin/cmake --build /home/jingyan/px4_ros_com_ros2/build/px4_ros_com -- -j16 -l16
[0.086s] -- Using C++17 compiler
[0.089s] -- Found ament_cmake: 0.9.11 (/opt/ros/foxy/share/ament_cmake/cmake)
[0.117s] -- Using PYTHON_EXECUTABLE: /usr/bin/python3
[0.299s] -- Found builtin_interfaces: 1.0.0 (/opt/ros/foxy/share/builtin_interfaces/cmake)
[0.322s] -- Using all available rosidl_typesupport_c: rosidl_typesupport_fastrtps_c;rosidl_typesupport_introspection_c
[0.328s] -- Found rosidl_adapter: 1.3.0 (/opt/ros/foxy/share/rosidl_adapter/cmake)
[0.475s] -- Using all available rosidl_typesupport_cpp: rosidl_typesupport_fastrtps_cpp;rosidl_typesupport_introspection_cpp
[0.524s] -- Found rclcpp: 2.4.2 (/opt/ros/foxy/share/rclcpp/cmake)
[0.568s] -- Found rmw_implementation_cmake: 1.0.3 (/opt/ros/foxy/share/rmw_implementation_cmake/cmake)
[0.572s] -- Using RMW implementation 'rmw_fastrtps_cpp' as default
[0.714s] -- Found rmw_fastrtps_cpp: 1.3.1 (/opt/ros/foxy/share/rmw_fastrtps_cpp/cmake)
[0.844s] -- Found px4_msgs: 2.0.1 (/home/jingyan/px4_ros_com_ros2/install/px4_msgs/share/px4_msgs/cmake)
[0.862s] -- Found sensor_msgs: 2.0.5 (/opt/ros/foxy/share/sensor_msgs/cmake)
[0.963s] -- Found nav_msgs: 2.0.5 (/opt/ros/foxy/share/nav_msgs/cmake)
[1.025s] -- Found tf2: 0.13.13 (/opt/ros/foxy/share/tf2/cmake)
[1.035s] -- Found tf2_ros: 0.13.13 (/opt/ros/foxy/share/tf2_ros/cmake)
[1.336s] -- Found eigen3_cmake_module: 0.1.1 (/opt/ros/foxy/share/eigen3_cmake_module/cmake)
[1.340s] -- fastrtpsgen found in /usr/local/bin
[1.479s] openjdk version "13.0.7" 2021-04-20
[1.479s] OpenJDK Runtime Environment (build 13.0.7+5-Ubuntu-0ubuntu120.04)
[1.479s] OpenJDK 64-Bit Server VM (build 13.0.7+5-Ubuntu-0ubuntu120.04, mixed mode)
[1.528s] -- fastrtpsgen version 1.0.4
[1.528s] -- px4_msgs message dir under /home/jingyan/px4_ros_com_ros2/install/px4_msgs/share/px4_msgs/msg
[1.528s] -- IDL definitions under /home/jingyan/px4_ros_com_ros2/install/px4_msgs/share/px4_msgs/msg
[1.529s] -- Retrieving list of msgs to send...
[1.578s] -- List of msgs to send: DebugArray, DebugKeyValue, DebugValue, DebugVect, OffboardControlMode, OnboardComputerStatus, PositionSetpoint, PositionSetpointTriplet, SensorOpticalFlow, TelemetryStatus, Timesync, TrajectoryBezier, TrajectorySetpoint, VehicleAttitudeSetpoint, VehicleCommand, VehicleLocalPositionSetpoint, VehicleRatesSetpoint, VehicleTrajectoryBezier, VehicleTrajectoryWaypoint, VehicleMocapOdometry, VehicleVisualOdometry
[1.579s] -- Retrieving list of msgs to receive...
[1.625s] -- List of msgs to receive: CollisionConstraints, SensorCombined, Timesync, TimesyncStatus, TrajectoryWaypoint, VehicleControlMode, VehicleOdometry, VehicleStatus
[1.718s] -- Configuring done
[1.928s] -- Generating done
[1.930s] -- Build files have been written to: /home/jingyan/px4_ros_com_ros2/build/px4_ros_com
[1.957s] [35m[1mScanning dependencies of target offboard_control_absolute_version[0m
[1.978s] [  5%] Built target debug_vect_advertiser
[1.978s] [  4%] Built target Odom_transform
[1.978s] [  5%] Built target vehicle_gps_position_listener
[1.979s] [  9%] Built target sensor_combined_listener
[1.980s] [  9%] Built target offboard_control
[1.981s] [ 11%] Built target frame_transforms
[1.985s] [ 13%] Built target offboard_control_vel
[2.029s] [ 98%] Built target micrortps_agent
[2.103s] [ 99%] [32mBuilding CXX object CMakeFiles/offboard_control_absolute_version.dir/src/examples/offboard/offboard_control_absolute_version.cpp.o[0m
[3.612s] [01m[K/home/jingyan/px4_ros_com_ros2/src/px4_ros_com/src/examples/offboard/offboard_control_absolute_version.cpp:[m[K In member function ‘[01m[Kvoid OffboardControl::OnVelVect(nav_msgs::msg::Path_<std::allocator<void> >::UniquePtr)[m[K’:
[3.612s] [01m[K/home/jingyan/px4_ros_com_ros2/src/px4_ros_com/src/examples/offboard/offboard_control_absolute_version.cpp:206:32:[m[K [01;31m[Kerror: [m[K‘[01m[Kstruct nav_msgs::msg::Path_<std::allocator<void> >[m[K’ has no member named ‘[01m[Kpose[m[K’; did you mean ‘[01m[Kposes[m[K’?
[3.612s]   206 |  OffboardControl::xgoal = msg->[01;31m[Kpose[m[K.position[1];
[3.613s]       |                                [01;31m[K^~~~[m[K
[3.613s]       |                                [32m[Kposes[m[K
[3.613s] [01m[K/home/jingyan/px4_ros_com_ros2/src/px4_ros_com/src/examples/offboard/offboard_control_absolute_version.cpp:207:33:[m[K [01;31m[Kerror: [m[K‘[01m[Kstruct nav_msgs::msg::Path_<std::allocator<void> >[m[K’ has no member named ‘[01m[Kpose[m[K’; did you mean ‘[01m[Kposes[m[K’?
[3.613s]   207 |  OffboardControl::ygoal = -msg->[01;31m[Kpose[m[K.position[0];
[3.613s]       |                                 [01;31m[K^~~~[m[K
[3.613s]       |                                 [32m[Kposes[m[K
[3.613s] [01m[K/home/jingyan/px4_ros_com_ros2/src/px4_ros_com/src/examples/offboard/offboard_control_absolute_version.cpp:209:18:[m[K [01;31m[Kerror: [m[K‘[01m[Kstruct nav_msgs::msg::Path_<std::allocator<void> >[m[K’ has no member named ‘[01m[Kpose[m[K’; did you mean ‘[01m[Kposes[m[K’?
[3.614s]   209 |  goalQ[0] = msg->[01;31m[Kpose[m[K.orientation[0];
[3.614s]       |                  [01;31m[K^~~~[m[K
[3.614s]       |                  [32m[Kposes[m[K
[3.614s] [01m[K/home/jingyan/px4_ros_com_ros2/src/px4_ros_com/src/examples/offboard/offboard_control_absolute_version.cpp:210:18:[m[K [01;31m[Kerror: [m[K‘[01m[Kstruct nav_msgs::msg::Path_<std::allocator<void> >[m[K’ has no member named ‘[01m[Kpose[m[K’; did you mean ‘[01m[Kposes[m[K’?
[3.614s]   210 |  goalQ[1] = msg->[01;31m[Kpose[m[K.orientation[1];
[3.614s]       |                  [01;31m[K^~~~[m[K
[3.615s]       |                  [32m[Kposes[m[K
[3.615s] [01m[K/home/jingyan/px4_ros_com_ros2/src/px4_ros_com/src/examples/offboard/offboard_control_absolute_version.cpp:211:18:[m[K [01;31m[Kerror: [m[K‘[01m[Kstruct nav_msgs::msg::Path_<std::allocator<void> >[m[K’ has no member named ‘[01m[Kpose[m[K’; did you mean ‘[01m[Kposes[m[K’?
[3.615s]   211 |  goalQ[2] = msg->[01;31m[Kpose[m[K.orientation[2];
[3.615s]       |                  [01;31m[K^~~~[m[K
[3.615s]       |                  [32m[Kposes[m[K
[3.615s] [01m[K/home/jingyan/px4_ros_com_ros2/src/px4_ros_com/src/examples/offboard/offboard_control_absolute_version.cpp:212:18:[m[K [01;31m[Kerror: [m[K‘[01m[Kstruct nav_msgs::msg::Path_<std::allocator<void> >[m[K’ has no member named ‘[01m[Kpose[m[K’; did you mean ‘[01m[Kposes[m[K’?
[3.615s]   212 |  goalQ[3] = msg->[01;31m[Kpose[m[K.orientation[3];
[3.616s]       |                  [01;31m[K^~~~[m[K
[3.616s]       |                  [32m[Kposes[m[K
[5.801s] make[2]: *** [CMakeFiles/offboard_control_absolute_version.dir/build.make:63: CMakeFiles/offboard_control_absolute_version.dir/src/examples/offboard/offboard_control_absolute_version.cpp.o] Error 1
[5.802s] make[1]: *** [CMakeFiles/Makefile2:283: CMakeFiles/offboard_control_absolute_version.dir/all] Error 2
[5.802s] make: *** [Makefile:141: all] Error 2
[5.808s] Invoked command in '/home/jingyan/px4_ros_com_ros2/build/px4_ros_com' returned '2': AMENT_PREFIX_PATH=/home/jingyan/px4_ros_com_ros2/install/px4_msgs:${AMENT_PREFIX_PATH} CMAKE_PREFIX_PATH=/home/jingyan/px4_ros_com_ros2/install/px4_msgs:/opt/ros/foxy LD_LIBRARY_PATH=/home/jingyan/px4_ros_com_ros2/install/px4_msgs/lib:${LD_LIBRARY_PATH} PYTHONPATH=/home/jingyan/px4_ros_com_ros2/install/px4_msgs/lib/python3.8/site-packages:${PYTHONPATH} /usr/bin/cmake --build /home/jingyan/px4_ros_com_ros2/build/px4_ros_com -- -j16 -l16
