[01m[K/home/jingyan/px4_ros_com_ros2/src/px4_ros_com/src/examples/offboard/offboard_control.cpp:[m[K In constructor ‘[01m[KOffboardControl::OffboardControl()[m[K’:
[01m[K/home/jingyan/px4_ros_com_ros2/src/px4_ros_com/src/examples/offboard/offboard_control.cpp:115:3:[m[K [01;31m[Kerror: [m[K‘[01m[Ksubscription_[m[K’ was not declared in this scope; did you mean ‘[01m[Krcl_subscription_t[m[K’?
  115 |   [01;31m[Ksubscription_[m[K = this->create_subscription<geometry_msgs::msg::Twist>(
      |   [01;31m[K^~~~~~~~~~~~~[m[K
      |   [32m[Krcl_subscription_t[m[K
[01m[K/home/jingyan/px4_ros_com_ros2/src/px4_ros_com/src/examples/offboard/offboard_control.cpp:[m[K In member function ‘[01m[Kvoid OffboardControl::OnVelVect(geometry_msgs::msg::Twist_<std::allocator<void> >::UniquePtr)[m[K’:
[01m[K/home/jingyan/px4_ros_com_ros2/src/px4_ros_com/src/examples/offboard/offboard_control.cpp:178:25:[m[K [01;31m[Kerror: [m[K‘[01m[Kmsg[m[K’ is not a class, namespace, or enumeration
  178 |  OffboardControl::xv = -[01;31m[Kmsg[m[K::linear::x;
      |                         [01;31m[K^~~[m[K
[01m[K/home/jingyan/px4_ros_com_ros2/src/px4_ros_com/src/examples/offboard/offboard_control.cpp:179:25:[m[K [01;31m[Kerror: [m[K‘[01m[Kmsg[m[K’ is not a class, namespace, or enumeration
  179 |  OffboardControl::yv = -[01;31m[Kmsg[m[K::linear::y;
      |                         [01;31m[K^~~[m[K
[01m[K/home/jingyan/px4_ros_com_ros2/src/px4_ros_com/src/examples/offboard/offboard_control.cpp:180:27:[m[K [01;31m[Kerror: [m[K‘[01m[Kmsg[m[K’ is not a class, namespace, or enumeration
  180 |  OffboardControl::yawv = -[01;31m[Kmsg[m[K::angular::z;
      |                           [01;31m[K^~~[m[K
[01m[K/home/jingyan/px4_ros_com_ros2/src/px4_ros_com/src/examples/offboard/offboard_control.cpp:176:76:[m[K [01;35m[Kwarning: [m[Kunused parameter ‘[01m[Kmsg[m[K’ [[01;35m[K-Wunused-parameter[m[K]
  176 | void OffboardControl::OnVelVect([01;35m[Kconst geometry_msgs::msg::Twist::UniquePtr msg[m[K)
      |                                 [01;35m[K~~~~~~~~~~~~~~~~~~~~~~~~~~~~~~~~~~~~~~~~~~~^~~[m[K
make[2]: *** [CMakeFiles/offboard_control.dir/build.make:63: CMakeFiles/offboard_control.dir/src/examples/offboard/offboard_control.cpp.o] Error 1
make[1]: *** [CMakeFiles/Makefile2:119: CMakeFiles/offboard_control.dir/all] Error 2
make: *** [Makefile:141: all] Error 2
