[0.020s] Invoking command in '/home/jingyan/px4_ros_com_ros2/build/px4_ros_com': AMENT_PREFIX_PATH=/home/jingyan/px4_ros_com_ros2/install/px4_msgs:${AMENT_PREFIX_PATH} CMAKE_PREFIX_PATH=/home/jingyan/px4_ros_com_ros2/install/px4_msgs:/opt/ros/foxy LD_LIBRARY_PATH=/home/jingyan/px4_ros_com_ros2/install/px4_msgs/lib:${LD_LIBRARY_PATH} PYTHONPATH=/home/jingyan/px4_ros_com_ros2/install/px4_msgs/lib/python3.8/site-packages:${PYTHONPATH} /usr/bin/cmake --build /home/jingyan/px4_ros_com_ros2/build/px4_ros_com -- -j16 -l16
[0.092s] [35m[1mScanning dependencies of target offboard_control[0m
[0.103s] [  2%] Built target vehicle_gps_position_listener
[0.105s] [  4%] Built target frame_transforms
[0.108s] [  8%] Built target sensor_combined_listener
[0.108s] [  8%] Built target offboard_control_vel
[0.108s] [  9%] Built target Odom_transform
[0.109s] [ 11%] Built target debug_vect_advertiser
[0.126s] [ 12%] [32mBuilding CXX object CMakeFiles/offboard_control.dir/src/examples/offboard/offboard_control.cpp.o[0m
[0.143s] [ 99%] Built target micrortps_agent
[1.626s] [01m[K/home/jingyan/px4_ros_com_ros2/src/px4_ros_com/src/examples/offboard/offboard_control.cpp:[m[K In member function ‘[01m[Kvoid OffboardControl::publish_trajectory_setpoint() const[m[K’:
[1.626s] [01m[K/home/jingyan/px4_ros_com_ros2/src/px4_ros_com/src/examples/offboard/offboard_control.cpp:208:2:[m[K [01;31m[Kerror: [m[K‘[01m[KVehicleLocalPositionSetpoint[m[K’ was not declared in this scope
[1.626s]   208 |  [01;31m[KVehicleLocalPositionSetpoint[m[K msg{};
[1.627s]       |  [01;31m[K^~~~~~~~~~~~~~~~~~~~~~~~~~~~[m[K
[1.627s] [01m[K/home/jingyan/px4_ros_com_ros2/src/px4_ros_com/src/examples/offboard/offboard_control.cpp:209:2:[m[K [01;31m[Kerror: [m[K‘[01m[Kmsg[m[K’ was not declared in this scope
[1.627s]   209 |  [01;31m[Kmsg[m[K.timestamp = timestamp_.load();
[1.628s]       |  [01;31m[K^~~[m[K
[1.628s] [01m[K/home/jingyan/px4_ros_com_ros2/src/px4_ros_com/src/examples/offboard/offboard_control.cpp:209:2:[m[K [01;36m[Knote: [m[Ksuggested alternatives:
[1.628s] In file included from [01m[K/home/jingyan/px4_ros_com_ros2/install/px4_msgs/include/px4_msgs/msg/offboard_control_mode.hpp:7[m[K,
[1.628s]                  from [01m[K/home/jingyan/px4_ros_com_ros2/src/px4_ros_com/src/examples/offboard/offboard_control.cpp:46[m[K:
[1.628s] [01m[K/home/jingyan/px4_ros_com_ros2/install/px4_msgs/include/px4_msgs/msg/detail/offboard_control_mode__struct.hpp:26:11:[m[K [01;36m[Knote: [m[K  ‘[01m[Kpx4_msgs::msg[m[K’
[1.628s]    26 | namespace [01;36m[Kmsg[m[K
[1.628s]       |           [01;36m[K^~~[m[K
[1.628s] In file included from [01m[K/opt/ros/foxy/include/builtin_interfaces/msg/duration.hpp:7[m[K,
[1.629s]                  from [01m[K/opt/ros/foxy/include/rclcpp/duration.hpp:20[m[K,
[1.629s]                  from [01m[K/opt/ros/foxy/include/rclcpp/qos.hpp:20[m[K,
[1.629s]                  from [01m[K/opt/ros/foxy/include/rclcpp/node_interfaces/node_graph_interface.hpp:31[m[K,
[1.629s]                  from [01m[K/opt/ros/foxy/include/rclcpp/client.hpp:34[m[K,
[1.629s]                  from [01m[K/opt/ros/foxy/include/rclcpp/callback_group.hpp:23[m[K,
[1.629s]                  from [01m[K/opt/ros/foxy/include/rclcpp/any_executable.hpp:20[m[K,
[1.629s]                  from [01m[K/opt/ros/foxy/include/rclcpp/memory_strategy.hpp:24[m[K,
[1.629s]                  from [01m[K/opt/ros/foxy/include/rclcpp/memory_strategies.hpp:18[m[K,
[1.630s]                  from [01m[K/opt/ros/foxy/include/rclcpp/executor_options.hpp:20[m[K,
[1.630s]                  from [01m[K/opt/ros/foxy/include/rclcpp/executor.hpp:33[m[K,
[1.630s]                  from [01m[K/opt/ros/foxy/include/rclcpp/executors/multi_threaded_executor.hpp:26[m[K,
[1.630s]                  from [01m[K/opt/ros/foxy/include/rclcpp/executors.hpp:21[m[K,
[1.630s]                  from [01m[K/opt/ros/foxy/include/rclcpp/rclcpp.hpp:146[m[K,
[1.630s]                  from [01m[K/home/jingyan/px4_ros_com_ros2/src/px4_ros_com/src/examples/offboard/offboard_control.cpp:52[m[K:
[1.630s] [01m[K/opt/ros/foxy/include/builtin_interfaces/msg/detail/duration__struct.hpp:26:11:[m[K [01;36m[Knote: [m[K  ‘[01m[Kbuiltin_interfaces::msg[m[K’
[1.630s]    26 | namespace [01;36m[Kmsg[m[K
[1.630s]       |           [01;36m[K^~~[m[K
[1.631s] In file included from [01m[K/opt/ros/foxy/include/statistics_msgs/msg/detail/metrics_message__struct.hpp:22[m[K,
[1.631s]                  from [01m[K/opt/ros/foxy/include/statistics_msgs/msg/metrics_message.hpp:7[m[K,
[1.631s]                  from [01m[K/opt/ros/foxy/include/libstatistics_collector/collector/generate_statistics_message.hpp:21[m[K,
[1.631s]                  from [01m[K/opt/ros/foxy/include/rclcpp/topic_statistics/subscription_topic_statistics.hpp:23[m[K,
[1.631s]                  from [01m[K/opt/ros/foxy/include/rclcpp/subscription.hpp:50[m[K,
[1.631s]                  from [01m[K/opt/ros/foxy/include/rclcpp/any_executable.hpp:25[m[K,
[1.631s]                  from [01m[K/opt/ros/foxy/include/rclcpp/memory_strategy.hpp:24[m[K,
[1.632s]                  from [01m[K/opt/ros/foxy/include/rclcpp/memory_strategies.hpp:18[m[K,
[1.632s]                  from [01m[K/opt/ros/foxy/include/rclcpp/executor_options.hpp:20[m[K,
[1.632s]                  from [01m[K/opt/ros/foxy/include/rclcpp/executor.hpp:33[m[K,
[1.632s]                  from [01m[K/opt/ros/foxy/include/rclcpp/executors/multi_threaded_executor.hpp:26[m[K,
[1.632s]                  from [01m[K/opt/ros/foxy/include/rclcpp/executors.hpp:21[m[K,
[1.632s]                  from [01m[K/opt/ros/foxy/include/rclcpp/rclcpp.hpp:146[m[K,
[1.632s]                  from [01m[K/home/jingyan/px4_ros_com_ros2/src/px4_ros_com/src/examples/offboard/offboard_control.cpp:52[m[K:
[1.632s] [01m[K/opt/ros/foxy/include/statistics_msgs/msg/detail/statistic_data_point__struct.hpp:26:11:[m[K [01;36m[Knote: [m[K  ‘[01m[Kstatistics_msgs::msg[m[K’
[1.632s]    26 | namespace [01;36m[Kmsg[m[K
[1.632s]       |           [01;36m[K^~~[m[K
[1.633s] In file included from [01m[K/opt/ros/foxy/include/rcl_interfaces/msg/list_parameters_result.hpp:7[m[K,
[1.633s]                  from [01m[K/opt/ros/foxy/include/rclcpp/node.hpp:34[m[K,
[1.633s]                  from [01m[K/opt/ros/foxy/include/rclcpp/executors/single_threaded_executor.hpp:28[m[K,
[1.633s]                  from [01m[K/opt/ros/foxy/include/rclcpp/executors.hpp:22[m[K,
[1.633s]                  from [01m[K/opt/ros/foxy/include/rclcpp/rclcpp.hpp:146[m[K,
[1.633s]                  from [01m[K/home/jingyan/px4_ros_com_ros2/src/px4_ros_com/src/examples/offboard/offboard_control.cpp:52[m[K:
[1.633s] [01m[K/opt/ros/foxy/include/rcl_interfaces/msg/detail/list_parameters_result__struct.hpp:26:11:[m[K [01;36m[Knote: [m[K  ‘[01m[Krcl_interfaces::msg[m[K’
[1.633s]    26 | namespace [01;36m[Kmsg[m[K
[1.633s]       |           [01;36m[K^~~[m[K
[1.634s] In file included from [01m[K/opt/ros/foxy/include/geometry_msgs/msg/detail/twist__struct.hpp:20[m[K,
[1.634s]                  from [01m[K/opt/ros/foxy/include/geometry_msgs/msg/twist.hpp:7[m[K,
[1.634s]                  from [01m[K/home/jingyan/px4_ros_com_ros2/src/px4_ros_com/src/examples/offboard/offboard_control.cpp:53[m[K:
[1.634s] [01m[K/opt/ros/foxy/include/geometry_msgs/msg/detail/vector3__struct.hpp:26:11:[m[K [01;36m[Knote: [m[K  ‘[01m[Kgeometry_msgs::msg[m[K’
[1.634s]    26 | namespace [01;36m[Kmsg[m[K
[1.634s]       |           [01;36m[K^~~[m[K
[3.633s] make[2]: *** [CMakeFiles/offboard_control.dir/build.make:63: CMakeFiles/offboard_control.dir/src/examples/offboard/offboard_control.cpp.o] Error 1
[3.634s] make[1]: *** [CMakeFiles/Makefile2:119: CMakeFiles/offboard_control.dir/all] Error 2
[3.634s] make: *** [Makefile:141: all] Error 2
[3.636s] Invoked command in '/home/jingyan/px4_ros_com_ros2/build/px4_ros_com' returned '2': AMENT_PREFIX_PATH=/home/jingyan/px4_ros_com_ros2/install/px4_msgs:${AMENT_PREFIX_PATH} CMAKE_PREFIX_PATH=/home/jingyan/px4_ros_com_ros2/install/px4_msgs:/opt/ros/foxy LD_LIBRARY_PATH=/home/jingyan/px4_ros_com_ros2/install/px4_msgs/lib:${LD_LIBRARY_PATH} PYTHONPATH=/home/jingyan/px4_ros_com_ros2/install/px4_msgs/lib/python3.8/site-packages:${PYTHONPATH} /usr/bin/cmake --build /home/jingyan/px4_ros_com_ros2/build/px4_ros_com -- -j16 -l16
