[0.037s] Invoking command in '/home/jingyan/px4_ros_com_ros2/build/px4_ros_com': AMENT_PREFIX_PATH=/home/jingyan/px4_ros_com_ros2/install/px4_msgs:${AMENT_PREFIX_PATH} CMAKE_PREFIX_PATH=/home/jingyan/px4_ros_com_ros2/install/px4_msgs:/opt/ros/foxy LD_LIBRARY_PATH=/home/jingyan/px4_ros_com_ros2/install/px4_msgs/lib:${LD_LIBRARY_PATH} PYTHONPATH=/home/jingyan/px4_ros_com_ros2/install/px4_msgs/lib/python3.8/site-packages:${PYTHONPATH} /usr/bin/cmake --build /home/jingyan/px4_ros_com_ros2/build/px4_ros_com -- -j16 -l16
[0.094s] [35m[1mScanning dependencies of target offboard_control[0m
[0.114s] [  4%] Built target sensor_combined_listener
[0.114s] [  4%] Built target frame_transforms
[0.117s] [  5%] [32mBuilding CXX object CMakeFiles/offboard_control.dir/src/examples/offboard/offboard_control.cpp.o[0m
[0.117s] [  7%] Built target vehicle_gps_position_listener
[0.118s] [  9%] Built target debug_vect_advertiser
[0.120s] [ 11%] Built target offboard_control_vel
[0.125s] [ 12%] Built target Odom_transform
[0.170s] [ 99%] Built target micrortps_agent
[7.817s] [100%] [32m[1mLinking CXX executable offboard_control[0m
[8.255s] [100%] Built target offboard_control
[8.273s] Invoked command in '/home/jingyan/px4_ros_com_ros2/build/px4_ros_com' returned '0': AMENT_PREFIX_PATH=/home/jingyan/px4_ros_com_ros2/install/px4_msgs:${AMENT_PREFIX_PATH} CMAKE_PREFIX_PATH=/home/jingyan/px4_ros_com_ros2/install/px4_msgs:/opt/ros/foxy LD_LIBRARY_PATH=/home/jingyan/px4_ros_com_ros2/install/px4_msgs/lib:${LD_LIBRARY_PATH} PYTHONPATH=/home/jingyan/px4_ros_com_ros2/install/px4_msgs/lib/python3.8/site-packages:${PYTHONPATH} /usr/bin/cmake --build /home/jingyan/px4_ros_com_ros2/build/px4_ros_com -- -j16 -l16
[8.580s] Invoking command in '/home/jingyan/px4_ros_com_ros2/build/px4_ros_com': AMENT_PREFIX_PATH=/home/jingyan/px4_ros_com_ros2/install/px4_msgs:${AMENT_PREFIX_PATH} CMAKE_PREFIX_PATH=/home/jingyan/px4_ros_com_ros2/install/px4_msgs:/opt/ros/foxy LD_LIBRARY_PATH=/home/jingyan/px4_ros_com_ros2/install/px4_msgs/lib:${LD_LIBRARY_PATH} PYTHONPATH=/home/jingyan/px4_ros_com_ros2/install/px4_msgs/lib/python3.8/site-packages:${PYTHONPATH} /usr/bin/cmake --install /home/jingyan/px4_ros_com_ros2/build/px4_ros_com
[8.594s] -- Install configuration: ""
[8.595s] -- Up-to-date: /home/jingyan/px4_ros_com_ros2/install/px4_ros_com/lib/px4_ros_com/offboard_control_vel
[8.595s] -- Up-to-date: /home/jingyan/px4_ros_com_ros2/install/px4_ros_com/include/px4_ros_com
[8.595s] -- Up-to-date: /home/jingyan/px4_ros_com_ros2/install/px4_ros_com/share/px4_ros_com/cmake
[8.595s] -- Up-to-date: /home/jingyan/px4_ros_com_ros2/install/px4_ros_com/lib/libframe_transforms.so
[8.595s] -- Up-to-date: /home/jingyan/px4_ros_com_ros2/install/px4_ros_com/bin/micrortps_agent
[8.596s] -- Up-to-date: /home/jingyan/px4_ros_com_ros2/install/px4_ros_com/share/px4_ros_com/launch
[8.596s] -- Up-to-date: /home/jingyan/px4_ros_com_ros2/install/px4_ros_com/share/px4_ros_com/launch/odom.launch.py
[8.596s] -- Up-to-date: /home/jingyan/px4_ros_com_ros2/install/px4_ros_com/share/px4_ros_com/test
[8.596s] -- Installing: /home/jingyan/px4_ros_com_ros2/install/px4_ros_com/share/px4_ros_com/package.dsv
[8.596s] -- Up-to-date: /home/jingyan/px4_ros_com_ros2/install/px4_ros_com/share/px4_ros_com/cmake/export_frame_transformsExport.cmake
[8.596s] -- Up-to-date: /home/jingyan/px4_ros_com_ros2/install/px4_ros_com/share/px4_ros_com/cmake/export_frame_transformsExport-noconfig.cmake
[8.603s] Invoked command in '/home/jingyan/px4_ros_com_ros2/build/px4_ros_com' returned '0': AMENT_PREFIX_PATH=/home/jingyan/px4_ros_com_ros2/install/px4_msgs:${AMENT_PREFIX_PATH} CMAKE_PREFIX_PATH=/home/jingyan/px4_ros_com_ros2/install/px4_msgs:/opt/ros/foxy LD_LIBRARY_PATH=/home/jingyan/px4_ros_com_ros2/install/px4_msgs/lib:${LD_LIBRARY_PATH} PYTHONPATH=/home/jingyan/px4_ros_com_ros2/install/px4_msgs/lib/python3.8/site-packages:${PYTHONPATH} /usr/bin/cmake --install /home/jingyan/px4_ros_com_ros2/build/px4_ros_com
