[01m[K/home/jingyan/px4_ros_com_ros2/src/px4_ros_com/src/examples/offboard/offboard_control_absolute_version.cpp:[m[K In member function ‘[01m[Kvoid OffboardControl::OnVelVect(nav_msgs::msg::Path_<std::allocator<void> >::UniquePtr)[m[K’:
[01m[K/home/jingyan/px4_ros_com_ros2/src/px4_ros_com/src/examples/offboard/offboard_control_absolute_version.cpp:206:38:[m[K [01;31m[Kerror: [m[K‘[01m[Kusing _poses_type = class std::vector<geometry_msgs::msg::PoseStamped_<std::allocator<void> >, std::allocator<geometry_msgs::msg::PoseStamped_<std::allocator<void> > > >[m[K’ {aka ‘[01m[Kclass std::vector<geometry_msgs::msg::PoseStamped_<std::allocator<void> >, std::allocator<geometry_msgs::msg::PoseStamped_<std::allocator<void> > > >[m[K’} has no member named ‘[01m[Kposition[m[K’
  206 |  OffboardControl::xgoal = msg->poses.[01;31m[Kposition[m[K[1];
      |                                      [01;31m[K^~~~~~~~[m[K
[01m[K/home/jingyan/px4_ros_com_ros2/src/px4_ros_com/src/examples/offboard/offboard_control_absolute_version.cpp:207:39:[m[K [01;31m[Kerror: [m[K‘[01m[Kusing _poses_type = class std::vector<geometry_msgs::msg::PoseStamped_<std::allocator<void> >, std::allocator<geometry_msgs::msg::PoseStamped_<std::allocator<void> > > >[m[K’ {aka ‘[01m[Kclass std::vector<geometry_msgs::msg::PoseStamped_<std::allocator<void> >, std::allocator<geometry_msgs::msg::PoseStamped_<std::allocator<void> > > >[m[K’} has no member named ‘[01m[Kposition[m[K’
  207 |  OffboardControl::ygoal = -msg->poses.[01;31m[Kposition[m[K[0];
      |                                       [01;31m[K^~~~~~~~[m[K
[01m[K/home/jingyan/px4_ros_com_ros2/src/px4_ros_com/src/examples/offboard/offboard_control_absolute_version.cpp:209:24:[m[K [01;31m[Kerror: [m[K‘[01m[Kusing _poses_type = class std::vector<geometry_msgs::msg::PoseStamped_<std::allocator<void> >, std::allocator<geometry_msgs::msg::PoseStamped_<std::allocator<void> > > >[m[K’ {aka ‘[01m[Kclass std::vector<geometry_msgs::msg::PoseStamped_<std::allocator<void> >, std::allocator<geometry_msgs::msg::PoseStamped_<std::allocator<void> > > >[m[K’} has no member named ‘[01m[Korientation[m[K’
  209 |  goalQ[0] = msg->poses.[01;31m[Korientation[m[K[0];
      |                        [01;31m[K^~~~~~~~~~~[m[K
[01m[K/home/jingyan/px4_ros_com_ros2/src/px4_ros_com/src/examples/offboard/offboard_control_absolute_version.cpp:210:24:[m[K [01;31m[Kerror: [m[K‘[01m[Kusing _poses_type = class std::vector<geometry_msgs::msg::PoseStamped_<std::allocator<void> >, std::allocator<geometry_msgs::msg::PoseStamped_<std::allocator<void> > > >[m[K’ {aka ‘[01m[Kclass std::vector<geometry_msgs::msg::PoseStamped_<std::allocator<void> >, std::allocator<geometry_msgs::msg::PoseStamped_<std::allocator<void> > > >[m[K’} has no member named ‘[01m[Korientation[m[K’
  210 |  goalQ[1] = msg->poses.[01;31m[Korientation[m[K[1];
      |                        [01;31m[K^~~~~~~~~~~[m[K
[01m[K/home/jingyan/px4_ros_com_ros2/src/px4_ros_com/src/examples/offboard/offboard_control_absolute_version.cpp:211:24:[m[K [01;31m[Kerror: [m[K‘[01m[Kusing _poses_type = class std::vector<geometry_msgs::msg::PoseStamped_<std::allocator<void> >, std::allocator<geometry_msgs::msg::PoseStamped_<std::allocator<void> > > >[m[K’ {aka ‘[01m[Kclass std::vector<geometry_msgs::msg::PoseStamped_<std::allocator<void> >, std::allocator<geometry_msgs::msg::PoseStamped_<std::allocator<void> > > >[m[K’} has no member named ‘[01m[Korientation[m[K’
  211 |  goalQ[2] = msg->poses.[01;31m[Korientation[m[K[2];
      |                        [01;31m[K^~~~~~~~~~~[m[K
[01m[K/home/jingyan/px4_ros_com_ros2/src/px4_ros_com/src/examples/offboard/offboard_control_absolute_version.cpp:212:24:[m[K [01;31m[Kerror: [m[K‘[01m[Kusing _poses_type = class std::vector<geometry_msgs::msg::PoseStamped_<std::allocator<void> >, std::allocator<geometry_msgs::msg::PoseStamped_<std::allocator<void> > > >[m[K’ {aka ‘[01m[Kclass std::vector<geometry_msgs::msg::PoseStamped_<std::allocator<void> >, std::allocator<geometry_msgs::msg::PoseStamped_<std::allocator<void> > > >[m[K’} has no member named ‘[01m[Korientation[m[K’
  212 |  goalQ[3] = msg->poses.[01;31m[Korientation[m[K[3];
      |                        [01;31m[K^~~~~~~~~~~[m[K
make[2]: *** [CMakeFiles/offboard_control_absolute_version.dir/build.make:63: CMakeFiles/offboard_control_absolute_version.dir/src/examples/offboard/offboard_control_absolute_version.cpp.o] Error 1
make[1]: *** [CMakeFiles/Makefile2:283: CMakeFiles/offboard_control_absolute_version.dir/all] Error 2
make: *** [Makefile:141: all] Error 2
