[0.266s] DEBUG:colcon:Command line arguments: ['/usr/bin/colcon', 'build', '--packages-select', 'px4_ros_com']
[0.266s] DEBUG:colcon:Parsed command line arguments: Namespace(allow_overriding=[], ament_cmake_args=None, base_paths=['.'], build_base='build', catkin_cmake_args=None, catkin_skip_building_tests=False, cmake_args=None, cmake_clean_cache=False, cmake_clean_first=False, cmake_force_configure=False, cmake_target=None, cmake_target_skip_unavailable=False, continue_on_error=False, event_handlers=None, executor='parallel', ignore_user_meta=False, install_base='install', log_base=None, log_level=None, main=<bound method BuildVerb.main of <colcon_core.verb.build.BuildVerb object at 0x7f824fb97400>>, merge_install=False, metas=['./colcon.meta'], packages_above=None, packages_above_and_dependencies=None, packages_above_depth=None, packages_end=None, packages_ignore=None, packages_ignore_regex=None, packages_select=['px4_ros_com'], packages_select_build_failed=False, packages_select_by_dep=None, packages_select_regex=None, packages_select_test_failures=False, packages_skip=None, packages_skip_build_finished=False, packages_skip_by_dep=None, packages_skip_regex=None, packages_skip_test_passed=False, packages_skip_up_to=None, packages_start=None, packages_up_to=None, packages_up_to_regex=None, parallel_workers=16, paths=None, symlink_install=False, test_result_base=None, verb_extension=<colcon_core.verb.build.BuildVerb object at 0x7f824fb97400>, verb_name='build', verb_parser=<colcon_defaults.argument_parser.defaults.DefaultArgumentsDecorator object at 0x7f824fa32730>)
[0.307s] Level 1:colcon.colcon_core.package_discovery:discover_packages(colcon_meta) check parameters
[0.307s] Level 1:colcon.colcon_core.package_discovery:discover_packages(recursive) check parameters
[0.307s] Level 1:colcon.colcon_core.package_discovery:discover_packages(ignore) check parameters
[0.307s] Level 1:colcon.colcon_core.package_discovery:discover_packages(path) check parameters
[0.307s] Level 1:colcon.colcon_core.package_discovery:discover_packages(colcon_meta) discover
[0.307s] Level 1:colcon.colcon_core.package_discovery:discover_packages(recursive) discover
[0.307s] INFO:colcon.colcon_core.package_discovery:Crawling recursively for packages in '/home/jingyan/px4_ros_com_ros2'
[0.307s] Level 1:colcon.colcon_core.package_identification:_identify(.) by extensions ['ignore', 'ignore_ament_install']
[0.307s] Level 1:colcon.colcon_core.package_identification:_identify(.) by extension 'ignore'
[0.307s] Level 1:colcon.colcon_core.package_identification:_identify(.) by extension 'ignore_ament_install'
[0.307s] Level 1:colcon.colcon_core.package_identification:_identify(.) by extensions ['colcon_pkg']
[0.307s] Level 1:colcon.colcon_core.package_identification:_identify(.) by extension 'colcon_pkg'
[0.308s] Level 1:colcon.colcon_core.package_identification:_identify(.) by extensions ['colcon_meta']
[0.308s] Level 1:colcon.colcon_core.package_identification:_identify(.) by extension 'colcon_meta'
[0.308s] Level 1:colcon.colcon_core.package_identification:_identify(.) by extensions ['ros']
[0.308s] Level 1:colcon.colcon_core.package_identification:_identify(.) by extension 'ros'
[0.318s] Level 1:colcon.colcon_core.package_identification:_identify(.) by extensions ['cmake', 'python']
[0.318s] Level 1:colcon.colcon_core.package_identification:_identify(.) by extension 'cmake'
[0.318s] Level 1:colcon.colcon_core.package_identification:_identify(.) by extension 'python'
[0.318s] Level 1:colcon.colcon_core.package_identification:_identify(.) by extensions ['python_setup_py']
[0.318s] Level 1:colcon.colcon_core.package_identification:_identify(.) by extension 'python_setup_py'
[0.318s] Level 1:colcon.colcon_core.package_identification:_identify(build) by extensions ['ignore', 'ignore_ament_install']
[0.318s] Level 1:colcon.colcon_core.package_identification:_identify(build) by extension 'ignore'
[0.318s] Level 1:colcon.colcon_core.package_identification:_identify(build) ignored
[0.319s] Level 1:colcon.colcon_core.package_identification:_identify(install) by extensions ['ignore', 'ignore_ament_install']
[0.319s] Level 1:colcon.colcon_core.package_identification:_identify(install) by extension 'ignore'
[0.319s] Level 1:colcon.colcon_core.package_identification:_identify(install) ignored
[0.319s] Level 1:colcon.colcon_core.package_identification:_identify(log) by extensions ['ignore', 'ignore_ament_install']
[0.319s] Level 1:colcon.colcon_core.package_identification:_identify(log) by extension 'ignore'
[0.319s] Level 1:colcon.colcon_core.package_identification:_identify(log) ignored
[0.319s] Level 1:colcon.colcon_core.package_identification:_identify(src) by extensions ['ignore', 'ignore_ament_install']
[0.319s] Level 1:colcon.colcon_core.package_identification:_identify(src) by extension 'ignore'
[0.319s] Level 1:colcon.colcon_core.package_identification:_identify(src) by extension 'ignore_ament_install'
[0.319s] Level 1:colcon.colcon_core.package_identification:_identify(src) by extensions ['colcon_pkg']
[0.319s] Level 1:colcon.colcon_core.package_identification:_identify(src) by extension 'colcon_pkg'
[0.319s] Level 1:colcon.colcon_core.package_identification:_identify(src) by extensions ['colcon_meta']
[0.319s] Level 1:colcon.colcon_core.package_identification:_identify(src) by extension 'colcon_meta'
[0.319s] Level 1:colcon.colcon_core.package_identification:_identify(src) by extensions ['ros']
[0.319s] Level 1:colcon.colcon_core.package_identification:_identify(src) by extension 'ros'
[0.319s] Level 1:colcon.colcon_core.package_identification:_identify(src) by extensions ['cmake', 'python']
[0.319s] Level 1:colcon.colcon_core.package_identification:_identify(src) by extension 'cmake'
[0.319s] Level 1:colcon.colcon_core.package_identification:_identify(src) by extension 'python'
[0.319s] Level 1:colcon.colcon_core.package_identification:_identify(src) by extensions ['python_setup_py']
[0.319s] Level 1:colcon.colcon_core.package_identification:_identify(src) by extension 'python_setup_py'
[0.319s] Level 1:colcon.colcon_core.package_identification:_identify(src/cartographer_config) by extensions ['ignore', 'ignore_ament_install']
[0.319s] Level 1:colcon.colcon_core.package_identification:_identify(src/cartographer_config) by extension 'ignore'
[0.319s] Level 1:colcon.colcon_core.package_identification:_identify(src/cartographer_config) by extension 'ignore_ament_install'
[0.320s] Level 1:colcon.colcon_core.package_identification:_identify(src/cartographer_config) by extensions ['colcon_pkg']
[0.320s] Level 1:colcon.colcon_core.package_identification:_identify(src/cartographer_config) by extension 'colcon_pkg'
[0.320s] Level 1:colcon.colcon_core.package_identification:_identify(src/cartographer_config) by extensions ['colcon_meta']
[0.320s] Level 1:colcon.colcon_core.package_identification:_identify(src/cartographer_config) by extension 'colcon_meta'
[0.320s] Level 1:colcon.colcon_core.package_identification:_identify(src/cartographer_config) by extensions ['ros']
[0.320s] Level 1:colcon.colcon_core.package_identification:_identify(src/cartographer_config) by extension 'ros'
[0.321s] DEBUG:colcon.colcon_core.package_identification:Package 'src/cartographer_config' with type 'ros.ament_cmake' and name 'fishbot_cartographer'
[0.322s] Level 1:colcon.colcon_core.package_identification:_identify(src/iwr6843aop_pub-main) by extensions ['ignore', 'ignore_ament_install']
[0.322s] Level 1:colcon.colcon_core.package_identification:_identify(src/iwr6843aop_pub-main) by extension 'ignore'
[0.322s] Level 1:colcon.colcon_core.package_identification:_identify(src/iwr6843aop_pub-main) by extension 'ignore_ament_install'
[0.322s] Level 1:colcon.colcon_core.package_identification:_identify(src/iwr6843aop_pub-main) by extensions ['colcon_pkg']
[0.322s] Level 1:colcon.colcon_core.package_identification:_identify(src/iwr6843aop_pub-main) by extension 'colcon_pkg'
[0.322s] Level 1:colcon.colcon_core.package_identification:_identify(src/iwr6843aop_pub-main) by extensions ['colcon_meta']
[0.322s] Level 1:colcon.colcon_core.package_identification:_identify(src/iwr6843aop_pub-main) by extension 'colcon_meta'
[0.322s] Level 1:colcon.colcon_core.package_identification:_identify(src/iwr6843aop_pub-main) by extensions ['ros']
[0.322s] Level 1:colcon.colcon_core.package_identification:_identify(src/iwr6843aop_pub-main) by extension 'ros'
[0.322s] DEBUG:colcon.colcon_core.package_identification:Package 'src/iwr6843aop_pub-main' with type 'ros.ament_python' and name 'iwr6843aop_pub'
[0.322s] Level 1:colcon.colcon_core.package_identification:_identify(src/px4_msgs) by extensions ['ignore', 'ignore_ament_install']
[0.322s] Level 1:colcon.colcon_core.package_identification:_identify(src/px4_msgs) by extension 'ignore'
[0.322s] Level 1:colcon.colcon_core.package_identification:_identify(src/px4_msgs) by extension 'ignore_ament_install'
[0.322s] Level 1:colcon.colcon_core.package_identification:_identify(src/px4_msgs) by extensions ['colcon_pkg']
[0.322s] Level 1:colcon.colcon_core.package_identification:_identify(src/px4_msgs) by extension 'colcon_pkg'
[0.322s] Level 1:colcon.colcon_core.package_identification:_identify(src/px4_msgs) by extensions ['colcon_meta']
[0.323s] Level 1:colcon.colcon_core.package_identification:_identify(src/px4_msgs) by extension 'colcon_meta'
[0.323s] Level 1:colcon.colcon_core.package_identification:_identify(src/px4_msgs) by extensions ['ros']
[0.323s] Level 1:colcon.colcon_core.package_identification:_identify(src/px4_msgs) by extension 'ros'
[0.323s] DEBUG:colcon.colcon_core.package_identification:Package 'src/px4_msgs' with type 'ros.ament_cmake' and name 'px4_msgs'
[0.323s] Level 1:colcon.colcon_core.package_identification:_identify(src/px4_ros_com) by extensions ['ignore', 'ignore_ament_install']
[0.323s] Level 1:colcon.colcon_core.package_identification:_identify(src/px4_ros_com) by extension 'ignore'
[0.323s] Level 1:colcon.colcon_core.package_identification:_identify(src/px4_ros_com) by extension 'ignore_ament_install'
[0.323s] Level 1:colcon.colcon_core.package_identification:_identify(src/px4_ros_com) by extensions ['colcon_pkg']
[0.323s] Level 1:colcon.colcon_core.package_identification:_identify(src/px4_ros_com) by extension 'colcon_pkg'
[0.323s] Level 1:colcon.colcon_core.package_identification:_identify(src/px4_ros_com) by extensions ['colcon_meta']
[0.323s] Level 1:colcon.colcon_core.package_identification:_identify(src/px4_ros_com) by extension 'colcon_meta'
[0.323s] Level 1:colcon.colcon_core.package_identification:_identify(src/px4_ros_com) by extensions ['ros']
[0.323s] Level 1:colcon.colcon_core.package_identification:_identify(src/px4_ros_com) by extension 'ros'
[0.325s] DEBUG:colcon.colcon_core.package_identification:Package 'src/px4_ros_com' with type 'ros.ament_cmake' and name 'px4_ros_com'
[0.325s] Level 1:colcon.colcon_core.package_discovery:discover_packages(recursive) using defaults
[0.325s] Level 1:colcon.colcon_core.package_discovery:discover_packages(ignore) discover
[0.325s] Level 1:colcon.colcon_core.package_discovery:discover_packages(ignore) using defaults
[0.325s] Level 1:colcon.colcon_core.package_discovery:discover_packages(path) discover
[0.325s] Level 1:colcon.colcon_core.package_discovery:discover_packages(path) using defaults
[0.341s] INFO:colcon.colcon_core.package_selection:Skipping not selected package 'fishbot_cartographer' in 'src/cartographer_config'
[0.341s] INFO:colcon.colcon_core.package_selection:Skipping not selected package 'iwr6843aop_pub' in 'src/iwr6843aop_pub-main'
[0.341s] INFO:colcon.colcon_core.package_selection:Skipping not selected package 'px4_msgs' in 'src/px4_msgs'
[0.341s] Level 1:colcon.colcon_core.package_discovery:discover_packages(prefix_path) check parameters
[0.341s] Level 1:colcon.colcon_core.package_discovery:discover_packages(prefix_path) discover
[0.344s] DEBUG:colcon.colcon_installed_package_information.package_discovery:Found 267 installed packages in /opt/ros/foxy
[0.345s] Level 1:colcon.colcon_core.package_discovery:discover_packages(prefix_path) using defaults
[0.395s] Level 5:colcon.colcon_core.verb:set package 'px4_ros_com' build argument 'cmake_args' from command line to 'None'
[0.395s] Level 5:colcon.colcon_core.verb:set package 'px4_ros_com' build argument 'cmake_target' from command line to 'None'
[0.395s] Level 5:colcon.colcon_core.verb:set package 'px4_ros_com' build argument 'cmake_target_skip_unavailable' from command line to 'False'
[0.395s] Level 5:colcon.colcon_core.verb:set package 'px4_ros_com' build argument 'cmake_clean_cache' from command line to 'False'
[0.395s] Level 5:colcon.colcon_core.verb:set package 'px4_ros_com' build argument 'cmake_clean_first' from command line to 'False'
[0.395s] Level 5:colcon.colcon_core.verb:set package 'px4_ros_com' build argument 'cmake_force_configure' from command line to 'False'
[0.395s] Level 5:colcon.colcon_core.verb:set package 'px4_ros_com' build argument 'ament_cmake_args' from command line to 'None'
[0.395s] Level 5:colcon.colcon_core.verb:set package 'px4_ros_com' build argument 'catkin_cmake_args' from command line to 'None'
[0.395s] Level 5:colcon.colcon_core.verb:set package 'px4_ros_com' build argument 'catkin_skip_building_tests' from command line to 'False'
[0.395s] DEBUG:colcon.colcon_core.verb:Building package 'px4_ros_com' with the following arguments: {'ament_cmake_args': None, 'build_base': '/home/jingyan/px4_ros_com_ros2/build/px4_ros_com', 'catkin_cmake_args': None, 'catkin_skip_building_tests': False, 'cmake_args': None, 'cmake_clean_cache': False, 'cmake_clean_first': False, 'cmake_force_configure': False, 'cmake_target': None, 'cmake_target_skip_unavailable': False, 'install_base': '/home/jingyan/px4_ros_com_ros2/install/px4_ros_com', 'merge_install': False, 'path': '/home/jingyan/px4_ros_com_ros2/src/px4_ros_com', 'symlink_install': False, 'test_result_base': None}
[0.396s] INFO:colcon.colcon_core.executor:Executing jobs using 'parallel' executor
[0.400s] DEBUG:colcon.colcon_parallel_executor.executor.parallel:run_until_complete
[0.400s] INFO:colcon.colcon_ros.task.ament_cmake.build:Building ROS package in '/home/jingyan/px4_ros_com_ros2/src/px4_ros_com' with build type 'ament_cmake'
[0.400s] INFO:colcon.colcon_cmake.task.cmake.build:Building CMake package in '/home/jingyan/px4_ros_com_ros2/src/px4_ros_com'
[0.404s] INFO:colcon.colcon_core.plugin_system:Skipping extension 'colcon_core.shell.bat': Not used on non-Windows systems
[0.404s] INFO:colcon.colcon_core.shell:Skip shell extension 'powershell' for command environment: Not usable outside of PowerShell
[0.404s] DEBUG:colcon.colcon_core.shell:Skip shell extension 'dsv' for command environment
[0.422s] DEBUG:colcon.colcon_core.event_handler.log_command:Invoking command in '/home/jingyan/px4_ros_com_ros2/build/px4_ros_com': AMENT_PREFIX_PATH=/home/jingyan/px4_ros_com_ros2/install/px4_msgs:${AMENT_PREFIX_PATH} CMAKE_PREFIX_PATH=/home/jingyan/px4_ros_com_ros2/install/px4_msgs:/opt/ros/foxy LD_LIBRARY_PATH=/home/jingyan/px4_ros_com_ros2/install/px4_msgs/lib:${LD_LIBRARY_PATH} PYTHONPATH=/home/jingyan/px4_ros_com_ros2/install/px4_msgs/lib/python3.8/site-packages:${PYTHONPATH} /usr/bin/cmake --build /home/jingyan/px4_ros_com_ros2/build/px4_ros_com -- -j16 -l16
[6.590s] DEBUG:colcon.colcon_core.event_handler.log_command:Invoked command in '/home/jingyan/px4_ros_com_ros2/build/px4_ros_com' returned '0': AMENT_PREFIX_PATH=/home/jingyan/px4_ros_com_ros2/install/px4_msgs:${AMENT_PREFIX_PATH} CMAKE_PREFIX_PATH=/home/jingyan/px4_ros_com_ros2/install/px4_msgs:/opt/ros/foxy LD_LIBRARY_PATH=/home/jingyan/px4_ros_com_ros2/install/px4_msgs/lib:${LD_LIBRARY_PATH} PYTHONPATH=/home/jingyan/px4_ros_com_ros2/install/px4_msgs/lib/python3.8/site-packages:${PYTHONPATH} /usr/bin/cmake --build /home/jingyan/px4_ros_com_ros2/build/px4_ros_com -- -j16 -l16
[6.788s] DEBUG:colcon.colcon_core.event_handler.log_command:Invoking command in '/home/jingyan/px4_ros_com_ros2/build/px4_ros_com': AMENT_PREFIX_PATH=/home/jingyan/px4_ros_com_ros2/install/px4_msgs:${AMENT_PREFIX_PATH} CMAKE_PREFIX_PATH=/home/jingyan/px4_ros_com_ros2/install/px4_msgs:/opt/ros/foxy LD_LIBRARY_PATH=/home/jingyan/px4_ros_com_ros2/install/px4_msgs/lib:${LD_LIBRARY_PATH} PYTHONPATH=/home/jingyan/px4_ros_com_ros2/install/px4_msgs/lib/python3.8/site-packages:${PYTHONPATH} /usr/bin/cmake --install /home/jingyan/px4_ros_com_ros2/build/px4_ros_com
[6.803s] Level 1:colcon.colcon_core.environment:create_environment_scripts_only(px4_ros_com)
[6.805s] DEBUG:colcon.colcon_core.event_handler.log_command:Invoked command in '/home/jingyan/px4_ros_com_ros2/build/px4_ros_com' returned '0': AMENT_PREFIX_PATH=/home/jingyan/px4_ros_com_ros2/install/px4_msgs:${AMENT_PREFIX_PATH} CMAKE_PREFIX_PATH=/home/jingyan/px4_ros_com_ros2/install/px4_msgs:/opt/ros/foxy LD_LIBRARY_PATH=/home/jingyan/px4_ros_com_ros2/install/px4_msgs/lib:${LD_LIBRARY_PATH} PYTHONPATH=/home/jingyan/px4_ros_com_ros2/install/px4_msgs/lib/python3.8/site-packages:${PYTHONPATH} /usr/bin/cmake --install /home/jingyan/px4_ros_com_ros2/build/px4_ros_com
[6.811s] Level 1:colcon.colcon_core.environment:checking '/home/jingyan/px4_ros_com_ros2/install/px4_ros_com' for CMake module files
[6.812s] Level 1:colcon.colcon_core.environment:checking '/home/jingyan/px4_ros_com_ros2/install/px4_ros_com' for CMake config files
[6.812s] Level 1:colcon.colcon_core.shell:create_environment_hook('px4_ros_com', 'cmake_prefix_path')
[6.813s] INFO:colcon.colcon_core.shell:Creating environment hook '/home/jingyan/px4_ros_com_ros2/install/px4_ros_com/share/px4_ros_com/hook/cmake_prefix_path.ps1'
[6.814s] INFO:colcon.colcon_core.shell:Creating environment descriptor '/home/jingyan/px4_ros_com_ros2/install/px4_ros_com/share/px4_ros_com/hook/cmake_prefix_path.dsv'
[6.814s] INFO:colcon.colcon_core.shell:Creating environment hook '/home/jingyan/px4_ros_com_ros2/install/px4_ros_com/share/px4_ros_com/hook/cmake_prefix_path.sh'
[6.815s] Level 1:colcon.colcon_core.environment:checking '/home/jingyan/px4_ros_com_ros2/install/px4_ros_com/lib'
[6.815s] Level 1:colcon.colcon_core.shell:create_environment_hook('px4_ros_com', 'ld_library_path_lib')
[6.816s] INFO:colcon.colcon_core.shell:Creating environment hook '/home/jingyan/px4_ros_com_ros2/install/px4_ros_com/share/px4_ros_com/hook/ld_library_path_lib.ps1'
[6.816s] INFO:colcon.colcon_core.shell:Creating environment descriptor '/home/jingyan/px4_ros_com_ros2/install/px4_ros_com/share/px4_ros_com/hook/ld_library_path_lib.dsv'
[6.817s] INFO:colcon.colcon_core.shell:Creating environment hook '/home/jingyan/px4_ros_com_ros2/install/px4_ros_com/share/px4_ros_com/hook/ld_library_path_lib.sh'
[6.817s] Level 1:colcon.colcon_core.environment:checking '/home/jingyan/px4_ros_com_ros2/install/px4_ros_com/bin'
[6.817s] Level 1:colcon.colcon_core.shell:create_environment_hook('px4_ros_com', 'path')
[6.818s] INFO:colcon.colcon_core.shell:Creating environment hook '/home/jingyan/px4_ros_com_ros2/install/px4_ros_com/share/px4_ros_com/hook/path.ps1'
[6.818s] INFO:colcon.colcon_core.shell:Creating environment descriptor '/home/jingyan/px4_ros_com_ros2/install/px4_ros_com/share/px4_ros_com/hook/path.dsv'
[6.819s] INFO:colcon.colcon_core.shell:Creating environment hook '/home/jingyan/px4_ros_com_ros2/install/px4_ros_com/share/px4_ros_com/hook/path.sh'
[6.819s] Level 1:colcon.colcon_core.environment:checking '/home/jingyan/px4_ros_com_ros2/install/px4_ros_com/lib/pkgconfig/px4_ros_com.pc'
[6.819s] Level 1:colcon.colcon_core.environment:checking '/home/jingyan/px4_ros_com_ros2/install/px4_ros_com/lib/python3.8/site-packages'
[6.819s] Level 1:colcon.colcon_core.environment:checking '/home/jingyan/px4_ros_com_ros2/install/px4_ros_com/bin'
[6.819s] Level 1:colcon.colcon_core.shell:create_environment_hook('px4_ros_com', 'pythonscriptspath')
[6.820s] INFO:colcon.colcon_core.shell:Creating environment hook '/home/jingyan/px4_ros_com_ros2/install/px4_ros_com/share/px4_ros_com/hook/pythonscriptspath.ps1'
[6.821s] INFO:colcon.colcon_core.shell:Creating environment descriptor '/home/jingyan/px4_ros_com_ros2/install/px4_ros_com/share/px4_ros_com/hook/pythonscriptspath.dsv'
[6.821s] INFO:colcon.colcon_core.shell:Creating environment hook '/home/jingyan/px4_ros_com_ros2/install/px4_ros_com/share/px4_ros_com/hook/pythonscriptspath.sh'
[6.822s] INFO:colcon.colcon_core.shell:Creating package script '/home/jingyan/px4_ros_com_ros2/install/px4_ros_com/share/px4_ros_com/package.ps1'
[6.823s] INFO:colcon.colcon_core.shell:Creating package descriptor '/home/jingyan/px4_ros_com_ros2/install/px4_ros_com/share/px4_ros_com/package.dsv'
[6.824s] INFO:colcon.colcon_core.shell:Creating package script '/home/jingyan/px4_ros_com_ros2/install/px4_ros_com/share/px4_ros_com/package.sh'
[6.824s] INFO:colcon.colcon_core.shell:Creating package script '/home/jingyan/px4_ros_com_ros2/install/px4_ros_com/share/px4_ros_com/package.bash'
[6.825s] INFO:colcon.colcon_core.shell:Creating package script '/home/jingyan/px4_ros_com_ros2/install/px4_ros_com/share/px4_ros_com/package.zsh'
[6.825s] Level 1:colcon.colcon_core.environment:create_file_with_runtime_dependencies(/home/jingyan/px4_ros_com_ros2/install/px4_ros_com/share/colcon-core/packages/px4_ros_com)
[6.980s] Level 1:colcon.colcon_core.environment:create_environment_scripts_only(px4_ros_com)
[6.985s] Level 1:colcon.colcon_core.environment:checking '/home/jingyan/px4_ros_com_ros2/install/px4_ros_com' for CMake module files
[6.986s] Level 1:colcon.colcon_core.environment:checking '/home/jingyan/px4_ros_com_ros2/install/px4_ros_com' for CMake config files
[6.986s] Level 1:colcon.colcon_core.shell:create_environment_hook('px4_ros_com', 'cmake_prefix_path')
[6.987s] INFO:colcon.colcon_core.shell:Creating environment hook '/home/jingyan/px4_ros_com_ros2/install/px4_ros_com/share/px4_ros_com/hook/cmake_prefix_path.ps1'
[6.988s] INFO:colcon.colcon_core.shell:Creating environment descriptor '/home/jingyan/px4_ros_com_ros2/install/px4_ros_com/share/px4_ros_com/hook/cmake_prefix_path.dsv'
[6.988s] INFO:colcon.colcon_core.shell:Creating environment hook '/home/jingyan/px4_ros_com_ros2/install/px4_ros_com/share/px4_ros_com/hook/cmake_prefix_path.sh'
[6.988s] Level 1:colcon.colcon_core.environment:checking '/home/jingyan/px4_ros_com_ros2/install/px4_ros_com/lib'
[6.988s] Level 1:colcon.colcon_core.shell:create_environment_hook('px4_ros_com', 'ld_library_path_lib')
[6.989s] INFO:colcon.colcon_core.shell:Creating environment hook '/home/jingyan/px4_ros_com_ros2/install/px4_ros_com/share/px4_ros_com/hook/ld_library_path_lib.ps1'
[6.990s] INFO:colcon.colcon_core.shell:Creating environment descriptor '/home/jingyan/px4_ros_com_ros2/install/px4_ros_com/share/px4_ros_com/hook/ld_library_path_lib.dsv'
[6.990s] INFO:colcon.colcon_core.shell:Creating environment hook '/home/jingyan/px4_ros_com_ros2/install/px4_ros_com/share/px4_ros_com/hook/ld_library_path_lib.sh'
[6.990s] Level 1:colcon.colcon_core.environment:checking '/home/jingyan/px4_ros_com_ros2/install/px4_ros_com/bin'
[6.990s] Level 1:colcon.colcon_core.shell:create_environment_hook('px4_ros_com', 'path')
[6.992s] INFO:colcon.colcon_core.shell:Creating environment hook '/home/jingyan/px4_ros_com_ros2/install/px4_ros_com/share/px4_ros_com/hook/path.ps1'
[6.992s] INFO:colcon.colcon_core.shell:Creating environment descriptor '/home/jingyan/px4_ros_com_ros2/install/px4_ros_com/share/px4_ros_com/hook/path.dsv'
[6.992s] INFO:colcon.colcon_core.shell:Creating environment hook '/home/jingyan/px4_ros_com_ros2/install/px4_ros_com/share/px4_ros_com/hook/path.sh'
[6.992s] Level 1:colcon.colcon_core.environment:checking '/home/jingyan/px4_ros_com_ros2/install/px4_ros_com/lib/pkgconfig/px4_ros_com.pc'
[6.993s] Level 1:colcon.colcon_core.environment:checking '/home/jingyan/px4_ros_com_ros2/install/px4_ros_com/lib/python3.8/site-packages'
[6.993s] Level 1:colcon.colcon_core.environment:checking '/home/jingyan/px4_ros_com_ros2/install/px4_ros_com/bin'
[6.993s] Level 1:colcon.colcon_core.shell:create_environment_hook('px4_ros_com', 'pythonscriptspath')
[6.994s] INFO:colcon.colcon_core.shell:Creating environment hook '/home/jingyan/px4_ros_com_ros2/install/px4_ros_com/share/px4_ros_com/hook/pythonscriptspath.ps1'
[6.994s] INFO:colcon.colcon_core.shell:Creating environment descriptor '/home/jingyan/px4_ros_com_ros2/install/px4_ros_com/share/px4_ros_com/hook/pythonscriptspath.dsv'
[6.994s] INFO:colcon.colcon_core.shell:Creating environment hook '/home/jingyan/px4_ros_com_ros2/install/px4_ros_com/share/px4_ros_com/hook/pythonscriptspath.sh'
[6.996s] INFO:colcon.colcon_core.shell:Creating package script '/home/jingyan/px4_ros_com_ros2/install/px4_ros_com/share/px4_ros_com/package.ps1'
[6.996s] INFO:colcon.colcon_core.shell:Creating package descriptor '/home/jingyan/px4_ros_com_ros2/install/px4_ros_com/share/px4_ros_com/package.dsv'
[6.997s] INFO:colcon.colcon_core.shell:Creating package script '/home/jingyan/px4_ros_com_ros2/install/px4_ros_com/share/px4_ros_com/package.sh'
[6.997s] INFO:colcon.colcon_core.shell:Creating package script '/home/jingyan/px4_ros_com_ros2/install/px4_ros_com/share/px4_ros_com/package.bash'
[6.998s] INFO:colcon.colcon_core.shell:Creating package script '/home/jingyan/px4_ros_com_ros2/install/px4_ros_com/share/px4_ros_com/package.zsh'
[6.998s] Level 1:colcon.colcon_core.environment:create_file_with_runtime_dependencies(/home/jingyan/px4_ros_com_ros2/install/px4_ros_com/share/colcon-core/packages/px4_ros_com)
[6.998s] DEBUG:colcon.colcon_parallel_executor.executor.parallel:closing loop
[6.999s] DEBUG:colcon.colcon_parallel_executor.executor.parallel:loop closed
[6.999s] DEBUG:colcon.colcon_parallel_executor.executor.parallel:run_until_complete finished with '0'
[6.999s] DEBUG:colcon.colcon_core.event_reactor:joining thread
[7.008s] INFO:colcon.colcon_core.plugin_system:Skipping extension 'colcon_notification.desktop_notification.terminal_notifier': Not used on non-Darwin systems
[7.008s] INFO:colcon.colcon_core.plugin_system:Skipping extension 'colcon_notification.desktop_notification.win32': Not used on non-Windows systems
[7.009s] INFO:colcon.colcon_notification.desktop_notification:Sending desktop notification using 'notify2'
[7.033s] DEBUG:colcon.colcon_core.event_reactor:joined thread
[7.036s] INFO:colcon.colcon_core.shell:Creating prefix script '/home/jingyan/px4_ros_com_ros2/install/local_setup.ps1'
[7.038s] INFO:colcon.colcon_core.shell:Creating prefix util module '/home/jingyan/px4_ros_com_ros2/install/_local_setup_util_ps1.py'
[7.040s] INFO:colcon.colcon_core.shell:Creating prefix chain script '/home/jingyan/px4_ros_com_ros2/install/setup.ps1'
[7.042s] INFO:colcon.colcon_core.shell:Creating prefix script '/home/jingyan/px4_ros_com_ros2/install/local_setup.sh'
[7.043s] INFO:colcon.colcon_core.shell:Creating prefix util module '/home/jingyan/px4_ros_com_ros2/install/_local_setup_util_sh.py'
[7.043s] INFO:colcon.colcon_core.shell:Creating prefix chain script '/home/jingyan/px4_ros_com_ros2/install/setup.sh'
[7.045s] INFO:colcon.colcon_core.shell:Creating prefix script '/home/jingyan/px4_ros_com_ros2/install/local_setup.bash'
[7.046s] INFO:colcon.colcon_core.shell:Creating prefix chain script '/home/jingyan/px4_ros_com_ros2/install/setup.bash'
[7.048s] INFO:colcon.colcon_core.shell:Creating prefix script '/home/jingyan/px4_ros_com_ros2/install/local_setup.zsh'
[7.049s] INFO:colcon.colcon_core.shell:Creating prefix chain script '/home/jingyan/px4_ros_com_ros2/install/setup.zsh'
