[35m[1mScanning dependencies of target offboard_control[0m
[  2%] Built target frame_transforms
[  4%] Built target vehicle_gps_position_listener
[  6%] Built target debug_vect_advertiser
[  8%] Built target offboard_control_vel
[  9%] [32mBuilding CXX object CMakeFiles/offboard_control.dir/src/examples/offboard/offboard_control.cpp.o[0m
[ 11%] Built target sensor_combined_listener
[ 12%] Built target Odom_transform
[ 99%] Built target micrortps_agent
[01m[K/home/jingyan/px4_ros_com_ros2/src/px4_ros_com/src/examples/offboard/offboard_control.cpp:[m[K In member function ‘[01m[Kvoid OffboardControl::OnVelVect(geometry_msgs::msg::Twist_<std::allocator<void> >::UniquePtr) const[m[K’:
[01m[K/home/jingyan/px4_ros_com_ros2/src/px4_ros_com/src/examples/offboard/offboard_control.cpp:179:25:[m[K [01;31m[Kerror: [m[K‘[01m[Kmsg[m[K’ is not a class, namespace, or enumeration
  179 |  OffboardControl::xv = -[01;31m[Kmsg[m[K::linear::x;
      |                         [01;31m[K^~~[m[K
[01m[K/home/jingyan/px4_ros_com_ros2/src/px4_ros_com/src/examples/offboard/offboard_control.cpp:180:25:[m[K [01;31m[Kerror: [m[K‘[01m[Kmsg[m[K’ is not a class, namespace, or enumeration
  180 |  OffboardControl::yv = -[01;31m[Kmsg[m[K::linear::y;
      |                         [01;31m[K^~~[m[K
[01m[K/home/jingyan/px4_ros_com_ros2/src/px4_ros_com/src/examples/offboard/offboard_control.cpp:181:27:[m[K [01;31m[Kerror: [m[K‘[01m[Kmsg[m[K’ is not a class, namespace, or enumeration
  181 |  OffboardControl::yawv = -[01;31m[Kmsg[m[K::angular::z;
      |                           [01;31m[K^~~[m[K
[01m[K/home/jingyan/px4_ros_com_ros2/src/px4_ros_com/src/examples/offboard/offboard_control.cpp:177:76:[m[K [01;35m[Kwarning: [m[Kunused parameter ‘[01m[Kmsg[m[K’ [[01;35m[K-Wunused-parameter[m[K]
  177 | void OffboardControl::OnVelVect([01;35m[Kconst geometry_msgs::msg::Twist::UniquePtr msg[m[K) const
      |                                 [01;35m[K~~~~~~~~~~~~~~~~~~~~~~~~~~~~~~~~~~~~~~~~~~~^~~[m[K
make[2]: *** [CMakeFiles/offboard_control.dir/build.make:63: CMakeFiles/offboard_control.dir/src/examples/offboard/offboard_control.cpp.o] Error 1
make[1]: *** [CMakeFiles/Makefile2:119: CMakeFiles/offboard_control.dir/all] Error 2
make: *** [Makefile:141: all] Error 2
