[0.022s] Invoking command in '/home/jingyan/px4_ros_com_ros2/build/px4_ros_com': AMENT_PREFIX_PATH=/home/jingyan/px4_ros_com_ros2/install/px4_msgs:${AMENT_PREFIX_PATH} CMAKE_PREFIX_PATH=/home/jingyan/px4_ros_com_ros2/install/px4_msgs:/opt/ros/foxy LD_LIBRARY_PATH=/home/jingyan/px4_ros_com_ros2/install/px4_msgs/lib:${LD_LIBRARY_PATH} PYTHONPATH=/home/jingyan/px4_ros_com_ros2/install/px4_msgs/lib/python3.8/site-packages:${PYTHONPATH} /usr/bin/cmake --build /home/jingyan/px4_ros_com_ros2/build/px4_ros_com -- -j16 -l16
[0.079s] [35m[1mScanning dependencies of target offboard_control[0m
[0.102s] [  2%] Built target frame_transforms
[0.104s] [  4%] Built target vehicle_gps_position_listener
[0.105s] [  6%] Built target debug_vect_advertiser
[0.108s] [  8%] Built target offboard_control_vel
[0.112s] [  9%] [32mBuilding CXX object CMakeFiles/offboard_control.dir/src/examples/offboard/offboard_control.cpp.o[0m
[0.113s] [ 11%] Built target sensor_combined_listener
[0.113s] [ 12%] Built target Odom_transform
[0.151s] [ 99%] Built target micrortps_agent
[1.695s] [01m[K/home/jingyan/px4_ros_com_ros2/src/px4_ros_com/src/examples/offboard/offboard_control.cpp:[m[K In member function ‘[01m[Kvoid OffboardControl::OnVelVect(geometry_msgs::msg::Twist_<std::allocator<void> >::UniquePtr) const[m[K’:
[1.695s] [01m[K/home/jingyan/px4_ros_com_ros2/src/px4_ros_com/src/examples/offboard/offboard_control.cpp:179:25:[m[K [01;31m[Kerror: [m[K‘[01m[Kmsg[m[K’ is not a class, namespace, or enumeration
[1.695s]   179 |  OffboardControl::xv = -[01;31m[Kmsg[m[K::linear::x;
[1.695s]       |                         [01;31m[K^~~[m[K
[1.695s] [01m[K/home/jingyan/px4_ros_com_ros2/src/px4_ros_com/src/examples/offboard/offboard_control.cpp:180:25:[m[K [01;31m[Kerror: [m[K‘[01m[Kmsg[m[K’ is not a class, namespace, or enumeration
[1.695s]   180 |  OffboardControl::yv = -[01;31m[Kmsg[m[K::linear::y;
[1.695s]       |                         [01;31m[K^~~[m[K
[1.695s] [01m[K/home/jingyan/px4_ros_com_ros2/src/px4_ros_com/src/examples/offboard/offboard_control.cpp:181:27:[m[K [01;31m[Kerror: [m[K‘[01m[Kmsg[m[K’ is not a class, namespace, or enumeration
[1.695s]   181 |  OffboardControl::yawv = -[01;31m[Kmsg[m[K::angular::z;
[1.695s]       |                           [01;31m[K^~~[m[K
[1.695s] [01m[K/home/jingyan/px4_ros_com_ros2/src/px4_ros_com/src/examples/offboard/offboard_control.cpp:177:76:[m[K [01;35m[Kwarning: [m[Kunused parameter ‘[01m[Kmsg[m[K’ [[01;35m[K-Wunused-parameter[m[K]
[1.695s]   177 | void OffboardControl::OnVelVect([01;35m[Kconst geometry_msgs::msg::Twist::UniquePtr msg[m[K) const
[1.696s]       |                                 [01;35m[K~~~~~~~~~~~~~~~~~~~~~~~~~~~~~~~~~~~~~~~~~~~^~~[m[K
[3.697s] make[2]: *** [CMakeFiles/offboard_control.dir/build.make:63: CMakeFiles/offboard_control.dir/src/examples/offboard/offboard_control.cpp.o] Error 1
[3.697s] make[1]: *** [CMakeFiles/Makefile2:119: CMakeFiles/offboard_control.dir/all] Error 2
[3.697s] make: *** [Makefile:141: all] Error 2
[3.700s] Invoked command in '/home/jingyan/px4_ros_com_ros2/build/px4_ros_com' returned '2': AMENT_PREFIX_PATH=/home/jingyan/px4_ros_com_ros2/install/px4_msgs:${AMENT_PREFIX_PATH} CMAKE_PREFIX_PATH=/home/jingyan/px4_ros_com_ros2/install/px4_msgs:/opt/ros/foxy LD_LIBRARY_PATH=/home/jingyan/px4_ros_com_ros2/install/px4_msgs/lib:${LD_LIBRARY_PATH} PYTHONPATH=/home/jingyan/px4_ros_com_ros2/install/px4_msgs/lib/python3.8/site-packages:${PYTHONPATH} /usr/bin/cmake --build /home/jingyan/px4_ros_com_ros2/build/px4_ros_com -- -j16 -l16
