[0.884s] Invoking command in '/home/jingyan/px4_ros_com_ros2/src/iwr6843aop_pub-main': PYTHONPATH=/home/jingyan/px4_ros_com_ros2/install/iwr6843aop_pub/lib/python3.8/site-packages:${PYTHONPATH} /usr/bin/python3 setup.py egg_info --egg-base ../../build/iwr6843aop_pub build --build-base /home/jingyan/px4_ros_com_ros2/build/iwr6843aop_pub/build install --prefix /home/jingyan/px4_ros_com_ros2/install/iwr6843aop_pub --record /home/jingyan/px4_ros_com_ros2/build/iwr6843aop_pub/install.log --single-version-externally-managed
[1.083s] /usr/local/lib/python3.8/dist-packages/setuptools/dist.py:771: UserWarning: Usage of dash-separated 'script-dir' will not be supported in future versions. Please use the underscore name 'script_dir' instead
[1.083s]   warnings.warn(
[1.083s] /usr/local/lib/python3.8/dist-packages/setuptools/dist.py:771: UserWarning: Usage of dash-separated 'install-scripts' will not be supported in future versions. Please use the underscore name 'install_scripts' instead
[1.083s]   warnings.warn(
[1.140s] running egg_info
[1.141s] creating ../../build/iwr6843aop_pub/iwr6843aop_pub.egg-info
[1.149s] writing ../../build/iwr6843aop_pub/iwr6843aop_pub.egg-info/PKG-INFO
[1.150s] writing dependency_links to ../../build/iwr6843aop_pub/iwr6843aop_pub.egg-info/dependency_links.txt
[1.150s] writing entry points to ../../build/iwr6843aop_pub/iwr6843aop_pub.egg-info/entry_points.txt
[1.150s] writing requirements to ../../build/iwr6843aop_pub/iwr6843aop_pub.egg-info/requires.txt
[1.150s] writing top-level names to ../../build/iwr6843aop_pub/iwr6843aop_pub.egg-info/top_level.txt
[1.155s] writing manifest file '../../build/iwr6843aop_pub/iwr6843aop_pub.egg-info/SOURCES.txt'
[1.178s] reading manifest file '../../build/iwr6843aop_pub/iwr6843aop_pub.egg-info/SOURCES.txt'
[1.178s] writing manifest file '../../build/iwr6843aop_pub/iwr6843aop_pub.egg-info/SOURCES.txt'
[1.179s] running build
[1.179s] running build_py
[1.179s] creating /home/jingyan/px4_ros_com_ros2/build/iwr6843aop_pub/build
[1.179s] creating /home/jingyan/px4_ros_com_ros2/build/iwr6843aop_pub/build/lib
[1.179s] creating /home/jingyan/px4_ros_com_ros2/build/iwr6843aop_pub/build/lib/iwr6843aop_pub
[1.179s] copying iwr6843aop_pub/__init__.py -> /home/jingyan/px4_ros_com_ros2/build/iwr6843aop_pub/build/lib/iwr6843aop_pub
[1.179s] copying iwr6843aop_pub/publisher_member_function.py -> /home/jingyan/px4_ros_com_ros2/build/iwr6843aop_pub/build/lib/iwr6843aop_pub
[1.179s] running install
[1.180s] /usr/local/lib/python3.8/dist-packages/setuptools/command/install.py:34: SetuptoolsDeprecationWarning: setup.py install is deprecated. Use build and pip and other standards-based tools.
[1.180s]   warnings.warn(
[1.183s] running install_lib
[1.191s] creating /home/jingyan/px4_ros_com_ros2/install/iwr6843aop_pub/lib/python3.8/site-packages/iwr6843aop_pub
[1.192s] copying /home/jingyan/px4_ros_com_ros2/build/iwr6843aop_pub/build/lib/iwr6843aop_pub/__init__.py -> /home/jingyan/px4_ros_com_ros2/install/iwr6843aop_pub/lib/python3.8/site-packages/iwr6843aop_pub
[1.192s] copying /home/jingyan/px4_ros_com_ros2/build/iwr6843aop_pub/build/lib/iwr6843aop_pub/publisher_member_function.py -> /home/jingyan/px4_ros_com_ros2/install/iwr6843aop_pub/lib/python3.8/site-packages/iwr6843aop_pub
[1.192s] byte-compiling /home/jingyan/px4_ros_com_ros2/install/iwr6843aop_pub/lib/python3.8/site-packages/iwr6843aop_pub/__init__.py to __init__.cpython-38.pyc
[1.192s] byte-compiling /home/jingyan/px4_ros_com_ros2/install/iwr6843aop_pub/lib/python3.8/site-packages/iwr6843aop_pub/publisher_member_function.py to publisher_member_function.cpython-38.pyc
[1.194s] running install_data
[1.202s] creating /home/jingyan/px4_ros_com_ros2/install/iwr6843aop_pub/share/ament_index
[1.202s] creating /home/jingyan/px4_ros_com_ros2/install/iwr6843aop_pub/share/ament_index/resource_index
[1.202s] creating /home/jingyan/px4_ros_com_ros2/install/iwr6843aop_pub/share/ament_index/resource_index/packages
[1.202s] copying resource/iwr6843aop_pub -> /home/jingyan/px4_ros_com_ros2/install/iwr6843aop_pub/share/ament_index/resource_index/packages
[1.202s] copying package.xml -> /home/jingyan/px4_ros_com_ros2/install/iwr6843aop_pub/share/iwr6843aop_pub
[1.202s] running install_egg_info
[1.211s] Copying ../../build/iwr6843aop_pub/iwr6843aop_pub.egg-info to /home/jingyan/px4_ros_com_ros2/install/iwr6843aop_pub/lib/python3.8/site-packages/iwr6843aop_pub-0.0.0-py3.8.egg-info
[1.211s] running install_scripts
[1.254s] Installing pcl_pub script to /home/jingyan/px4_ros_com_ros2/install/iwr6843aop_pub/lib/iwr6843aop_pub
[1.255s] writing list of installed files to '/home/jingyan/px4_ros_com_ros2/build/iwr6843aop_pub/install.log'
[1.297s] Invoked command in '/home/jingyan/px4_ros_com_ros2/src/iwr6843aop_pub-main' returned '0': PYTHONPATH=/home/jingyan/px4_ros_com_ros2/install/iwr6843aop_pub/lib/python3.8/site-packages:${PYTHONPATH} /usr/bin/python3 setup.py egg_info --egg-base ../../build/iwr6843aop_pub build --build-base /home/jingyan/px4_ros_com_ros2/build/iwr6843aop_pub/build install --prefix /home/jingyan/px4_ros_com_ros2/install/iwr6843aop_pub --record /home/jingyan/px4_ros_com_ros2/build/iwr6843aop_pub/install.log --single-version-externally-managed
