[0.021s] Invoking command in '/home/jingyan/px4_ros_com_ros2/build/px4_ros_com': AMENT_PREFIX_PATH=/home/jingyan/px4_ros_com_ros2/install/px4_msgs:${AMENT_PREFIX_PATH} CMAKE_PREFIX_PATH=/home/jingyan/px4_ros_com_ros2/install/px4_msgs:/opt/ros/foxy LD_LIBRARY_PATH=/home/jingyan/px4_ros_com_ros2/install/px4_msgs/lib:${LD_LIBRARY_PATH} PYTHONPATH=/home/jingyan/px4_ros_com_ros2/install/px4_msgs/lib/python3.8/site-packages:${PYTHONPATH} /usr/bin/cmake --build /home/jingyan/px4_ros_com_ros2/build/px4_ros_com -- -j16 -l16
[0.078s] [35m[1mScanning dependencies of target offboard_control_vel[0m
[0.094s] [  1%] Built target Odom_transform
[0.096s] [  3%] Built target offboard_control
[0.096s] [  5%] Built target frame_transforms
[0.098s] [  7%] Built target vehicle_gps_position_listener
[0.099s] [ 11%] Built target debug_vect_advertiser
[0.099s] [ 11%] Built target sensor_combined_listener
[0.119s] [ 12%] [32mBuilding CXX object CMakeFiles/offboard_control_vel.dir/src/examples/offboard/offboard_control_vel.cpp.o[0m
[0.143s] [ 99%] Built target micrortps_agent
[6.923s] [100%] [32m[1mLinking CXX executable offboard_control_vel[0m
[7.272s] [100%] Built target offboard_control_vel
[7.287s] Invoked command in '/home/jingyan/px4_ros_com_ros2/build/px4_ros_com' returned '0': AMENT_PREFIX_PATH=/home/jingyan/px4_ros_com_ros2/install/px4_msgs:${AMENT_PREFIX_PATH} CMAKE_PREFIX_PATH=/home/jingyan/px4_ros_com_ros2/install/px4_msgs:/opt/ros/foxy LD_LIBRARY_PATH=/home/jingyan/px4_ros_com_ros2/install/px4_msgs/lib:${LD_LIBRARY_PATH} PYTHONPATH=/home/jingyan/px4_ros_com_ros2/install/px4_msgs/lib/python3.8/site-packages:${PYTHONPATH} /usr/bin/cmake --build /home/jingyan/px4_ros_com_ros2/build/px4_ros_com -- -j16 -l16
[7.603s] Invoking command in '/home/jingyan/px4_ros_com_ros2/build/px4_ros_com': AMENT_PREFIX_PATH=/home/jingyan/px4_ros_com_ros2/install/px4_msgs:${AMENT_PREFIX_PATH} CMAKE_PREFIX_PATH=/home/jingyan/px4_ros_com_ros2/install/px4_msgs:/opt/ros/foxy LD_LIBRARY_PATH=/home/jingyan/px4_ros_com_ros2/install/px4_msgs/lib:${LD_LIBRARY_PATH} PYTHONPATH=/home/jingyan/px4_ros_com_ros2/install/px4_msgs/lib/python3.8/site-packages:${PYTHONPATH} /usr/bin/cmake --install /home/jingyan/px4_ros_com_ros2/build/px4_ros_com
[7.611s] -- Install configuration: ""
[7.611s] -- Installing: /home/jingyan/px4_ros_com_ros2/install/px4_ros_com/lib/px4_ros_com/offboard_control_vel
[7.620s] -- Set runtime path of "/home/jingyan/px4_ros_com_ros2/install/px4_ros_com/lib/px4_ros_com/offboard_control_vel" to ""
[7.620s] -- Up-to-date: /home/jingyan/px4_ros_com_ros2/install/px4_ros_com/include/px4_ros_com
[7.620s] -- Up-to-date: /home/jingyan/px4_ros_com_ros2/install/px4_ros_com/share/px4_ros_com/cmake
[7.620s] -- Up-to-date: /home/jingyan/px4_ros_com_ros2/install/px4_ros_com/lib/libframe_transforms.so
[7.620s] -- Up-to-date: /home/jingyan/px4_ros_com_ros2/install/px4_ros_com/bin/micrortps_agent
[7.620s] -- Up-to-date: /home/jingyan/px4_ros_com_ros2/install/px4_ros_com/share/px4_ros_com/launch
[7.620s] -- Up-to-date: /home/jingyan/px4_ros_com_ros2/install/px4_ros_com/share/px4_ros_com/launch/odom.launch.py
[7.620s] -- Up-to-date: /home/jingyan/px4_ros_com_ros2/install/px4_ros_com/share/px4_ros_com/test
[7.621s] -- Installing: /home/jingyan/px4_ros_com_ros2/install/px4_ros_com/share/px4_ros_com/package.dsv
[7.621s] -- Up-to-date: /home/jingyan/px4_ros_com_ros2/install/px4_ros_com/share/px4_ros_com/cmake/export_frame_transformsExport.cmake
[7.621s] -- Up-to-date: /home/jingyan/px4_ros_com_ros2/install/px4_ros_com/share/px4_ros_com/cmake/export_frame_transformsExport-noconfig.cmake
[7.628s] Invoked command in '/home/jingyan/px4_ros_com_ros2/build/px4_ros_com' returned '0': AMENT_PREFIX_PATH=/home/jingyan/px4_ros_com_ros2/install/px4_msgs:${AMENT_PREFIX_PATH} CMAKE_PREFIX_PATH=/home/jingyan/px4_ros_com_ros2/install/px4_msgs:/opt/ros/foxy LD_LIBRARY_PATH=/home/jingyan/px4_ros_com_ros2/install/px4_msgs/lib:${LD_LIBRARY_PATH} PYTHONPATH=/home/jingyan/px4_ros_com_ros2/install/px4_msgs/lib/python3.8/site-packages:${PYTHONPATH} /usr/bin/cmake --install /home/jingyan/px4_ros_com_ros2/build/px4_ros_com
