running egg_info
writing ../../build/iwr6843aop_pub/iwr6843aop_pub.egg-info/PKG-INFO
writing dependency_links to ../../build/iwr6843aop_pub/iwr6843aop_pub.egg-info/dependency_links.txt
writing entry points to ../../build/iwr6843aop_pub/iwr6843aop_pub.egg-info/entry_points.txt
writing requirements to ../../build/iwr6843aop_pub/iwr6843aop_pub.egg-info/requires.txt
writing top-level names to ../../build/iwr6843aop_pub/iwr6843aop_pub.egg-info/top_level.txt
reading manifest file '../../build/iwr6843aop_pub/iwr6843aop_pub.egg-info/SOURCES.txt'
writing manifest file '../../build/iwr6843aop_pub/iwr6843aop_pub.egg-info/SOURCES.txt'
running build
running build_py
copying iwr6843aop_pub/publisher_member_function.py -> /home/jingyan/px4_ros_com_ros2/build/iwr6843aop_pub/build/lib/iwr6843aop_pub
running install
running install_lib
copying /home/jingyan/px4_ros_com_ros2/build/iwr6843aop_pub/build/lib/iwr6843aop_pub/publisher_member_function.py -> /home/jingyan/px4_ros_com_ros2/install/iwr6843aop_pub/lib/python3.8/site-packages/iwr6843aop_pub
byte-compiling /home/jingyan/px4_ros_com_ros2/install/iwr6843aop_pub/lib/python3.8/site-packages/iwr6843aop_pub/publisher_member_function.py to publisher_member_function.cpython-38.pyc
running install_data
running install_egg_info
removing '/home/jingyan/px4_ros_com_ros2/install/iwr6843aop_pub/lib/python3.8/site-packages/iwr6843aop_pub-0.0.0-py3.8.egg-info' (and everything under it)
Copying ../../build/iwr6843aop_pub/iwr6843aop_pub.egg-info to /home/jingyan/px4_ros_com_ros2/install/iwr6843aop_pub/lib/python3.8/site-packages/iwr6843aop_pub-0.0.0-py3.8.egg-info
running install_scripts
Installing pcl_pub script to /home/jingyan/px4_ros_com_ros2/install/iwr6843aop_pub/lib/iwr6843aop_pub
writing list of installed files to '/home/jingyan/px4_ros_com_ros2/build/iwr6843aop_pub/install.log'
