[0.019s] Invoking command in '/home/jingyan/px4_ros_com_ros2/build/px4_ros_com': AMENT_PREFIX_PATH=/home/jingyan/px4_ros_com_ros2/install/px4_msgs:${AMENT_PREFIX_PATH} CMAKE_PREFIX_PATH=/home/jingyan/px4_ros_com_ros2/install/px4_msgs:/opt/ros/foxy LD_LIBRARY_PATH=/home/jingyan/px4_ros_com_ros2/install/px4_msgs/lib:${LD_LIBRARY_PATH} PYTHONPATH=/home/jingyan/px4_ros_com_ros2/install/px4_msgs/lib/python3.8/site-packages:${PYTHONPATH} /usr/bin/cmake --build /home/jingyan/px4_ros_com_ros2/build/px4_ros_com -- -j16 -l16
[0.077s] [35m[1mScanning dependencies of target offboard_control[0m
[0.087s] [  2%] Built target frame_transforms
[0.093s] [  4%] Built target vehicle_gps_position_listener
[0.095s] [  6%] Built target debug_vect_advertiser
[0.096s] [  8%] Built target sensor_combined_listener
[0.096s] [  9%] Built target Odom_transform
[0.097s] [ 11%] Built target offboard_control_vel
[0.104s] [ 13%] Built target offboard_control_absolute_version
[0.105s] [ 14%] [32mBuilding CXX object CMakeFiles/offboard_control.dir/src/examples/offboard/offboard_control.cpp.o[0m
[0.133s] [ 99%] Built target micrortps_agent
[9.713s] [100%] [32m[1mLinking CXX executable offboard_control[0m
[10.277s] [100%] Built target offboard_control
[10.293s] Invoked command in '/home/jingyan/px4_ros_com_ros2/build/px4_ros_com' returned '0': AMENT_PREFIX_PATH=/home/jingyan/px4_ros_com_ros2/install/px4_msgs:${AMENT_PREFIX_PATH} CMAKE_PREFIX_PATH=/home/jingyan/px4_ros_com_ros2/install/px4_msgs:/opt/ros/foxy LD_LIBRARY_PATH=/home/jingyan/px4_ros_com_ros2/install/px4_msgs/lib:${LD_LIBRARY_PATH} PYTHONPATH=/home/jingyan/px4_ros_com_ros2/install/px4_msgs/lib/python3.8/site-packages:${PYTHONPATH} /usr/bin/cmake --build /home/jingyan/px4_ros_com_ros2/build/px4_ros_com -- -j16 -l16
[10.612s] Invoking command in '/home/jingyan/px4_ros_com_ros2/build/px4_ros_com': AMENT_PREFIX_PATH=/home/jingyan/px4_ros_com_ros2/install/px4_msgs:${AMENT_PREFIX_PATH} CMAKE_PREFIX_PATH=/home/jingyan/px4_ros_com_ros2/install/px4_msgs:/opt/ros/foxy LD_LIBRARY_PATH=/home/jingyan/px4_ros_com_ros2/install/px4_msgs/lib:${LD_LIBRARY_PATH} PYTHONPATH=/home/jingyan/px4_ros_com_ros2/install/px4_msgs/lib/python3.8/site-packages:${PYTHONPATH} /usr/bin/cmake --install /home/jingyan/px4_ros_com_ros2/build/px4_ros_com
[10.623s] -- Install configuration: ""
[10.623s] -- Up-to-date: /home/jingyan/px4_ros_com_ros2/install/px4_ros_com/lib/px4_ros_com/offboard_control_vel
[10.624s] -- Up-to-date: /home/jingyan/px4_ros_com_ros2/install/px4_ros_com/lib/px4_ros_com/offboard_control_absolute_version
[10.624s] -- Up-to-date: /home/jingyan/px4_ros_com_ros2/install/px4_ros_com/include/px4_ros_com
[10.624s] -- Up-to-date: /home/jingyan/px4_ros_com_ros2/install/px4_ros_com/share/px4_ros_com/cmake
[10.624s] -- Up-to-date: /home/jingyan/px4_ros_com_ros2/install/px4_ros_com/lib/libframe_transforms.so
[10.625s] -- Up-to-date: /home/jingyan/px4_ros_com_ros2/install/px4_ros_com/bin/micrortps_agent
[10.625s] -- Up-to-date: /home/jingyan/px4_ros_com_ros2/install/px4_ros_com/share/px4_ros_com/launch
[10.625s] -- Up-to-date: /home/jingyan/px4_ros_com_ros2/install/px4_ros_com/share/px4_ros_com/launch/odom.launch.py
[10.625s] -- Up-to-date: /home/jingyan/px4_ros_com_ros2/install/px4_ros_com/share/px4_ros_com/test
[10.625s] -- Installing: /home/jingyan/px4_ros_com_ros2/install/px4_ros_com/share/px4_ros_com/package.dsv
[10.626s] -- Up-to-date: /home/jingyan/px4_ros_com_ros2/install/px4_ros_com/share/px4_ros_com/cmake/export_frame_transformsExport.cmake
[10.626s] -- Up-to-date: /home/jingyan/px4_ros_com_ros2/install/px4_ros_com/share/px4_ros_com/cmake/export_frame_transformsExport-noconfig.cmake
[10.629s] Invoked command in '/home/jingyan/px4_ros_com_ros2/build/px4_ros_com' returned '0': AMENT_PREFIX_PATH=/home/jingyan/px4_ros_com_ros2/install/px4_msgs:${AMENT_PREFIX_PATH} CMAKE_PREFIX_PATH=/home/jingyan/px4_ros_com_ros2/install/px4_msgs:/opt/ros/foxy LD_LIBRARY_PATH=/home/jingyan/px4_ros_com_ros2/install/px4_msgs/lib:${LD_LIBRARY_PATH} PYTHONPATH=/home/jingyan/px4_ros_com_ros2/install/px4_msgs/lib/python3.8/site-packages:${PYTHONPATH} /usr/bin/cmake --install /home/jingyan/px4_ros_com_ros2/build/px4_ros_com
