[0.019s] Invoking command in '/home/jingyan/px4_ros_com_ros2/build/px4_ros_com': CMAKE_PREFIX_PATH=/home/jingyan/px4_ros_com_ros2/install/px4_msgs:/home/jingyan/px4_ros_com_ros2/install/px4_ros_com:/home/jingyan/px4_ros_com_ros2/install/fishbot_cartographer:/home/jingyan/px4_ros_com_ros2/install/iwr6843aop_pub:/opt/ros/foxy LD_LIBRARY_PATH=/home/jingyan/px4_ros_com_ros2/install/px4_msgs/lib:/home/jingyan/px4_ros_com_ros2/install/px4_ros_com/lib:/usr/lib/x86_64-linux-gnu/gazebo-11/plugins:/opt/ros/foxy/opt/yaml_cpp_vendor/lib:/opt/ros/foxy/opt/rviz_ogre_vendor/lib:/opt/ros/foxy/lib/x86_64-linux-gnu:/opt/ros/foxy/lib /usr/bin/cmake --build /home/jingyan/px4_ros_com_ros2/build/px4_ros_com -- -j16 -l16
[0.079s] [35m[1mScanning dependencies of target offboard_control_vel[0m
[0.090s] [  2%] Built target frame_transforms
[0.096s] [  3%] Built target Odom_transform
[0.097s] [  5%] Built target offboard_control
[0.098s] [  7%] Built target debug_vect_advertiser
[0.101s] [  9%] Built target sensor_combined_listener
[0.103s] [ 11%] Built target vehicle_gps_position_listener
[0.112s] [ 12%] [32mBuilding CXX object CMakeFiles/offboard_control_vel.dir/src/examples/offboard/offboard_control_vel.cpp.o[0m
[0.142s] [ 99%] Built target micrortps_agent
[1.496s] [01m[K/home/jingyan/px4_ros_com_ros2/src/px4_ros_com/src/examples/offboard/offboard_control_vel.cpp:[m[K In lambda function:
[1.496s] [01m[K/home/jingyan/px4_ros_com_ros2/src/px4_ros_com/src/examples/offboard/offboard_control_vel.cpp:121:34:[m[K [01;31m[Kerror: [m[Kexpected ‘[01m[K;[m[K’ before ‘[01m[K}[m[K’ token
[1.497s]   121 |     VelocityDroneControl(0, 3, 0)
[1.497s]       |                                  [01;31m[K^[m[K
[1.497s]       |                                  [32m[K;[m[K
[1.497s]   122 |    [32m[K}[m[K
[1.497s]       |    [32m[K~[m[K                              
[1.502s] [01m[K/home/jingyan/px4_ros_com_ros2/src/px4_ros_com/src/examples/offboard/offboard_control_vel.cpp:[m[K At global scope:
[1.502s] [01m[K/home/jingyan/px4_ros_com_ros2/src/px4_ros_com/src/examples/offboard/offboard_control_vel.cpp:161:6:[m[K [01;31m[Kerror: [m[K‘[01m[KVelocityControlVectorAdvertiser[m[K’ has not been declared
[1.503s]   161 | void [01;31m[KVelocityControlVectorAdvertiser[m[K::VelocityDroneControl(float xv, float yv, float zv)
[1.503s]       |      [01;31m[K^~~~~~~~~~~~~~~~~~~~~~~~~~~~~~~[m[K
[1.503s] [01m[K/home/jingyan/px4_ros_com_ros2/src/px4_ros_com/src/examples/offboard/offboard_control_vel.cpp:[m[K In function ‘[01m[Kvoid VelocityDroneControl(float, float, float)[m[K’:
[1.503s] [01m[K/home/jingyan/px4_ros_com_ros2/src/px4_ros_com/src/examples/offboard/offboard_control_vel.cpp:170:2:[m[K [01;31m[Kerror: [m[Kinvalid use of ‘[01m[Kthis[m[K’ in non-member function
[1.503s]   170 |  [01;31m[Kthis[m[K->vel_publisher_->publish(vel_ctrl_vect);
[1.504s]       |  [01;31m[K^~~~[m[K
[3.379s] make[2]: *** [CMakeFiles/offboard_control_vel.dir/build.make:63: CMakeFiles/offboard_control_vel.dir/src/examples/offboard/offboard_control_vel.cpp.o] Error 1
[3.379s] make[1]: *** [CMakeFiles/Makefile2:254: CMakeFiles/offboard_control_vel.dir/all] Error 2
[3.380s] make: *** [Makefile:141: all] Error 2
[3.383s] Invoked command in '/home/jingyan/px4_ros_com_ros2/build/px4_ros_com' returned '2': CMAKE_PREFIX_PATH=/home/jingyan/px4_ros_com_ros2/install/px4_msgs:/home/jingyan/px4_ros_com_ros2/install/px4_ros_com:/home/jingyan/px4_ros_com_ros2/install/fishbot_cartographer:/home/jingyan/px4_ros_com_ros2/install/iwr6843aop_pub:/opt/ros/foxy LD_LIBRARY_PATH=/home/jingyan/px4_ros_com_ros2/install/px4_msgs/lib:/home/jingyan/px4_ros_com_ros2/install/px4_ros_com/lib:/usr/lib/x86_64-linux-gnu/gazebo-11/plugins:/opt/ros/foxy/opt/yaml_cpp_vendor/lib:/opt/ros/foxy/opt/rviz_ogre_vendor/lib:/opt/ros/foxy/lib/x86_64-linux-gnu:/opt/ros/foxy/lib /usr/bin/cmake --build /home/jingyan/px4_ros_com_ros2/build/px4_ros_com -- -j16 -l16
