[35m[1mScanning dependencies of target offboard_control[0m
[  2%] Built target debug_vect_advertiser
[  4%] Built target frame_transforms
[  8%] Built target sensor_combined_listener
[  8%] Built target vehicle_gps_position_listener
[ 10%] Built target offboard_control_vel
[ 11%] Built target Odom_transform
[ 12%] [32mBuilding CXX object CMakeFiles/offboard_control.dir/src/examples/offboard/offboard_control.cpp.o[0m
[ 99%] Built target micrortps_agent
[01m[K/home/jingyan/px4_ros_com_ros2/src/px4_ros_com/src/examples/offboard/offboard_control.cpp:135:38:[m[K [01;31m[Kerror: [m[K‘[01m[KDebugVect[m[K’ in namespace ‘[01m[Kpx4_msgs::msg[m[K’ does not name a type
  135 |  void OnVelVect(const px4_msgs::msg::[01;31m[KDebugVect[m[K::UniquePtr msg);
      |                                      [01;31m[K^~~~~~~~~[m[K
[01m[K/home/jingyan/px4_ros_com_ros2/src/px4_ros_com/src/examples/offboard/offboard_control.cpp:135:59:[m[K [01;31m[Kerror: [m[Kexpected unqualified-id before ‘[01m[Kmsg[m[K’
  135 |  void OnVelVect(const px4_msgs::msg::DebugVect::UniquePtr [01;31m[Kmsg[m[K);
      |                                                           [01;31m[K^~~[m[K
[01m[K/home/jingyan/px4_ros_com_ros2/src/px4_ros_com/src/examples/offboard/offboard_control.cpp:135:58:[m[K [01;31m[Kerror: [m[Kexpected ‘[01m[K)[m[K’ before ‘[01m[Kmsg[m[K’
  135 |  void OnVelVect[34m[K([m[Kconst px4_msgs::msg::DebugVect::UniquePtr[01;31m[K [m[K[32m[Kmsg[m[K);
      |                [34m[K~[m[K                                         [01;31m[K^[m[K[32m[K~~~[m[K
      |                                                          [32m[K)[m[K
[01m[K/home/jingyan/px4_ros_com_ros2/src/px4_ros_com/src/examples/offboard/offboard_control.cpp:135:49:[m[K [01;31m[Kerror: [m[Kexpected ‘[01m[K;[m[K’ at end of member declaration
  135 |  void OnVelVect(const px4_msgs::msg::DebugVect::[01;31m[KUniquePtr[m[K msg);
      |                                                 [01;31m[K^~~~~~~~~[m[K
      |                                                          [32m[K;[m[K
[01m[K/home/jingyan/px4_ros_com_ros2/src/px4_ros_com/src/examples/offboard/offboard_control.cpp:135:59:[m[K [01;31m[Kerror: [m[K‘[01m[Kmsg[m[K’ does not name a type
  135 |  void OnVelVect(const px4_msgs::msg::DebugVect::UniquePtr [01;31m[Kmsg[m[K);
      |                                                           [01;31m[K^~~[m[K
[01m[K/home/jingyan/px4_ros_com_ros2/src/px4_ros_com/src/examples/offboard/offboard_control.cpp:[m[K In lambda function:
[01m[K/home/jingyan/px4_ros_com_ros2/src/px4_ros_com/src/examples/offboard/offboard_control.cpp:100:11:[m[K [01;31m[Kerror: [m[K‘[01m[Kclass OffboardControl[m[K’ has no member named ‘[01m[Karm[m[K’
  100 |     this->[01;31m[Karm[m[K();
      |           [01;31m[K^~~[m[K
[01m[K/home/jingyan/px4_ros_com_ros2/src/px4_ros_com/src/examples/offboard/offboard_control.cpp:[m[K In constructor ‘[01m[KOffboardControl::OffboardControl()[m[K’:
[01m[K/home/jingyan/px4_ros_com_ros2/src/px4_ros_com/src/examples/offboard/offboard_control.cpp:114:3:[m[K [01;31m[Kerror: [m[K‘[01m[Ksubscription_[m[K’ was not declared in this scope; did you mean ‘[01m[Krcl_subscription_t[m[K’?
  114 |   [01;31m[Ksubscription_[m[K = this->create_subscription<geometry_msgs::msg::Twist>(
      |   [01;31m[K^~~~~~~~~~~~~[m[K
      |   [32m[Krcl_subscription_t[m[K
[01m[K/home/jingyan/px4_ros_com_ros2/src/px4_ros_com/src/examples/offboard/offboard_control.cpp:114:45:[m[K [01;31m[Kerror: [m[K‘[01m[Kgeometry_msgs[m[K’ was not declared in this scope
  114 |   subscription_ = this->create_subscription<[01;31m[Kgeometry_msgs[m[K::msg::Twist>(
      |                                             [01;31m[K^~~~~~~~~~~~~[m[K
[01m[K/home/jingyan/px4_ros_com_ros2/src/px4_ros_com/src/examples/offboard/offboard_control.cpp:114:25:[m[K [01;31m[Kerror: [m[Kparse error in template argument list
  114 |   subscription_ = this->[01;31m[Kcreate_subscription<geometry_msgs::msg::Twist>[m[K(
      |                         [01;31m[K^~~~~~~~~~~~~~~~~~~~~~~~~~~~~~~~~~~~~~~~~~~~~~[m[K
[01m[K/home/jingyan/px4_ros_com_ros2/src/px4_ros_com/src/examples/offboard/offboard_control.cpp:116:71:[m[K [01;31m[Kerror: [m[Kno matching function for call to ‘[01m[KOffboardControl::create_subscription<<expression error> >(const char [8], int, std::_Bind_helper<false, void (OffboardControl::*)(...), OffboardControl*, const std::_Placeholder<1>&>::type)[m[K’
  116 |    std::bind(&OffboardControl::OnVelVect, this, std::placeholders::_1)[01;31m[K)[m[K;
      |                                                                       [01;31m[K^[m[K
In file included from [01m[K/opt/ros/foxy/include/rclcpp/node.hpp:1224[m[K,
                 from [01m[K/opt/ros/foxy/include/rclcpp/executors/single_threaded_executor.hpp:28[m[K,
                 from [01m[K/opt/ros/foxy/include/rclcpp/executors.hpp:22[m[K,
                 from [01m[K/opt/ros/foxy/include/rclcpp/rclcpp.hpp:146[m[K,
                 from [01m[K/home/jingyan/px4_ros_com_ros2/src/px4_ros_com/src/examples/offboard/offboard_control.cpp:51[m[K:
[01m[K/opt/ros/foxy/include/rclcpp/node_impl.hpp:91:1:[m[K [01;36m[Knote: [m[Kcandidate: ‘[01m[Ktemplate<class MessageT, class CallbackT, class AllocatorT, class CallbackMessageT, class SubscriptionT, class MessageMemoryStrategyT> std::shared_ptr<SubscriptionT> rclcpp::Node::create_subscription(const string&, const rclcpp::QoS&, CallbackT&&, const rclcpp::SubscriptionOptionsWithAllocator<AllocatorT>&, typename MessageMemoryStrategyT::SharedPtr)[m[K’
   91 | [01;36m[KNode[m[K::create_subscription(
      | [01;36m[K^~~~[m[K
[01m[K/opt/ros/foxy/include/rclcpp/node_impl.hpp:91:1:[m[K [01;36m[Knote: [m[K  template argument deduction/substitution failed:
[01m[K/home/jingyan/px4_ros_com_ros2/src/px4_ros_com/src/examples/offboard/offboard_control.cpp:116:71:[m[K [01;31m[Kerror: [m[Ktemplate argument 1 is invalid
  116 |    std::bind(&OffboardControl::OnVelVect, this, std::placeholders::_1)[01;31m[K)[m[K;
      |                                                                       [01;31m[K^[m[K
[01m[K/home/jingyan/px4_ros_com_ros2/src/px4_ros_com/src/examples/offboard/offboard_control.cpp:[m[K At global scope:
[01m[K/home/jingyan/px4_ros_com_ros2/src/px4_ros_com/src/examples/offboard/offboard_control.cpp:141:6:[m[K [01;31m[Kerror: [m[Kno declaration matches ‘[01m[Kvoid OffboardControl::arm() const[m[K’
  141 | void [01;31m[KOffboardControl[m[K::arm() const
      |      [01;31m[K^~~~~~~~~~~~~~~[m[K
[01m[K/home/jingyan/px4_ros_com_ros2/src/px4_ros_com/src/examples/offboard/offboard_control.cpp:141:6:[m[K [01;36m[Knote: [m[Kno functions named ‘[01m[Kvoid OffboardControl::arm() const[m[K’
[01m[K/home/jingyan/px4_ros_com_ros2/src/px4_ros_com/src/examples/offboard/offboard_control.cpp:61:7:[m[K [01;36m[Knote: [m[K‘[01m[Kclass OffboardControl[m[K’ defined here
   61 | class [01;36m[KOffboardControl[m[K : public rclcpp::Node
      |       [01;36m[K^~~~~~~~~~~~~~~[m[K
[01m[K/home/jingyan/px4_ros_com_ros2/src/px4_ros_com/src/examples/offboard/offboard_control.cpp:151:6:[m[K [01;31m[Kerror: [m[Kno declaration matches ‘[01m[Kvoid OffboardControl::disarm() const[m[K’
  151 | void [01;31m[KOffboardControl[m[K::disarm() const
      |      [01;31m[K^~~~~~~~~~~~~~~[m[K
[01m[K/home/jingyan/px4_ros_com_ros2/src/px4_ros_com/src/examples/offboard/offboard_control.cpp:151:6:[m[K [01;36m[Knote: [m[Kno functions named ‘[01m[Kvoid OffboardControl::disarm() const[m[K’
[01m[K/home/jingyan/px4_ros_com_ros2/src/px4_ros_com/src/examples/offboard/offboard_control.cpp:61:7:[m[K [01;36m[Knote: [m[K‘[01m[Kclass OffboardControl[m[K’ defined here
   61 | class [01;36m[KOffboardControl[m[K : public rclcpp::Node
      |       [01;36m[K^~~~~~~~~~~~~~~[m[K
[01m[K/home/jingyan/px4_ros_com_ros2/src/px4_ros_com/src/examples/offboard/offboard_control.cpp:174:54:[m[K [01;31m[Kerror: [m[K‘[01m[KDebugVect[m[K’ in namespace ‘[01m[Kpx4_msgs::msg[m[K’ does not name a type
  174 | void OffboardControl::OnVelVect(const px4_msgs::msg::[01;31m[KDebugVect[m[K::UniquePtr msg)
      |                                                      [01;31m[K^~~~~~~~~[m[K
[01m[K/home/jingyan/px4_ros_com_ros2/src/px4_ros_com/src/examples/offboard/offboard_control.cpp:174:75:[m[K [01;31m[Kerror: [m[Kexpected unqualified-id before ‘[01m[Kmsg[m[K’
  174 | void OffboardControl::OnVelVect(const px4_msgs::msg::DebugVect::UniquePtr [01;31m[Kmsg[m[K)
      |                                                                           [01;31m[K^~~[m[K
[01m[K/home/jingyan/px4_ros_com_ros2/src/px4_ros_com/src/examples/offboard/offboard_control.cpp:174:74:[m[K [01;31m[Kerror: [m[Kexpected ‘[01m[K)[m[K’ before ‘[01m[Kmsg[m[K’
  174 | void OffboardControl::OnVelVect[34m[K([m[Kconst px4_msgs::msg::DebugVect::UniquePtr[01;31m[K [m[K[32m[Kmsg[m[K)
      |                                [34m[K~[m[K                                         [01;31m[K^[m[K[32m[K~~~[m[K
      |                                                                          [32m[K)[m[K
[01m[K/home/jingyan/px4_ros_com_ros2/src/px4_ros_com/src/examples/offboard/offboard_control.cpp:174:75:[m[K [01;31m[Kerror: [m[Kexpected initializer before ‘[01m[Kmsg[m[K’
  174 | void OffboardControl::OnVelVect(const px4_msgs::msg::DebugVect::UniquePtr [01;31m[Kmsg[m[K)
      |                                                                           [01;31m[K^~~[m[K
[01m[K/home/jingyan/px4_ros_com_ros2/src/px4_ros_com/src/examples/offboard/offboard_control.cpp:181:12:[m[K [01;31m[Kerror: [m[Knon-member function ‘[01m[Kvoid arm()[m[K’ cannot have cv-qualifier
  181 | void arm() [01;31m[Kconst[m[K;
      |            [01;31m[K^~~~~[m[K
[01m[K/home/jingyan/px4_ros_com_ros2/src/px4_ros_com/src/examples/offboard/offboard_control.cpp:182:15:[m[K [01;31m[Kerror: [m[Knon-member function ‘[01m[Kvoid disarm()[m[K’ cannot have cv-qualifier
  182 | void disarm() [01;31m[Kconst[m[K;
      |               [01;31m[K^~~~~[m[K
make[2]: *** [CMakeFiles/offboard_control.dir/build.make:63: CMakeFiles/offboard_control.dir/src/examples/offboard/offboard_control.cpp.o] Error 1
make[1]: *** [CMakeFiles/Makefile2:119: CMakeFiles/offboard_control.dir/all] Error 2
make: *** [Makefile:141: all] Error 2
