[0.014s] Invoking command in '/home/jingyan/px4_ros_com_ros2/build/px4_ros_com': AMENT_PREFIX_PATH=/home/jingyan/px4_ros_com_ros2/install/px4_msgs:${AMENT_PREFIX_PATH} CMAKE_PREFIX_PATH=/home/jingyan/px4_ros_com_ros2/install/px4_msgs:/opt/ros/foxy LD_LIBRARY_PATH=/home/jingyan/px4_ros_com_ros2/install/px4_msgs/lib:${LD_LIBRARY_PATH} PYTHONPATH=/home/jingyan/px4_ros_com_ros2/install/px4_msgs/lib/python3.8/site-packages:${PYTHONPATH} /usr/bin/cmake --build /home/jingyan/px4_ros_com_ros2/build/px4_ros_com -- -j16 -l16
[0.075s] [35m[1mScanning dependencies of target offboard_control[0m
[0.093s] [  2%] Built target debug_vect_advertiser
[0.093s] [  4%] Built target frame_transforms
[0.095s] [  8%] Built target sensor_combined_listener
[0.096s] [  8%] Built target vehicle_gps_position_listener
[0.098s] [ 10%] Built target offboard_control_vel
[0.100s] [ 11%] Built target Odom_transform
[0.102s] [ 12%] [32mBuilding CXX object CMakeFiles/offboard_control.dir/src/examples/offboard/offboard_control.cpp.o[0m
[0.132s] [ 99%] Built target micrortps_agent
[1.396s] [01m[K/home/jingyan/px4_ros_com_ros2/src/px4_ros_com/src/examples/offboard/offboard_control.cpp:135:38:[m[K [01;31m[Kerror: [m[K‘[01m[KDebugVect[m[K’ in namespace ‘[01m[Kpx4_msgs::msg[m[K’ does not name a type
[1.396s]   135 |  void OnVelVect(const px4_msgs::msg::[01;31m[KDebugVect[m[K::UniquePtr msg);
[1.396s]       |                                      [01;31m[K^~~~~~~~~[m[K
[1.397s] [01m[K/home/jingyan/px4_ros_com_ros2/src/px4_ros_com/src/examples/offboard/offboard_control.cpp:135:59:[m[K [01;31m[Kerror: [m[Kexpected unqualified-id before ‘[01m[Kmsg[m[K’
[1.397s]   135 |  void OnVelVect(const px4_msgs::msg::DebugVect::UniquePtr [01;31m[Kmsg[m[K);
[1.397s]       |                                                           [01;31m[K^~~[m[K
[1.397s] [01m[K/home/jingyan/px4_ros_com_ros2/src/px4_ros_com/src/examples/offboard/offboard_control.cpp:135:58:[m[K [01;31m[Kerror: [m[Kexpected ‘[01m[K)[m[K’ before ‘[01m[Kmsg[m[K’
[1.397s]   135 |  void OnVelVect[34m[K([m[Kconst px4_msgs::msg::DebugVect::UniquePtr[01;31m[K [m[K[32m[Kmsg[m[K);
[1.398s]       |                [34m[K~[m[K                                         [01;31m[K^[m[K[32m[K~~~[m[K
[1.398s]       |                                                          [32m[K)[m[K
[1.398s] [01m[K/home/jingyan/px4_ros_com_ros2/src/px4_ros_com/src/examples/offboard/offboard_control.cpp:135:49:[m[K [01;31m[Kerror: [m[Kexpected ‘[01m[K;[m[K’ at end of member declaration
[1.398s]   135 |  void OnVelVect(const px4_msgs::msg::DebugVect::[01;31m[KUniquePtr[m[K msg);
[1.398s]       |                                                 [01;31m[K^~~~~~~~~[m[K
[1.399s]       |                                                          [32m[K;[m[K
[1.399s] [01m[K/home/jingyan/px4_ros_com_ros2/src/px4_ros_com/src/examples/offboard/offboard_control.cpp:135:59:[m[K [01;31m[Kerror: [m[K‘[01m[Kmsg[m[K’ does not name a type
[1.399s]   135 |  void OnVelVect(const px4_msgs::msg::DebugVect::UniquePtr [01;31m[Kmsg[m[K);
[1.399s]       |                                                           [01;31m[K^~~[m[K
[1.405s] [01m[K/home/jingyan/px4_ros_com_ros2/src/px4_ros_com/src/examples/offboard/offboard_control.cpp:[m[K In lambda function:
[1.405s] [01m[K/home/jingyan/px4_ros_com_ros2/src/px4_ros_com/src/examples/offboard/offboard_control.cpp:100:11:[m[K [01;31m[Kerror: [m[K‘[01m[Kclass OffboardControl[m[K’ has no member named ‘[01m[Karm[m[K’
[1.405s]   100 |     this->[01;31m[Karm[m[K();
[1.405s]       |           [01;31m[K^~~[m[K
[1.412s] [01m[K/home/jingyan/px4_ros_com_ros2/src/px4_ros_com/src/examples/offboard/offboard_control.cpp:[m[K In constructor ‘[01m[KOffboardControl::OffboardControl()[m[K’:
[1.412s] [01m[K/home/jingyan/px4_ros_com_ros2/src/px4_ros_com/src/examples/offboard/offboard_control.cpp:114:3:[m[K [01;31m[Kerror: [m[K‘[01m[Ksubscription_[m[K’ was not declared in this scope; did you mean ‘[01m[Krcl_subscription_t[m[K’?
[1.412s]   114 |   [01;31m[Ksubscription_[m[K = this->create_subscription<geometry_msgs::msg::Twist>(
[1.412s]       |   [01;31m[K^~~~~~~~~~~~~[m[K
[1.412s]       |   [32m[Krcl_subscription_t[m[K
[1.414s] [01m[K/home/jingyan/px4_ros_com_ros2/src/px4_ros_com/src/examples/offboard/offboard_control.cpp:114:45:[m[K [01;31m[Kerror: [m[K‘[01m[Kgeometry_msgs[m[K’ was not declared in this scope
[1.414s]   114 |   subscription_ = this->create_subscription<[01;31m[Kgeometry_msgs[m[K::msg::Twist>(
[1.415s]       |                                             [01;31m[K^~~~~~~~~~~~~[m[K
[1.415s] [01m[K/home/jingyan/px4_ros_com_ros2/src/px4_ros_com/src/examples/offboard/offboard_control.cpp:114:25:[m[K [01;31m[Kerror: [m[Kparse error in template argument list
[1.415s]   114 |   subscription_ = this->[01;31m[Kcreate_subscription<geometry_msgs::msg::Twist>[m[K(
[1.415s]       |                         [01;31m[K^~~~~~~~~~~~~~~~~~~~~~~~~~~~~~~~~~~~~~~~~~~~~~[m[K
[1.420s] [01m[K/home/jingyan/px4_ros_com_ros2/src/px4_ros_com/src/examples/offboard/offboard_control.cpp:116:71:[m[K [01;31m[Kerror: [m[Kno matching function for call to ‘[01m[KOffboardControl::create_subscription<<expression error> >(const char [8], int, std::_Bind_helper<false, void (OffboardControl::*)(...), OffboardControl*, const std::_Placeholder<1>&>::type)[m[K’
[1.420s]   116 |    std::bind(&OffboardControl::OnVelVect, this, std::placeholders::_1)[01;31m[K)[m[K;
[1.420s]       |                                                                       [01;31m[K^[m[K
[1.421s] In file included from [01m[K/opt/ros/foxy/include/rclcpp/node.hpp:1224[m[K,
[1.421s]                  from [01m[K/opt/ros/foxy/include/rclcpp/executors/single_threaded_executor.hpp:28[m[K,
[1.421s]                  from [01m[K/opt/ros/foxy/include/rclcpp/executors.hpp:22[m[K,
[1.421s]                  from [01m[K/opt/ros/foxy/include/rclcpp/rclcpp.hpp:146[m[K,
[1.421s]                  from [01m[K/home/jingyan/px4_ros_com_ros2/src/px4_ros_com/src/examples/offboard/offboard_control.cpp:51[m[K:
[1.421s] [01m[K/opt/ros/foxy/include/rclcpp/node_impl.hpp:91:1:[m[K [01;36m[Knote: [m[Kcandidate: ‘[01m[Ktemplate<class MessageT, class CallbackT, class AllocatorT, class CallbackMessageT, class SubscriptionT, class MessageMemoryStrategyT> std::shared_ptr<SubscriptionT> rclcpp::Node::create_subscription(const string&, const rclcpp::QoS&, CallbackT&&, const rclcpp::SubscriptionOptionsWithAllocator<AllocatorT>&, typename MessageMemoryStrategyT::SharedPtr)[m[K’
[1.422s]    91 | [01;36m[KNode[m[K::create_subscription(
[1.422s]       | [01;36m[K^~~~[m[K
[1.422s] [01m[K/opt/ros/foxy/include/rclcpp/node_impl.hpp:91:1:[m[K [01;36m[Knote: [m[K  template argument deduction/substitution failed:
[1.422s] [01m[K/home/jingyan/px4_ros_com_ros2/src/px4_ros_com/src/examples/offboard/offboard_control.cpp:116:71:[m[K [01;31m[Kerror: [m[Ktemplate argument 1 is invalid
[1.422s]   116 |    std::bind(&OffboardControl::OnVelVect, this, std::placeholders::_1)[01;31m[K)[m[K;
[1.423s]       |                                                                       [01;31m[K^[m[K
[1.423s] [01m[K/home/jingyan/px4_ros_com_ros2/src/px4_ros_com/src/examples/offboard/offboard_control.cpp:[m[K At global scope:
[1.423s] [01m[K/home/jingyan/px4_ros_com_ros2/src/px4_ros_com/src/examples/offboard/offboard_control.cpp:141:6:[m[K [01;31m[Kerror: [m[Kno declaration matches ‘[01m[Kvoid OffboardControl::arm() const[m[K’
[1.423s]   141 | void [01;31m[KOffboardControl[m[K::arm() const
[1.424s]       |      [01;31m[K^~~~~~~~~~~~~~~[m[K
[1.424s] [01m[K/home/jingyan/px4_ros_com_ros2/src/px4_ros_com/src/examples/offboard/offboard_control.cpp:141:6:[m[K [01;36m[Knote: [m[Kno functions named ‘[01m[Kvoid OffboardControl::arm() const[m[K’
[1.424s] [01m[K/home/jingyan/px4_ros_com_ros2/src/px4_ros_com/src/examples/offboard/offboard_control.cpp:61:7:[m[K [01;36m[Knote: [m[K‘[01m[Kclass OffboardControl[m[K’ defined here
[1.424s]    61 | class [01;36m[KOffboardControl[m[K : public rclcpp::Node
[1.425s]       |       [01;36m[K^~~~~~~~~~~~~~~[m[K
[1.425s] [01m[K/home/jingyan/px4_ros_com_ros2/src/px4_ros_com/src/examples/offboard/offboard_control.cpp:151:6:[m[K [01;31m[Kerror: [m[Kno declaration matches ‘[01m[Kvoid OffboardControl::disarm() const[m[K’
[1.425s]   151 | void [01;31m[KOffboardControl[m[K::disarm() const
[1.426s]       |      [01;31m[K^~~~~~~~~~~~~~~[m[K
[1.426s] [01m[K/home/jingyan/px4_ros_com_ros2/src/px4_ros_com/src/examples/offboard/offboard_control.cpp:151:6:[m[K [01;36m[Knote: [m[Kno functions named ‘[01m[Kvoid OffboardControl::disarm() const[m[K’
[1.426s] [01m[K/home/jingyan/px4_ros_com_ros2/src/px4_ros_com/src/examples/offboard/offboard_control.cpp:61:7:[m[K [01;36m[Knote: [m[K‘[01m[Kclass OffboardControl[m[K’ defined here
[1.427s]    61 | class [01;36m[KOffboardControl[m[K : public rclcpp::Node
[1.427s]       |       [01;36m[K^~~~~~~~~~~~~~~[m[K
[1.427s] [01m[K/home/jingyan/px4_ros_com_ros2/src/px4_ros_com/src/examples/offboard/offboard_control.cpp:174:54:[m[K [01;31m[Kerror: [m[K‘[01m[KDebugVect[m[K’ in namespace ‘[01m[Kpx4_msgs::msg[m[K’ does not name a type
[1.427s]   174 | void OffboardControl::OnVelVect(const px4_msgs::msg::[01;31m[KDebugVect[m[K::UniquePtr msg)
[1.427s]       |                                                      [01;31m[K^~~~~~~~~[m[K
[1.427s] [01m[K/home/jingyan/px4_ros_com_ros2/src/px4_ros_com/src/examples/offboard/offboard_control.cpp:174:75:[m[K [01;31m[Kerror: [m[Kexpected unqualified-id before ‘[01m[Kmsg[m[K’
[1.427s]   174 | void OffboardControl::OnVelVect(const px4_msgs::msg::DebugVect::UniquePtr [01;31m[Kmsg[m[K)
[1.428s]       |                                                                           [01;31m[K^~~[m[K
[1.428s] [01m[K/home/jingyan/px4_ros_com_ros2/src/px4_ros_com/src/examples/offboard/offboard_control.cpp:174:74:[m[K [01;31m[Kerror: [m[Kexpected ‘[01m[K)[m[K’ before ‘[01m[Kmsg[m[K’
[1.428s]   174 | void OffboardControl::OnVelVect[34m[K([m[Kconst px4_msgs::msg::DebugVect::UniquePtr[01;31m[K [m[K[32m[Kmsg[m[K)
[1.428s]       |                                [34m[K~[m[K                                         [01;31m[K^[m[K[32m[K~~~[m[K
[1.428s]       |                                                                          [32m[K)[m[K
[1.428s] [01m[K/home/jingyan/px4_ros_com_ros2/src/px4_ros_com/src/examples/offboard/offboard_control.cpp:174:75:[m[K [01;31m[Kerror: [m[Kexpected initializer before ‘[01m[Kmsg[m[K’
[1.428s]   174 | void OffboardControl::OnVelVect(const px4_msgs::msg::DebugVect::UniquePtr [01;31m[Kmsg[m[K)
[1.428s]       |                                                                           [01;31m[K^~~[m[K
[1.428s] [01m[K/home/jingyan/px4_ros_com_ros2/src/px4_ros_com/src/examples/offboard/offboard_control.cpp:181:12:[m[K [01;31m[Kerror: [m[Knon-member function ‘[01m[Kvoid arm()[m[K’ cannot have cv-qualifier
[1.428s]   181 | void arm() [01;31m[Kconst[m[K;
[1.428s]       |            [01;31m[K^~~~~[m[K
[1.428s] [01m[K/home/jingyan/px4_ros_com_ros2/src/px4_ros_com/src/examples/offboard/offboard_control.cpp:182:15:[m[K [01;31m[Kerror: [m[Knon-member function ‘[01m[Kvoid disarm()[m[K’ cannot have cv-qualifier
[1.428s]   182 | void disarm() [01;31m[Kconst[m[K;
[1.428s]       |               [01;31m[K^~~~~[m[K
[2.784s] make[2]: *** [CMakeFiles/offboard_control.dir/build.make:63: CMakeFiles/offboard_control.dir/src/examples/offboard/offboard_control.cpp.o] Error 1
[2.785s] make[1]: *** [CMakeFiles/Makefile2:119: CMakeFiles/offboard_control.dir/all] Error 2
[2.785s] make: *** [Makefile:141: all] Error 2
[2.788s] Invoked command in '/home/jingyan/px4_ros_com_ros2/build/px4_ros_com' returned '2': AMENT_PREFIX_PATH=/home/jingyan/px4_ros_com_ros2/install/px4_msgs:${AMENT_PREFIX_PATH} CMAKE_PREFIX_PATH=/home/jingyan/px4_ros_com_ros2/install/px4_msgs:/opt/ros/foxy LD_LIBRARY_PATH=/home/jingyan/px4_ros_com_ros2/install/px4_msgs/lib:${LD_LIBRARY_PATH} PYTHONPATH=/home/jingyan/px4_ros_com_ros2/install/px4_msgs/lib/python3.8/site-packages:${PYTHONPATH} /usr/bin/cmake --build /home/jingyan/px4_ros_com_ros2/build/px4_ros_com -- -j16 -l16
