[0.022s] Invoking command in '/home/jingyan/px4_ros_com_ros2/build/px4_ros_com': AMENT_PREFIX_PATH=/home/jingyan/px4_ros_com_ros2/install/px4_msgs:${AMENT_PREFIX_PATH} CMAKE_PREFIX_PATH=/home/jingyan/px4_ros_com_ros2/install/px4_msgs:/opt/ros/foxy LD_LIBRARY_PATH=/home/jingyan/px4_ros_com_ros2/install/px4_msgs/lib:${LD_LIBRARY_PATH} PYTHONPATH=/home/jingyan/px4_ros_com_ros2/install/px4_msgs/lib/python3.8/site-packages:${PYTHONPATH} /usr/bin/cmake --build /home/jingyan/px4_ros_com_ros2/build/px4_ros_com -- -j16 -l16
[0.072s] [35m[1mScanning dependencies of target Odom_transform[0m
[0.087s] [  4%] Built target sensor_combined_listener
[0.087s] [  3%] Built target frame_transforms
[0.088s] [  6%] Built target offboard_control
[0.089s] [  8%] Built target debug_vect_advertiser
[0.091s] [ 10%] Built target vehicle_gps_position_listener
[0.094s] [ 10%] [32mBuilding CXX object CMakeFiles/Odom_transform.dir/src/examples/offboard/Odom_transform.cpp.o[0m
[0.140s] [ 99%] Built target micrortps_agent
[8.349s] [100%] [32m[1mLinking CXX executable Odom_transform[0m
[8.539s] [100%] Built target Odom_transform
[8.554s] Invoked command in '/home/jingyan/px4_ros_com_ros2/build/px4_ros_com' returned '0': AMENT_PREFIX_PATH=/home/jingyan/px4_ros_com_ros2/install/px4_msgs:${AMENT_PREFIX_PATH} CMAKE_PREFIX_PATH=/home/jingyan/px4_ros_com_ros2/install/px4_msgs:/opt/ros/foxy LD_LIBRARY_PATH=/home/jingyan/px4_ros_com_ros2/install/px4_msgs/lib:${LD_LIBRARY_PATH} PYTHONPATH=/home/jingyan/px4_ros_com_ros2/install/px4_msgs/lib/python3.8/site-packages:${PYTHONPATH} /usr/bin/cmake --build /home/jingyan/px4_ros_com_ros2/build/px4_ros_com -- -j16 -l16
[8.710s] Invoking command in '/home/jingyan/px4_ros_com_ros2/build/px4_ros_com': AMENT_PREFIX_PATH=/home/jingyan/px4_ros_com_ros2/install/px4_msgs:${AMENT_PREFIX_PATH} CMAKE_PREFIX_PATH=/home/jingyan/px4_ros_com_ros2/install/px4_msgs:/opt/ros/foxy LD_LIBRARY_PATH=/home/jingyan/px4_ros_com_ros2/install/px4_msgs/lib:${LD_LIBRARY_PATH} PYTHONPATH=/home/jingyan/px4_ros_com_ros2/install/px4_msgs/lib/python3.8/site-packages:${PYTHONPATH} /usr/bin/cmake --install /home/jingyan/px4_ros_com_ros2/build/px4_ros_com
[8.716s] -- Install configuration: "RELWITHDEBINFO"
[8.717s] -- Execute custom install script
[8.717s] -- Up-to-date symlink: /home/jingyan/px4_ros_com_ros2/install/px4_ros_com/lib/px4_ros_com/sensor_combined_listener
[8.717s] -- Up-to-date symlink: /home/jingyan/px4_ros_com_ros2/install/px4_ros_com/lib/px4_ros_com/vehicle_gps_position_listener
[8.718s] -- Up-to-date symlink: /home/jingyan/px4_ros_com_ros2/install/px4_ros_com/lib/px4_ros_com/debug_vect_advertiser
[8.718s] -- Up-to-date symlink: /home/jingyan/px4_ros_com_ros2/install/px4_ros_com/lib/px4_ros_com/offboard_control
[8.718s] -- Up-to-date symlink: /home/jingyan/px4_ros_com_ros2/install/px4_ros_com/lib/px4_ros_com/Odom_transform
[8.718s] -- Up-to-date symlink: /home/jingyan/px4_ros_com_ros2/install/px4_ros_com/share/px4_ros_com/environment/library_path.sh
[8.718s] -- Up-to-date symlink: /home/jingyan/px4_ros_com_ros2/install/px4_ros_com/share/px4_ros_com/environment/library_path.dsv
[8.719s] -- Up-to-date symlink: /home/jingyan/px4_ros_com_ros2/install/px4_ros_com/include/px4_ros_com/frame_transforms.h
[8.719s] -- Up-to-date symlink: /home/jingyan/px4_ros_com_ros2/install/px4_ros_com/share/px4_ros_com/cmake/EnableC++XX.cmake
[8.719s] -- Up-to-date symlink: /home/jingyan/px4_ros_com_ros2/install/px4_ros_com/share/px4_ros_com/cmake/EnableSanitizers.cmake
[8.719s] -- Up-to-date symlink: /home/jingyan/px4_ros_com_ros2/install/px4_ros_com/share/px4_ros_com/cmake/GenerateMicroRTPSAgent.cmake
[8.720s] -- Up-to-date symlink: /home/jingyan/px4_ros_com_ros2/install/px4_ros_com/share/px4_ros_com/launch/sensor_combined_listener.launch.py
[8.720s] -- Up-to-date symlink: /home/jingyan/px4_ros_com_ros2/install/px4_ros_com/share/px4_ros_com/test/__init__.py
[8.720s] -- Up-to-date symlink: /home/jingyan/px4_ros_com_ros2/install/px4_ros_com/share/px4_ros_com/test/pipeline_io_test.py
[8.720s] -- Up-to-date symlink: /home/jingyan/px4_ros_com_ros2/install/px4_ros_com/share/px4_ros_com/test/test_input.py
[8.721s] -- Up-to-date symlink: /home/jingyan/px4_ros_com_ros2/install/px4_ros_com/share/px4_ros_com/test/test_output.py
[8.721s] -- Up-to-date symlink: /home/jingyan/px4_ros_com_ros2/install/px4_ros_com/share/ament_index/resource_index/package_run_dependencies/px4_ros_com
[8.721s] -- Up-to-date symlink: /home/jingyan/px4_ros_com_ros2/install/px4_ros_com/share/ament_index/resource_index/parent_prefix_path/px4_ros_com
[8.721s] -- Up-to-date symlink: /home/jingyan/px4_ros_com_ros2/install/px4_ros_com/share/px4_ros_com/environment/ament_prefix_path.sh
[8.721s] -- Up-to-date symlink: /home/jingyan/px4_ros_com_ros2/install/px4_ros_com/share/px4_ros_com/environment/ament_prefix_path.dsv
[8.721s] -- Up-to-date symlink: /home/jingyan/px4_ros_com_ros2/install/px4_ros_com/share/px4_ros_com/environment/path.sh
[8.721s] -- Up-to-date symlink: /home/jingyan/px4_ros_com_ros2/install/px4_ros_com/share/px4_ros_com/environment/path.dsv
[8.722s] -- Up-to-date symlink: /home/jingyan/px4_ros_com_ros2/install/px4_ros_com/share/px4_ros_com/local_setup.bash
[8.722s] -- Up-to-date symlink: /home/jingyan/px4_ros_com_ros2/install/px4_ros_com/share/px4_ros_com/local_setup.sh
[8.722s] -- Up-to-date symlink: /home/jingyan/px4_ros_com_ros2/install/px4_ros_com/share/px4_ros_com/local_setup.zsh
[8.722s] -- Up-to-date symlink: /home/jingyan/px4_ros_com_ros2/install/px4_ros_com/share/px4_ros_com/local_setup.dsv
[8.722s] -- Symlinking: /home/jingyan/px4_ros_com_ros2/install/px4_ros_com/share/px4_ros_com/package.dsv
[8.730s] -- Up-to-date symlink: /home/jingyan/px4_ros_com_ros2/install/px4_ros_com/share/ament_index/resource_index/packages/px4_ros_com
[8.730s] -- Up-to-date symlink: /home/jingyan/px4_ros_com_ros2/install/px4_ros_com/share/px4_ros_com/cmake/ament_cmake_export_dependencies-extras.cmake
[8.731s] -- Up-to-date symlink: /home/jingyan/px4_ros_com_ros2/install/px4_ros_com/share/px4_ros_com/cmake/ament_cmake_export_targets-extras.cmake
[8.731s] -- Up-to-date symlink: /home/jingyan/px4_ros_com_ros2/install/px4_ros_com/share/px4_ros_com/cmake/ament_cmake_export_include_directories-extras.cmake
[8.731s] -- Up-to-date symlink: /home/jingyan/px4_ros_com_ros2/install/px4_ros_com/share/px4_ros_com/cmake/ament_cmake_export_libraries-extras.cmake
[8.732s] -- Up-to-date symlink: /home/jingyan/px4_ros_com_ros2/install/px4_ros_com/share/px4_ros_com/cmake/px4_ros_comConfig.cmake
[8.732s] -- Up-to-date symlink: /home/jingyan/px4_ros_com_ros2/install/px4_ros_com/share/px4_ros_com/cmake/px4_ros_comConfig-version.cmake
[8.733s] -- Up-to-date symlink: /home/jingyan/px4_ros_com_ros2/install/px4_ros_com/share/px4_ros_com/package.xml
[8.733s] -- Up-to-date: /home/jingyan/px4_ros_com_ros2/install/px4_ros_com/lib/libframe_transforms.so
[8.734s] -- Up-to-date: /home/jingyan/px4_ros_com_ros2/install/px4_ros_com/bin/micrortps_agent
[8.735s] -- Up-to-date: /home/jingyan/px4_ros_com_ros2/install/px4_ros_com/share/px4_ros_com/cmake/export_frame_transformsExport.cmake
[8.735s] -- Up-to-date: /home/jingyan/px4_ros_com_ros2/install/px4_ros_com/share/px4_ros_com/cmake/export_frame_transformsExport-relwithdebinfo.cmake
[8.739s] Invoked command in '/home/jingyan/px4_ros_com_ros2/build/px4_ros_com' returned '0': AMENT_PREFIX_PATH=/home/jingyan/px4_ros_com_ros2/install/px4_msgs:${AMENT_PREFIX_PATH} CMAKE_PREFIX_PATH=/home/jingyan/px4_ros_com_ros2/install/px4_msgs:/opt/ros/foxy LD_LIBRARY_PATH=/home/jingyan/px4_ros_com_ros2/install/px4_msgs/lib:${LD_LIBRARY_PATH} PYTHONPATH=/home/jingyan/px4_ros_com_ros2/install/px4_msgs/lib/python3.8/site-packages:${PYTHONPATH} /usr/bin/cmake --install /home/jingyan/px4_ros_com_ros2/build/px4_ros_com
