[01m[K/home/jingyan/px4_ros_com_ros2/src/px4_ros_com/src/examples/offboard/Odom_transform.cpp:[m[K In constructor ‘[01m[KPx4OdomTransform::Px4OdomTransform()[m[K’:
[01m[K/home/jingyan/px4_ros_com_ros2/src/px4_ros_com/src/examples/offboard/Odom_transform.cpp:42:3:[m[K [01;31m[Kerror: [m[K‘[01m[Kscan_subscription[m[K’ was not declared in this scope; did you mean ‘[01m[Kscan_subscription_[m[K’?
   42 |   [01;31m[Kscan_subscription[m[K =
      |   [01;31m[K^~~~~~~~~~~~~~~~~[m[K
      |   [32m[Kscan_subscription_[m[K
[01m[K/home/jingyan/px4_ros_com_ros2/src/px4_ros_com/src/examples/offboard/Odom_transform.cpp:[m[K In lambda function:
[01m[K/home/jingyan/px4_ros_com_ros2/src/px4_ros_com/src/examples/offboard/Odom_transform.cpp:46:57:[m[K [01;31m[Kerror: [m[Kno matching function for call to ‘[01m[Kstd::atomic<long unsigned int>::store(std_msgs::msg::Header_<std::allocator<void> >::_stamp_type&)[m[K’
   46 |                     timestamp_.store(_scan->header.stamp[01;31m[K)[m[K;
      |                                                         [01;31m[K^[m[K
In file included from [01m[K/usr/include/c++/9/bits/shared_ptr_atomic.h:33[m[K,
                 from [01m[K/usr/include/c++/9/memory:82[m[K,
                 from [01m[K/opt/ros/foxy/include/rclcpp/rclcpp.hpp:144[m[K,
                 from [01m[K/home/jingyan/px4_ros_com_ros2/src/px4_ros_com/src/examples/offboard/Odom_transform.cpp:1[m[K:
[01m[K/usr/include/c++/9/bits/atomic_base.h:390:7:[m[K [01;36m[Knote: [m[Kcandidate: ‘[01m[Kvoid std::__atomic_base<_IntTp>::store(std::__atomic_base<_IntTp>::__int_type, std::memory_order) [with _ITp = long unsigned int; std::__atomic_base<_IntTp>::__int_type = long unsigned int; std::memory_order = std::memory_order][m[K’
  390 |       [01;36m[Kstore[m[K(__int_type __i, memory_order __m = memory_order_seq_cst) noexcept
      |       [01;36m[K^~~~~[m[K
[01m[K/usr/include/c++/9/bits/atomic_base.h:390:24:[m[K [01;36m[Knote: [m[K  no known conversion for argument 1 from ‘[01m[Kstd_msgs::msg::Header_<std::allocator<void> >::_stamp_type[m[K’ {aka ‘[01m[Kbuiltin_interfaces::msg::Time_<std::allocator<void> >[m[K’} to ‘[01m[Kstd::__atomic_base<long unsigned int>::__int_type[m[K’ {aka ‘[01m[Klong unsigned int[m[K’}
  390 |       store([01;36m[K__int_type __i[m[K, memory_order __m = memory_order_seq_cst) noexcept
      |             [01;36m[K~~~~~~~~~~~^~~[m[K
[01m[K/usr/include/c++/9/bits/atomic_base.h:401:7:[m[K [01;36m[Knote: [m[Kcandidate: ‘[01m[Kvoid std::__atomic_base<_IntTp>::store(std::__atomic_base<_IntTp>::__int_type, std::memory_order) volatile [with _ITp = long unsigned int; std::__atomic_base<_IntTp>::__int_type = long unsigned int; std::memory_order = std::memory_order][m[K’
  401 |       [01;36m[Kstore[m[K(__int_type __i,
      |       [01;36m[K^~~~~[m[K
[01m[K/usr/include/c++/9/bits/atomic_base.h:401:24:[m[K [01;36m[Knote: [m[K  no known conversion for argument 1 from ‘[01m[Kstd_msgs::msg::Header_<std::allocator<void> >::_stamp_type[m[K’ {aka ‘[01m[Kbuiltin_interfaces::msg::Time_<std::allocator<void> >[m[K’} to ‘[01m[Kstd::__atomic_base<long unsigned int>::__int_type[m[K’ {aka ‘[01m[Klong unsigned int[m[K’}
  401 |       store([01;36m[K__int_type __i[m[K,
      |             [01;36m[K~~~~~~~~~~~^~~[m[K
[01m[K/home/jingyan/px4_ros_com_ros2/src/px4_ros_com/src/examples/offboard/Odom_transform.cpp:[m[K At global scope:
[01m[K/home/jingyan/px4_ros_com_ros2/src/px4_ros_com/src/examples/offboard/Odom_transform.cpp:82:6:[m[K [01;31m[Kerror: [m[Kno declaration matches ‘[01m[Kvoid Px4OdomTransform::odom_convert(px4_msgs::msg::VehicleOdometry_<std::allocator<void> >::SharedPtr, sensor_msgs::msg::LaserScan_<std::allocator<void> >::SharedPtr)[m[K’
   82 | void [01;31m[KPx4OdomTransform[m[K::odom_convert(const px4_msgs::msg::VehicleOdometry::SharedPtr _msg, const sensor_msgs::msg::LaserScan::SharedPtr _scan)
      |      [01;31m[K^~~~~~~~~~~~~~~~[m[K
[01m[K/home/jingyan/px4_ros_com_ros2/src/px4_ros_com/src/examples/offboard/Odom_transform.cpp:78:7:[m[K [01;36m[Knote: [m[Kcandidate is: ‘[01m[Kvoid Px4OdomTransform::odom_convert(px4_msgs::msg::VehicleOdometry_<std::allocator<void> >::SharedPtr)[m[K’
   78 |  void [01;36m[Kodom_convert[m[K(const px4_msgs::msg::VehicleOdometry::SharedPtr _msg);
      |       [01;36m[K^~~~~~~~~~~~[m[K
[01m[K/home/jingyan/px4_ros_com_ros2/src/px4_ros_com/src/examples/offboard/Odom_transform.cpp:29:7:[m[K [01;36m[Knote: [m[K‘[01m[Kclass Px4OdomTransform[m[K’ defined here
   29 | class [01;36m[KPx4OdomTransform[m[K : public rclcpp::Node
      |       [01;36m[K^~~~~~~~~~~~~~~~[m[K
make[2]: *** [CMakeFiles/Odom_transform.dir/build.make:63: CMakeFiles/Odom_transform.dir/src/examples/offboard/Odom_transform.cpp.o] Error 1
make[1]: *** [CMakeFiles/Makefile2:306: CMakeFiles/Odom_transform.dir/all] Error 2
make: *** [Makefile:141: all] Error 2
