[0.024s] Invoking command in '/home/jingyan/px4_ros_com_ros2/build/px4_ros_com': AMENT_PREFIX_PATH=/home/jingyan/px4_ros_com_ros2/install/px4_msgs:${AMENT_PREFIX_PATH} CMAKE_PREFIX_PATH=/home/jingyan/px4_ros_com_ros2/install/px4_msgs:/opt/ros/foxy LD_LIBRARY_PATH=/home/jingyan/px4_ros_com_ros2/install/px4_msgs/lib:${LD_LIBRARY_PATH} PYTHONPATH=/home/jingyan/px4_ros_com_ros2/install/px4_msgs/lib/python3.8/site-packages:${PYTHONPATH} /usr/bin/cmake --build /home/jingyan/px4_ros_com_ros2/build/px4_ros_com -- -j16 -l16
[0.094s] [35m[1mScanning dependencies of target Odom_transform[0m
[0.110s] [  2%] Built target debug_vect_advertiser
[0.111s] [  4%] Built target frame_transforms
[0.113s] [  6%] Built target sensor_combined_listener
[0.117s] [  8%] Built target offboard_control
[0.117s] [ 10%] Built target vehicle_gps_position_listener
[0.125s] [ 10%] [32mBuilding CXX object CMakeFiles/Odom_transform.dir/src/examples/offboard/Odom_transform.cpp.o[0m
[0.151s] [ 99%] Built target micrortps_agent
[1.795s] [01m[K/home/jingyan/px4_ros_com_ros2/src/px4_ros_com/src/examples/offboard/Odom_transform.cpp:[m[K In constructor ‘[01m[KPx4OdomTransform::Px4OdomTransform()[m[K’:
[1.795s] [01m[K/home/jingyan/px4_ros_com_ros2/src/px4_ros_com/src/examples/offboard/Odom_transform.cpp:42:3:[m[K [01;31m[Kerror: [m[K‘[01m[Kscan_subscription[m[K’ was not declared in this scope; did you mean ‘[01m[Kscan_subscription_[m[K’?
[1.796s]    42 |   [01;31m[Kscan_subscription[m[K =
[1.796s]       |   [01;31m[K^~~~~~~~~~~~~~~~~[m[K
[1.796s]       |   [32m[Kscan_subscription_[m[K
[1.798s] [01m[K/home/jingyan/px4_ros_com_ros2/src/px4_ros_com/src/examples/offboard/Odom_transform.cpp:[m[K In lambda function:
[1.798s] [01m[K/home/jingyan/px4_ros_com_ros2/src/px4_ros_com/src/examples/offboard/Odom_transform.cpp:46:57:[m[K [01;31m[Kerror: [m[Kno matching function for call to ‘[01m[Kstd::atomic<long unsigned int>::store(std_msgs::msg::Header_<std::allocator<void> >::_stamp_type&)[m[K’
[1.798s]    46 |                     timestamp_.store(_scan->header.stamp[01;31m[K)[m[K;
[1.798s]       |                                                         [01;31m[K^[m[K
[1.798s] In file included from [01m[K/usr/include/c++/9/bits/shared_ptr_atomic.h:33[m[K,
[1.799s]                  from [01m[K/usr/include/c++/9/memory:82[m[K,
[1.799s]                  from [01m[K/opt/ros/foxy/include/rclcpp/rclcpp.hpp:144[m[K,
[1.799s]                  from [01m[K/home/jingyan/px4_ros_com_ros2/src/px4_ros_com/src/examples/offboard/Odom_transform.cpp:1[m[K:
[1.799s] [01m[K/usr/include/c++/9/bits/atomic_base.h:390:7:[m[K [01;36m[Knote: [m[Kcandidate: ‘[01m[Kvoid std::__atomic_base<_IntTp>::store(std::__atomic_base<_IntTp>::__int_type, std::memory_order) [with _ITp = long unsigned int; std::__atomic_base<_IntTp>::__int_type = long unsigned int; std::memory_order = std::memory_order][m[K’
[1.799s]   390 |       [01;36m[Kstore[m[K(__int_type __i, memory_order __m = memory_order_seq_cst) noexcept
[1.799s]       |       [01;36m[K^~~~~[m[K
[1.800s] [01m[K/usr/include/c++/9/bits/atomic_base.h:390:24:[m[K [01;36m[Knote: [m[K  no known conversion for argument 1 from ‘[01m[Kstd_msgs::msg::Header_<std::allocator<void> >::_stamp_type[m[K’ {aka ‘[01m[Kbuiltin_interfaces::msg::Time_<std::allocator<void> >[m[K’} to ‘[01m[Kstd::__atomic_base<long unsigned int>::__int_type[m[K’ {aka ‘[01m[Klong unsigned int[m[K’}
[1.800s]   390 |       store([01;36m[K__int_type __i[m[K, memory_order __m = memory_order_seq_cst) noexcept
[1.800s]       |             [01;36m[K~~~~~~~~~~~^~~[m[K
[1.800s] [01m[K/usr/include/c++/9/bits/atomic_base.h:401:7:[m[K [01;36m[Knote: [m[Kcandidate: ‘[01m[Kvoid std::__atomic_base<_IntTp>::store(std::__atomic_base<_IntTp>::__int_type, std::memory_order) volatile [with _ITp = long unsigned int; std::__atomic_base<_IntTp>::__int_type = long unsigned int; std::memory_order = std::memory_order][m[K’
[1.801s]   401 |       [01;36m[Kstore[m[K(__int_type __i,
[1.801s]       |       [01;36m[K^~~~~[m[K
[1.801s] [01m[K/usr/include/c++/9/bits/atomic_base.h:401:24:[m[K [01;36m[Knote: [m[K  no known conversion for argument 1 from ‘[01m[Kstd_msgs::msg::Header_<std::allocator<void> >::_stamp_type[m[K’ {aka ‘[01m[Kbuiltin_interfaces::msg::Time_<std::allocator<void> >[m[K’} to ‘[01m[Kstd::__atomic_base<long unsigned int>::__int_type[m[K’ {aka ‘[01m[Klong unsigned int[m[K’}
[1.801s]   401 |       store([01;36m[K__int_type __i[m[K,
[1.801s]       |             [01;36m[K~~~~~~~~~~~^~~[m[K
[1.801s] [01m[K/home/jingyan/px4_ros_com_ros2/src/px4_ros_com/src/examples/offboard/Odom_transform.cpp:[m[K At global scope:
[1.801s] [01m[K/home/jingyan/px4_ros_com_ros2/src/px4_ros_com/src/examples/offboard/Odom_transform.cpp:82:6:[m[K [01;31m[Kerror: [m[Kno declaration matches ‘[01m[Kvoid Px4OdomTransform::odom_convert(px4_msgs::msg::VehicleOdometry_<std::allocator<void> >::SharedPtr, sensor_msgs::msg::LaserScan_<std::allocator<void> >::SharedPtr)[m[K’
[1.802s]    82 | void [01;31m[KPx4OdomTransform[m[K::odom_convert(const px4_msgs::msg::VehicleOdometry::SharedPtr _msg, const sensor_msgs::msg::LaserScan::SharedPtr _scan)
[1.802s]       |      [01;31m[K^~~~~~~~~~~~~~~~[m[K
[1.802s] [01m[K/home/jingyan/px4_ros_com_ros2/src/px4_ros_com/src/examples/offboard/Odom_transform.cpp:78:7:[m[K [01;36m[Knote: [m[Kcandidate is: ‘[01m[Kvoid Px4OdomTransform::odom_convert(px4_msgs::msg::VehicleOdometry_<std::allocator<void> >::SharedPtr)[m[K’
[1.802s]    78 |  void [01;36m[Kodom_convert[m[K(const px4_msgs::msg::VehicleOdometry::SharedPtr _msg);
[1.802s]       |       [01;36m[K^~~~~~~~~~~~[m[K
[1.802s] [01m[K/home/jingyan/px4_ros_com_ros2/src/px4_ros_com/src/examples/offboard/Odom_transform.cpp:29:7:[m[K [01;36m[Knote: [m[K‘[01m[Kclass Px4OdomTransform[m[K’ defined here
[1.802s]    29 | class [01;36m[KPx4OdomTransform[m[K : public rclcpp::Node
[1.802s]       |       [01;36m[K^~~~~~~~~~~~~~~~[m[K
[3.889s] make[2]: *** [CMakeFiles/Odom_transform.dir/build.make:63: CMakeFiles/Odom_transform.dir/src/examples/offboard/Odom_transform.cpp.o] Error 1
[3.890s] make[1]: *** [CMakeFiles/Makefile2:306: CMakeFiles/Odom_transform.dir/all] Error 2
[3.890s] make: *** [Makefile:141: all] Error 2
[3.894s] Invoked command in '/home/jingyan/px4_ros_com_ros2/build/px4_ros_com' returned '2': AMENT_PREFIX_PATH=/home/jingyan/px4_ros_com_ros2/install/px4_msgs:${AMENT_PREFIX_PATH} CMAKE_PREFIX_PATH=/home/jingyan/px4_ros_com_ros2/install/px4_msgs:/opt/ros/foxy LD_LIBRARY_PATH=/home/jingyan/px4_ros_com_ros2/install/px4_msgs/lib:${LD_LIBRARY_PATH} PYTHONPATH=/home/jingyan/px4_ros_com_ros2/install/px4_msgs/lib/python3.8/site-packages:${PYTHONPATH} /usr/bin/cmake --build /home/jingyan/px4_ros_com_ros2/build/px4_ros_com -- -j16 -l16
