[0.449s] DEBUG:colcon:Command line arguments: ['/usr/bin/colcon', 'build']
[0.449s] DEBUG:colcon:Parsed command line arguments: Namespace(allow_overriding=[], ament_cmake_args=None, base_paths=['.'], build_base='build', catkin_cmake_args=None, catkin_skip_building_tests=False, cmake_args=None, cmake_clean_cache=False, cmake_clean_first=False, cmake_force_configure=False, cmake_target=None, cmake_target_skip_unavailable=False, continue_on_error=False, event_handlers=None, executor='parallel', ignore_user_meta=False, install_base='install', log_base=None, log_level=None, main=<bound method BuildVerb.main of <colcon_core.verb.build.BuildVerb object at 0x7f074e17f040>>, merge_install=False, metas=['./colcon.meta'], packages_above=None, packages_above_and_dependencies=None, packages_above_depth=None, packages_end=None, packages_ignore=None, packages_ignore_regex=None, packages_select=None, packages_select_build_failed=False, packages_select_by_dep=None, packages_select_regex=None, packages_select_test_failures=False, packages_skip=None, packages_skip_build_finished=False, packages_skip_by_dep=None, packages_skip_regex=None, packages_skip_test_passed=False, packages_skip_up_to=None, packages_start=None, packages_up_to=None, packages_up_to_regex=None, parallel_workers=16, paths=None, symlink_install=False, test_result_base=None, verb_extension=<colcon_core.verb.build.BuildVerb object at 0x7f074e17f040>, verb_name='build', verb_parser=<colcon_defaults.argument_parser.defaults.DefaultArgumentsDecorator object at 0x7f074e0de430>)
[0.521s] Level 1:colcon.colcon_core.package_discovery:discover_packages(colcon_meta) check parameters
[0.522s] Level 1:colcon.colcon_core.package_discovery:discover_packages(recursive) check parameters
[0.522s] Level 1:colcon.colcon_core.package_discovery:discover_packages(ignore) check parameters
[0.522s] Level 1:colcon.colcon_core.package_discovery:discover_packages(path) check parameters
[0.522s] Level 1:colcon.colcon_core.package_discovery:discover_packages(colcon_meta) discover
[0.522s] Level 1:colcon.colcon_core.package_discovery:discover_packages(recursive) discover
[0.522s] INFO:colcon.colcon_core.package_discovery:Crawling recursively for packages in '/home/jingyan/px4_ros_com_ros2'
[0.522s] Level 1:colcon.colcon_core.package_identification:_identify(.) by extensions ['ignore', 'ignore_ament_install']
[0.522s] Level 1:colcon.colcon_core.package_identification:_identify(.) by extension 'ignore'
[0.522s] Level 1:colcon.colcon_core.package_identification:_identify(.) by extension 'ignore_ament_install'
[0.522s] Level 1:colcon.colcon_core.package_identification:_identify(.) by extensions ['colcon_pkg']
[0.522s] Level 1:colcon.colcon_core.package_identification:_identify(.) by extension 'colcon_pkg'
[0.522s] Level 1:colcon.colcon_core.package_identification:_identify(.) by extensions ['colcon_meta']
[0.522s] Level 1:colcon.colcon_core.package_identification:_identify(.) by extension 'colcon_meta'
[0.522s] Level 1:colcon.colcon_core.package_identification:_identify(.) by extensions ['ros']
[0.522s] Level 1:colcon.colcon_core.package_identification:_identify(.) by extension 'ros'
[0.539s] Level 1:colcon.colcon_core.package_identification:_identify(.) by extensions ['cmake', 'python']
[0.539s] Level 1:colcon.colcon_core.package_identification:_identify(.) by extension 'cmake'
[0.539s] Level 1:colcon.colcon_core.package_identification:_identify(.) by extension 'python'
[0.539s] Level 1:colcon.colcon_core.package_identification:_identify(.) by extensions ['python_setup_py']
[0.539s] Level 1:colcon.colcon_core.package_identification:_identify(.) by extension 'python_setup_py'
[0.539s] Level 1:colcon.colcon_core.package_identification:_identify(build) by extensions ['ignore', 'ignore_ament_install']
[0.539s] Level 1:colcon.colcon_core.package_identification:_identify(build) by extension 'ignore'
[0.539s] Level 1:colcon.colcon_core.package_identification:_identify(build) ignored
[0.539s] Level 1:colcon.colcon_core.package_identification:_identify(install) by extensions ['ignore', 'ignore_ament_install']
[0.540s] Level 1:colcon.colcon_core.package_identification:_identify(install) by extension 'ignore'
[0.540s] Level 1:colcon.colcon_core.package_identification:_identify(install) ignored
[0.540s] Level 1:colcon.colcon_core.package_identification:_identify(log) by extensions ['ignore', 'ignore_ament_install']
[0.540s] Level 1:colcon.colcon_core.package_identification:_identify(log) by extension 'ignore'
[0.540s] Level 1:colcon.colcon_core.package_identification:_identify(log) ignored
[0.540s] Level 1:colcon.colcon_core.package_identification:_identify(src) by extensions ['ignore', 'ignore_ament_install']
[0.540s] Level 1:colcon.colcon_core.package_identification:_identify(src) by extension 'ignore'
[0.540s] Level 1:colcon.colcon_core.package_identification:_identify(src) by extension 'ignore_ament_install'
[0.540s] Level 1:colcon.colcon_core.package_identification:_identify(src) by extensions ['colcon_pkg']
[0.540s] Level 1:colcon.colcon_core.package_identification:_identify(src) by extension 'colcon_pkg'
[0.541s] Level 1:colcon.colcon_core.package_identification:_identify(src) by extensions ['colcon_meta']
[0.541s] Level 1:colcon.colcon_core.package_identification:_identify(src) by extension 'colcon_meta'
[0.541s] Level 1:colcon.colcon_core.package_identification:_identify(src) by extensions ['ros']
[0.541s] Level 1:colcon.colcon_core.package_identification:_identify(src) by extension 'ros'
[0.541s] Level 1:colcon.colcon_core.package_identification:_identify(src) by extensions ['cmake', 'python']
[0.541s] Level 1:colcon.colcon_core.package_identification:_identify(src) by extension 'cmake'
[0.541s] Level 1:colcon.colcon_core.package_identification:_identify(src) by extension 'python'
[0.541s] Level 1:colcon.colcon_core.package_identification:_identify(src) by extensions ['python_setup_py']
[0.541s] Level 1:colcon.colcon_core.package_identification:_identify(src) by extension 'python_setup_py'
[0.541s] Level 1:colcon.colcon_core.package_identification:_identify(src/iwr6843_pub-main) by extensions ['ignore', 'ignore_ament_install']
[0.541s] Level 1:colcon.colcon_core.package_identification:_identify(src/iwr6843_pub-main) by extension 'ignore'
[0.541s] Level 1:colcon.colcon_core.package_identification:_identify(src/iwr6843_pub-main) by extension 'ignore_ament_install'
[0.541s] Level 1:colcon.colcon_core.package_identification:_identify(src/iwr6843_pub-main) by extensions ['colcon_pkg']
[0.541s] Level 1:colcon.colcon_core.package_identification:_identify(src/iwr6843_pub-main) by extension 'colcon_pkg'
[0.541s] Level 1:colcon.colcon_core.package_identification:_identify(src/iwr6843_pub-main) by extensions ['colcon_meta']
[0.541s] Level 1:colcon.colcon_core.package_identification:_identify(src/iwr6843_pub-main) by extension 'colcon_meta'
[0.541s] Level 1:colcon.colcon_core.package_identification:_identify(src/iwr6843_pub-main) by extensions ['ros']
[0.542s] Level 1:colcon.colcon_core.package_identification:_identify(src/iwr6843_pub-main) by extension 'ros'
[0.544s] DEBUG:colcon.colcon_core.package_identification:Package 'src/iwr6843_pub-main' with type 'ros.ament_python' and name 'iwr6843_pub'
[0.545s] Level 1:colcon.colcon_core.package_identification:_identify(src/mmwave_drone_cartographer) by extensions ['ignore', 'ignore_ament_install']
[0.545s] Level 1:colcon.colcon_core.package_identification:_identify(src/mmwave_drone_cartographer) by extension 'ignore'
[0.545s] Level 1:colcon.colcon_core.package_identification:_identify(src/mmwave_drone_cartographer) by extension 'ignore_ament_install'
[0.545s] Level 1:colcon.colcon_core.package_identification:_identify(src/mmwave_drone_cartographer) by extensions ['colcon_pkg']
[0.545s] Level 1:colcon.colcon_core.package_identification:_identify(src/mmwave_drone_cartographer) by extension 'colcon_pkg'
[0.545s] Level 1:colcon.colcon_core.package_identification:_identify(src/mmwave_drone_cartographer) by extensions ['colcon_meta']
[0.545s] Level 1:colcon.colcon_core.package_identification:_identify(src/mmwave_drone_cartographer) by extension 'colcon_meta'
[0.545s] Level 1:colcon.colcon_core.package_identification:_identify(src/mmwave_drone_cartographer) by extensions ['ros']
[0.545s] Level 1:colcon.colcon_core.package_identification:_identify(src/mmwave_drone_cartographer) by extension 'ros'
[0.546s] DEBUG:colcon.colcon_core.package_identification:Package 'src/mmwave_drone_cartographer' with type 'ros.ament_cmake' and name 'mmwave_drone_cartographer'
[0.546s] Level 1:colcon.colcon_core.package_identification:_identify(src/mmwave_drone_navigation2) by extensions ['ignore', 'ignore_ament_install']
[0.546s] Level 1:colcon.colcon_core.package_identification:_identify(src/mmwave_drone_navigation2) by extension 'ignore'
[0.546s] Level 1:colcon.colcon_core.package_identification:_identify(src/mmwave_drone_navigation2) by extension 'ignore_ament_install'
[0.546s] Level 1:colcon.colcon_core.package_identification:_identify(src/mmwave_drone_navigation2) by extensions ['colcon_pkg']
[0.546s] Level 1:colcon.colcon_core.package_identification:_identify(src/mmwave_drone_navigation2) by extension 'colcon_pkg'
[0.546s] Level 1:colcon.colcon_core.package_identification:_identify(src/mmwave_drone_navigation2) by extensions ['colcon_meta']
[0.546s] Level 1:colcon.colcon_core.package_identification:_identify(src/mmwave_drone_navigation2) by extension 'colcon_meta'
[0.546s] Level 1:colcon.colcon_core.package_identification:_identify(src/mmwave_drone_navigation2) by extensions ['ros']
[0.546s] Level 1:colcon.colcon_core.package_identification:_identify(src/mmwave_drone_navigation2) by extension 'ros'
[0.547s] DEBUG:colcon.colcon_core.package_identification:Package 'src/mmwave_drone_navigation2' with type 'ros.ament_cmake' and name 'mmwave_drone_navigation2'
[0.547s] Level 1:colcon.colcon_core.package_identification:_identify(src/nav_goals) by extensions ['ignore', 'ignore_ament_install']
[0.547s] Level 1:colcon.colcon_core.package_identification:_identify(src/nav_goals) by extension 'ignore'
[0.547s] Level 1:colcon.colcon_core.package_identification:_identify(src/nav_goals) by extension 'ignore_ament_install'
[0.548s] Level 1:colcon.colcon_core.package_identification:_identify(src/nav_goals) by extensions ['colcon_pkg']
[0.548s] Level 1:colcon.colcon_core.package_identification:_identify(src/nav_goals) by extension 'colcon_pkg'
[0.548s] Level 1:colcon.colcon_core.package_identification:_identify(src/nav_goals) by extensions ['colcon_meta']
[0.548s] Level 1:colcon.colcon_core.package_identification:_identify(src/nav_goals) by extension 'colcon_meta'
[0.548s] Level 1:colcon.colcon_core.package_identification:_identify(src/nav_goals) by extensions ['ros']
[0.548s] Level 1:colcon.colcon_core.package_identification:_identify(src/nav_goals) by extension 'ros'
[0.549s] DEBUG:colcon.colcon_core.package_identification:Package 'src/nav_goals' with type 'ros.ament_python' and name 'nav_goals'
[0.549s] Level 1:colcon.colcon_core.package_identification:_identify(src/px4_msgs) by extensions ['ignore', 'ignore_ament_install']
[0.549s] Level 1:colcon.colcon_core.package_identification:_identify(src/px4_msgs) by extension 'ignore'
[0.549s] Level 1:colcon.colcon_core.package_identification:_identify(src/px4_msgs) by extension 'ignore_ament_install'
[0.549s] Level 1:colcon.colcon_core.package_identification:_identify(src/px4_msgs) by extensions ['colcon_pkg']
[0.549s] Level 1:colcon.colcon_core.package_identification:_identify(src/px4_msgs) by extension 'colcon_pkg'
[0.549s] Level 1:colcon.colcon_core.package_identification:_identify(src/px4_msgs) by extensions ['colcon_meta']
[0.549s] Level 1:colcon.colcon_core.package_identification:_identify(src/px4_msgs) by extension 'colcon_meta'
[0.549s] Level 1:colcon.colcon_core.package_identification:_identify(src/px4_msgs) by extensions ['ros']
[0.549s] Level 1:colcon.colcon_core.package_identification:_identify(src/px4_msgs) by extension 'ros'
[0.550s] DEBUG:colcon.colcon_core.package_identification:Package 'src/px4_msgs' with type 'ros.ament_cmake' and name 'px4_msgs'
[0.550s] Level 1:colcon.colcon_core.package_identification:_identify(src/px4_ros_com) by extensions ['ignore', 'ignore_ament_install']
[0.550s] Level 1:colcon.colcon_core.package_identification:_identify(src/px4_ros_com) by extension 'ignore'
[0.551s] Level 1:colcon.colcon_core.package_identification:_identify(src/px4_ros_com) by extension 'ignore_ament_install'
[0.551s] Level 1:colcon.colcon_core.package_identification:_identify(src/px4_ros_com) by extensions ['colcon_pkg']
[0.551s] Level 1:colcon.colcon_core.package_identification:_identify(src/px4_ros_com) by extension 'colcon_pkg'
[0.551s] Level 1:colcon.colcon_core.package_identification:_identify(src/px4_ros_com) by extensions ['colcon_meta']
[0.551s] Level 1:colcon.colcon_core.package_identification:_identify(src/px4_ros_com) by extension 'colcon_meta'
[0.551s] Level 1:colcon.colcon_core.package_identification:_identify(src/px4_ros_com) by extensions ['ros']
[0.551s] Level 1:colcon.colcon_core.package_identification:_identify(src/px4_ros_com) by extension 'ros'
[0.553s] DEBUG:colcon.colcon_core.package_identification:Package 'src/px4_ros_com' with type 'ros.ament_cmake' and name 'px4_ros_com'
[0.553s] Level 1:colcon.colcon_core.package_discovery:discover_packages(recursive) using defaults
[0.553s] Level 1:colcon.colcon_core.package_discovery:discover_packages(ignore) discover
[0.553s] Level 1:colcon.colcon_core.package_discovery:discover_packages(ignore) using defaults
[0.553s] Level 1:colcon.colcon_core.package_discovery:discover_packages(path) discover
[0.553s] Level 1:colcon.colcon_core.package_discovery:discover_packages(path) using defaults
[0.582s] Level 1:colcon.colcon_core.package_discovery:discover_packages(prefix_path) check parameters
[0.582s] Level 1:colcon.colcon_core.package_discovery:discover_packages(prefix_path) discover
[0.586s] DEBUG:colcon.colcon_installed_package_information.package_discovery:Found 11 installed packages in /home/jingyan/px4_ros_com_ros2/install
[0.588s] DEBUG:colcon.colcon_installed_package_information.package_discovery:Found 316 installed packages in /opt/ros/foxy
[0.591s] Level 1:colcon.colcon_core.package_discovery:discover_packages(prefix_path) using defaults
[0.866s] Level 5:colcon.colcon_core.verb:set package 'iwr6843_pub' build argument 'cmake_args' from command line to 'None'
[0.866s] Level 5:colcon.colcon_core.verb:set package 'iwr6843_pub' build argument 'cmake_target' from command line to 'None'
[0.866s] Level 5:colcon.colcon_core.verb:set package 'iwr6843_pub' build argument 'cmake_target_skip_unavailable' from command line to 'False'
[0.866s] Level 5:colcon.colcon_core.verb:set package 'iwr6843_pub' build argument 'cmake_clean_cache' from command line to 'False'
[0.866s] Level 5:colcon.colcon_core.verb:set package 'iwr6843_pub' build argument 'cmake_clean_first' from command line to 'False'
[0.866s] Level 5:colcon.colcon_core.verb:set package 'iwr6843_pub' build argument 'cmake_force_configure' from command line to 'False'
[0.866s] Level 5:colcon.colcon_core.verb:set package 'iwr6843_pub' build argument 'ament_cmake_args' from command line to 'None'
[0.866s] Level 5:colcon.colcon_core.verb:set package 'iwr6843_pub' build argument 'catkin_cmake_args' from command line to 'None'
[0.866s] Level 5:colcon.colcon_core.verb:set package 'iwr6843_pub' build argument 'catkin_skip_building_tests' from command line to 'False'
[0.866s] DEBUG:colcon.colcon_core.verb:Building package 'iwr6843_pub' with the following arguments: {'ament_cmake_args': None, 'build_base': '/home/jingyan/px4_ros_com_ros2/build/iwr6843_pub', 'catkin_cmake_args': None, 'catkin_skip_building_tests': False, 'cmake_args': None, 'cmake_clean_cache': False, 'cmake_clean_first': False, 'cmake_force_configure': False, 'cmake_target': None, 'cmake_target_skip_unavailable': False, 'install_base': '/home/jingyan/px4_ros_com_ros2/install/iwr6843_pub', 'merge_install': False, 'path': '/home/jingyan/px4_ros_com_ros2/src/iwr6843_pub-main', 'symlink_install': False, 'test_result_base': None}
[0.869s] Level 5:colcon.colcon_core.verb:set package 'mmwave_drone_cartographer' build argument 'cmake_args' from command line to 'None'
[0.869s] Level 5:colcon.colcon_core.verb:set package 'mmwave_drone_cartographer' build argument 'cmake_target' from command line to 'None'
[0.869s] Level 5:colcon.colcon_core.verb:set package 'mmwave_drone_cartographer' build argument 'cmake_target_skip_unavailable' from command line to 'False'
[0.869s] Level 5:colcon.colcon_core.verb:set package 'mmwave_drone_cartographer' build argument 'cmake_clean_cache' from command line to 'False'
[0.869s] Level 5:colcon.colcon_core.verb:set package 'mmwave_drone_cartographer' build argument 'cmake_clean_first' from command line to 'False'
[0.869s] Level 5:colcon.colcon_core.verb:set package 'mmwave_drone_cartographer' build argument 'cmake_force_configure' from command line to 'False'
[0.869s] Level 5:colcon.colcon_core.verb:set package 'mmwave_drone_cartographer' build argument 'ament_cmake_args' from command line to 'None'
[0.869s] Level 5:colcon.colcon_core.verb:set package 'mmwave_drone_cartographer' build argument 'catkin_cmake_args' from command line to 'None'
[0.869s] Level 5:colcon.colcon_core.verb:set package 'mmwave_drone_cartographer' build argument 'catkin_skip_building_tests' from command line to 'False'
[0.869s] DEBUG:colcon.colcon_core.verb:Building package 'mmwave_drone_cartographer' with the following arguments: {'ament_cmake_args': None, 'build_base': '/home/jingyan/px4_ros_com_ros2/build/mmwave_drone_cartographer', 'catkin_cmake_args': None, 'catkin_skip_building_tests': False, 'cmake_args': None, 'cmake_clean_cache': False, 'cmake_clean_first': False, 'cmake_force_configure': False, 'cmake_target': None, 'cmake_target_skip_unavailable': False, 'install_base': '/home/jingyan/px4_ros_com_ros2/install/mmwave_drone_cartographer', 'merge_install': False, 'path': '/home/jingyan/px4_ros_com_ros2/src/mmwave_drone_cartographer', 'symlink_install': False, 'test_result_base': None}
[0.871s] Level 5:colcon.colcon_core.verb:set package 'mmwave_drone_navigation2' build argument 'cmake_args' from command line to 'None'
[0.871s] Level 5:colcon.colcon_core.verb:set package 'mmwave_drone_navigation2' build argument 'cmake_target' from command line to 'None'
[0.871s] Level 5:colcon.colcon_core.verb:set package 'mmwave_drone_navigation2' build argument 'cmake_target_skip_unavailable' from command line to 'False'
[0.872s] Level 5:colcon.colcon_core.verb:set package 'mmwave_drone_navigation2' build argument 'cmake_clean_cache' from command line to 'False'
[0.872s] Level 5:colcon.colcon_core.verb:set package 'mmwave_drone_navigation2' build argument 'cmake_clean_first' from command line to 'False'
[0.872s] Level 5:colcon.colcon_core.verb:set package 'mmwave_drone_navigation2' build argument 'cmake_force_configure' from command line to 'False'
[0.872s] Level 5:colcon.colcon_core.verb:set package 'mmwave_drone_navigation2' build argument 'ament_cmake_args' from command line to 'None'
[0.872s] Level 5:colcon.colcon_core.verb:set package 'mmwave_drone_navigation2' build argument 'catkin_cmake_args' from command line to 'None'
[0.872s] Level 5:colcon.colcon_core.verb:set package 'mmwave_drone_navigation2' build argument 'catkin_skip_building_tests' from command line to 'False'
[0.872s] DEBUG:colcon.colcon_core.verb:Building package 'mmwave_drone_navigation2' with the following arguments: {'ament_cmake_args': None, 'build_base': '/home/jingyan/px4_ros_com_ros2/build/mmwave_drone_navigation2', 'catkin_cmake_args': None, 'catkin_skip_building_tests': False, 'cmake_args': None, 'cmake_clean_cache': False, 'cmake_clean_first': False, 'cmake_force_configure': False, 'cmake_target': None, 'cmake_target_skip_unavailable': False, 'install_base': '/home/jingyan/px4_ros_com_ros2/install/mmwave_drone_navigation2', 'merge_install': False, 'path': '/home/jingyan/px4_ros_com_ros2/src/mmwave_drone_navigation2', 'symlink_install': False, 'test_result_base': None}
[0.873s] Level 5:colcon.colcon_core.verb:set package 'nav_goals' build argument 'cmake_args' from command line to 'None'
[0.873s] Level 5:colcon.colcon_core.verb:set package 'nav_goals' build argument 'cmake_target' from command line to 'None'
[0.873s] Level 5:colcon.colcon_core.verb:set package 'nav_goals' build argument 'cmake_target_skip_unavailable' from command line to 'False'
[0.873s] Level 5:colcon.colcon_core.verb:set package 'nav_goals' build argument 'cmake_clean_cache' from command line to 'False'
[0.873s] Level 5:colcon.colcon_core.verb:set package 'nav_goals' build argument 'cmake_clean_first' from command line to 'False'
[0.873s] Level 5:colcon.colcon_core.verb:set package 'nav_goals' build argument 'cmake_force_configure' from command line to 'False'
[0.873s] Level 5:colcon.colcon_core.verb:set package 'nav_goals' build argument 'ament_cmake_args' from command line to 'None'
[0.873s] Level 5:colcon.colcon_core.verb:set package 'nav_goals' build argument 'catkin_cmake_args' from command line to 'None'
[0.873s] Level 5:colcon.colcon_core.verb:set package 'nav_goals' build argument 'catkin_skip_building_tests' from command line to 'False'
[0.874s] DEBUG:colcon.colcon_core.verb:Building package 'nav_goals' with the following arguments: {'ament_cmake_args': None, 'build_base': '/home/jingyan/px4_ros_com_ros2/build/nav_goals', 'catkin_cmake_args': None, 'catkin_skip_building_tests': False, 'cmake_args': None, 'cmake_clean_cache': False, 'cmake_clean_first': False, 'cmake_force_configure': False, 'cmake_target': None, 'cmake_target_skip_unavailable': False, 'install_base': '/home/jingyan/px4_ros_com_ros2/install/nav_goals', 'merge_install': False, 'path': '/home/jingyan/px4_ros_com_ros2/src/nav_goals', 'symlink_install': False, 'test_result_base': None}
[0.875s] Level 5:colcon.colcon_core.verb:set package 'px4_msgs' build argument 'cmake_args' from command line to 'None'
[0.875s] Level 5:colcon.colcon_core.verb:set package 'px4_msgs' build argument 'cmake_target' from command line to 'None'
[0.875s] Level 5:colcon.colcon_core.verb:set package 'px4_msgs' build argument 'cmake_target_skip_unavailable' from command line to 'False'
[0.875s] Level 5:colcon.colcon_core.verb:set package 'px4_msgs' build argument 'cmake_clean_cache' from command line to 'False'
[0.875s] Level 5:colcon.colcon_core.verb:set package 'px4_msgs' build argument 'cmake_clean_first' from command line to 'False'
[0.875s] Level 5:colcon.colcon_core.verb:set package 'px4_msgs' build argument 'cmake_force_configure' from command line to 'False'
[0.875s] Level 5:colcon.colcon_core.verb:set package 'px4_msgs' build argument 'ament_cmake_args' from command line to 'None'
[0.875s] Level 5:colcon.colcon_core.verb:set package 'px4_msgs' build argument 'catkin_cmake_args' from command line to 'None'
[0.875s] Level 5:colcon.colcon_core.verb:set package 'px4_msgs' build argument 'catkin_skip_building_tests' from command line to 'False'
[0.875s] DEBUG:colcon.colcon_core.verb:Building package 'px4_msgs' with the following arguments: {'ament_cmake_args': None, 'build_base': '/home/jingyan/px4_ros_com_ros2/build/px4_msgs', 'catkin_cmake_args': None, 'catkin_skip_building_tests': False, 'cmake_args': None, 'cmake_clean_cache': False, 'cmake_clean_first': False, 'cmake_force_configure': False, 'cmake_target': None, 'cmake_target_skip_unavailable': False, 'install_base': '/home/jingyan/px4_ros_com_ros2/install/px4_msgs', 'merge_install': False, 'path': '/home/jingyan/px4_ros_com_ros2/src/px4_msgs', 'symlink_install': False, 'test_result_base': None}
[0.877s] Level 5:colcon.colcon_core.verb:set package 'px4_ros_com' build argument 'cmake_args' from command line to 'None'
[0.877s] Level 5:colcon.colcon_core.verb:set package 'px4_ros_com' build argument 'cmake_target' from command line to 'None'
[0.877s] Level 5:colcon.colcon_core.verb:set package 'px4_ros_com' build argument 'cmake_target_skip_unavailable' from command line to 'False'
[0.877s] Level 5:colcon.colcon_core.verb:set package 'px4_ros_com' build argument 'cmake_clean_cache' from command line to 'False'
[0.877s] Level 5:colcon.colcon_core.verb:set package 'px4_ros_com' build argument 'cmake_clean_first' from command line to 'False'
[0.877s] Level 5:colcon.colcon_core.verb:set package 'px4_ros_com' build argument 'cmake_force_configure' from command line to 'False'
[0.877s] Level 5:colcon.colcon_core.verb:set package 'px4_ros_com' build argument 'ament_cmake_args' from command line to 'None'
[0.877s] Level 5:colcon.colcon_core.verb:set package 'px4_ros_com' build argument 'catkin_cmake_args' from command line to 'None'
[0.877s] Level 5:colcon.colcon_core.verb:set package 'px4_ros_com' build argument 'catkin_skip_building_tests' from command line to 'False'
[0.877s] DEBUG:colcon.colcon_core.verb:Building package 'px4_ros_com' with the following arguments: {'ament_cmake_args': None, 'build_base': '/home/jingyan/px4_ros_com_ros2/build/px4_ros_com', 'catkin_cmake_args': None, 'catkin_skip_building_tests': False, 'cmake_args': None, 'cmake_clean_cache': False, 'cmake_clean_first': False, 'cmake_force_configure': False, 'cmake_target': None, 'cmake_target_skip_unavailable': False, 'install_base': '/home/jingyan/px4_ros_com_ros2/install/px4_ros_com', 'merge_install': False, 'path': '/home/jingyan/px4_ros_com_ros2/src/px4_ros_com', 'symlink_install': False, 'test_result_base': None}
[0.878s] INFO:colcon.colcon_core.executor:Executing jobs using 'parallel' executor
[0.885s] DEBUG:colcon.colcon_parallel_executor.executor.parallel:run_until_complete
[0.885s] INFO:colcon.colcon_ros.task.ament_cmake.build:Building ROS package in '/home/jingyan/px4_ros_com_ros2/src/px4_msgs' with build type 'ament_cmake'
[0.886s] INFO:colcon.colcon_cmake.task.cmake.build:Building CMake package in '/home/jingyan/px4_ros_com_ros2/src/px4_msgs'
[0.894s] INFO:colcon.colcon_core.plugin_system:Skipping extension 'colcon_core.shell.bat': Not used on non-Windows systems
[0.895s] INFO:colcon.colcon_core.shell:Skip shell extension 'powershell' for command environment: Not usable outside of PowerShell
[0.895s] DEBUG:colcon.colcon_core.shell:Skip shell extension 'dsv' for command environment
[0.906s] INFO:colcon.colcon_ros.task.ament_python.build:Building ROS package in '/home/jingyan/px4_ros_com_ros2/src/iwr6843_pub-main' with build type 'ament_python'
[0.907s] Level 1:colcon.colcon_core.shell:create_environment_hook('iwr6843_pub', 'ament_prefix_path')
[0.910s] INFO:colcon.colcon_core.shell:Creating environment hook '/home/jingyan/px4_ros_com_ros2/install/iwr6843_pub/share/iwr6843_pub/hook/ament_prefix_path.ps1'
[0.912s] INFO:colcon.colcon_core.shell:Creating environment descriptor '/home/jingyan/px4_ros_com_ros2/install/iwr6843_pub/share/iwr6843_pub/hook/ament_prefix_path.dsv'
[0.912s] INFO:colcon.colcon_core.shell:Creating environment hook '/home/jingyan/px4_ros_com_ros2/install/iwr6843_pub/share/iwr6843_pub/hook/ament_prefix_path.sh'
[0.916s] INFO:colcon.colcon_core.shell:Skip shell extension 'powershell' for command environment: Not usable outside of PowerShell
[0.916s] DEBUG:colcon.colcon_core.shell:Skip shell extension 'dsv' for command environment
[0.927s] INFO:colcon.colcon_ros.task.ament_cmake.build:Building ROS package in '/home/jingyan/px4_ros_com_ros2/src/mmwave_drone_cartographer' with build type 'ament_cmake'
[0.928s] INFO:colcon.colcon_cmake.task.cmake.build:Building CMake package in '/home/jingyan/px4_ros_com_ros2/src/mmwave_drone_cartographer'
[0.931s] INFO:colcon.colcon_core.shell:Skip shell extension 'powershell' for command environment: Not usable outside of PowerShell
[0.932s] DEBUG:colcon.colcon_core.shell:Skip shell extension 'dsv' for command environment
[0.944s] INFO:colcon.colcon_ros.task.ament_cmake.build:Building ROS package in '/home/jingyan/px4_ros_com_ros2/src/mmwave_drone_navigation2' with build type 'ament_cmake'
[0.945s] INFO:colcon.colcon_cmake.task.cmake.build:Building CMake package in '/home/jingyan/px4_ros_com_ros2/src/mmwave_drone_navigation2'
[0.947s] INFO:colcon.colcon_core.shell:Skip shell extension 'powershell' for command environment: Not usable outside of PowerShell
[0.947s] DEBUG:colcon.colcon_core.shell:Skip shell extension 'dsv' for command environment
[0.957s] INFO:colcon.colcon_ros.task.ament_python.build:Building ROS package in '/home/jingyan/px4_ros_com_ros2/src/nav_goals' with build type 'ament_python'
[0.958s] Level 1:colcon.colcon_core.shell:create_environment_hook('nav_goals', 'ament_prefix_path')
[0.960s] INFO:colcon.colcon_core.shell:Creating environment hook '/home/jingyan/px4_ros_com_ros2/install/nav_goals/share/nav_goals/hook/ament_prefix_path.ps1'
[0.961s] INFO:colcon.colcon_core.shell:Creating environment descriptor '/home/jingyan/px4_ros_com_ros2/install/nav_goals/share/nav_goals/hook/ament_prefix_path.dsv'
[0.962s] INFO:colcon.colcon_core.shell:Creating environment hook '/home/jingyan/px4_ros_com_ros2/install/nav_goals/share/nav_goals/hook/ament_prefix_path.sh'
[0.964s] INFO:colcon.colcon_core.shell:Skip shell extension 'powershell' for command environment: Not usable outside of PowerShell
[0.964s] DEBUG:colcon.colcon_core.shell:Skip shell extension 'dsv' for command environment
[0.987s] DEBUG:colcon.colcon_core.event_handler.log_command:Invoking command in '/home/jingyan/px4_ros_com_ros2/build/px4_msgs': CMAKE_PREFIX_PATH=${CMAKE_PREFIX_PATH}:/home/jingyan/px4_ros_com_ros2/install/nav_goals:/home/jingyan/px4_ros_com_ros2/install/iwr6843aop_pub:/home/jingyan/px4_ros_com_ros2/install/iwr6843_pub:/opt/ros/foxy /usr/bin/cmake --build /home/jingyan/px4_ros_com_ros2/build/px4_msgs -- -j16 -l16
[1.415s] INFO:colcon.colcon_core.task.python.build:Building Python package in '/home/jingyan/px4_ros_com_ros2/src/iwr6843_pub-main'
[1.418s] INFO:colcon.colcon_core.shell:Skip shell extension 'powershell' for command environment: Not usable outside of PowerShell
[1.418s] DEBUG:colcon.colcon_core.shell:Skip shell extension 'dsv' for command environment
[1.439s] DEBUG:colcon.colcon_core.event_handler.log_command:Invoking command in '/home/jingyan/px4_ros_com_ros2/build/mmwave_drone_cartographer': CMAKE_PREFIX_PATH=${CMAKE_PREFIX_PATH}:/home/jingyan/px4_ros_com_ros2/install/nav_goals:/home/jingyan/px4_ros_com_ros2/install/iwr6843aop_pub:/home/jingyan/px4_ros_com_ros2/install/iwr6843_pub:/opt/ros/foxy /usr/bin/cmake --build /home/jingyan/px4_ros_com_ros2/build/mmwave_drone_cartographer -- -j16 -l16
[1.444s] DEBUG:colcon.colcon_core.event_handler.log_command:Invoking command in '/home/jingyan/px4_ros_com_ros2/build/mmwave_drone_navigation2': CMAKE_PREFIX_PATH=${CMAKE_PREFIX_PATH}:/home/jingyan/px4_ros_com_ros2/install/nav_goals:/home/jingyan/px4_ros_com_ros2/install/iwr6843aop_pub:/home/jingyan/px4_ros_com_ros2/install/iwr6843_pub:/opt/ros/foxy /usr/bin/cmake --build /home/jingyan/px4_ros_com_ros2/build/mmwave_drone_navigation2 -- -j16 -l16
[1.873s] INFO:colcon.colcon_core.task.python.build:Building Python package in '/home/jingyan/px4_ros_com_ros2/src/nav_goals'
[1.876s] INFO:colcon.colcon_core.shell:Skip shell extension 'powershell' for command environment: Not usable outside of PowerShell
[1.877s] DEBUG:colcon.colcon_core.shell:Skip shell extension 'dsv' for command environment
[1.894s] DEBUG:colcon.colcon_core.event_handler.log_command:Invoked command in '/home/jingyan/px4_ros_com_ros2/build/mmwave_drone_cartographer' returned '0': CMAKE_PREFIX_PATH=${CMAKE_PREFIX_PATH}:/home/jingyan/px4_ros_com_ros2/install/nav_goals:/home/jingyan/px4_ros_com_ros2/install/iwr6843aop_pub:/home/jingyan/px4_ros_com_ros2/install/iwr6843_pub:/opt/ros/foxy /usr/bin/cmake --build /home/jingyan/px4_ros_com_ros2/build/mmwave_drone_cartographer -- -j16 -l16
[1.900s] DEBUG:colcon.colcon_core.event_handler.log_command:Invoked command in '/home/jingyan/px4_ros_com_ros2/build/mmwave_drone_navigation2' returned '0': CMAKE_PREFIX_PATH=${CMAKE_PREFIX_PATH}:/home/jingyan/px4_ros_com_ros2/install/nav_goals:/home/jingyan/px4_ros_com_ros2/install/iwr6843aop_pub:/home/jingyan/px4_ros_com_ros2/install/iwr6843_pub:/opt/ros/foxy /usr/bin/cmake --build /home/jingyan/px4_ros_com_ros2/build/mmwave_drone_navigation2 -- -j16 -l16
[1.943s] DEBUG:colcon.colcon_core.event_handler.log_command:Invoking command in '/home/jingyan/px4_ros_com_ros2/build/mmwave_drone_cartographer': CMAKE_PREFIX_PATH=${CMAKE_PREFIX_PATH}:/home/jingyan/px4_ros_com_ros2/install/nav_goals:/home/jingyan/px4_ros_com_ros2/install/iwr6843aop_pub:/home/jingyan/px4_ros_com_ros2/install/iwr6843_pub:/opt/ros/foxy /usr/bin/cmake --install /home/jingyan/px4_ros_com_ros2/build/mmwave_drone_cartographer
[1.949s] DEBUG:colcon.colcon_core.event_handler.log_command:Invoking command in '/home/jingyan/px4_ros_com_ros2/build/mmwave_drone_navigation2': CMAKE_PREFIX_PATH=${CMAKE_PREFIX_PATH}:/home/jingyan/px4_ros_com_ros2/install/nav_goals:/home/jingyan/px4_ros_com_ros2/install/iwr6843aop_pub:/home/jingyan/px4_ros_com_ros2/install/iwr6843_pub:/opt/ros/foxy /usr/bin/cmake --install /home/jingyan/px4_ros_com_ros2/build/mmwave_drone_navigation2
[1.957s] Level 1:colcon.colcon_core.environment:create_environment_scripts_only(mmwave_drone_cartographer)
[1.958s] DEBUG:colcon.colcon_core.event_handler.log_command:Invoked command in '/home/jingyan/px4_ros_com_ros2/build/mmwave_drone_cartographer' returned '0': CMAKE_PREFIX_PATH=${CMAKE_PREFIX_PATH}:/home/jingyan/px4_ros_com_ros2/install/nav_goals:/home/jingyan/px4_ros_com_ros2/install/iwr6843aop_pub:/home/jingyan/px4_ros_com_ros2/install/iwr6843_pub:/opt/ros/foxy /usr/bin/cmake --install /home/jingyan/px4_ros_com_ros2/build/mmwave_drone_cartographer
[1.971s] Level 1:colcon.colcon_core.environment:checking '/home/jingyan/px4_ros_com_ros2/install/mmwave_drone_cartographer' for CMake module files
[1.971s] Level 1:colcon.colcon_core.environment:checking '/home/jingyan/px4_ros_com_ros2/install/mmwave_drone_cartographer' for CMake config files
[1.972s] Level 1:colcon.colcon_core.shell:create_environment_hook('mmwave_drone_cartographer', 'cmake_prefix_path')
[1.974s] INFO:colcon.colcon_core.shell:Creating environment hook '/home/jingyan/px4_ros_com_ros2/install/mmwave_drone_cartographer/share/mmwave_drone_cartographer/hook/cmake_prefix_path.ps1'
[1.974s] INFO:colcon.colcon_core.shell:Creating environment descriptor '/home/jingyan/px4_ros_com_ros2/install/mmwave_drone_cartographer/share/mmwave_drone_cartographer/hook/cmake_prefix_path.dsv'
[1.975s] INFO:colcon.colcon_core.shell:Creating environment hook '/home/jingyan/px4_ros_com_ros2/install/mmwave_drone_cartographer/share/mmwave_drone_cartographer/hook/cmake_prefix_path.sh'
[1.976s] Level 1:colcon.colcon_core.environment:checking '/home/jingyan/px4_ros_com_ros2/install/mmwave_drone_cartographer/bin'
[1.976s] Level 1:colcon.colcon_core.environment:checking '/home/jingyan/px4_ros_com_ros2/install/mmwave_drone_cartographer/lib/pkgconfig/mmwave_drone_cartographer.pc'
[1.977s] Level 1:colcon.colcon_core.environment:checking '/home/jingyan/px4_ros_com_ros2/install/mmwave_drone_cartographer/lib/python3.8/site-packages'
[1.977s] Level 1:colcon.colcon_core.environment:checking '/home/jingyan/px4_ros_com_ros2/install/mmwave_drone_cartographer/bin'
[1.980s] INFO:colcon.colcon_core.shell:Creating package script '/home/jingyan/px4_ros_com_ros2/install/mmwave_drone_cartographer/share/mmwave_drone_cartographer/package.ps1'
[1.982s] INFO:colcon.colcon_core.shell:Creating package descriptor '/home/jingyan/px4_ros_com_ros2/install/mmwave_drone_cartographer/share/mmwave_drone_cartographer/package.dsv'
[1.983s] INFO:colcon.colcon_core.shell:Creating package script '/home/jingyan/px4_ros_com_ros2/install/mmwave_drone_cartographer/share/mmwave_drone_cartographer/package.sh'
[1.984s] INFO:colcon.colcon_core.shell:Creating package script '/home/jingyan/px4_ros_com_ros2/install/mmwave_drone_cartographer/share/mmwave_drone_cartographer/package.bash'
[1.986s] INFO:colcon.colcon_core.shell:Creating package script '/home/jingyan/px4_ros_com_ros2/install/mmwave_drone_cartographer/share/mmwave_drone_cartographer/package.zsh'
[1.987s] Level 1:colcon.colcon_core.environment:create_file_with_runtime_dependencies(/home/jingyan/px4_ros_com_ros2/install/mmwave_drone_cartographer/share/colcon-core/packages/mmwave_drone_cartographer)
[1.993s] Level 1:colcon.colcon_core.environment:create_environment_scripts_only(mmwave_drone_navigation2)
[1.997s] Level 1:colcon.colcon_core.environment:checking '/home/jingyan/px4_ros_com_ros2/install/mmwave_drone_navigation2' for CMake module files
[1.998s] DEBUG:colcon.colcon_core.event_handler.log_command:Invoked command in '/home/jingyan/px4_ros_com_ros2/build/mmwave_drone_navigation2' returned '0': CMAKE_PREFIX_PATH=${CMAKE_PREFIX_PATH}:/home/jingyan/px4_ros_com_ros2/install/nav_goals:/home/jingyan/px4_ros_com_ros2/install/iwr6843aop_pub:/home/jingyan/px4_ros_com_ros2/install/iwr6843_pub:/opt/ros/foxy /usr/bin/cmake --install /home/jingyan/px4_ros_com_ros2/build/mmwave_drone_navigation2
[1.998s] Level 1:colcon.colcon_core.environment:checking '/home/jingyan/px4_ros_com_ros2/install/mmwave_drone_navigation2' for CMake config files
[1.998s] Level 1:colcon.colcon_core.shell:create_environment_hook('mmwave_drone_navigation2', 'cmake_prefix_path')
[2.001s] INFO:colcon.colcon_core.shell:Creating environment hook '/home/jingyan/px4_ros_com_ros2/install/mmwave_drone_navigation2/share/mmwave_drone_navigation2/hook/cmake_prefix_path.ps1'
[2.001s] INFO:colcon.colcon_core.shell:Creating environment descriptor '/home/jingyan/px4_ros_com_ros2/install/mmwave_drone_navigation2/share/mmwave_drone_navigation2/hook/cmake_prefix_path.dsv'
[2.002s] INFO:colcon.colcon_core.shell:Creating environment hook '/home/jingyan/px4_ros_com_ros2/install/mmwave_drone_navigation2/share/mmwave_drone_navigation2/hook/cmake_prefix_path.sh'
[2.002s] Level 1:colcon.colcon_core.environment:checking '/home/jingyan/px4_ros_com_ros2/install/mmwave_drone_navigation2/bin'
[2.002s] Level 1:colcon.colcon_core.environment:checking '/home/jingyan/px4_ros_com_ros2/install/mmwave_drone_navigation2/lib/pkgconfig/mmwave_drone_navigation2.pc'
[2.003s] Level 1:colcon.colcon_core.environment:checking '/home/jingyan/px4_ros_com_ros2/install/mmwave_drone_navigation2/lib/python3.8/site-packages'
[2.003s] Level 1:colcon.colcon_core.environment:checking '/home/jingyan/px4_ros_com_ros2/install/mmwave_drone_navigation2/bin'
[2.005s] INFO:colcon.colcon_core.shell:Creating package script '/home/jingyan/px4_ros_com_ros2/install/mmwave_drone_navigation2/share/mmwave_drone_navigation2/package.ps1'
[2.006s] INFO:colcon.colcon_core.shell:Creating package descriptor '/home/jingyan/px4_ros_com_ros2/install/mmwave_drone_navigation2/share/mmwave_drone_navigation2/package.dsv'
[2.006s] INFO:colcon.colcon_core.shell:Creating package script '/home/jingyan/px4_ros_com_ros2/install/mmwave_drone_navigation2/share/mmwave_drone_navigation2/package.sh'
[2.007s] INFO:colcon.colcon_core.shell:Creating package script '/home/jingyan/px4_ros_com_ros2/install/mmwave_drone_navigation2/share/mmwave_drone_navigation2/package.bash'
[2.007s] INFO:colcon.colcon_core.shell:Creating package script '/home/jingyan/px4_ros_com_ros2/install/mmwave_drone_navigation2/share/mmwave_drone_navigation2/package.zsh'
[2.008s] Level 1:colcon.colcon_core.environment:create_file_with_runtime_dependencies(/home/jingyan/px4_ros_com_ros2/install/mmwave_drone_navigation2/share/colcon-core/packages/mmwave_drone_navigation2)
[2.018s] Level 1:colcon.colcon_core.environment:create_environment_scripts_only(mmwave_drone_cartographer)
[2.021s] Level 1:colcon.colcon_core.environment:checking '/home/jingyan/px4_ros_com_ros2/install/mmwave_drone_cartographer' for CMake module files
[2.021s] Level 1:colcon.colcon_core.environment:checking '/home/jingyan/px4_ros_com_ros2/install/mmwave_drone_cartographer' for CMake config files
[2.022s] Level 1:colcon.colcon_core.shell:create_environment_hook('mmwave_drone_cartographer', 'cmake_prefix_path')
[2.024s] INFO:colcon.colcon_core.shell:Creating environment hook '/home/jingyan/px4_ros_com_ros2/install/mmwave_drone_cartographer/share/mmwave_drone_cartographer/hook/cmake_prefix_path.ps1'
[2.024s] INFO:colcon.colcon_core.shell:Creating environment descriptor '/home/jingyan/px4_ros_com_ros2/install/mmwave_drone_cartographer/share/mmwave_drone_cartographer/hook/cmake_prefix_path.dsv'
[2.025s] INFO:colcon.colcon_core.shell:Creating environment hook '/home/jingyan/px4_ros_com_ros2/install/mmwave_drone_cartographer/share/mmwave_drone_cartographer/hook/cmake_prefix_path.sh'
[2.025s] Level 1:colcon.colcon_core.environment:checking '/home/jingyan/px4_ros_com_ros2/install/mmwave_drone_cartographer/bin'
[2.025s] Level 1:colcon.colcon_core.environment:checking '/home/jingyan/px4_ros_com_ros2/install/mmwave_drone_cartographer/lib/pkgconfig/mmwave_drone_cartographer.pc'
[2.026s] Level 1:colcon.colcon_core.environment:checking '/home/jingyan/px4_ros_com_ros2/install/mmwave_drone_cartographer/lib/python3.8/site-packages'
[2.026s] Level 1:colcon.colcon_core.environment:checking '/home/jingyan/px4_ros_com_ros2/install/mmwave_drone_cartographer/bin'
[2.028s] INFO:colcon.colcon_core.shell:Creating package script '/home/jingyan/px4_ros_com_ros2/install/mmwave_drone_cartographer/share/mmwave_drone_cartographer/package.ps1'
[2.029s] INFO:colcon.colcon_core.shell:Creating package descriptor '/home/jingyan/px4_ros_com_ros2/install/mmwave_drone_cartographer/share/mmwave_drone_cartographer/package.dsv'
[2.030s] INFO:colcon.colcon_core.shell:Creating package script '/home/jingyan/px4_ros_com_ros2/install/mmwave_drone_cartographer/share/mmwave_drone_cartographer/package.sh'
[2.030s] INFO:colcon.colcon_core.shell:Creating package script '/home/jingyan/px4_ros_com_ros2/install/mmwave_drone_cartographer/share/mmwave_drone_cartographer/package.bash'
[2.031s] INFO:colcon.colcon_core.shell:Creating package script '/home/jingyan/px4_ros_com_ros2/install/mmwave_drone_cartographer/share/mmwave_drone_cartographer/package.zsh'
[2.032s] Level 1:colcon.colcon_core.environment:create_file_with_runtime_dependencies(/home/jingyan/px4_ros_com_ros2/install/mmwave_drone_cartographer/share/colcon-core/packages/mmwave_drone_cartographer)
[2.040s] Level 1:colcon.colcon_core.environment:create_environment_scripts_only(mmwave_drone_navigation2)
[2.044s] Level 1:colcon.colcon_core.environment:checking '/home/jingyan/px4_ros_com_ros2/install/mmwave_drone_navigation2' for CMake module files
[2.045s] Level 1:colcon.colcon_core.environment:checking '/home/jingyan/px4_ros_com_ros2/install/mmwave_drone_navigation2' for CMake config files
[2.045s] Level 1:colcon.colcon_core.shell:create_environment_hook('mmwave_drone_navigation2', 'cmake_prefix_path')
[2.048s] INFO:colcon.colcon_core.shell:Creating environment hook '/home/jingyan/px4_ros_com_ros2/install/mmwave_drone_navigation2/share/mmwave_drone_navigation2/hook/cmake_prefix_path.ps1'
[2.049s] INFO:colcon.colcon_core.shell:Creating environment descriptor '/home/jingyan/px4_ros_com_ros2/install/mmwave_drone_navigation2/share/mmwave_drone_navigation2/hook/cmake_prefix_path.dsv'
[2.049s] INFO:colcon.colcon_core.shell:Creating environment hook '/home/jingyan/px4_ros_com_ros2/install/mmwave_drone_navigation2/share/mmwave_drone_navigation2/hook/cmake_prefix_path.sh'
[2.050s] Level 1:colcon.colcon_core.environment:checking '/home/jingyan/px4_ros_com_ros2/install/mmwave_drone_navigation2/bin'
[2.051s] Level 1:colcon.colcon_core.environment:checking '/home/jingyan/px4_ros_com_ros2/install/mmwave_drone_navigation2/lib/pkgconfig/mmwave_drone_navigation2.pc'
[2.051s] Level 1:colcon.colcon_core.environment:checking '/home/jingyan/px4_ros_com_ros2/install/mmwave_drone_navigation2/lib/python3.8/site-packages'
[2.052s] Level 1:colcon.colcon_core.environment:checking '/home/jingyan/px4_ros_com_ros2/install/mmwave_drone_navigation2/bin'
[2.055s] INFO:colcon.colcon_core.shell:Creating package script '/home/jingyan/px4_ros_com_ros2/install/mmwave_drone_navigation2/share/mmwave_drone_navigation2/package.ps1'
[2.056s] INFO:colcon.colcon_core.shell:Creating package descriptor '/home/jingyan/px4_ros_com_ros2/install/mmwave_drone_navigation2/share/mmwave_drone_navigation2/package.dsv'
[2.056s] INFO:colcon.colcon_core.shell:Creating package script '/home/jingyan/px4_ros_com_ros2/install/mmwave_drone_navigation2/share/mmwave_drone_navigation2/package.sh'
[2.057s] INFO:colcon.colcon_core.shell:Creating package script '/home/jingyan/px4_ros_com_ros2/install/mmwave_drone_navigation2/share/mmwave_drone_navigation2/package.bash'
[2.057s] INFO:colcon.colcon_core.shell:Creating package script '/home/jingyan/px4_ros_com_ros2/install/mmwave_drone_navigation2/share/mmwave_drone_navigation2/package.zsh'
[2.058s] Level 1:colcon.colcon_core.environment:create_file_with_runtime_dependencies(/home/jingyan/px4_ros_com_ros2/install/mmwave_drone_navigation2/share/colcon-core/packages/mmwave_drone_navigation2)
[2.704s] DEBUG:colcon.colcon_core.event_handler.log_command:Invoking command in '/home/jingyan/px4_ros_com_ros2/src/nav_goals': PYTHONPATH=/home/jingyan/px4_ros_com_ros2/install/nav_goals/lib/python3.8/site-packages:${PYTHONPATH} /usr/bin/python3 setup.py egg_info --egg-base ../../build/nav_goals build --build-base /home/jingyan/px4_ros_com_ros2/build/nav_goals/build install --prefix /home/jingyan/px4_ros_com_ros2/install/nav_goals --record /home/jingyan/px4_ros_com_ros2/build/nav_goals/install.log --single-version-externally-managed
[2.722s] DEBUG:colcon.colcon_core.event_handler.log_command:Invoking command in '/home/jingyan/px4_ros_com_ros2/src/iwr6843_pub-main': PYTHONPATH=/home/jingyan/px4_ros_com_ros2/install/iwr6843_pub/lib/python3.8/site-packages:${PYTHONPATH} /usr/bin/python3 setup.py egg_info --egg-base ../../build/iwr6843_pub build --build-base /home/jingyan/px4_ros_com_ros2/build/iwr6843_pub/build install --prefix /home/jingyan/px4_ros_com_ros2/install/iwr6843_pub --record /home/jingyan/px4_ros_com_ros2/build/iwr6843_pub/install.log --single-version-externally-managed
[3.698s] DEBUG:colcon.colcon_core.event_handler.log_command:Invoked command in '/home/jingyan/px4_ros_com_ros2/src/nav_goals' returned '0': PYTHONPATH=/home/jingyan/px4_ros_com_ros2/install/nav_goals/lib/python3.8/site-packages:${PYTHONPATH} /usr/bin/python3 setup.py egg_info --egg-base ../../build/nav_goals build --build-base /home/jingyan/px4_ros_com_ros2/build/nav_goals/build install --prefix /home/jingyan/px4_ros_com_ros2/install/nav_goals --record /home/jingyan/px4_ros_com_ros2/build/nav_goals/install.log --single-version-externally-managed
[3.700s] Level 1:colcon.colcon_core.environment:checking '/home/jingyan/px4_ros_com_ros2/install/nav_goals' for CMake module files
[3.701s] Level 1:colcon.colcon_core.environment:checking '/home/jingyan/px4_ros_com_ros2/install/nav_goals' for CMake config files
[3.702s] Level 1:colcon.colcon_core.environment:checking '/home/jingyan/px4_ros_com_ros2/install/nav_goals/lib'
[3.703s] Level 1:colcon.colcon_core.environment:checking '/home/jingyan/px4_ros_com_ros2/install/nav_goals/bin'
[3.703s] Level 1:colcon.colcon_core.environment:checking '/home/jingyan/px4_ros_com_ros2/install/nav_goals/lib/pkgconfig/nav_goals.pc'
[3.704s] Level 1:colcon.colcon_core.environment:checking '/home/jingyan/px4_ros_com_ros2/install/nav_goals/lib/python3.8/site-packages'
[3.704s] Level 1:colcon.colcon_core.shell:create_environment_hook('nav_goals', 'pythonpath')
[3.708s] INFO:colcon.colcon_core.shell:Creating environment hook '/home/jingyan/px4_ros_com_ros2/install/nav_goals/share/nav_goals/hook/pythonpath.ps1'
[3.709s] INFO:colcon.colcon_core.shell:Creating environment descriptor '/home/jingyan/px4_ros_com_ros2/install/nav_goals/share/nav_goals/hook/pythonpath.dsv'
[3.709s] INFO:colcon.colcon_core.shell:Creating environment hook '/home/jingyan/px4_ros_com_ros2/install/nav_goals/share/nav_goals/hook/pythonpath.sh'
[3.710s] Level 1:colcon.colcon_core.environment:checking '/home/jingyan/px4_ros_com_ros2/install/nav_goals/bin'
[3.711s] Level 1:colcon.colcon_core.environment:create_environment_scripts_only(nav_goals)
[3.714s] INFO:colcon.colcon_core.shell:Creating package script '/home/jingyan/px4_ros_com_ros2/install/nav_goals/share/nav_goals/package.ps1'
[3.717s] INFO:colcon.colcon_core.shell:Creating package descriptor '/home/jingyan/px4_ros_com_ros2/install/nav_goals/share/nav_goals/package.dsv'
[3.718s] INFO:colcon.colcon_core.shell:Creating package script '/home/jingyan/px4_ros_com_ros2/install/nav_goals/share/nav_goals/package.sh'
[3.720s] INFO:colcon.colcon_core.shell:Creating package script '/home/jingyan/px4_ros_com_ros2/install/nav_goals/share/nav_goals/package.bash'
[3.721s] INFO:colcon.colcon_core.shell:Creating package script '/home/jingyan/px4_ros_com_ros2/install/nav_goals/share/nav_goals/package.zsh'
[3.721s] Level 1:colcon.colcon_core.environment:create_file_with_runtime_dependencies(/home/jingyan/px4_ros_com_ros2/install/nav_goals/share/colcon-core/packages/nav_goals)
[3.815s] Level 1:colcon.colcon_core.environment:checking '/home/jingyan/px4_ros_com_ros2/install/iwr6843_pub' for CMake module files
[3.817s] DEBUG:colcon.colcon_core.event_handler.log_command:Invoked command in '/home/jingyan/px4_ros_com_ros2/src/iwr6843_pub-main' returned '0': PYTHONPATH=/home/jingyan/px4_ros_com_ros2/install/iwr6843_pub/lib/python3.8/site-packages:${PYTHONPATH} /usr/bin/python3 setup.py egg_info --egg-base ../../build/iwr6843_pub build --build-base /home/jingyan/px4_ros_com_ros2/build/iwr6843_pub/build install --prefix /home/jingyan/px4_ros_com_ros2/install/iwr6843_pub --record /home/jingyan/px4_ros_com_ros2/build/iwr6843_pub/install.log --single-version-externally-managed
[3.818s] Level 1:colcon.colcon_core.environment:checking '/home/jingyan/px4_ros_com_ros2/install/iwr6843_pub' for CMake config files
[3.819s] Level 1:colcon.colcon_core.environment:checking '/home/jingyan/px4_ros_com_ros2/install/iwr6843_pub/lib'
[3.819s] Level 1:colcon.colcon_core.environment:checking '/home/jingyan/px4_ros_com_ros2/install/iwr6843_pub/bin'
[3.819s] Level 1:colcon.colcon_core.environment:checking '/home/jingyan/px4_ros_com_ros2/install/iwr6843_pub/lib/pkgconfig/iwr6843_pub.pc'
[3.819s] Level 1:colcon.colcon_core.environment:checking '/home/jingyan/px4_ros_com_ros2/install/iwr6843_pub/lib/python3.8/site-packages'
[3.820s] Level 1:colcon.colcon_core.shell:create_environment_hook('iwr6843_pub', 'pythonpath')
[3.823s] INFO:colcon.colcon_core.shell:Creating environment hook '/home/jingyan/px4_ros_com_ros2/install/iwr6843_pub/share/iwr6843_pub/hook/pythonpath.ps1'
[3.824s] INFO:colcon.colcon_core.shell:Creating environment descriptor '/home/jingyan/px4_ros_com_ros2/install/iwr6843_pub/share/iwr6843_pub/hook/pythonpath.dsv'
[3.824s] INFO:colcon.colcon_core.shell:Creating environment hook '/home/jingyan/px4_ros_com_ros2/install/iwr6843_pub/share/iwr6843_pub/hook/pythonpath.sh'
[3.826s] Level 1:colcon.colcon_core.environment:checking '/home/jingyan/px4_ros_com_ros2/install/iwr6843_pub/bin'
[3.826s] Level 1:colcon.colcon_core.environment:create_environment_scripts_only(iwr6843_pub)
[3.830s] INFO:colcon.colcon_core.shell:Creating package script '/home/jingyan/px4_ros_com_ros2/install/iwr6843_pub/share/iwr6843_pub/package.ps1'
[3.831s] INFO:colcon.colcon_core.shell:Creating package descriptor '/home/jingyan/px4_ros_com_ros2/install/iwr6843_pub/share/iwr6843_pub/package.dsv'
[3.833s] INFO:colcon.colcon_core.shell:Creating package script '/home/jingyan/px4_ros_com_ros2/install/iwr6843_pub/share/iwr6843_pub/package.sh'
[3.834s] INFO:colcon.colcon_core.shell:Creating package script '/home/jingyan/px4_ros_com_ros2/install/iwr6843_pub/share/iwr6843_pub/package.bash'
[3.835s] INFO:colcon.colcon_core.shell:Creating package script '/home/jingyan/px4_ros_com_ros2/install/iwr6843_pub/share/iwr6843_pub/package.zsh'
[3.836s] Level 1:colcon.colcon_core.environment:create_file_with_runtime_dependencies(/home/jingyan/px4_ros_com_ros2/install/iwr6843_pub/share/colcon-core/packages/iwr6843_pub)
[7.674s] DEBUG:colcon.colcon_core.event_handler.log_command:Invoked command in '/home/jingyan/px4_ros_com_ros2/build/px4_msgs' returned '0': CMAKE_PREFIX_PATH=${CMAKE_PREFIX_PATH}:/home/jingyan/px4_ros_com_ros2/install/nav_goals:/home/jingyan/px4_ros_com_ros2/install/iwr6843aop_pub:/home/jingyan/px4_ros_com_ros2/install/iwr6843_pub:/opt/ros/foxy /usr/bin/cmake --build /home/jingyan/px4_ros_com_ros2/build/px4_msgs -- -j16 -l16
[12.603s] DEBUG:colcon.colcon_core.event_handler.log_command:Invoking command in '/home/jingyan/px4_ros_com_ros2/build/px4_msgs': CMAKE_PREFIX_PATH=${CMAKE_PREFIX_PATH}:/home/jingyan/px4_ros_com_ros2/install/nav_goals:/home/jingyan/px4_ros_com_ros2/install/iwr6843aop_pub:/home/jingyan/px4_ros_com_ros2/install/iwr6843_pub:/opt/ros/foxy /usr/bin/cmake --install /home/jingyan/px4_ros_com_ros2/build/px4_msgs
[12.920s] Level 1:colcon.colcon_core.environment:create_environment_scripts_only(px4_msgs)
[12.924s] Level 1:colcon.colcon_core.environment:checking '/home/jingyan/px4_ros_com_ros2/install/px4_msgs' for CMake module files
[12.925s] DEBUG:colcon.colcon_core.event_handler.log_command:Invoked command in '/home/jingyan/px4_ros_com_ros2/build/px4_msgs' returned '0': CMAKE_PREFIX_PATH=${CMAKE_PREFIX_PATH}:/home/jingyan/px4_ros_com_ros2/install/nav_goals:/home/jingyan/px4_ros_com_ros2/install/iwr6843aop_pub:/home/jingyan/px4_ros_com_ros2/install/iwr6843_pub:/opt/ros/foxy /usr/bin/cmake --install /home/jingyan/px4_ros_com_ros2/build/px4_msgs
[12.926s] Level 1:colcon.colcon_core.environment:checking '/home/jingyan/px4_ros_com_ros2/install/px4_msgs' for CMake config files
[12.927s] Level 1:colcon.colcon_core.shell:create_environment_hook('px4_msgs', 'cmake_prefix_path')
[12.930s] INFO:colcon.colcon_core.shell:Creating environment hook '/home/jingyan/px4_ros_com_ros2/install/px4_msgs/share/px4_msgs/hook/cmake_prefix_path.ps1'
[12.931s] INFO:colcon.colcon_core.shell:Creating environment descriptor '/home/jingyan/px4_ros_com_ros2/install/px4_msgs/share/px4_msgs/hook/cmake_prefix_path.dsv'
[12.931s] INFO:colcon.colcon_core.shell:Creating environment hook '/home/jingyan/px4_ros_com_ros2/install/px4_msgs/share/px4_msgs/hook/cmake_prefix_path.sh'
[12.932s] Level 1:colcon.colcon_core.environment:checking '/home/jingyan/px4_ros_com_ros2/install/px4_msgs/lib'
[12.932s] Level 1:colcon.colcon_core.shell:create_environment_hook('px4_msgs', 'ld_library_path_lib')
[12.933s] INFO:colcon.colcon_core.shell:Creating environment hook '/home/jingyan/px4_ros_com_ros2/install/px4_msgs/share/px4_msgs/hook/ld_library_path_lib.ps1'
[12.934s] INFO:colcon.colcon_core.shell:Creating environment descriptor '/home/jingyan/px4_ros_com_ros2/install/px4_msgs/share/px4_msgs/hook/ld_library_path_lib.dsv'
[12.934s] INFO:colcon.colcon_core.shell:Creating environment hook '/home/jingyan/px4_ros_com_ros2/install/px4_msgs/share/px4_msgs/hook/ld_library_path_lib.sh'
[12.934s] Level 1:colcon.colcon_core.environment:checking '/home/jingyan/px4_ros_com_ros2/install/px4_msgs/bin'
[12.934s] Level 1:colcon.colcon_core.environment:checking '/home/jingyan/px4_ros_com_ros2/install/px4_msgs/lib/pkgconfig/px4_msgs.pc'
[12.934s] Level 1:colcon.colcon_core.environment:checking '/home/jingyan/px4_ros_com_ros2/install/px4_msgs/lib/python3.8/site-packages'
[12.934s] Level 1:colcon.colcon_core.shell:create_environment_hook('px4_msgs', 'pythonpath')
[12.936s] INFO:colcon.colcon_core.shell:Creating environment hook '/home/jingyan/px4_ros_com_ros2/install/px4_msgs/share/px4_msgs/hook/pythonpath.ps1'
[12.936s] INFO:colcon.colcon_core.shell:Creating environment descriptor '/home/jingyan/px4_ros_com_ros2/install/px4_msgs/share/px4_msgs/hook/pythonpath.dsv'
[12.936s] INFO:colcon.colcon_core.shell:Creating environment hook '/home/jingyan/px4_ros_com_ros2/install/px4_msgs/share/px4_msgs/hook/pythonpath.sh'
[12.936s] Level 1:colcon.colcon_core.environment:checking '/home/jingyan/px4_ros_com_ros2/install/px4_msgs/bin'
[12.938s] INFO:colcon.colcon_core.shell:Creating package script '/home/jingyan/px4_ros_com_ros2/install/px4_msgs/share/px4_msgs/package.ps1'
[12.938s] INFO:colcon.colcon_core.shell:Creating package descriptor '/home/jingyan/px4_ros_com_ros2/install/px4_msgs/share/px4_msgs/package.dsv'
[12.939s] INFO:colcon.colcon_core.shell:Creating package script '/home/jingyan/px4_ros_com_ros2/install/px4_msgs/share/px4_msgs/package.sh'
[12.939s] INFO:colcon.colcon_core.shell:Creating package script '/home/jingyan/px4_ros_com_ros2/install/px4_msgs/share/px4_msgs/package.bash'
[12.939s] INFO:colcon.colcon_core.shell:Creating package script '/home/jingyan/px4_ros_com_ros2/install/px4_msgs/share/px4_msgs/package.zsh'
[12.939s] Level 1:colcon.colcon_core.environment:create_file_with_runtime_dependencies(/home/jingyan/px4_ros_com_ros2/install/px4_msgs/share/colcon-core/packages/px4_msgs)
[18.647s] Level 1:colcon.colcon_core.environment:create_environment_scripts_only(px4_msgs)
[18.652s] Level 1:colcon.colcon_core.environment:checking '/home/jingyan/px4_ros_com_ros2/install/px4_msgs' for CMake module files
[18.653s] Level 1:colcon.colcon_core.environment:checking '/home/jingyan/px4_ros_com_ros2/install/px4_msgs' for CMake config files
[18.654s] Level 1:colcon.colcon_core.shell:create_environment_hook('px4_msgs', 'cmake_prefix_path')
[18.656s] INFO:colcon.colcon_core.shell:Creating environment hook '/home/jingyan/px4_ros_com_ros2/install/px4_msgs/share/px4_msgs/hook/cmake_prefix_path.ps1'
[18.657s] INFO:colcon.colcon_core.shell:Creating environment descriptor '/home/jingyan/px4_ros_com_ros2/install/px4_msgs/share/px4_msgs/hook/cmake_prefix_path.dsv'
[18.657s] INFO:colcon.colcon_core.shell:Creating environment hook '/home/jingyan/px4_ros_com_ros2/install/px4_msgs/share/px4_msgs/hook/cmake_prefix_path.sh'
[18.658s] Level 1:colcon.colcon_core.environment:checking '/home/jingyan/px4_ros_com_ros2/install/px4_msgs/lib'
[18.658s] Level 1:colcon.colcon_core.shell:create_environment_hook('px4_msgs', 'ld_library_path_lib')
[18.660s] INFO:colcon.colcon_core.shell:Creating environment hook '/home/jingyan/px4_ros_com_ros2/install/px4_msgs/share/px4_msgs/hook/ld_library_path_lib.ps1'
[18.661s] INFO:colcon.colcon_core.shell:Creating environment descriptor '/home/jingyan/px4_ros_com_ros2/install/px4_msgs/share/px4_msgs/hook/ld_library_path_lib.dsv'
[18.661s] INFO:colcon.colcon_core.shell:Creating environment hook '/home/jingyan/px4_ros_com_ros2/install/px4_msgs/share/px4_msgs/hook/ld_library_path_lib.sh'
[18.661s] Level 1:colcon.colcon_core.environment:checking '/home/jingyan/px4_ros_com_ros2/install/px4_msgs/bin'
[18.662s] Level 1:colcon.colcon_core.environment:checking '/home/jingyan/px4_ros_com_ros2/install/px4_msgs/lib/pkgconfig/px4_msgs.pc'
[18.662s] Level 1:colcon.colcon_core.environment:checking '/home/jingyan/px4_ros_com_ros2/install/px4_msgs/lib/python3.8/site-packages'
[18.662s] Level 1:colcon.colcon_core.shell:create_environment_hook('px4_msgs', 'pythonpath')
[18.664s] INFO:colcon.colcon_core.shell:Creating environment hook '/home/jingyan/px4_ros_com_ros2/install/px4_msgs/share/px4_msgs/hook/pythonpath.ps1'
[18.665s] INFO:colcon.colcon_core.shell:Creating environment descriptor '/home/jingyan/px4_ros_com_ros2/install/px4_msgs/share/px4_msgs/hook/pythonpath.dsv'
[18.665s] INFO:colcon.colcon_core.shell:Creating environment hook '/home/jingyan/px4_ros_com_ros2/install/px4_msgs/share/px4_msgs/hook/pythonpath.sh'
[18.759s] Level 1:colcon.colcon_core.environment:checking '/home/jingyan/px4_ros_com_ros2/install/px4_msgs/bin'
[18.764s] INFO:colcon.colcon_core.shell:Creating package script '/home/jingyan/px4_ros_com_ros2/install/px4_msgs/share/px4_msgs/package.ps1'
[18.766s] INFO:colcon.colcon_core.shell:Creating package descriptor '/home/jingyan/px4_ros_com_ros2/install/px4_msgs/share/px4_msgs/package.dsv'
[18.767s] INFO:colcon.colcon_core.shell:Creating package script '/home/jingyan/px4_ros_com_ros2/install/px4_msgs/share/px4_msgs/package.sh'
[18.768s] INFO:colcon.colcon_core.shell:Creating package script '/home/jingyan/px4_ros_com_ros2/install/px4_msgs/share/px4_msgs/package.bash'
[18.769s] INFO:colcon.colcon_core.shell:Creating package script '/home/jingyan/px4_ros_com_ros2/install/px4_msgs/share/px4_msgs/package.zsh'
[18.769s] Level 1:colcon.colcon_core.environment:create_file_with_runtime_dependencies(/home/jingyan/px4_ros_com_ros2/install/px4_msgs/share/colcon-core/packages/px4_msgs)
[18.770s] INFO:colcon.colcon_ros.task.ament_cmake.build:Building ROS package in '/home/jingyan/px4_ros_com_ros2/src/px4_ros_com' with build type 'ament_cmake'
[18.770s] INFO:colcon.colcon_cmake.task.cmake.build:Building CMake package in '/home/jingyan/px4_ros_com_ros2/src/px4_ros_com'
[18.772s] INFO:colcon.colcon_core.shell:Skip shell extension 'powershell' for command environment: Not usable outside of PowerShell
[18.772s] DEBUG:colcon.colcon_core.shell:Skip shell extension 'dsv' for command environment
[18.881s] DEBUG:colcon.colcon_core.event_handler.log_command:Invoking command in '/home/jingyan/px4_ros_com_ros2/build/px4_ros_com': CMAKE_PREFIX_PATH=/home/jingyan/px4_ros_com_ros2/install/px4_msgs:/home/jingyan/px4_ros_com_ros2/install/px4_ros_com:/home/jingyan/px4_ros_com_ros2/install/mmwave_drone_navigation2:/home/jingyan/px4_ros_com_ros2/install/mmwave_drone_cartographer:/home/jingyan/px4_ros_com_ros2/install/mmWave_drone_navigation2:/home/jingyan/px4_ros_com_ros2/install/mmWave_drone_cartographer:/home/jingyan/px4_ros_com_ros2/install/fishbot_navigation2:/home/jingyan/px4_ros_com_ros2/install/fishbot_cartographer:/home/jingyan/px4_ros_com_ros2/install/nav_goals:/home/jingyan/px4_ros_com_ros2/install/iwr6843aop_pub:/home/jingyan/px4_ros_com_ros2/install/iwr6843_pub:/opt/ros/foxy LD_LIBRARY_PATH=/home/jingyan/px4_ros_com_ros2/install/px4_msgs/lib:/home/jingyan/px4_ros_com_ros2/install/px4_ros_com/lib:/usr/lib/x86_64-linux-gnu/gazebo-11/plugins:/opt/ros/foxy/opt/yaml_cpp_vendor/lib:/opt/ros/foxy/opt/rviz_ogre_vendor/lib:/opt/ros/foxy/lib/x86_64-linux-gnu:/opt/ros/foxy/lib /usr/bin/cmake --build /home/jingyan/px4_ros_com_ros2/build/px4_ros_com -- -j16 -l16
[19.118s] DEBUG:colcon.colcon_core.event_handler.log_command:Invoked command in '/home/jingyan/px4_ros_com_ros2/build/px4_ros_com' returned '0': CMAKE_PREFIX_PATH=/home/jingyan/px4_ros_com_ros2/install/px4_msgs:/home/jingyan/px4_ros_com_ros2/install/px4_ros_com:/home/jingyan/px4_ros_com_ros2/install/mmwave_drone_navigation2:/home/jingyan/px4_ros_com_ros2/install/mmwave_drone_cartographer:/home/jingyan/px4_ros_com_ros2/install/mmWave_drone_navigation2:/home/jingyan/px4_ros_com_ros2/install/mmWave_drone_cartographer:/home/jingyan/px4_ros_com_ros2/install/fishbot_navigation2:/home/jingyan/px4_ros_com_ros2/install/fishbot_cartographer:/home/jingyan/px4_ros_com_ros2/install/nav_goals:/home/jingyan/px4_ros_com_ros2/install/iwr6843aop_pub:/home/jingyan/px4_ros_com_ros2/install/iwr6843_pub:/opt/ros/foxy LD_LIBRARY_PATH=/home/jingyan/px4_ros_com_ros2/install/px4_msgs/lib:/home/jingyan/px4_ros_com_ros2/install/px4_ros_com/lib:/usr/lib/x86_64-linux-gnu/gazebo-11/plugins:/opt/ros/foxy/opt/yaml_cpp_vendor/lib:/opt/ros/foxy/opt/rviz_ogre_vendor/lib:/opt/ros/foxy/lib/x86_64-linux-gnu:/opt/ros/foxy/lib /usr/bin/cmake --build /home/jingyan/px4_ros_com_ros2/build/px4_ros_com -- -j16 -l16
[19.464s] DEBUG:colcon.colcon_core.event_handler.log_command:Invoking command in '/home/jingyan/px4_ros_com_ros2/build/px4_ros_com': CMAKE_PREFIX_PATH=/home/jingyan/px4_ros_com_ros2/install/px4_msgs:/home/jingyan/px4_ros_com_ros2/install/px4_ros_com:/home/jingyan/px4_ros_com_ros2/install/mmwave_drone_navigation2:/home/jingyan/px4_ros_com_ros2/install/mmwave_drone_cartographer:/home/jingyan/px4_ros_com_ros2/install/mmWave_drone_navigation2:/home/jingyan/px4_ros_com_ros2/install/mmWave_drone_cartographer:/home/jingyan/px4_ros_com_ros2/install/fishbot_navigation2:/home/jingyan/px4_ros_com_ros2/install/fishbot_cartographer:/home/jingyan/px4_ros_com_ros2/install/nav_goals:/home/jingyan/px4_ros_com_ros2/install/iwr6843aop_pub:/home/jingyan/px4_ros_com_ros2/install/iwr6843_pub:/opt/ros/foxy LD_LIBRARY_PATH=/home/jingyan/px4_ros_com_ros2/install/px4_msgs/lib:/home/jingyan/px4_ros_com_ros2/install/px4_ros_com/lib:/usr/lib/x86_64-linux-gnu/gazebo-11/plugins:/opt/ros/foxy/opt/yaml_cpp_vendor/lib:/opt/ros/foxy/opt/rviz_ogre_vendor/lib:/opt/ros/foxy/lib/x86_64-linux-gnu:/opt/ros/foxy/lib /usr/bin/cmake --install /home/jingyan/px4_ros_com_ros2/build/px4_ros_com
[19.496s] Level 1:colcon.colcon_core.environment:create_environment_scripts_only(px4_ros_com)
[19.500s] Level 1:colcon.colcon_core.environment:checking '/home/jingyan/px4_ros_com_ros2/install/px4_ros_com' for CMake module files
[19.501s] DEBUG:colcon.colcon_core.event_handler.log_command:Invoked command in '/home/jingyan/px4_ros_com_ros2/build/px4_ros_com' returned '0': CMAKE_PREFIX_PATH=/home/jingyan/px4_ros_com_ros2/install/px4_msgs:/home/jingyan/px4_ros_com_ros2/install/px4_ros_com:/home/jingyan/px4_ros_com_ros2/install/mmwave_drone_navigation2:/home/jingyan/px4_ros_com_ros2/install/mmwave_drone_cartographer:/home/jingyan/px4_ros_com_ros2/install/mmWave_drone_navigation2:/home/jingyan/px4_ros_com_ros2/install/mmWave_drone_cartographer:/home/jingyan/px4_ros_com_ros2/install/fishbot_navigation2:/home/jingyan/px4_ros_com_ros2/install/fishbot_cartographer:/home/jingyan/px4_ros_com_ros2/install/nav_goals:/home/jingyan/px4_ros_com_ros2/install/iwr6843aop_pub:/home/jingyan/px4_ros_com_ros2/install/iwr6843_pub:/opt/ros/foxy LD_LIBRARY_PATH=/home/jingyan/px4_ros_com_ros2/install/px4_msgs/lib:/home/jingyan/px4_ros_com_ros2/install/px4_ros_com/lib:/usr/lib/x86_64-linux-gnu/gazebo-11/plugins:/opt/ros/foxy/opt/yaml_cpp_vendor/lib:/opt/ros/foxy/opt/rviz_ogre_vendor/lib:/opt/ros/foxy/lib/x86_64-linux-gnu:/opt/ros/foxy/lib /usr/bin/cmake --install /home/jingyan/px4_ros_com_ros2/build/px4_ros_com
[19.502s] Level 1:colcon.colcon_core.environment:checking '/home/jingyan/px4_ros_com_ros2/install/px4_ros_com' for CMake config files
[19.503s] Level 1:colcon.colcon_core.shell:create_environment_hook('px4_ros_com', 'cmake_prefix_path')
[19.505s] INFO:colcon.colcon_core.shell:Creating environment hook '/home/jingyan/px4_ros_com_ros2/install/px4_ros_com/share/px4_ros_com/hook/cmake_prefix_path.ps1'
[19.505s] INFO:colcon.colcon_core.shell:Creating environment descriptor '/home/jingyan/px4_ros_com_ros2/install/px4_ros_com/share/px4_ros_com/hook/cmake_prefix_path.dsv'
[19.506s] INFO:colcon.colcon_core.shell:Creating environment hook '/home/jingyan/px4_ros_com_ros2/install/px4_ros_com/share/px4_ros_com/hook/cmake_prefix_path.sh'
[19.507s] Level 1:colcon.colcon_core.environment:checking '/home/jingyan/px4_ros_com_ros2/install/px4_ros_com/lib'
[19.507s] Level 1:colcon.colcon_core.shell:create_environment_hook('px4_ros_com', 'ld_library_path_lib')
[19.509s] INFO:colcon.colcon_core.shell:Creating environment hook '/home/jingyan/px4_ros_com_ros2/install/px4_ros_com/share/px4_ros_com/hook/ld_library_path_lib.ps1'
[19.510s] INFO:colcon.colcon_core.shell:Creating environment descriptor '/home/jingyan/px4_ros_com_ros2/install/px4_ros_com/share/px4_ros_com/hook/ld_library_path_lib.dsv'
[19.510s] INFO:colcon.colcon_core.shell:Creating environment hook '/home/jingyan/px4_ros_com_ros2/install/px4_ros_com/share/px4_ros_com/hook/ld_library_path_lib.sh'
[19.511s] Level 1:colcon.colcon_core.environment:checking '/home/jingyan/px4_ros_com_ros2/install/px4_ros_com/bin'
[19.511s] Level 1:colcon.colcon_core.shell:create_environment_hook('px4_ros_com', 'path')
[19.513s] INFO:colcon.colcon_core.shell:Creating environment hook '/home/jingyan/px4_ros_com_ros2/install/px4_ros_com/share/px4_ros_com/hook/path.ps1'
[19.514s] INFO:colcon.colcon_core.shell:Creating environment descriptor '/home/jingyan/px4_ros_com_ros2/install/px4_ros_com/share/px4_ros_com/hook/path.dsv'
[19.514s] INFO:colcon.colcon_core.shell:Creating environment hook '/home/jingyan/px4_ros_com_ros2/install/px4_ros_com/share/px4_ros_com/hook/path.sh'
[19.515s] Level 1:colcon.colcon_core.environment:checking '/home/jingyan/px4_ros_com_ros2/install/px4_ros_com/lib/pkgconfig/px4_ros_com.pc'
[19.515s] Level 1:colcon.colcon_core.environment:checking '/home/jingyan/px4_ros_com_ros2/install/px4_ros_com/lib/python3.8/site-packages'
[19.515s] Level 1:colcon.colcon_core.environment:checking '/home/jingyan/px4_ros_com_ros2/install/px4_ros_com/bin'
[19.515s] Level 1:colcon.colcon_core.shell:create_environment_hook('px4_ros_com', 'pythonscriptspath')
[19.518s] INFO:colcon.colcon_core.shell:Creating environment hook '/home/jingyan/px4_ros_com_ros2/install/px4_ros_com/share/px4_ros_com/hook/pythonscriptspath.ps1'
[19.518s] INFO:colcon.colcon_core.shell:Creating environment descriptor '/home/jingyan/px4_ros_com_ros2/install/px4_ros_com/share/px4_ros_com/hook/pythonscriptspath.dsv'
[19.519s] INFO:colcon.colcon_core.shell:Creating environment hook '/home/jingyan/px4_ros_com_ros2/install/px4_ros_com/share/px4_ros_com/hook/pythonscriptspath.sh'
[19.522s] INFO:colcon.colcon_core.shell:Creating package script '/home/jingyan/px4_ros_com_ros2/install/px4_ros_com/share/px4_ros_com/package.ps1'
[19.523s] INFO:colcon.colcon_core.shell:Creating package descriptor '/home/jingyan/px4_ros_com_ros2/install/px4_ros_com/share/px4_ros_com/package.dsv'
[19.524s] INFO:colcon.colcon_core.shell:Creating package script '/home/jingyan/px4_ros_com_ros2/install/px4_ros_com/share/px4_ros_com/package.sh'
[19.525s] INFO:colcon.colcon_core.shell:Creating package script '/home/jingyan/px4_ros_com_ros2/install/px4_ros_com/share/px4_ros_com/package.bash'
[19.525s] INFO:colcon.colcon_core.shell:Creating package script '/home/jingyan/px4_ros_com_ros2/install/px4_ros_com/share/px4_ros_com/package.zsh'
[19.525s] Level 1:colcon.colcon_core.environment:create_file_with_runtime_dependencies(/home/jingyan/px4_ros_com_ros2/install/px4_ros_com/share/colcon-core/packages/px4_ros_com)
[19.876s] Level 1:colcon.colcon_core.environment:create_environment_scripts_only(px4_ros_com)
[19.880s] Level 1:colcon.colcon_core.environment:checking '/home/jingyan/px4_ros_com_ros2/install/px4_ros_com' for CMake module files
[19.881s] Level 1:colcon.colcon_core.environment:checking '/home/jingyan/px4_ros_com_ros2/install/px4_ros_com' for CMake config files
[19.882s] Level 1:colcon.colcon_core.shell:create_environment_hook('px4_ros_com', 'cmake_prefix_path')
[19.884s] INFO:colcon.colcon_core.shell:Creating environment hook '/home/jingyan/px4_ros_com_ros2/install/px4_ros_com/share/px4_ros_com/hook/cmake_prefix_path.ps1'
[19.885s] INFO:colcon.colcon_core.shell:Creating environment descriptor '/home/jingyan/px4_ros_com_ros2/install/px4_ros_com/share/px4_ros_com/hook/cmake_prefix_path.dsv'
[19.885s] INFO:colcon.colcon_core.shell:Creating environment hook '/home/jingyan/px4_ros_com_ros2/install/px4_ros_com/share/px4_ros_com/hook/cmake_prefix_path.sh'
[19.886s] Level 1:colcon.colcon_core.environment:checking '/home/jingyan/px4_ros_com_ros2/install/px4_ros_com/lib'
[19.886s] Level 1:colcon.colcon_core.shell:create_environment_hook('px4_ros_com', 'ld_library_path_lib')
[19.888s] INFO:colcon.colcon_core.shell:Creating environment hook '/home/jingyan/px4_ros_com_ros2/install/px4_ros_com/share/px4_ros_com/hook/ld_library_path_lib.ps1'
[19.888s] INFO:colcon.colcon_core.shell:Creating environment descriptor '/home/jingyan/px4_ros_com_ros2/install/px4_ros_com/share/px4_ros_com/hook/ld_library_path_lib.dsv'
[19.888s] INFO:colcon.colcon_core.shell:Creating environment hook '/home/jingyan/px4_ros_com_ros2/install/px4_ros_com/share/px4_ros_com/hook/ld_library_path_lib.sh'
[19.889s] Level 1:colcon.colcon_core.environment:checking '/home/jingyan/px4_ros_com_ros2/install/px4_ros_com/bin'
[19.889s] Level 1:colcon.colcon_core.shell:create_environment_hook('px4_ros_com', 'path')
[19.891s] INFO:colcon.colcon_core.shell:Creating environment hook '/home/jingyan/px4_ros_com_ros2/install/px4_ros_com/share/px4_ros_com/hook/path.ps1'
[19.891s] INFO:colcon.colcon_core.shell:Creating environment descriptor '/home/jingyan/px4_ros_com_ros2/install/px4_ros_com/share/px4_ros_com/hook/path.dsv'
[19.892s] INFO:colcon.colcon_core.shell:Creating environment hook '/home/jingyan/px4_ros_com_ros2/install/px4_ros_com/share/px4_ros_com/hook/path.sh'
[19.892s] Level 1:colcon.colcon_core.environment:checking '/home/jingyan/px4_ros_com_ros2/install/px4_ros_com/lib/pkgconfig/px4_ros_com.pc'
[19.892s] Level 1:colcon.colcon_core.environment:checking '/home/jingyan/px4_ros_com_ros2/install/px4_ros_com/lib/python3.8/site-packages'
[19.892s] Level 1:colcon.colcon_core.environment:checking '/home/jingyan/px4_ros_com_ros2/install/px4_ros_com/bin'
[19.893s] Level 1:colcon.colcon_core.shell:create_environment_hook('px4_ros_com', 'pythonscriptspath')
[19.894s] INFO:colcon.colcon_core.shell:Creating environment hook '/home/jingyan/px4_ros_com_ros2/install/px4_ros_com/share/px4_ros_com/hook/pythonscriptspath.ps1'
[19.895s] INFO:colcon.colcon_core.shell:Creating environment descriptor '/home/jingyan/px4_ros_com_ros2/install/px4_ros_com/share/px4_ros_com/hook/pythonscriptspath.dsv'
[19.895s] INFO:colcon.colcon_core.shell:Creating environment hook '/home/jingyan/px4_ros_com_ros2/install/px4_ros_com/share/px4_ros_com/hook/pythonscriptspath.sh'
[19.898s] INFO:colcon.colcon_core.shell:Creating package script '/home/jingyan/px4_ros_com_ros2/install/px4_ros_com/share/px4_ros_com/package.ps1'
[19.899s] INFO:colcon.colcon_core.shell:Creating package descriptor '/home/jingyan/px4_ros_com_ros2/install/px4_ros_com/share/px4_ros_com/package.dsv'
[19.899s] INFO:colcon.colcon_core.shell:Creating package script '/home/jingyan/px4_ros_com_ros2/install/px4_ros_com/share/px4_ros_com/package.sh'
[19.900s] INFO:colcon.colcon_core.shell:Creating package script '/home/jingyan/px4_ros_com_ros2/install/px4_ros_com/share/px4_ros_com/package.bash'
[19.900s] INFO:colcon.colcon_core.shell:Creating package script '/home/jingyan/px4_ros_com_ros2/install/px4_ros_com/share/px4_ros_com/package.zsh'
[19.901s] Level 1:colcon.colcon_core.environment:create_file_with_runtime_dependencies(/home/jingyan/px4_ros_com_ros2/install/px4_ros_com/share/colcon-core/packages/px4_ros_com)
[19.901s] DEBUG:colcon.colcon_parallel_executor.executor.parallel:closing loop
[19.901s] DEBUG:colcon.colcon_parallel_executor.executor.parallel:loop closed
[19.902s] DEBUG:colcon.colcon_parallel_executor.executor.parallel:run_until_complete finished with '0'
[19.902s] DEBUG:colcon.colcon_core.event_reactor:joining thread
[19.913s] INFO:colcon.colcon_core.plugin_system:Skipping extension 'colcon_notification.desktop_notification.terminal_notifier': Not used on non-Darwin systems
[19.914s] INFO:colcon.colcon_core.plugin_system:Skipping extension 'colcon_notification.desktop_notification.win32': Not used on non-Windows systems
[19.914s] INFO:colcon.colcon_notification.desktop_notification:Sending desktop notification using 'notify2'
[19.938s] DEBUG:colcon.colcon_core.event_reactor:joined thread
[19.942s] INFO:colcon.colcon_core.shell:Creating prefix script '/home/jingyan/px4_ros_com_ros2/install/local_setup.ps1'
[19.944s] INFO:colcon.colcon_core.shell:Creating prefix util module '/home/jingyan/px4_ros_com_ros2/install/_local_setup_util_ps1.py'
[19.948s] INFO:colcon.colcon_core.shell:Creating prefix chain script '/home/jingyan/px4_ros_com_ros2/install/setup.ps1'
[19.950s] INFO:colcon.colcon_core.shell:Creating prefix script '/home/jingyan/px4_ros_com_ros2/install/local_setup.sh'
[19.950s] INFO:colcon.colcon_core.shell:Creating prefix util module '/home/jingyan/px4_ros_com_ros2/install/_local_setup_util_sh.py'
[19.951s] INFO:colcon.colcon_core.shell:Creating prefix chain script '/home/jingyan/px4_ros_com_ros2/install/setup.sh'
[19.953s] INFO:colcon.colcon_core.shell:Creating prefix script '/home/jingyan/px4_ros_com_ros2/install/local_setup.bash'
[19.954s] INFO:colcon.colcon_core.shell:Creating prefix chain script '/home/jingyan/px4_ros_com_ros2/install/setup.bash'
[19.956s] INFO:colcon.colcon_core.shell:Creating prefix script '/home/jingyan/px4_ros_com_ros2/install/local_setup.zsh'
[19.956s] INFO:colcon.colcon_core.shell:Creating prefix chain script '/home/jingyan/px4_ros_com_ros2/install/setup.zsh'
