[0.022s] Invoking command in '/home/jingyan/px4_ros_com_ros2/build/px4_ros_com': CMAKE_PREFIX_PATH=/home/jingyan/px4_ros_com_ros2/install/px4_msgs:/home/jingyan/px4_ros_com_ros2/install/px4_ros_com:/home/jingyan/px4_ros_com_ros2/install/fishbot_cartographer:/home/jingyan/px4_ros_com_ros2/install/iwr6843aop_pub:/opt/ros/foxy LD_LIBRARY_PATH=/home/jingyan/px4_ros_com_ros2/install/px4_msgs/lib:/home/jingyan/px4_ros_com_ros2/install/px4_ros_com/lib:/usr/lib/x86_64-linux-gnu/gazebo-11/plugins:/opt/ros/foxy/opt/yaml_cpp_vendor/lib:/opt/ros/foxy/opt/rviz_ogre_vendor/lib:/opt/ros/foxy/lib/x86_64-linux-gnu:/opt/ros/foxy/lib /usr/bin/cmake --build /home/jingyan/px4_ros_com_ros2/build/px4_ros_com -- -j16 -l16
[0.109s] [35m[1mScanning dependencies of target Odom_transform[0m
[0.131s] [  4%] Built target offboard_control
[0.131s] [  4%] Built target sensor_combined_listener
[0.132s] [  6%] Built target vehicle_gps_position_listener
[0.133s] [  8%] Built target frame_transforms
[0.134s] [ 10%] Built target debug_vect_advertiser
[0.142s] [ 10%] [32mBuilding CXX object CMakeFiles/Odom_transform.dir/src/examples/offboard/Odom_transform.cpp.o[0m
[0.180s] [ 99%] Built target micrortps_agent
[8.564s] [100%] [32m[1mLinking CXX executable Odom_transform[0m
[8.803s] [100%] Built target Odom_transform
[8.823s] Invoked command in '/home/jingyan/px4_ros_com_ros2/build/px4_ros_com' returned '0': CMAKE_PREFIX_PATH=/home/jingyan/px4_ros_com_ros2/install/px4_msgs:/home/jingyan/px4_ros_com_ros2/install/px4_ros_com:/home/jingyan/px4_ros_com_ros2/install/fishbot_cartographer:/home/jingyan/px4_ros_com_ros2/install/iwr6843aop_pub:/opt/ros/foxy LD_LIBRARY_PATH=/home/jingyan/px4_ros_com_ros2/install/px4_msgs/lib:/home/jingyan/px4_ros_com_ros2/install/px4_ros_com/lib:/usr/lib/x86_64-linux-gnu/gazebo-11/plugins:/opt/ros/foxy/opt/yaml_cpp_vendor/lib:/opt/ros/foxy/opt/rviz_ogre_vendor/lib:/opt/ros/foxy/lib/x86_64-linux-gnu:/opt/ros/foxy/lib /usr/bin/cmake --build /home/jingyan/px4_ros_com_ros2/build/px4_ros_com -- -j16 -l16
[8.967s] Invoking command in '/home/jingyan/px4_ros_com_ros2/build/px4_ros_com': CMAKE_PREFIX_PATH=/home/jingyan/px4_ros_com_ros2/install/px4_msgs:/home/jingyan/px4_ros_com_ros2/install/px4_ros_com:/home/jingyan/px4_ros_com_ros2/install/fishbot_cartographer:/home/jingyan/px4_ros_com_ros2/install/iwr6843aop_pub:/opt/ros/foxy LD_LIBRARY_PATH=/home/jingyan/px4_ros_com_ros2/install/px4_msgs/lib:/home/jingyan/px4_ros_com_ros2/install/px4_ros_com/lib:/usr/lib/x86_64-linux-gnu/gazebo-11/plugins:/opt/ros/foxy/opt/yaml_cpp_vendor/lib:/opt/ros/foxy/opt/rviz_ogre_vendor/lib:/opt/ros/foxy/lib/x86_64-linux-gnu:/opt/ros/foxy/lib /usr/bin/cmake --install /home/jingyan/px4_ros_com_ros2/build/px4_ros_com
[8.980s] -- Install configuration: "RELWITHDEBINFO"
[8.981s] -- Execute custom install script
[8.981s] -- Up-to-date symlink: /home/jingyan/px4_ros_com_ros2/install/px4_ros_com/lib/px4_ros_com/sensor_combined_listener
[8.982s] -- Up-to-date symlink: /home/jingyan/px4_ros_com_ros2/install/px4_ros_com/lib/px4_ros_com/vehicle_gps_position_listener
[8.982s] -- Up-to-date symlink: /home/jingyan/px4_ros_com_ros2/install/px4_ros_com/lib/px4_ros_com/debug_vect_advertiser
[8.982s] -- Up-to-date symlink: /home/jingyan/px4_ros_com_ros2/install/px4_ros_com/lib/px4_ros_com/offboard_control
[8.983s] -- Up-to-date symlink: /home/jingyan/px4_ros_com_ros2/install/px4_ros_com/lib/px4_ros_com/Odom_transform
[8.983s] -- Up-to-date symlink: /home/jingyan/px4_ros_com_ros2/install/px4_ros_com/share/px4_ros_com/environment/library_path.sh
[8.983s] -- Up-to-date symlink: /home/jingyan/px4_ros_com_ros2/install/px4_ros_com/share/px4_ros_com/environment/library_path.dsv
[8.984s] -- Up-to-date symlink: /home/jingyan/px4_ros_com_ros2/install/px4_ros_com/include/px4_ros_com/frame_transforms.h
[8.985s] -- Up-to-date symlink: /home/jingyan/px4_ros_com_ros2/install/px4_ros_com/share/px4_ros_com/cmake/EnableC++XX.cmake
[8.985s] -- Up-to-date symlink: /home/jingyan/px4_ros_com_ros2/install/px4_ros_com/share/px4_ros_com/cmake/EnableSanitizers.cmake
[8.985s] -- Up-to-date symlink: /home/jingyan/px4_ros_com_ros2/install/px4_ros_com/share/px4_ros_com/cmake/GenerateMicroRTPSAgent.cmake
[8.986s] -- Up-to-date symlink: /home/jingyan/px4_ros_com_ros2/install/px4_ros_com/share/px4_ros_com/launch/sensor_combined_listener.launch.py
[8.986s] -- Up-to-date symlink: /home/jingyan/px4_ros_com_ros2/install/px4_ros_com/share/px4_ros_com/test/__init__.py
[8.987s] -- Up-to-date symlink: /home/jingyan/px4_ros_com_ros2/install/px4_ros_com/share/px4_ros_com/test/pipeline_io_test.py
[8.987s] -- Up-to-date symlink: /home/jingyan/px4_ros_com_ros2/install/px4_ros_com/share/px4_ros_com/test/test_input.py
[8.987s] -- Up-to-date symlink: /home/jingyan/px4_ros_com_ros2/install/px4_ros_com/share/px4_ros_com/test/test_output.py
[8.987s] -- Up-to-date symlink: /home/jingyan/px4_ros_com_ros2/install/px4_ros_com/share/ament_index/resource_index/package_run_dependencies/px4_ros_com
[8.988s] -- Up-to-date symlink: /home/jingyan/px4_ros_com_ros2/install/px4_ros_com/share/ament_index/resource_index/parent_prefix_path/px4_ros_com
[8.988s] -- Up-to-date symlink: /home/jingyan/px4_ros_com_ros2/install/px4_ros_com/share/px4_ros_com/environment/ament_prefix_path.sh
[8.988s] -- Up-to-date symlink: /home/jingyan/px4_ros_com_ros2/install/px4_ros_com/share/px4_ros_com/environment/ament_prefix_path.dsv
[8.988s] -- Up-to-date symlink: /home/jingyan/px4_ros_com_ros2/install/px4_ros_com/share/px4_ros_com/environment/path.sh
[8.988s] -- Up-to-date symlink: /home/jingyan/px4_ros_com_ros2/install/px4_ros_com/share/px4_ros_com/environment/path.dsv
[8.989s] -- Up-to-date symlink: /home/jingyan/px4_ros_com_ros2/install/px4_ros_com/share/px4_ros_com/local_setup.bash
[8.989s] -- Up-to-date symlink: /home/jingyan/px4_ros_com_ros2/install/px4_ros_com/share/px4_ros_com/local_setup.sh
[8.989s] -- Up-to-date symlink: /home/jingyan/px4_ros_com_ros2/install/px4_ros_com/share/px4_ros_com/local_setup.zsh
[8.990s] -- Up-to-date symlink: /home/jingyan/px4_ros_com_ros2/install/px4_ros_com/share/px4_ros_com/local_setup.dsv
[8.990s] -- Symlinking: /home/jingyan/px4_ros_com_ros2/install/px4_ros_com/share/px4_ros_com/package.dsv
[9.004s] -- Up-to-date symlink: /home/jingyan/px4_ros_com_ros2/install/px4_ros_com/share/ament_index/resource_index/packages/px4_ros_com
[9.005s] -- Up-to-date symlink: /home/jingyan/px4_ros_com_ros2/install/px4_ros_com/share/px4_ros_com/cmake/ament_cmake_export_dependencies-extras.cmake
[9.005s] -- Up-to-date symlink: /home/jingyan/px4_ros_com_ros2/install/px4_ros_com/share/px4_ros_com/cmake/ament_cmake_export_targets-extras.cmake
[9.006s] -- Up-to-date symlink: /home/jingyan/px4_ros_com_ros2/install/px4_ros_com/share/px4_ros_com/cmake/ament_cmake_export_include_directories-extras.cmake
[9.006s] -- Up-to-date symlink: /home/jingyan/px4_ros_com_ros2/install/px4_ros_com/share/px4_ros_com/cmake/ament_cmake_export_libraries-extras.cmake
[9.007s] -- Up-to-date symlink: /home/jingyan/px4_ros_com_ros2/install/px4_ros_com/share/px4_ros_com/cmake/px4_ros_comConfig.cmake
[9.007s] -- Up-to-date symlink: /home/jingyan/px4_ros_com_ros2/install/px4_ros_com/share/px4_ros_com/cmake/px4_ros_comConfig-version.cmake
[9.008s] -- Up-to-date symlink: /home/jingyan/px4_ros_com_ros2/install/px4_ros_com/share/px4_ros_com/package.xml
[9.009s] -- Up-to-date: /home/jingyan/px4_ros_com_ros2/install/px4_ros_com/lib/libframe_transforms.so
[9.010s] -- Up-to-date: /home/jingyan/px4_ros_com_ros2/install/px4_ros_com/bin/micrortps_agent
[9.012s] -- Up-to-date: /home/jingyan/px4_ros_com_ros2/install/px4_ros_com/share/px4_ros_com/cmake/export_frame_transformsExport.cmake
[9.012s] -- Up-to-date: /home/jingyan/px4_ros_com_ros2/install/px4_ros_com/share/px4_ros_com/cmake/export_frame_transformsExport-relwithdebinfo.cmake
[9.020s] Invoked command in '/home/jingyan/px4_ros_com_ros2/build/px4_ros_com' returned '0': CMAKE_PREFIX_PATH=/home/jingyan/px4_ros_com_ros2/install/px4_msgs:/home/jingyan/px4_ros_com_ros2/install/px4_ros_com:/home/jingyan/px4_ros_com_ros2/install/fishbot_cartographer:/home/jingyan/px4_ros_com_ros2/install/iwr6843aop_pub:/opt/ros/foxy LD_LIBRARY_PATH=/home/jingyan/px4_ros_com_ros2/install/px4_msgs/lib:/home/jingyan/px4_ros_com_ros2/install/px4_ros_com/lib:/usr/lib/x86_64-linux-gnu/gazebo-11/plugins:/opt/ros/foxy/opt/yaml_cpp_vendor/lib:/opt/ros/foxy/opt/rviz_ogre_vendor/lib:/opt/ros/foxy/lib/x86_64-linux-gnu:/opt/ros/foxy/lib /usr/bin/cmake --install /home/jingyan/px4_ros_com_ros2/build/px4_ros_com
