[0.031s] Invoking command in '/home/jingyan/px4_ros_com_ros2/build/px4_ros_com': AMENT_PREFIX_PATH=/home/jingyan/px4_ros_com_ros2/install/px4_msgs:${AMENT_PREFIX_PATH} CMAKE_PREFIX_PATH=/home/jingyan/px4_ros_com_ros2/install/px4_msgs:/opt/ros/foxy LD_LIBRARY_PATH=/home/jingyan/px4_ros_com_ros2/install/px4_msgs/lib:${LD_LIBRARY_PATH} PYTHONPATH=/home/jingyan/px4_ros_com_ros2/install/px4_msgs/lib/python3.8/site-packages:${PYTHONPATH} /usr/bin/cmake --build /home/jingyan/px4_ros_com_ros2/build/px4_ros_com -- -j16 -l16
[0.111s] -- Using C++17 compiler
[0.114s] -- Found ament_cmake: 0.9.11 (/opt/ros/foxy/share/ament_cmake/cmake)
[0.142s] -- Using PYTHON_EXECUTABLE: /usr/bin/python3
[0.322s] -- Found builtin_interfaces: 1.0.0 (/opt/ros/foxy/share/builtin_interfaces/cmake)
[0.344s] -- Using all available rosidl_typesupport_c: rosidl_typesupport_fastrtps_c;rosidl_typesupport_introspection_c
[0.350s] -- Found rosidl_adapter: 1.3.0 (/opt/ros/foxy/share/rosidl_adapter/cmake)
[0.518s] -- Using all available rosidl_typesupport_cpp: rosidl_typesupport_fastrtps_cpp;rosidl_typesupport_introspection_cpp
[0.574s] -- Found rclcpp: 2.4.2 (/opt/ros/foxy/share/rclcpp/cmake)
[0.616s] -- Found rmw_implementation_cmake: 1.0.3 (/opt/ros/foxy/share/rmw_implementation_cmake/cmake)
[0.618s] -- Using RMW implementation 'rmw_fastrtps_cpp' as default
[0.750s] -- Found rmw_fastrtps_cpp: 1.3.1 (/opt/ros/foxy/share/rmw_fastrtps_cpp/cmake)
[0.873s] -- Found px4_msgs: 2.0.1 (/home/jingyan/px4_ros_com_ros2/install/px4_msgs/share/px4_msgs/cmake)
[0.896s] -- Found sensor_msgs: 2.0.5 (/opt/ros/foxy/share/sensor_msgs/cmake)
[0.998s] -- Found nav_msgs: 2.0.5 (/opt/ros/foxy/share/nav_msgs/cmake)
[1.060s] -- Found tf2: 0.13.13 (/opt/ros/foxy/share/tf2/cmake)
[1.070s] -- Found tf2_ros: 0.13.13 (/opt/ros/foxy/share/tf2_ros/cmake)
[1.379s] -- Found eigen3_cmake_module: 0.1.1 (/opt/ros/foxy/share/eigen3_cmake_module/cmake)
[1.382s] -- fastrtpsgen found in /usr/local/bin
[1.530s] openjdk version "13.0.7" 2021-04-20
[1.530s] OpenJDK Runtime Environment (build 13.0.7+5-Ubuntu-0ubuntu120.04)
[1.530s] OpenJDK 64-Bit Server VM (build 13.0.7+5-Ubuntu-0ubuntu120.04, mixed mode)
[1.574s] -- fastrtpsgen version 1.0.4
[1.575s] -- px4_msgs message dir under /home/jingyan/px4_ros_com_ros2/install/px4_msgs/share/px4_msgs/msg
[1.575s] -- IDL definitions under /home/jingyan/px4_ros_com_ros2/install/px4_msgs/share/px4_msgs/msg
[1.575s] -- Retrieving list of msgs to send...
[1.621s] -- List of msgs to send: DebugArray, DebugKeyValue, DebugValue, DebugVect, OffboardControlMode, OnboardComputerStatus, PositionSetpoint, PositionSetpointTriplet, SensorOpticalFlow, TelemetryStatus, Timesync, TrajectoryBezier, TrajectorySetpoint, VehicleAttitudeSetpoint, VehicleCommand, VehicleLocalPositionSetpoint, VehicleRatesSetpoint, VehicleTrajectoryBezier, VehicleTrajectoryWaypoint, VehicleMocapOdometry, VehicleVisualOdometry
[1.622s] -- Retrieving list of msgs to receive...
[1.660s] -- List of msgs to receive: CollisionConstraints, SensorCombined, Timesync, TimesyncStatus, TrajectoryWaypoint, VehicleControlMode, VehicleOdometry, VehicleStatus
[1.752s] -- Configuring done
[1.763s] CMake Error at CMakeLists.txt:76 (add_executable):
[1.763s]   Cannot find source file:
[1.763s] 
[1.763s]     src/examples/offboard/offboard_control_vel.cpp
[1.763s] 
[1.763s]   Tried extensions .c .C .c++ .cc .cpp .cxx .cu .m .M .mm .h .hh .h++ .hm
[1.763s]   .hpp .hxx .in .txx
[1.764s] Call Stack (most recent call first):
[1.764s]   CMakeLists.txt:112 (custom_executable)
[1.764s] 
[1.764s] 
[1.765s] CMake Error at CMakeLists.txt:76 (add_executable):
[1.765s]   No SOURCES given to target: offboard_control_vel
[1.765s] Call Stack (most recent call first):
[1.765s]   CMakeLists.txt:112 (custom_executable)
[1.765s] 
[1.765s] 
[1.765s] CMake Generate step failed.  Build files cannot be regenerated correctly.
[1.770s] make: *** [Makefile:3260: cmake_check_build_system] Error 1
[1.773s] Invoked command in '/home/jingyan/px4_ros_com_ros2/build/px4_ros_com' returned '2': AMENT_PREFIX_PATH=/home/jingyan/px4_ros_com_ros2/install/px4_msgs:${AMENT_PREFIX_PATH} CMAKE_PREFIX_PATH=/home/jingyan/px4_ros_com_ros2/install/px4_msgs:/opt/ros/foxy LD_LIBRARY_PATH=/home/jingyan/px4_ros_com_ros2/install/px4_msgs/lib:${LD_LIBRARY_PATH} PYTHONPATH=/home/jingyan/px4_ros_com_ros2/install/px4_msgs/lib/python3.8/site-packages:${PYTHONPATH} /usr/bin/cmake --build /home/jingyan/px4_ros_com_ros2/build/px4_ros_com -- -j16 -l16
