/usr/local/lib/python3.8/dist-packages/setuptools/dist.py:771: UserWarning: Usage of dash-separated 'script-dir' will not be supported in future versions. Please use the underscore name 'script_dir' instead
  warnings.warn(
/usr/local/lib/python3.8/dist-packages/setuptools/dist.py:771: UserWarning: Usage of dash-separated 'install-scripts' will not be supported in future versions. Please use the underscore name 'install_scripts' instead
  warnings.warn(
running egg_info
writing ../../build/iwr6843_pub/iwr6843_pub.egg-info/PKG-INFO
writing dependency_links to ../../build/iwr6843_pub/iwr6843_pub.egg-info/dependency_links.txt
writing entry points to ../../build/iwr6843_pub/iwr6843_pub.egg-info/entry_points.txt
writing requirements to ../../build/iwr6843_pub/iwr6843_pub.egg-info/requires.txt
writing top-level names to ../../build/iwr6843_pub/iwr6843_pub.egg-info/top_level.txt
reading manifest file '../../build/iwr6843_pub/iwr6843_pub.egg-info/SOURCES.txt'
writing manifest file '../../build/iwr6843_pub/iwr6843_pub.egg-info/SOURCES.txt'
running build
running build_py
running install
/usr/local/lib/python3.8/dist-packages/setuptools/command/install.py:34: SetuptoolsDeprecationWarning: setup.py install is deprecated. Use build and pip and other standards-based tools.
  warnings.warn(
running install_lib
running install_data
copying resource/iwr6843_pub -> /home/jingyan/px4_ros_com_ros2/install/iwr6843_pub/share/ament_index/resource_index/packages
copying package.xml -> /home/jingyan/px4_ros_com_ros2/install/iwr6843_pub/share/iwr6843_pub
running install_egg_info
Copying ../../build/iwr6843_pub/iwr6843_pub.egg-info to /home/jingyan/px4_ros_com_ros2/install/iwr6843_pub/lib/python3.8/site-packages/iwr6843_pub-0.0.0-py3.8.egg-info
running install_scripts
Installing pcl_pub script to /home/jingyan/px4_ros_com_ros2/install/iwr6843_pub/lib/iwr6843aop_pub
writing list of installed files to '/home/jingyan/px4_ros_com_ros2/build/iwr6843_pub/install.log'
