[0.780s] Invoking command in '/home/jingyan/px4_ros_com_ros2/src/iwr6843_pub-main': PYTHONPATH=/home/jingyan/px4_ros_com_ros2/install/iwr6843_pub/lib/python3.8/site-packages:${PYTHONPATH} /usr/bin/python3 setup.py egg_info --egg-base ../../build/iwr6843_pub build --build-base /home/jingyan/px4_ros_com_ros2/build/iwr6843_pub/build install --prefix /home/jingyan/px4_ros_com_ros2/install/iwr6843_pub --record /home/jingyan/px4_ros_com_ros2/build/iwr6843_pub/install.log --single-version-externally-managed
[0.980s] /usr/local/lib/python3.8/dist-packages/setuptools/dist.py:771: UserWarning: Usage of dash-separated 'script-dir' will not be supported in future versions. Please use the underscore name 'script_dir' instead
[0.980s]   warnings.warn(
[0.980s] /usr/local/lib/python3.8/dist-packages/setuptools/dist.py:771: UserWarning: Usage of dash-separated 'install-scripts' will not be supported in future versions. Please use the underscore name 'install_scripts' instead
[0.981s]   warnings.warn(
[1.037s] running egg_info
[1.045s] writing ../../build/iwr6843_pub/iwr6843_pub.egg-info/PKG-INFO
[1.046s] writing dependency_links to ../../build/iwr6843_pub/iwr6843_pub.egg-info/dependency_links.txt
[1.046s] writing entry points to ../../build/iwr6843_pub/iwr6843_pub.egg-info/entry_points.txt
[1.046s] writing requirements to ../../build/iwr6843_pub/iwr6843_pub.egg-info/requires.txt
[1.046s] writing top-level names to ../../build/iwr6843_pub/iwr6843_pub.egg-info/top_level.txt
[1.064s] reading manifest file '../../build/iwr6843_pub/iwr6843_pub.egg-info/SOURCES.txt'
[1.064s] writing manifest file '../../build/iwr6843_pub/iwr6843_pub.egg-info/SOURCES.txt'
[1.064s] running build
[1.065s] running build_py
[1.065s] running install
[1.065s] /usr/local/lib/python3.8/dist-packages/setuptools/command/install.py:34: SetuptoolsDeprecationWarning: setup.py install is deprecated. Use build and pip and other standards-based tools.
[1.065s]   warnings.warn(
[1.069s] running install_lib
[1.078s] running install_data
[1.086s] copying resource/iwr6843_pub -> /home/jingyan/px4_ros_com_ros2/install/iwr6843_pub/share/ament_index/resource_index/packages
[1.086s] copying package.xml -> /home/jingyan/px4_ros_com_ros2/install/iwr6843_pub/share/iwr6843_pub
[1.087s] running install_egg_info
[1.095s] Copying ../../build/iwr6843_pub/iwr6843_pub.egg-info to /home/jingyan/px4_ros_com_ros2/install/iwr6843_pub/lib/python3.8/site-packages/iwr6843_pub-0.0.0-py3.8.egg-info
[1.096s] running install_scripts
[1.142s] Installing pcl_pub script to /home/jingyan/px4_ros_com_ros2/install/iwr6843_pub/lib/iwr6843aop_pub
[1.142s] writing list of installed files to '/home/jingyan/px4_ros_com_ros2/build/iwr6843_pub/install.log'
[1.183s] Invoked command in '/home/jingyan/px4_ros_com_ros2/src/iwr6843_pub-main' returned '0': PYTHONPATH=/home/jingyan/px4_ros_com_ros2/install/iwr6843_pub/lib/python3.8/site-packages:${PYTHONPATH} /usr/bin/python3 setup.py egg_info --egg-base ../../build/iwr6843_pub build --build-base /home/jingyan/px4_ros_com_ros2/build/iwr6843_pub/build install --prefix /home/jingyan/px4_ros_com_ros2/install/iwr6843_pub --record /home/jingyan/px4_ros_com_ros2/build/iwr6843_pub/install.log --single-version-externally-managed
