[1.744s] Invoking command in '/home/jingyan/px4_ros_com_ros2/src/iwr6843_pub-main': PYTHONPATH=/home/jingyan/px4_ros_com_ros2/install/iwr6843_pub/lib/python3.8/site-packages:${PYTHONPATH} /usr/bin/python3 setup.py egg_info --egg-base ../../build/iwr6843_pub build --build-base /home/jingyan/px4_ros_com_ros2/build/iwr6843_pub/build install --prefix /home/jingyan/px4_ros_com_ros2/install/iwr6843_pub --record /home/jingyan/px4_ros_com_ros2/build/iwr6843_pub/install.log --single-version-externally-managed
[2.073s] /usr/local/lib/python3.8/dist-packages/setuptools/dist.py:771: UserWarning: Usage of dash-separated 'script-dir' will not be supported in future versions. Please use the underscore name 'script_dir' instead
[2.073s]   warnings.warn(
[2.073s] /usr/local/lib/python3.8/dist-packages/setuptools/dist.py:771: UserWarning: Usage of dash-separated 'install-scripts' will not be supported in future versions. Please use the underscore name 'install_scripts' instead
[2.073s]   warnings.warn(
[2.167s] running egg_info
[2.182s] writing ../../build/iwr6843_pub/iwr6843_pub.egg-info/PKG-INFO
[2.182s] writing dependency_links to ../../build/iwr6843_pub/iwr6843_pub.egg-info/dependency_links.txt
[2.182s] writing entry points to ../../build/iwr6843_pub/iwr6843_pub.egg-info/entry_points.txt
[2.182s] writing requirements to ../../build/iwr6843_pub/iwr6843_pub.egg-info/requires.txt
[2.182s] writing top-level names to ../../build/iwr6843_pub/iwr6843_pub.egg-info/top_level.txt
[2.213s] reading manifest file '../../build/iwr6843_pub/iwr6843_pub.egg-info/SOURCES.txt'
[2.214s] writing manifest file '../../build/iwr6843_pub/iwr6843_pub.egg-info/SOURCES.txt'
[2.214s] running build
[2.214s] running build_py
[2.214s] /usr/local/lib/python3.8/dist-packages/setuptools/command/install.py:34: SetuptoolsDeprecationWarning: setup.py install is deprecated. Use build and pip and other standards-based tools.
[2.214s]   warnings.warn(
[2.215s] running install
[2.221s] running install_lib
[2.238s] running install_data
[2.253s] running install_egg_info
[2.268s] removing '/home/jingyan/px4_ros_com_ros2/install/iwr6843_pub/lib/python3.8/site-packages/iwr6843_pub-0.0.0-py3.8.egg-info' (and everything under it)
[2.268s] Copying ../../build/iwr6843_pub/iwr6843_pub.egg-info to /home/jingyan/px4_ros_com_ros2/install/iwr6843_pub/lib/python3.8/site-packages/iwr6843_pub-0.0.0-py3.8.egg-info
[2.269s] running install_scripts
[2.342s] Installing pcl_pub script to /home/jingyan/px4_ros_com_ros2/install/iwr6843_pub/lib/iwr6843_pub
[2.343s] writing list of installed files to '/home/jingyan/px4_ros_com_ros2/build/iwr6843_pub/install.log'
[2.422s] Invoked command in '/home/jingyan/px4_ros_com_ros2/src/iwr6843_pub-main' returned '0': PYTHONPATH=/home/jingyan/px4_ros_com_ros2/install/iwr6843_pub/lib/python3.8/site-packages:${PYTHONPATH} /usr/bin/python3 setup.py egg_info --egg-base ../../build/iwr6843_pub build --build-base /home/jingyan/px4_ros_com_ros2/build/iwr6843_pub/build install --prefix /home/jingyan/px4_ros_com_ros2/install/iwr6843_pub --record /home/jingyan/px4_ros_com_ros2/build/iwr6843_pub/install.log --single-version-externally-managed
