[0.016s] Invoking command in '/home/jingyan/px4_ros_com_ros2/build/px4_ros_com': AMENT_PREFIX_PATH=/home/jingyan/px4_ros_com_ros2/install/px4_msgs:${AMENT_PREFIX_PATH} CMAKE_PREFIX_PATH=/home/jingyan/px4_ros_com_ros2/install/px4_msgs:/opt/ros/foxy LD_LIBRARY_PATH=/home/jingyan/px4_ros_com_ros2/install/px4_msgs/lib:${LD_LIBRARY_PATH} PYTHONPATH=/home/jingyan/px4_ros_com_ros2/install/px4_msgs/lib/python3.8/site-packages:${PYTHONPATH} /usr/bin/cmake --build /home/jingyan/px4_ros_com_ros2/build/px4_ros_com -- -j16 -l16
[0.079s] [35m[1mScanning dependencies of target offboard_control_absolute_version[0m
[0.090s] [  4%] Built target frame_transforms
[0.090s] [  4%] Built target offboard_control_vel
[0.097s] [  6%] Built target offboard_control
[0.098s] [  7%] Built target Odom_transform
[0.101s] [ 13%] Built target debug_vect_advertiser
[0.101s] [ 13%] Built target sensor_combined_listener
[0.101s] [ 13%] Built target vehicle_gps_position_listener
[0.115s] [ 14%] [32mBuilding CXX object CMakeFiles/offboard_control_absolute_version.dir/src/examples/offboard/offboard_control_absolute_version.cpp.o[0m
[0.131s] [ 99%] Built target micrortps_agent
[1.457s] [01m[K/home/jingyan/px4_ros_com_ros2/src/px4_ros_com/src/examples/offboard/offboard_control_absolute_version.cpp:164:23:[m[K [01;31m[Kerror: [m[K‘[01m[Knav_msgs[m[K’ does not name a type
[1.457s]   164 |  void OnVelVect(const [01;31m[Knav_msgs[m[K::msg::Path::UniquePtr msg);
[1.457s]       |                       [01;31m[K^~~~~~~~[m[K
[1.457s] [01m[K/home/jingyan/px4_ros_com_ros2/src/px4_ros_com/src/examples/offboard/offboard_control_absolute_version.cpp:164:36:[m[K [01;31m[Kerror: [m[Kexpected unqualified-id before ‘[01m[K::[m[K’ token
[1.457s]   164 |  void OnVelVect(const nav_msgs::msg[01;31m[K::[m[KPath::UniquePtr msg);
[1.458s]       |                                    [01;31m[K^~[m[K
[1.458s] [01m[K/home/jingyan/px4_ros_com_ros2/src/px4_ros_com/src/examples/offboard/offboard_control_absolute_version.cpp:164:36:[m[K [01;31m[Kerror: [m[Kexpected ‘[01m[K)[m[K’ before ‘[01m[K::[m[K’ token
[1.458s]   164 |  void OnVelVect[34m[K([m[Kconst nav_msgs::msg[01;31m[K:[m[K[32m[K:[m[KPath::UniquePtr msg);
[1.458s]       |                [34m[K~[m[K                   [01;31m[K^[m[K[32m[K~[m[K
[1.458s]       |                                    [32m[K)[m[K
[1.458s] [01m[K/home/jingyan/px4_ros_com_ros2/src/px4_ros_com/src/examples/offboard/offboard_control_absolute_version.cpp:164:33:[m[K [01;31m[Kerror: [m[Kexpected ‘[01m[K;[m[K’ at end of member declaration
[1.458s]   164 |  void OnVelVect(const nav_msgs::[01;31m[Kmsg[m[K::Path::UniquePtr msg);
[1.459s]       |                                 [01;31m[K^~~[m[K
[1.459s]       |                                    [32m[K;[m[K
[1.459s] [01m[K/home/jingyan/px4_ros_com_ros2/src/px4_ros_com/src/examples/offboard/offboard_control_absolute_version.cpp:164:38:[m[K [01;31m[Kerror: [m[K‘[01m[KPath[m[K’ in namespace ‘[01m[K::[m[K’ does not name a type
[1.459s]   164 |  void OnVelVect(const nav_msgs::msg::[01;31m[KPath[m[K::UniquePtr msg);
[1.459s]       |                                      [01;31m[K^~~~[m[K
[1.478s] In file included from [01m[K/opt/ros/foxy/include/rclcpp/client.hpp:32[m[K,
[1.478s]                  from [01m[K/opt/ros/foxy/include/rclcpp/callback_group.hpp:23[m[K,
[1.478s]                  from [01m[K/opt/ros/foxy/include/rclcpp/any_executable.hpp:20[m[K,
[1.478s]                  from [01m[K/opt/ros/foxy/include/rclcpp/memory_strategy.hpp:24[m[K,
[1.479s]                  from [01m[K/opt/ros/foxy/include/rclcpp/memory_strategies.hpp:18[m[K,
[1.479s]                  from [01m[K/opt/ros/foxy/include/rclcpp/executor_options.hpp:20[m[K,
[1.479s]                  from [01m[K/opt/ros/foxy/include/rclcpp/executor.hpp:33[m[K,
[1.479s]                  from [01m[K/opt/ros/foxy/include/rclcpp/executors/multi_threaded_executor.hpp:26[m[K,
[1.479s]                  from [01m[K/opt/ros/foxy/include/rclcpp/executors.hpp:21[m[K,
[1.479s]                  from [01m[K/opt/ros/foxy/include/rclcpp/rclcpp.hpp:146[m[K,
[1.480s]                  from [01m[K/home/jingyan/px4_ros_com_ros2/src/px4_ros_com/src/examples/offboard/offboard_control_absolute_version.cpp:55[m[K:
[1.480s] /opt/ros/foxy/include/rclcpp/function_traits.hpp: In instantiation of ‘[01m[Kstruct rclcpp::function_traits::function_traits<std::_Bind<void (OffboardControl::*(OffboardControl*, std::_Placeholder<1>))(...)> >[m[K’:
[1.480s] [01m[K/opt/ros/foxy/include/rclcpp/subscription_traits.hpp:97:8:[m[K   required from ‘[01m[Kstruct rclcpp::subscription_traits::has_message_type<std::_Bind<void (OffboardControl::*(OffboardControl*, std::_Placeholder<1>))(...)>, std::allocator<void>, void, void, void, void>[m[K’
[1.480s] [01m[K/opt/ros/foxy/include/rclcpp/node.hpp:204:5:[m[K   required by substitution of ‘[01m[Ktemplate<class MessageT, class CallbackT, class AllocatorT, class CallbackMessageT, class SubscriptionT, class MessageMemoryStrategyT> std::shared_ptr<SubscriptionT> rclcpp::Node::create_subscription(const string&, const rclcpp::QoS&, CallbackT&&, const rclcpp::SubscriptionOptionsWithAllocator<AllocatorT>&, typename MessageMemoryStrategyT::SharedPtr) [with MessageT = geometry_msgs::msg::PoseStamped_<std::allocator<void> >; CallbackT = std::_Bind<void (OffboardControl::*(OffboardControl*, std::_Placeholder<1>))(...)>; AllocatorT = std::allocator<void>; CallbackMessageT = <missing>; SubscriptionT = <missing>; MessageMemoryStrategyT = <missing>][m[K’
[1.480s] [01m[K/home/jingyan/px4_ros_com_ros2/src/px4_ros_com/src/examples/offboard/offboard_control_absolute_version.cpp:136:71:[m[K   required from here
[1.480s] [01m[K/opt/ros/foxy/include/rclcpp/function_traits.hpp:51:9:[m[K [01;31m[Kerror: [m[Kdecltype cannot resolve address of overloaded function
[1.481s]    51 |   using [01;31m[Karguments[m[K = typename tuple_tail<
[1.481s]       |         [01;31m[K^~~~~~~~~[m[K
[1.481s] [01m[K/opt/ros/foxy/include/rclcpp/function_traits.hpp:57:9:[m[K [01;31m[Kerror: [m[Kdecltype cannot resolve address of overloaded function
[1.481s]    57 |   using [01;31m[Kargument_type[m[K = typename std::tuple_element<N, arguments>::type;
[1.481s]       |         [01;31m[K^~~~~~~~~~~~~[m[K
[1.481s] [01m[K/opt/ros/foxy/include/rclcpp/function_traits.hpp:59:9:[m[K [01;31m[Kerror: [m[Kdecltype cannot resolve address of overloaded function
[1.482s]    59 |   using [01;31m[Kreturn_type[m[K = typename function_traits<decltype( &FunctionT::operator())>::return_type;
[1.482s]       |         [01;31m[K^~~~~~~~~~~[m[K
[1.482s] [01m[K/home/jingyan/px4_ros_com_ros2/src/px4_ros_com/src/examples/offboard/offboard_control_absolute_version.cpp:[m[K In constructor ‘[01m[KOffboardControl::OffboardControl()[m[K’:
[1.482s] [01m[K/home/jingyan/px4_ros_com_ros2/src/px4_ros_com/src/examples/offboard/offboard_control_absolute_version.cpp:136:71:[m[K [01;31m[Kerror: [m[Kno matching function for call to ‘[01m[KOffboardControl::create_subscription<geometry_msgs::msg::PoseStamped>(const char [12], int, std::_Bind_helper<false, void (OffboardControl::*)(...), OffboardControl*, const std::_Placeholder<1>&>::type)[m[K’
[1.482s]   136 |    std::bind(&OffboardControl::OnVelVect, this, std::placeholders::_1)[01;31m[K)[m[K;
[1.482s]       |                                                                       [01;31m[K^[m[K
[1.483s] In file included from [01m[K/opt/ros/foxy/include/rclcpp/node.hpp:1224[m[K,
[1.483s]                  from [01m[K/opt/ros/foxy/include/rclcpp/executors/single_threaded_executor.hpp:28[m[K,
[1.483s]                  from [01m[K/opt/ros/foxy/include/rclcpp/executors.hpp:22[m[K,
[1.483s]                  from [01m[K/opt/ros/foxy/include/rclcpp/rclcpp.hpp:146[m[K,
[1.483s]                  from [01m[K/home/jingyan/px4_ros_com_ros2/src/px4_ros_com/src/examples/offboard/offboard_control_absolute_version.cpp:55[m[K:
[1.483s] [01m[K/opt/ros/foxy/include/rclcpp/node_impl.hpp:91:1:[m[K [01;36m[Knote: [m[Kcandidate: ‘[01m[Ktemplate<class MessageT, class CallbackT, class AllocatorT, class CallbackMessageT, class SubscriptionT, class MessageMemoryStrategyT> std::shared_ptr<SubscriptionT> rclcpp::Node::create_subscription(const string&, const rclcpp::QoS&, CallbackT&&, const rclcpp::SubscriptionOptionsWithAllocator<AllocatorT>&, typename MessageMemoryStrategyT::SharedPtr)[m[K’
[1.483s]    91 | [01;36m[KNode[m[K::create_subscription(
[1.484s]       | [01;36m[K^~~~[m[K
[1.484s] [01m[K/opt/ros/foxy/include/rclcpp/node_impl.hpp:91:1:[m[K [01;36m[Knote: [m[K  substitution of deduced template arguments resulted in errors seen above
[1.651s] [01m[K/home/jingyan/px4_ros_com_ros2/src/px4_ros_com/src/examples/offboard/offboard_control_absolute_version.cpp:[m[K At global scope:
[1.651s] [01m[K/home/jingyan/px4_ros_com_ros2/src/px4_ros_com/src/examples/offboard/offboard_control_absolute_version.cpp:204:6:[m[K [01;31m[Kerror: [m[Kno declaration matches ‘[01m[Kvoid OffboardControl::OnVelVect(geometry_msgs::msg::PoseStamped_<std::allocator<void> >::UniquePtr)[m[K’
[1.651s]   204 | void [01;31m[KOffboardControl[m[K::OnVelVect(const geometry_msgs::msg::PoseStamped::UniquePtr msg)
[1.651s]       |      [01;31m[K^~~~~~~~~~~~~~~[m[K
[1.651s] [01m[K/home/jingyan/px4_ros_com_ros2/src/px4_ros_com/src/examples/offboard/offboard_control_absolute_version.cpp:164:7:[m[K [01;36m[Knote: [m[Kcandidate is: ‘[01m[Kvoid OffboardControl::OnVelVect(...)[m[K’
[1.652s]   164 |  void [01;36m[KOnVelVect[m[K(const nav_msgs::msg::Path::UniquePtr msg);
[1.652s]       |       [01;36m[K^~~~~~~~~[m[K
[1.652s] [01m[K/home/jingyan/px4_ros_com_ros2/src/px4_ros_com/src/examples/offboard/offboard_control_absolute_version.cpp:77:7:[m[K [01;36m[Knote: [m[K‘[01m[Kclass OffboardControl[m[K’ defined here
[1.652s]    77 | class [01;36m[KOffboardControl[m[K : public rclcpp::Node
[1.652s]       |       [01;36m[K^~~~~~~~~~~~~~~[m[K
[3.613s] make[2]: *** [CMakeFiles/offboard_control_absolute_version.dir/build.make:63: CMakeFiles/offboard_control_absolute_version.dir/src/examples/offboard/offboard_control_absolute_version.cpp.o] Error 1
[3.613s] make[1]: *** [CMakeFiles/Makefile2:283: CMakeFiles/offboard_control_absolute_version.dir/all] Error 2
[3.614s] make: *** [Makefile:141: all] Error 2
[3.617s] Invoked command in '/home/jingyan/px4_ros_com_ros2/build/px4_ros_com' returned '2': AMENT_PREFIX_PATH=/home/jingyan/px4_ros_com_ros2/install/px4_msgs:${AMENT_PREFIX_PATH} CMAKE_PREFIX_PATH=/home/jingyan/px4_ros_com_ros2/install/px4_msgs:/opt/ros/foxy LD_LIBRARY_PATH=/home/jingyan/px4_ros_com_ros2/install/px4_msgs/lib:${LD_LIBRARY_PATH} PYTHONPATH=/home/jingyan/px4_ros_com_ros2/install/px4_msgs/lib/python3.8/site-packages:${PYTHONPATH} /usr/bin/cmake --build /home/jingyan/px4_ros_com_ros2/build/px4_ros_com -- -j16 -l16
