[35m[1mScanning dependencies of target Odom_transform[0m
[  2%] Built target vehicle_gps_position_listener
[  4%] Built target sensor_combined_listener
[  6%] Built target frame_transforms
[  8%] Built target debug_vect_advertiser
[  8%] [32mBuilding CXX object CMakeFiles/Odom_transform.dir/src/examples/offboard/Odom_transform.cpp.o[0m
[ 10%] Built target offboard_control
[ 99%] Built target micrortps_agent
[01m[K/home/jingyan/px4_ros_com_ros2/src/px4_ros_com/src/examples/offboard/Odom_transform.cpp:[m[K In member function ‘[01m[Kvoid Px4OdomTransform::odom_convert(px4_msgs::msg::VehicleOdometry_<std::allocator<void> >::SharedPtr)[m[K’:
[01m[K/home/jingyan/px4_ros_com_ros2/src/px4_ros_com/src/examples/offboard/Odom_transform.cpp:138:25:[m[K [01;31m[Kerror: [m[Kinvalid use of member function ‘[01m[Krclcpp::Clock::ConstSharedPtr rclcpp::Node::get_clock() const[m[K’ (did you forget the ‘[01m[K()[m[K’ ?)
  138 |  t.header.stamp = [01;31m[Kthis->get_clock[m[K->now();
      |                   [01;31m[K~~~~~~^~~~~~~~~[m[K
      |                                  [32m[K()[m[K
[01m[K/home/jingyan/px4_ros_com_ros2/src/px4_ros_com/src/examples/offboard/Odom_transform.cpp:138:34:[m[K [01;31m[Kerror: [m[Kbase operand of ‘[01m[K->[m[K’ is not a pointer
  138 |  t.header.stamp = this->get_clock[01;31m[K->[m[Know();
      |                                  [01;31m[K^~[m[K
[01m[K/home/jingyan/px4_ros_com_ros2/src/px4_ros_com/src/examples/offboard/Odom_transform.cpp:164:35:[m[K [01;31m[Kerror: [m[Kinvalid use of member function ‘[01m[Krclcpp::Clock::ConstSharedPtr rclcpp::Node::get_clock() const[m[K’ (did you forget the ‘[01m[K()[m[K’ ?)
  164 |  t_footprint.header.stamp = [01;31m[Kthis->get_clock[m[K->now();
      |                             [01;31m[K~~~~~~^~~~~~~~~[m[K
      |                                            [32m[K()[m[K
[01m[K/home/jingyan/px4_ros_com_ros2/src/px4_ros_com/src/examples/offboard/Odom_transform.cpp:164:44:[m[K [01;31m[Kerror: [m[Kbase operand of ‘[01m[K->[m[K’ is not a pointer
  164 |  t_footprint.header.stamp = this->get_clock[01;31m[K->[m[Know();
      |                                            [01;31m[K^~[m[K
[01m[K/home/jingyan/px4_ros_com_ros2/src/px4_ros_com/src/examples/offboard/Odom_transform.cpp:179:34:[m[K [01;31m[Kerror: [m[Kinvalid use of member function ‘[01m[Krclcpp::Clock::ConstSharedPtr rclcpp::Node::get_clock() const[m[K’ (did you forget the ‘[01m[K()[m[K’ ?)
  179 |  t_baselink.header.stamp = [01;31m[Kthis->get_clock[m[K->now();
      |                            [01;31m[K~~~~~~^~~~~~~~~[m[K
      |                                           [32m[K()[m[K
[01m[K/home/jingyan/px4_ros_com_ros2/src/px4_ros_com/src/examples/offboard/Odom_transform.cpp:179:43:[m[K [01;31m[Kerror: [m[Kbase operand of ‘[01m[K->[m[K’ is not a pointer
  179 |  t_baselink.header.stamp = this->get_clock[01;31m[K->[m[Know();
      |                                           [01;31m[K^~[m[K
make[2]: *** [CMakeFiles/Odom_transform.dir/build.make:63: CMakeFiles/Odom_transform.dir/src/examples/offboard/Odom_transform.cpp.o] Error 1
make[1]: *** [CMakeFiles/Makefile2:306: CMakeFiles/Odom_transform.dir/all] Error 2
make: *** [Makefile:141: all] Error 2
