[  2%] Built target frame_transforms
[  3%] [32mBuilding CXX object CMakeFiles/offboard_control_absolute_version.dir/src/examples/offboard/offboard_control_absolute_version.cpp.o[0m
[  5%] Built target offboard_control
[  7%] Built target sensor_combined_listener
[  9%] Built target debug_vect_advertiser
[ 11%] Built target offboard_control_vel
[ 13%] Built target vehicle_gps_position_listener
[ 14%] Built target Odom_transform
[ 99%] Built target micrortps_agent
[01m[K/home/jingyan/px4_ros_com_ros2/src/px4_ros_com/src/examples/offboard/offboard_control_absolute_version.cpp:[m[K In member function ‘[01m[Kvoid OffboardControl::OnVelVect(nav_msgs::msg::Path_<std::allocator<void> >::UniquePtr)[m[K’:
[01m[K/home/jingyan/px4_ros_com_ros2/src/px4_ros_com/src/examples/offboard/offboard_control_absolute_version.cpp:206:32:[m[K [01;31m[Kerror: [m[K‘[01m[Kstruct nav_msgs::msg::Path_<std::allocator<void> >[m[K’ has no member named ‘[01m[Kpose[m[K’; did you mean ‘[01m[Kposes[m[K’?
  206 |  OffboardControl::xgoal = msg->[01;31m[Kpose[m[K.position[1];
      |                                [01;31m[K^~~~[m[K
      |                                [32m[Kposes[m[K
[01m[K/home/jingyan/px4_ros_com_ros2/src/px4_ros_com/src/examples/offboard/offboard_control_absolute_version.cpp:207:33:[m[K [01;31m[Kerror: [m[K‘[01m[Kstruct nav_msgs::msg::Path_<std::allocator<void> >[m[K’ has no member named ‘[01m[Kpose[m[K’; did you mean ‘[01m[Kposes[m[K’?
  207 |  OffboardControl::ygoal = -msg->[01;31m[Kpose[m[K.position[0];
      |                                 [01;31m[K^~~~[m[K
      |                                 [32m[Kposes[m[K
[01m[K/home/jingyan/px4_ros_com_ros2/src/px4_ros_com/src/examples/offboard/offboard_control_absolute_version.cpp:209:18:[m[K [01;31m[Kerror: [m[K‘[01m[Kstruct nav_msgs::msg::Path_<std::allocator<void> >[m[K’ has no member named ‘[01m[Kpose[m[K’; did you mean ‘[01m[Kposes[m[K’?
  209 |  goalQ[0] = msg->[01;31m[Kpose[m[K.orientation[0];
      |                  [01;31m[K^~~~[m[K
      |                  [32m[Kposes[m[K
[01m[K/home/jingyan/px4_ros_com_ros2/src/px4_ros_com/src/examples/offboard/offboard_control_absolute_version.cpp:210:18:[m[K [01;31m[Kerror: [m[K‘[01m[Kstruct nav_msgs::msg::Path_<std::allocator<void> >[m[K’ has no member named ‘[01m[Kpose[m[K’; did you mean ‘[01m[Kposes[m[K’?
  210 |  goalQ[1] = msg->[01;31m[Kpose[m[K.orientation[1];
      |                  [01;31m[K^~~~[m[K
      |                  [32m[Kposes[m[K
[01m[K/home/jingyan/px4_ros_com_ros2/src/px4_ros_com/src/examples/offboard/offboard_control_absolute_version.cpp:211:18:[m[K [01;31m[Kerror: [m[K‘[01m[Kstruct nav_msgs::msg::Path_<std::allocator<void> >[m[K’ has no member named ‘[01m[Kpose[m[K’; did you mean ‘[01m[Kposes[m[K’?
  211 |  goalQ[2] = msg->[01;31m[Kpose[m[K.orientation[2];
      |                  [01;31m[K^~~~[m[K
      |                  [32m[Kposes[m[K
[01m[K/home/jingyan/px4_ros_com_ros2/src/px4_ros_com/src/examples/offboard/offboard_control_absolute_version.cpp:212:18:[m[K [01;31m[Kerror: [m[K‘[01m[Kstruct nav_msgs::msg::Path_<std::allocator<void> >[m[K’ has no member named ‘[01m[Kpose[m[K’; did you mean ‘[01m[Kposes[m[K’?
  212 |  goalQ[3] = msg->[01;31m[Kpose[m[K.orientation[3];
      |                  [01;31m[K^~~~[m[K
      |                  [32m[Kposes[m[K
make[2]: *** [CMakeFiles/offboard_control_absolute_version.dir/build.make:63: CMakeFiles/offboard_control_absolute_version.dir/src/examples/offboard/offboard_control_absolute_version.cpp.o] Error 1
make[1]: *** [CMakeFiles/Makefile2:283: CMakeFiles/offboard_control_absolute_version.dir/all] Error 2
make: *** [Makefile:141: all] Error 2
