[0.023s] Invoking command in '/home/jingyan/px4_ros_com_ros2/build/px4_ros_com': AMENT_PREFIX_PATH=/home/jingyan/px4_ros_com_ros2/install/px4_msgs:${AMENT_PREFIX_PATH} CMAKE_PREFIX_PATH=/home/jingyan/px4_ros_com_ros2/install/px4_msgs:/opt/ros/foxy LD_LIBRARY_PATH=/home/jingyan/px4_ros_com_ros2/install/px4_msgs/lib:${LD_LIBRARY_PATH} PYTHONPATH=/home/jingyan/px4_ros_com_ros2/install/px4_msgs/lib/python3.8/site-packages:${PYTHONPATH} /usr/bin/cmake --build /home/jingyan/px4_ros_com_ros2/build/px4_ros_com -- -j16 -l16
[0.089s] [  2%] Built target frame_transforms
[0.089s] [  3%] [32mBuilding CXX object CMakeFiles/offboard_control_absolute_version.dir/src/examples/offboard/offboard_control_absolute_version.cpp.o[0m
[0.092s] [  5%] Built target offboard_control
[0.093s] [  7%] Built target sensor_combined_listener
[0.094s] [  9%] Built target debug_vect_advertiser
[0.095s] [ 11%] Built target offboard_control_vel
[0.096s] [ 13%] Built target vehicle_gps_position_listener
[0.096s] [ 14%] Built target Odom_transform
[0.142s] [ 99%] Built target micrortps_agent
[1.530s] [01m[K/home/jingyan/px4_ros_com_ros2/src/px4_ros_com/src/examples/offboard/offboard_control_absolute_version.cpp:[m[K In member function ‘[01m[Kvoid OffboardControl::OnVelVect(nav_msgs::msg::Path_<std::allocator<void> >::UniquePtr)[m[K’:
[1.530s] [01m[K/home/jingyan/px4_ros_com_ros2/src/px4_ros_com/src/examples/offboard/offboard_control_absolute_version.cpp:206:32:[m[K [01;31m[Kerror: [m[K‘[01m[Kstruct nav_msgs::msg::Path_<std::allocator<void> >[m[K’ has no member named ‘[01m[Kpose[m[K’; did you mean ‘[01m[Kposes[m[K’?
[1.530s]   206 |  OffboardControl::xgoal = msg->[01;31m[Kpose[m[K.position[1];
[1.530s]       |                                [01;31m[K^~~~[m[K
[1.530s]       |                                [32m[Kposes[m[K
[1.530s] [01m[K/home/jingyan/px4_ros_com_ros2/src/px4_ros_com/src/examples/offboard/offboard_control_absolute_version.cpp:207:33:[m[K [01;31m[Kerror: [m[K‘[01m[Kstruct nav_msgs::msg::Path_<std::allocator<void> >[m[K’ has no member named ‘[01m[Kpose[m[K’; did you mean ‘[01m[Kposes[m[K’?
[1.531s]   207 |  OffboardControl::ygoal = -msg->[01;31m[Kpose[m[K.position[0];
[1.531s]       |                                 [01;31m[K^~~~[m[K
[1.531s]       |                                 [32m[Kposes[m[K
[1.531s] [01m[K/home/jingyan/px4_ros_com_ros2/src/px4_ros_com/src/examples/offboard/offboard_control_absolute_version.cpp:209:18:[m[K [01;31m[Kerror: [m[K‘[01m[Kstruct nav_msgs::msg::Path_<std::allocator<void> >[m[K’ has no member named ‘[01m[Kpose[m[K’; did you mean ‘[01m[Kposes[m[K’?
[1.531s]   209 |  goalQ[0] = msg->[01;31m[Kpose[m[K.orientation[0];
[1.531s]       |                  [01;31m[K^~~~[m[K
[1.531s]       |                  [32m[Kposes[m[K
[1.531s] [01m[K/home/jingyan/px4_ros_com_ros2/src/px4_ros_com/src/examples/offboard/offboard_control_absolute_version.cpp:210:18:[m[K [01;31m[Kerror: [m[K‘[01m[Kstruct nav_msgs::msg::Path_<std::allocator<void> >[m[K’ has no member named ‘[01m[Kpose[m[K’; did you mean ‘[01m[Kposes[m[K’?
[1.531s]   210 |  goalQ[1] = msg->[01;31m[Kpose[m[K.orientation[1];
[1.531s]       |                  [01;31m[K^~~~[m[K
[1.532s]       |                  [32m[Kposes[m[K
[1.532s] [01m[K/home/jingyan/px4_ros_com_ros2/src/px4_ros_com/src/examples/offboard/offboard_control_absolute_version.cpp:211:18:[m[K [01;31m[Kerror: [m[K‘[01m[Kstruct nav_msgs::msg::Path_<std::allocator<void> >[m[K’ has no member named ‘[01m[Kpose[m[K’; did you mean ‘[01m[Kposes[m[K’?
[1.532s]   211 |  goalQ[2] = msg->[01;31m[Kpose[m[K.orientation[2];
[1.532s]       |                  [01;31m[K^~~~[m[K
[1.532s]       |                  [32m[Kposes[m[K
[1.532s] [01m[K/home/jingyan/px4_ros_com_ros2/src/px4_ros_com/src/examples/offboard/offboard_control_absolute_version.cpp:212:18:[m[K [01;31m[Kerror: [m[K‘[01m[Kstruct nav_msgs::msg::Path_<std::allocator<void> >[m[K’ has no member named ‘[01m[Kpose[m[K’; did you mean ‘[01m[Kposes[m[K’?
[1.532s]   212 |  goalQ[3] = msg->[01;31m[Kpose[m[K.orientation[3];
[1.532s]       |                  [01;31m[K^~~~[m[K
[1.532s]       |                  [32m[Kposes[m[K
[3.719s] make[2]: *** [CMakeFiles/offboard_control_absolute_version.dir/build.make:63: CMakeFiles/offboard_control_absolute_version.dir/src/examples/offboard/offboard_control_absolute_version.cpp.o] Error 1
[3.719s] make[1]: *** [CMakeFiles/Makefile2:283: CMakeFiles/offboard_control_absolute_version.dir/all] Error 2
[3.719s] make: *** [Makefile:141: all] Error 2
[3.723s] Invoked command in '/home/jingyan/px4_ros_com_ros2/build/px4_ros_com' returned '2': AMENT_PREFIX_PATH=/home/jingyan/px4_ros_com_ros2/install/px4_msgs:${AMENT_PREFIX_PATH} CMAKE_PREFIX_PATH=/home/jingyan/px4_ros_com_ros2/install/px4_msgs:/opt/ros/foxy LD_LIBRARY_PATH=/home/jingyan/px4_ros_com_ros2/install/px4_msgs/lib:${LD_LIBRARY_PATH} PYTHONPATH=/home/jingyan/px4_ros_com_ros2/install/px4_msgs/lib/python3.8/site-packages:${PYTHONPATH} /usr/bin/cmake --build /home/jingyan/px4_ros_com_ros2/build/px4_ros_com -- -j16 -l16
