[0.019s] Invoking command in '/home/jingyan/px4_ros_com_ros2/build/mmwave_drone_navigation2': CMAKE_PREFIX_PATH=/opt/ros/foxy /usr/bin/cmake /home/jingyan/px4_ros_com_ros2/src/mmwave_drone_navigation2 -DCMAKE_INSTALL_PREFIX=/home/jingyan/px4_ros_com_ros2/install/mmwave_drone_navigation2
[0.202s] -- The C compiler identification is GNU 9.4.0
[0.260s] -- The CXX compiler identification is GNU 9.4.0
[0.268s] -- Check for working C compiler: /usr/bin/cc
[0.355s] -- Check for working C compiler: /usr/bin/cc -- works
[0.356s] -- Detecting C compiler ABI info
[0.432s] -- Detecting C compiler ABI info - done
[0.447s] -- Detecting C compile features
[0.447s] -- Detecting C compile features - done
[0.449s] -- Check for working CXX compiler: /usr/bin/c++
[0.531s] -- Check for working CXX compiler: /usr/bin/c++ -- works
[0.533s] -- Detecting CXX compiler ABI info
[0.624s] -- Detecting CXX compiler ABI info - done
[0.633s] -- Detecting CXX compile features
[0.633s] -- Detecting CXX compile features - done
[0.635s] -- Found ament_cmake: 0.9.11 (/opt/ros/foxy/share/ament_cmake/cmake)
[0.663s] -- Found PythonInterp: /usr/bin/python3 (found suitable version "3.8.10", minimum required is "3") 
[0.664s] -- Using PYTHON_EXECUTABLE: /usr/bin/python3
[0.839s] -- Found nav2_bringup: 0.4.7 (/opt/ros/foxy/share/nav2_bringup/cmake)
[0.840s] -- Found ament_lint_auto: 0.9.7 (/opt/ros/foxy/share/ament_lint_auto/cmake)
[0.907s] -- Added test 'copyright' to check source files copyright and LICENSE
[0.909s] -- Added test 'flake8' to check Python code syntax and style conventions
[0.909s] -- Added test 'lint_cmake' to check CMake code style
[0.909s] -- Added test 'pep257' to check Python code against some of the style conventions in PEP 257
[0.910s] -- Added test 'xmllint' to check XML markup files
[0.911s] -- Configuring done
[0.912s] -- Generating done
[0.913s] -- Build files have been written to: /home/jingyan/px4_ros_com_ros2/build/mmwave_drone_navigation2
[0.916s] Invoked command in '/home/jingyan/px4_ros_com_ros2/build/mmwave_drone_navigation2' returned '0': CMAKE_PREFIX_PATH=/opt/ros/foxy /usr/bin/cmake /home/jingyan/px4_ros_com_ros2/src/mmwave_drone_navigation2 -DCMAKE_INSTALL_PREFIX=/home/jingyan/px4_ros_com_ros2/install/mmwave_drone_navigation2
[0.920s] Invoking command in '/home/jingyan/px4_ros_com_ros2/build/mmwave_drone_navigation2': CMAKE_PREFIX_PATH=/opt/ros/foxy /usr/bin/cmake --build /home/jingyan/px4_ros_com_ros2/build/mmwave_drone_navigation2 -- -j16 -l16
[0.962s] Invoked command in '/home/jingyan/px4_ros_com_ros2/build/mmwave_drone_navigation2' returned '0': CMAKE_PREFIX_PATH=/opt/ros/foxy /usr/bin/cmake --build /home/jingyan/px4_ros_com_ros2/build/mmwave_drone_navigation2 -- -j16 -l16
[1.008s] Invoking command in '/home/jingyan/px4_ros_com_ros2/build/mmwave_drone_navigation2': CMAKE_PREFIX_PATH=/opt/ros/foxy /usr/bin/cmake --install /home/jingyan/px4_ros_com_ros2/build/mmwave_drone_navigation2
[1.021s] -- Install configuration: ""
[1.021s] -- Installing: /home/jingyan/px4_ros_com_ros2/install/mmwave_drone_navigation2/share/mmwave_drone_navigation2/launch
[1.021s] -- Installing: /home/jingyan/px4_ros_com_ros2/install/mmwave_drone_navigation2/share/mmwave_drone_navigation2/launch/navigation2.launch.py
[1.021s] -- Installing: /home/jingyan/px4_ros_com_ros2/install/mmwave_drone_navigation2/share/mmwave_drone_navigation2/launch/navigation2
[1.021s] -- Installing: /home/jingyan/px4_ros_com_ros2/install/mmwave_drone_navigation2/share/mmwave_drone_navigation2/param
[1.021s] -- Installing: /home/jingyan/px4_ros_com_ros2/install/mmwave_drone_navigation2/share/mmwave_drone_navigation2/param/mmWave_drone_nav2.yaml
[1.022s] -- Installing: /home/jingyan/px4_ros_com_ros2/install/mmwave_drone_navigation2/share/mmwave_drone_navigation2/maps
[1.022s] -- Installing: /home/jingyan/px4_ros_com_ros2/install/mmwave_drone_navigation2/share/mmwave_drone_navigation2/maps/square_map.yaml
[1.022s] -- Installing: /home/jingyan/px4_ros_com_ros2/install/mmwave_drone_navigation2/share/mmwave_drone_navigation2/maps/simple_map.yaml
[1.022s] -- Installing: /home/jingyan/px4_ros_com_ros2/install/mmwave_drone_navigation2/share/mmwave_drone_navigation2/maps/square_map.pgm
[1.022s] -- Installing: /home/jingyan/px4_ros_com_ros2/install/mmwave_drone_navigation2/share/mmwave_drone_navigation2/maps/indoor_map.pgm
[1.022s] -- Installing: /home/jingyan/px4_ros_com_ros2/install/mmwave_drone_navigation2/share/mmwave_drone_navigation2/maps/simple_map.pgm
[1.022s] -- Installing: /home/jingyan/px4_ros_com_ros2/install/mmwave_drone_navigation2/share/mmwave_drone_navigation2/maps/indoor_map.yaml
[1.022s] -- Installing: /home/jingyan/px4_ros_com_ros2/install/mmwave_drone_navigation2/share/ament_index/resource_index/package_run_dependencies/mmwave_drone_navigation2
[1.023s] -- Installing: /home/jingyan/px4_ros_com_ros2/install/mmwave_drone_navigation2/share/ament_index/resource_index/parent_prefix_path/mmwave_drone_navigation2
[1.023s] -- Installing: /home/jingyan/px4_ros_com_ros2/install/mmwave_drone_navigation2/share/mmwave_drone_navigation2/environment/ament_prefix_path.sh
[1.023s] -- Installing: /home/jingyan/px4_ros_com_ros2/install/mmwave_drone_navigation2/share/mmwave_drone_navigation2/environment/ament_prefix_path.dsv
[1.023s] -- Installing: /home/jingyan/px4_ros_com_ros2/install/mmwave_drone_navigation2/share/mmwave_drone_navigation2/environment/path.sh
[1.023s] -- Installing: /home/jingyan/px4_ros_com_ros2/install/mmwave_drone_navigation2/share/mmwave_drone_navigation2/environment/path.dsv
[1.023s] -- Installing: /home/jingyan/px4_ros_com_ros2/install/mmwave_drone_navigation2/share/mmwave_drone_navigation2/local_setup.bash
[1.023s] -- Installing: /home/jingyan/px4_ros_com_ros2/install/mmwave_drone_navigation2/share/mmwave_drone_navigation2/local_setup.sh
[1.023s] -- Installing: /home/jingyan/px4_ros_com_ros2/install/mmwave_drone_navigation2/share/mmwave_drone_navigation2/local_setup.zsh
[1.024s] -- Installing: /home/jingyan/px4_ros_com_ros2/install/mmwave_drone_navigation2/share/mmwave_drone_navigation2/local_setup.dsv
[1.024s] -- Installing: /home/jingyan/px4_ros_com_ros2/install/mmwave_drone_navigation2/share/mmwave_drone_navigation2/package.dsv
[1.024s] -- Installing: /home/jingyan/px4_ros_com_ros2/install/mmwave_drone_navigation2/share/ament_index/resource_index/packages/mmwave_drone_navigation2
[1.024s] -- Installing: /home/jingyan/px4_ros_com_ros2/install/mmwave_drone_navigation2/share/mmwave_drone_navigation2/cmake/mmwave_drone_navigation2Config.cmake
[1.024s] -- Installing: /home/jingyan/px4_ros_com_ros2/install/mmwave_drone_navigation2/share/mmwave_drone_navigation2/cmake/mmwave_drone_navigation2Config-version.cmake
[1.024s] -- Installing: /home/jingyan/px4_ros_com_ros2/install/mmwave_drone_navigation2/share/mmwave_drone_navigation2/package.xml
[1.031s] Invoked command in '/home/jingyan/px4_ros_com_ros2/build/mmwave_drone_navigation2' returned '0': CMAKE_PREFIX_PATH=/opt/ros/foxy /usr/bin/cmake --install /home/jingyan/px4_ros_com_ros2/build/mmwave_drone_navigation2
