[35m[1mScanning dependencies of target offboard_control_vel[0m
[  2%] Built target frame_transforms
[  7%] Built target Odom_transform
[  7%] Built target sensor_combined_listener
[  7%] Built target vehicle_gps_position_listener
[  9%] Built target offboard_control
[ 11%] Built target debug_vect_advertiser
[ 12%] [32mBuilding CXX object CMakeFiles/offboard_control_vel.dir/src/examples/offboard/offboard_control_vel.cpp.o[0m
[ 99%] Built target micrortps_agent
[01m[K/home/jingyan/px4_ros_com_ros2/src/px4_ros_com/src/examples/offboard/offboard_control_vel.cpp:[m[K In member function ‘[01m[Kvoid OffboardControl::publish_vel() const[m[K’:
[01m[K/home/jingyan/px4_ros_com_ros2/src/px4_ros_com/src/examples/offboard/offboard_control_vel.cpp:200:18:[m[K [01;31m[Kerror: [m[K‘[01m[KNaN[m[K’ was not declared in this scope; did you mean ‘[01m[KNAN[m[K’?
  200 |  msg.velocity = {[01;31m[KNaN[m[K, 1.0, NaN};
      |                  [01;31m[K^~~[m[K
      |                  [32m[KNAN[m[K
[01m[K/home/jingyan/px4_ros_com_ros2/src/px4_ros_com/src/examples/offboard/offboard_control_vel.cpp:200:31:[m[K [01;31m[Kerror: [m[Kno match for ‘[01m[Koperator=[m[K’ (operand types are ‘[01m[Kpx4_msgs::msg::TrajectorySetpoint_<std::allocator<void> >::_velocity_type[m[K’ {aka ‘[01m[Kstd::array<float, 3>[m[K’} and ‘[01m[K<brace-enclosed initializer list>[m[K’)
  200 |  msg.velocity = {NaN, 1.0, NaN[01;31m[K}[m[K;
      |                               [01;31m[K^[m[K
In file included from [01m[K/usr/include/c++/9/tuple:39[m[K,
                 from [01m[K/usr/include/c++/9/functional:54[m[K,
                 from [01m[K/usr/include/c++/9/pstl/glue_algorithm_defs.h:13[m[K,
                 from [01m[K/usr/include/c++/9/algorithm:71[m[K,
                 from [01m[K/opt/ros/foxy/include/rosidl_runtime_cpp/bounded_vector.hpp:18[m[K,
                 from [01m[K/home/jingyan/px4_ros_com_ros2/install/px4_msgs/include/px4_msgs/msg/detail/offboard_control_mode__struct.hpp:8[m[K,
                 from [01m[K/home/jingyan/px4_ros_com_ros2/install/px4_msgs/include/px4_msgs/msg/offboard_control_mode.hpp:7[m[K,
                 from [01m[K/home/jingyan/px4_ros_com_ros2/src/px4_ros_com/src/examples/offboard/offboard_control_vel.cpp:46[m[K:
[01m[K/usr/include/c++/9/array:94:12:[m[K [01;36m[Knote: [m[Kcandidate: ‘[01m[Kconstexpr std::array<float, 3>& std::array<float, 3>::operator=(const std::array<float, 3>&)[m[K’
   94 |     struct [01;36m[Karray[m[K
      |            [01;36m[K^~~~~[m[K
[01m[K/usr/include/c++/9/array:94:12:[m[K [01;36m[Knote: [m[K  no known conversion for argument 1 from ‘[01m[K<brace-enclosed initializer list>[m[K’ to ‘[01m[Kconst std::array<float, 3>&[m[K’
[01m[K/usr/include/c++/9/array:94:12:[m[K [01;36m[Knote: [m[Kcandidate: ‘[01m[Kconstexpr std::array<float, 3>& std::array<float, 3>::operator=(std::array<float, 3>&&)[m[K’
[01m[K/usr/include/c++/9/array:94:12:[m[K [01;36m[Knote: [m[K  no known conversion for argument 1 from ‘[01m[K<brace-enclosed initializer list>[m[K’ to ‘[01m[Kstd::array<float, 3>&&[m[K’
make[2]: *** [CMakeFiles/offboard_control_vel.dir/build.make:63: CMakeFiles/offboard_control_vel.dir/src/examples/offboard/offboard_control_vel.cpp.o] Error 1
make[1]: *** [CMakeFiles/Makefile2:254: CMakeFiles/offboard_control_vel.dir/all] Error 2
make: *** [Makefile:141: all] Error 2
