[0.496s] Invoking command in '/home/jingyan/px4_ros_com_ros2/build/mmwave_drone_navigation2': CMAKE_PREFIX_PATH=${CMAKE_PREFIX_PATH}:/home/jingyan/px4_ros_com_ros2/install/nav_goals:/home/jingyan/px4_ros_com_ros2/install/iwr6843aop_pub:/home/jingyan/px4_ros_com_ros2/install/iwr6843_pub:/opt/ros/foxy /usr/bin/cmake --build /home/jingyan/px4_ros_com_ros2/build/mmwave_drone_navigation2 -- -j16 -l16
[0.951s] Invoked command in '/home/jingyan/px4_ros_com_ros2/build/mmwave_drone_navigation2' returned '0': CMAKE_PREFIX_PATH=${CMAKE_PREFIX_PATH}:/home/jingyan/px4_ros_com_ros2/install/nav_goals:/home/jingyan/px4_ros_com_ros2/install/iwr6843aop_pub:/home/jingyan/px4_ros_com_ros2/install/iwr6843_pub:/opt/ros/foxy /usr/bin/cmake --build /home/jingyan/px4_ros_com_ros2/build/mmwave_drone_navigation2 -- -j16 -l16
[1.000s] Invoking command in '/home/jingyan/px4_ros_com_ros2/build/mmwave_drone_navigation2': CMAKE_PREFIX_PATH=${CMAKE_PREFIX_PATH}:/home/jingyan/px4_ros_com_ros2/install/nav_goals:/home/jingyan/px4_ros_com_ros2/install/iwr6843aop_pub:/home/jingyan/px4_ros_com_ros2/install/iwr6843_pub:/opt/ros/foxy /usr/bin/cmake --install /home/jingyan/px4_ros_com_ros2/build/mmwave_drone_navigation2
[1.017s] -- Install configuration: ""
[1.018s] -- Up-to-date: /home/jingyan/px4_ros_com_ros2/install/mmwave_drone_navigation2/share/mmwave_drone_navigation2/launch
[1.018s] -- Up-to-date: /home/jingyan/px4_ros_com_ros2/install/mmwave_drone_navigation2/share/mmwave_drone_navigation2/launch/navigation2.launch.py
[1.018s] -- Up-to-date: /home/jingyan/px4_ros_com_ros2/install/mmwave_drone_navigation2/share/mmwave_drone_navigation2/launch/navigation2
[1.018s] -- Up-to-date: /home/jingyan/px4_ros_com_ros2/install/mmwave_drone_navigation2/share/mmwave_drone_navigation2/param
[1.018s] -- Up-to-date: /home/jingyan/px4_ros_com_ros2/install/mmwave_drone_navigation2/share/mmwave_drone_navigation2/param/mmWave_drone_nav2.yaml
[1.019s] -- Up-to-date: /home/jingyan/px4_ros_com_ros2/install/mmwave_drone_navigation2/share/mmwave_drone_navigation2/maps
[1.019s] -- Up-to-date: /home/jingyan/px4_ros_com_ros2/install/mmwave_drone_navigation2/share/mmwave_drone_navigation2/maps/square_map.yaml
[1.019s] -- Up-to-date: /home/jingyan/px4_ros_com_ros2/install/mmwave_drone_navigation2/share/mmwave_drone_navigation2/maps/simple_map.yaml
[1.019s] -- Up-to-date: /home/jingyan/px4_ros_com_ros2/install/mmwave_drone_navigation2/share/mmwave_drone_navigation2/maps/square_map.pgm
[1.019s] -- Up-to-date: /home/jingyan/px4_ros_com_ros2/install/mmwave_drone_navigation2/share/mmwave_drone_navigation2/maps/indoor_map.pgm
[1.019s] -- Up-to-date: /home/jingyan/px4_ros_com_ros2/install/mmwave_drone_navigation2/share/mmwave_drone_navigation2/maps/simple_map.pgm
[1.019s] -- Up-to-date: /home/jingyan/px4_ros_com_ros2/install/mmwave_drone_navigation2/share/mmwave_drone_navigation2/maps/indoor_map.yaml
[1.020s] -- Up-to-date: /home/jingyan/px4_ros_com_ros2/install/mmwave_drone_navigation2/share/ament_index/resource_index/package_run_dependencies/mmwave_drone_navigation2
[1.020s] -- Up-to-date: /home/jingyan/px4_ros_com_ros2/install/mmwave_drone_navigation2/share/ament_index/resource_index/parent_prefix_path/mmwave_drone_navigation2
[1.020s] -- Up-to-date: /home/jingyan/px4_ros_com_ros2/install/mmwave_drone_navigation2/share/mmwave_drone_navigation2/environment/ament_prefix_path.sh
[1.020s] -- Up-to-date: /home/jingyan/px4_ros_com_ros2/install/mmwave_drone_navigation2/share/mmwave_drone_navigation2/environment/ament_prefix_path.dsv
[1.020s] -- Up-to-date: /home/jingyan/px4_ros_com_ros2/install/mmwave_drone_navigation2/share/mmwave_drone_navigation2/environment/path.sh
[1.020s] -- Up-to-date: /home/jingyan/px4_ros_com_ros2/install/mmwave_drone_navigation2/share/mmwave_drone_navigation2/environment/path.dsv
[1.020s] -- Up-to-date: /home/jingyan/px4_ros_com_ros2/install/mmwave_drone_navigation2/share/mmwave_drone_navigation2/local_setup.bash
[1.020s] -- Up-to-date: /home/jingyan/px4_ros_com_ros2/install/mmwave_drone_navigation2/share/mmwave_drone_navigation2/local_setup.sh
[1.021s] -- Up-to-date: /home/jingyan/px4_ros_com_ros2/install/mmwave_drone_navigation2/share/mmwave_drone_navigation2/local_setup.zsh
[1.021s] -- Up-to-date: /home/jingyan/px4_ros_com_ros2/install/mmwave_drone_navigation2/share/mmwave_drone_navigation2/local_setup.dsv
[1.021s] -- Up-to-date: /home/jingyan/px4_ros_com_ros2/install/mmwave_drone_navigation2/share/mmwave_drone_navigation2/package.dsv
[1.021s] -- Up-to-date: /home/jingyan/px4_ros_com_ros2/install/mmwave_drone_navigation2/share/ament_index/resource_index/packages/mmwave_drone_navigation2
[1.021s] -- Up-to-date: /home/jingyan/px4_ros_com_ros2/install/mmwave_drone_navigation2/share/mmwave_drone_navigation2/cmake/mmwave_drone_navigation2Config.cmake
[1.021s] -- Up-to-date: /home/jingyan/px4_ros_com_ros2/install/mmwave_drone_navigation2/share/mmwave_drone_navigation2/cmake/mmwave_drone_navigation2Config-version.cmake
[1.022s] -- Up-to-date: /home/jingyan/px4_ros_com_ros2/install/mmwave_drone_navigation2/share/mmwave_drone_navigation2/package.xml
[1.049s] Invoked command in '/home/jingyan/px4_ros_com_ros2/build/mmwave_drone_navigation2' returned '0': CMAKE_PREFIX_PATH=${CMAKE_PREFIX_PATH}:/home/jingyan/px4_ros_com_ros2/install/nav_goals:/home/jingyan/px4_ros_com_ros2/install/iwr6843aop_pub:/home/jingyan/px4_ros_com_ros2/install/iwr6843_pub:/opt/ros/foxy /usr/bin/cmake --install /home/jingyan/px4_ros_com_ros2/build/mmwave_drone_navigation2
