[0.022s] Invoking command in '/home/jingyan/px4_ros_com_ros2/build/px4_ros_com': AMENT_PREFIX_PATH=/home/jingyan/px4_ros_com_ros2/install/px4_msgs:${AMENT_PREFIX_PATH} CMAKE_PREFIX_PATH=/home/jingyan/px4_ros_com_ros2/install/px4_msgs:/opt/ros/foxy LD_LIBRARY_PATH=/home/jingyan/px4_ros_com_ros2/install/px4_msgs/lib:${LD_LIBRARY_PATH} PYTHONPATH=/home/jingyan/px4_ros_com_ros2/install/px4_msgs/lib/python3.8/site-packages:${PYTHONPATH} /usr/bin/cmake --build /home/jingyan/px4_ros_com_ros2/build/px4_ros_com -- -j16 -l16
[0.089s] [35m[1mScanning dependencies of target Odom_transform[0m
[0.108s] [  2%] Built target frame_transforms
[0.112s] [  4%] Built target offboard_control
[0.114s] [  6%] Built target vehicle_gps_position_listener
[0.116s] [  8%] Built target sensor_combined_listener
[0.116s] [ 10%] Built target debug_vect_advertiser
[0.129s] [ 10%] [32mBuilding CXX object CMakeFiles/Odom_transform.dir/src/examples/offboard/Odom_transform.cpp.o[0m
[0.156s] [ 99%] Built target micrortps_agent
[1.835s] [01m[K/home/jingyan/px4_ros_com_ros2/src/px4_ros_com/src/examples/offboard/Odom_transform.cpp:[m[K In member function ‘[01m[Kvoid Px4OdomTransform::odom_convert(px4_msgs::msg::VehicleOdometry_<std::allocator<void> >::SharedPtr)[m[K’:
[1.835s] [01m[K/home/jingyan/px4_ros_com_ros2/src/px4_ros_com/src/examples/offboard/Odom_transform.cpp:78:42:[m[K [01;31m[Kerror: [m[Kno match for ‘[01m[Koperator=[m[K’ (operand types are ‘[01m[Kstd_msgs::msg::Header_<std::allocator<void> >::_stamp_type[m[K’ {aka ‘[01m[Kbuiltin_interfaces::msg::Time_<std::allocator<void> >[m[K’} and ‘[01m[Kstd::__atomic_base<long unsigned int>::__int_type[m[K’ {aka ‘[01m[Klong unsigned int[m[K’})
[1.835s]    78 |  odom_msg.header.stamp = timestamp_.load([01;31m[K)[m[K;
[1.835s]       |                                          [01;31m[K^[m[K
[1.836s] In file included from [01m[K/opt/ros/foxy/include/builtin_interfaces/msg/time.hpp:7[m[K,
[1.836s]                  from [01m[K/opt/ros/foxy/include/rclcpp/time.hpp:18[m[K,
[1.836s]                  from [01m[K/opt/ros/foxy/include/rclcpp/clock.hpp:23[m[K,
[1.836s]                  from [01m[K/opt/ros/foxy/include/rclcpp/timer.hpp:27[m[K,
[1.836s]                  from [01m[K/opt/ros/foxy/include/rclcpp/callback_group.hpp:27[m[K,
[1.836s]                  from [01m[K/opt/ros/foxy/include/rclcpp/any_executable.hpp:20[m[K,
[1.836s]                  from [01m[K/opt/ros/foxy/include/rclcpp/memory_strategy.hpp:24[m[K,
[1.837s]                  from [01m[K/opt/ros/foxy/include/rclcpp/memory_strategies.hpp:18[m[K,
[1.837s]                  from [01m[K/opt/ros/foxy/include/rclcpp/executor_options.hpp:20[m[K,
[1.837s]                  from [01m[K/opt/ros/foxy/include/rclcpp/executor.hpp:33[m[K,
[1.837s]                  from [01m[K/opt/ros/foxy/include/rclcpp/executors/multi_threaded_executor.hpp:26[m[K,
[1.837s]                  from [01m[K/opt/ros/foxy/include/rclcpp/executors.hpp:21[m[K,
[1.838s]                  from [01m[K/opt/ros/foxy/include/rclcpp/rclcpp.hpp:146[m[K,
[1.838s]                  from [01m[K/home/jingyan/px4_ros_com_ros2/src/px4_ros_com/src/examples/offboard/Odom_transform.cpp:1[m[K:
[1.838s] [01m[K/opt/ros/foxy/include/builtin_interfaces/msg/detail/time__struct.hpp:31:8:[m[K [01;36m[Knote: [m[Kcandidate: ‘[01m[Kconstexpr builtin_interfaces::msg::Time_<std::allocator<void> >& builtin_interfaces::msg::Time_<std::allocator<void> >::operator=(const builtin_interfaces::msg::Time_<std::allocator<void> >&)[m[K’
[1.838s]    31 | struct [01;36m[KTime_[m[K
[1.838s]       |        [01;36m[K^~~~~[m[K
[1.839s] [01m[K/opt/ros/foxy/include/builtin_interfaces/msg/detail/time__struct.hpp:31:8:[m[K [01;36m[Knote: [m[K  no known conversion for argument 1 from ‘[01m[Kstd::__atomic_base<long unsigned int>::__int_type[m[K’ {aka ‘[01m[Klong unsigned int[m[K’} to ‘[01m[Kconst builtin_interfaces::msg::Time_<std::allocator<void> >&[m[K’
[1.839s] [01m[K/opt/ros/foxy/include/builtin_interfaces/msg/detail/time__struct.hpp:31:8:[m[K [01;36m[Knote: [m[Kcandidate: ‘[01m[Kconstexpr builtin_interfaces::msg::Time_<std::allocator<void> >& builtin_interfaces::msg::Time_<std::allocator<void> >::operator=(builtin_interfaces::msg::Time_<std::allocator<void> >&&)[m[K’
[1.839s] [01m[K/opt/ros/foxy/include/builtin_interfaces/msg/detail/time__struct.hpp:31:8:[m[K [01;36m[Knote: [m[K  no known conversion for argument 1 from ‘[01m[Kstd::__atomic_base<long unsigned int>::__int_type[m[K’ {aka ‘[01m[Klong unsigned int[m[K’} to ‘[01m[Kbuiltin_interfaces::msg::Time_<std::allocator<void> >&&[m[K’
[1.839s] [01m[K/home/jingyan/px4_ros_com_ros2/src/px4_ros_com/src/examples/offboard/Odom_transform.cpp:137:35:[m[K [01;31m[Kerror: [m[Kno match for ‘[01m[Koperator=[m[K’ (operand types are ‘[01m[Kstd_msgs::msg::Header_<std::allocator<void> >::_stamp_type[m[K’ {aka ‘[01m[Kbuiltin_interfaces::msg::Time_<std::allocator<void> >[m[K’} and ‘[01m[Kstd::__atomic_base<long unsigned int>::__int_type[m[K’ {aka ‘[01m[Klong unsigned int[m[K’})
[1.839s]   137 |  t.header.stamp = timestamp_.load([01;31m[K)[m[K;
[1.839s]       |                                   [01;31m[K^[m[K
[1.839s] In file included from [01m[K/opt/ros/foxy/include/builtin_interfaces/msg/time.hpp:7[m[K,
[1.839s]                  from [01m[K/opt/ros/foxy/include/rclcpp/time.hpp:18[m[K,
[1.840s]                  from [01m[K/opt/ros/foxy/include/rclcpp/clock.hpp:23[m[K,
[1.840s]                  from [01m[K/opt/ros/foxy/include/rclcpp/timer.hpp:27[m[K,
[1.840s]                  from [01m[K/opt/ros/foxy/include/rclcpp/callback_group.hpp:27[m[K,
[1.840s]                  from [01m[K/opt/ros/foxy/include/rclcpp/any_executable.hpp:20[m[K,
[1.840s]                  from [01m[K/opt/ros/foxy/include/rclcpp/memory_strategy.hpp:24[m[K,
[1.840s]                  from [01m[K/opt/ros/foxy/include/rclcpp/memory_strategies.hpp:18[m[K,
[1.840s]                  from [01m[K/opt/ros/foxy/include/rclcpp/executor_options.hpp:20[m[K,
[1.840s]                  from [01m[K/opt/ros/foxy/include/rclcpp/executor.hpp:33[m[K,
[1.841s]                  from [01m[K/opt/ros/foxy/include/rclcpp/executors/multi_threaded_executor.hpp:26[m[K,
[1.841s]                  from [01m[K/opt/ros/foxy/include/rclcpp/executors.hpp:21[m[K,
[1.841s]                  from [01m[K/opt/ros/foxy/include/rclcpp/rclcpp.hpp:146[m[K,
[1.841s]                  from [01m[K/home/jingyan/px4_ros_com_ros2/src/px4_ros_com/src/examples/offboard/Odom_transform.cpp:1[m[K:
[1.841s] [01m[K/opt/ros/foxy/include/builtin_interfaces/msg/detail/time__struct.hpp:31:8:[m[K [01;36m[Knote: [m[Kcandidate: ‘[01m[Kconstexpr builtin_interfaces::msg::Time_<std::allocator<void> >& builtin_interfaces::msg::Time_<std::allocator<void> >::operator=(const builtin_interfaces::msg::Time_<std::allocator<void> >&)[m[K’
[1.841s]    31 | struct [01;36m[KTime_[m[K
[1.841s]       |        [01;36m[K^~~~~[m[K
[1.841s] [01m[K/opt/ros/foxy/include/builtin_interfaces/msg/detail/time__struct.hpp:31:8:[m[K [01;36m[Knote: [m[K  no known conversion for argument 1 from ‘[01m[Kstd::__atomic_base<long unsigned int>::__int_type[m[K’ {aka ‘[01m[Klong unsigned int[m[K’} to ‘[01m[Kconst builtin_interfaces::msg::Time_<std::allocator<void> >&[m[K’
[1.841s] [01m[K/opt/ros/foxy/include/builtin_interfaces/msg/detail/time__struct.hpp:31:8:[m[K [01;36m[Knote: [m[Kcandidate: ‘[01m[Kconstexpr builtin_interfaces::msg::Time_<std::allocator<void> >& builtin_interfaces::msg::Time_<std::allocator<void> >::operator=(builtin_interfaces::msg::Time_<std::allocator<void> >&&)[m[K’
[1.842s] [01m[K/opt/ros/foxy/include/builtin_interfaces/msg/detail/time__struct.hpp:31:8:[m[K [01;36m[Knote: [m[K  no known conversion for argument 1 from ‘[01m[Kstd::__atomic_base<long unsigned int>::__int_type[m[K’ {aka ‘[01m[Klong unsigned int[m[K’} to ‘[01m[Kbuiltin_interfaces::msg::Time_<std::allocator<void> >&&[m[K’
[1.842s] [01m[K/home/jingyan/px4_ros_com_ros2/src/px4_ros_com/src/examples/offboard/Odom_transform.cpp:163:45:[m[K [01;31m[Kerror: [m[Kno match for ‘[01m[Koperator=[m[K’ (operand types are ‘[01m[Kstd_msgs::msg::Header_<std::allocator<void> >::_stamp_type[m[K’ {aka ‘[01m[Kbuiltin_interfaces::msg::Time_<std::allocator<void> >[m[K’} and ‘[01m[Kstd::__atomic_base<long unsigned int>::__int_type[m[K’ {aka ‘[01m[Klong unsigned int[m[K’})
[1.842s]   163 |  t_footprint.header.stamp = timestamp_.load([01;31m[K)[m[K;
[1.842s]       |                                             [01;31m[K^[m[K
[1.842s] In file included from [01m[K/opt/ros/foxy/include/builtin_interfaces/msg/time.hpp:7[m[K,
[1.842s]                  from [01m[K/opt/ros/foxy/include/rclcpp/time.hpp:18[m[K,
[1.842s]                  from [01m[K/opt/ros/foxy/include/rclcpp/clock.hpp:23[m[K,
[1.842s]                  from [01m[K/opt/ros/foxy/include/rclcpp/timer.hpp:27[m[K,
[1.843s]                  from [01m[K/opt/ros/foxy/include/rclcpp/callback_group.hpp:27[m[K,
[1.843s]                  from [01m[K/opt/ros/foxy/include/rclcpp/any_executable.hpp:20[m[K,
[1.843s]                  from [01m[K/opt/ros/foxy/include/rclcpp/memory_strategy.hpp:24[m[K,
[1.843s]                  from [01m[K/opt/ros/foxy/include/rclcpp/memory_strategies.hpp:18[m[K,
[1.843s]                  from [01m[K/opt/ros/foxy/include/rclcpp/executor_options.hpp:20[m[K,
[1.843s]                  from [01m[K/opt/ros/foxy/include/rclcpp/executor.hpp:33[m[K,
[1.843s]                  from [01m[K/opt/ros/foxy/include/rclcpp/executors/multi_threaded_executor.hpp:26[m[K,
[1.843s]                  from [01m[K/opt/ros/foxy/include/rclcpp/executors.hpp:21[m[K,
[1.844s]                  from [01m[K/opt/ros/foxy/include/rclcpp/rclcpp.hpp:146[m[K,
[1.844s]                  from [01m[K/home/jingyan/px4_ros_com_ros2/src/px4_ros_com/src/examples/offboard/Odom_transform.cpp:1[m[K:
[1.844s] [01m[K/opt/ros/foxy/include/builtin_interfaces/msg/detail/time__struct.hpp:31:8:[m[K [01;36m[Knote: [m[Kcandidate: ‘[01m[Kconstexpr builtin_interfaces::msg::Time_<std::allocator<void> >& builtin_interfaces::msg::Time_<std::allocator<void> >::operator=(const builtin_interfaces::msg::Time_<std::allocator<void> >&)[m[K’
[1.844s]    31 | struct [01;36m[KTime_[m[K
[1.844s]       |        [01;36m[K^~~~~[m[K
[1.844s] [01m[K/opt/ros/foxy/include/builtin_interfaces/msg/detail/time__struct.hpp:31:8:[m[K [01;36m[Knote: [m[K  no known conversion for argument 1 from ‘[01m[Kstd::__atomic_base<long unsigned int>::__int_type[m[K’ {aka ‘[01m[Klong unsigned int[m[K’} to ‘[01m[Kconst builtin_interfaces::msg::Time_<std::allocator<void> >&[m[K’
[1.844s] [01m[K/opt/ros/foxy/include/builtin_interfaces/msg/detail/time__struct.hpp:31:8:[m[K [01;36m[Knote: [m[Kcandidate: ‘[01m[Kconstexpr builtin_interfaces::msg::Time_<std::allocator<void> >& builtin_interfaces::msg::Time_<std::allocator<void> >::operator=(builtin_interfaces::msg::Time_<std::allocator<void> >&&)[m[K’
[1.844s] [01m[K/opt/ros/foxy/include/builtin_interfaces/msg/detail/time__struct.hpp:31:8:[m[K [01;36m[Knote: [m[K  no known conversion for argument 1 from ‘[01m[Kstd::__atomic_base<long unsigned int>::__int_type[m[K’ {aka ‘[01m[Klong unsigned int[m[K’} to ‘[01m[Kbuiltin_interfaces::msg::Time_<std::allocator<void> >&&[m[K’
[1.845s] [01m[K/home/jingyan/px4_ros_com_ros2/src/px4_ros_com/src/examples/offboard/Odom_transform.cpp:178:44:[m[K [01;31m[Kerror: [m[Kno match for ‘[01m[Koperator=[m[K’ (operand types are ‘[01m[Kstd_msgs::msg::Header_<std::allocator<void> >::_stamp_type[m[K’ {aka ‘[01m[Kbuiltin_interfaces::msg::Time_<std::allocator<void> >[m[K’} and ‘[01m[Kstd::__atomic_base<long unsigned int>::__int_type[m[K’ {aka ‘[01m[Klong unsigned int[m[K’})
[1.845s]   178 |  t_baselink.header.stamp = timestamp_.load([01;31m[K)[m[K;
[1.845s]       |                                            [01;31m[K^[m[K
[1.845s] In file included from [01m[K/opt/ros/foxy/include/builtin_interfaces/msg/time.hpp:7[m[K,
[1.845s]                  from [01m[K/opt/ros/foxy/include/rclcpp/time.hpp:18[m[K,
[1.845s]                  from [01m[K/opt/ros/foxy/include/rclcpp/clock.hpp:23[m[K,
[1.845s]                  from [01m[K/opt/ros/foxy/include/rclcpp/timer.hpp:27[m[K,
[1.845s]                  from [01m[K/opt/ros/foxy/include/rclcpp/callback_group.hpp:27[m[K,
[1.845s]                  from [01m[K/opt/ros/foxy/include/rclcpp/any_executable.hpp:20[m[K,
[1.845s]                  from [01m[K/opt/ros/foxy/include/rclcpp/memory_strategy.hpp:24[m[K,
[1.846s]                  from [01m[K/opt/ros/foxy/include/rclcpp/memory_strategies.hpp:18[m[K,
[1.846s]                  from [01m[K/opt/ros/foxy/include/rclcpp/executor_options.hpp:20[m[K,
[1.846s]                  from [01m[K/opt/ros/foxy/include/rclcpp/executor.hpp:33[m[K,
[1.846s]                  from [01m[K/opt/ros/foxy/include/rclcpp/executors/multi_threaded_executor.hpp:26[m[K,
[1.846s]                  from [01m[K/opt/ros/foxy/include/rclcpp/executors.hpp:21[m[K,
[1.846s]                  from [01m[K/opt/ros/foxy/include/rclcpp/rclcpp.hpp:146[m[K,
[1.847s]                  from [01m[K/home/jingyan/px4_ros_com_ros2/src/px4_ros_com/src/examples/offboard/Odom_transform.cpp:1[m[K:
[1.847s] [01m[K/opt/ros/foxy/include/builtin_interfaces/msg/detail/time__struct.hpp:31:8:[m[K [01;36m[Knote: [m[Kcandidate: ‘[01m[Kconstexpr builtin_interfaces::msg::Time_<std::allocator<void> >& builtin_interfaces::msg::Time_<std::allocator<void> >::operator=(const builtin_interfaces::msg::Time_<std::allocator<void> >&)[m[K’
[1.847s]    31 | struct [01;36m[KTime_[m[K
[1.847s]       |        [01;36m[K^~~~~[m[K
[1.847s] [01m[K/opt/ros/foxy/include/builtin_interfaces/msg/detail/time__struct.hpp:31:8:[m[K [01;36m[Knote: [m[K  no known conversion for argument 1 from ‘[01m[Kstd::__atomic_base<long unsigned int>::__int_type[m[K’ {aka ‘[01m[Klong unsigned int[m[K’} to ‘[01m[Kconst builtin_interfaces::msg::Time_<std::allocator<void> >&[m[K’
[1.847s] [01m[K/opt/ros/foxy/include/builtin_interfaces/msg/detail/time__struct.hpp:31:8:[m[K [01;36m[Knote: [m[Kcandidate: ‘[01m[Kconstexpr builtin_interfaces::msg::Time_<std::allocator<void> >& builtin_interfaces::msg::Time_<std::allocator<void> >::operator=(builtin_interfaces::msg::Time_<std::allocator<void> >&&)[m[K’
[1.847s] [01m[K/opt/ros/foxy/include/builtin_interfaces/msg/detail/time__struct.hpp:31:8:[m[K [01;36m[Knote: [m[K  no known conversion for argument 1 from ‘[01m[Kstd::__atomic_base<long unsigned int>::__int_type[m[K’ {aka ‘[01m[Klong unsigned int[m[K’} to ‘[01m[Kbuiltin_interfaces::msg::Time_<std::allocator<void> >&&[m[K’
[4.014s] make[2]: *** [CMakeFiles/Odom_transform.dir/build.make:63: CMakeFiles/Odom_transform.dir/src/examples/offboard/Odom_transform.cpp.o] Error 1
[4.014s] make[1]: *** [CMakeFiles/Makefile2:306: CMakeFiles/Odom_transform.dir/all] Error 2
[4.015s] make: *** [Makefile:141: all] Error 2
[4.018s] Invoked command in '/home/jingyan/px4_ros_com_ros2/build/px4_ros_com' returned '2': AMENT_PREFIX_PATH=/home/jingyan/px4_ros_com_ros2/install/px4_msgs:${AMENT_PREFIX_PATH} CMAKE_PREFIX_PATH=/home/jingyan/px4_ros_com_ros2/install/px4_msgs:/opt/ros/foxy LD_LIBRARY_PATH=/home/jingyan/px4_ros_com_ros2/install/px4_msgs/lib:${LD_LIBRARY_PATH} PYTHONPATH=/home/jingyan/px4_ros_com_ros2/install/px4_msgs/lib/python3.8/site-packages:${PYTHONPATH} /usr/bin/cmake --build /home/jingyan/px4_ros_com_ros2/build/px4_ros_com -- -j16 -l16
