-- Using C++17 compiler
-- Found ament_cmake: 0.9.11 (/opt/ros/foxy/share/ament_cmake/cmake)
-- Using PYTHON_EXECUTABLE: /usr/bin/python3
-- Override CMake install command with custom implementation using symlinks instead of copying resources
-- Found builtin_interfaces: 1.0.0 (/opt/ros/foxy/share/builtin_interfaces/cmake)
-- Using all available rosidl_typesupport_c: rosidl_typesupport_fastrtps_c;rosidl_typesupport_introspection_c
-- Found rosidl_adapter: 1.3.0 (/opt/ros/foxy/share/rosidl_adapter/cmake)
-- Using all available rosidl_typesupport_cpp: rosidl_typesupport_fastrtps_cpp;rosidl_typesupport_introspection_cpp
-- Found rclcpp: 2.4.2 (/opt/ros/foxy/share/rclcpp/cmake)
-- Found rmw_implementation_cmake: 1.0.3 (/opt/ros/foxy/share/rmw_implementation_cmake/cmake)
-- Using RMW implementation 'rmw_fastrtps_cpp' as default
-- Found rmw_fastrtps_cpp: 1.3.1 (/opt/ros/foxy/share/rmw_fastrtps_cpp/cmake)
-- Found px4_msgs: 2.0.1 (/home/jingyan/px4_ros_com_ros2/install/px4_msgs/share/px4_msgs/cmake)
-- Found sensor_msgs: 2.0.5 (/opt/ros/foxy/share/sensor_msgs/cmake)
-- Found nav_msgs: 2.0.5 (/opt/ros/foxy/share/nav_msgs/cmake)
-- Found eigen3_cmake_module: 0.1.1 (/opt/ros/foxy/share/eigen3_cmake_module/cmake)
-- fastrtpsgen found in /usr/local/bin
openjdk version "13.0.7" 2021-04-20
OpenJDK Runtime Environment (build 13.0.7+5-Ubuntu-0ubuntu120.04)
OpenJDK 64-Bit Server VM (build 13.0.7+5-Ubuntu-0ubuntu120.04, mixed mode)
-- fastrtpsgen version 1.0.4
-- px4_msgs message dir under /home/jingyan/px4_ros_com_ros2/install/px4_msgs/share/px4_msgs/msg
-- IDL definitions under /home/jingyan/px4_ros_com_ros2/install/px4_msgs/share/px4_msgs/msg
-- Retrieving list of msgs to send...
-- List of msgs to send: DebugArray, DebugKeyValue, DebugValue, DebugVect, OffboardControlMode, OnboardComputerStatus, PositionSetpoint, PositionSetpointTriplet, SensorOpticalFlow, TelemetryStatus, Timesync, TrajectoryBezier, TrajectorySetpoint, VehicleAttitudeSetpoint, VehicleCommand, VehicleLocalPositionSetpoint, VehicleRatesSetpoint, VehicleTrajectoryBezier, VehicleTrajectoryWaypoint, VehicleMocapOdometry, VehicleVisualOdometry
-- Retrieving list of msgs to receive...
-- List of msgs to receive: CollisionConstraints, SensorCombined, Timesync, TimesyncStatus, TrajectoryWaypoint, VehicleControlMode, VehicleOdometry, VehicleStatus
-- Configuring done
-- Generating done
-- Build files have been written to: /home/jingyan/px4_ros_com_ros2/build/px4_ros_com
[35m[1mScanning dependencies of target Odom_transform[0m
[  2%] [32m[1mLinking CXX executable vehicle_gps_position_listener[0m
[  2%] [32m[1mLinking CXX executable offboard_control[0m
[  3%] [32m[1mLinking CXX executable sensor_combined_listener[0m
[  4%] [32m[1mLinking CXX executable debug_vect_advertiser[0m
[  5%] [32m[1mLinking CXX shared library libframe_transforms.so[0m
[ 94%] Built target micrortps_agent
[ 94%] [32mBuilding CXX object CMakeFiles/Odom_transform.dir/src/examples/offboard/Odom_transform.cpp.o[0m
[ 95%] Built target debug_vect_advertiser
[ 96%] Built target vehicle_gps_position_listener
[ 97%] Built target sensor_combined_listener
[ 98%] Built target offboard_control
[01m[K/home/jingyan/px4_ros_com_ros2/src/px4_ros_com/src/examples/offboard/Odom_transform.cpp:42:39:[m[K [01;31m[Kerror: [m[K‘[01m[Kvehicle_odometry[m[K’ is not a member of ‘[01m[Kpx4_msgs::msg[m[K’; did you mean ‘[01m[KVehicleOdometry[m[K’?
   42 |   rclcpp::Subscription<px4_msgs::msg::[01;31m[Kvehicle_odometry[m[K>::SharedPtr subscription_;
      |                                       [01;31m[K^~~~~~~~~~~~~~~~[m[K
      |                                       [32m[KVehicleOdometry[m[K
[01m[K/home/jingyan/px4_ros_com_ros2/src/px4_ros_com/src/examples/offboard/Odom_transform.cpp:42:55:[m[K [01;31m[Kerror: [m[Ktemplate argument 1 is invalid
   42 |   rclcpp::Subscription<px4_msgs::msg::vehicle_odometry[01;31m[K>[m[K::SharedPtr subscription_;
      |                                                       [01;31m[K^[m[K
[01m[K/home/jingyan/px4_ros_com_ros2/src/px4_ros_com/src/examples/offboard/Odom_transform.cpp:42:55:[m[K [01;31m[Kerror: [m[Ktemplate argument 3 is invalid
[01m[K/home/jingyan/px4_ros_com_ros2/src/px4_ros_com/src/examples/offboard/Odom_transform.cpp:42:58:[m[K [01;31m[Kerror: [m[Kexpected ‘[01m[K;[m[K’ at end of member declaration
   42 |   rclcpp::Subscription<px4_msgs::msg::vehicle_odometry>::[01;31m[KSharedPtr[m[K subscription_;
      |                                                          [01;31m[K^~~~~~~~~[m[K
      |                                                                   [32m[K;[m[K
[01m[K/home/jingyan/px4_ros_com_ros2/src/px4_ros_com/src/examples/offboard/Odom_transform.cpp:42:68:[m[K [01;31m[Kerror: [m[K‘[01m[Ksubscription_[m[K’ does not name a type; did you mean ‘[01m[Krcl_subscription_t[m[K’?
   42 |   rclcpp::Subscription<px4_msgs::msg::vehicle_odometry>::SharedPtr [01;31m[Ksubscription_[m[K;
      |                                                                    [01;31m[K^~~~~~~~~~~~~[m[K
      |                                                                    [32m[Krcl_subscription_t[m[K
[01m[K/home/jingyan/px4_ros_com_ros2/src/px4_ros_com/src/examples/offboard/Odom_transform.cpp:46:42:[m[K [01;31m[Kerror: [m[K‘[01m[Kvehicle_odometry[m[K’ in namespace ‘[01m[Kpx4_msgs::msg[m[K’ does not name a type; did you mean ‘[01m[KVehicleOdometry[m[K’?
   46 |   void odom_convert(const px4_msgs::msg::[01;31m[Kvehicle_odometry[m[K::SharedPtr _msg);
      |                                          [01;31m[K^~~~~~~~~~~~~~~~[m[K
      |                                          [32m[KVehicleOdometry[m[K
[01m[K/home/jingyan/px4_ros_com_ros2/src/px4_ros_com/src/examples/offboard/Odom_transform.cpp:46:70:[m[K [01;31m[Kerror: [m[Kexpected unqualified-id before ‘[01m[K_msg[m[K’
   46 |   void odom_convert(const px4_msgs::msg::vehicle_odometry::SharedPtr [01;31m[K_msg[m[K);
      |                                                                      [01;31m[K^~~~[m[K
[01m[K/home/jingyan/px4_ros_com_ros2/src/px4_ros_com/src/examples/offboard/Odom_transform.cpp:46:69:[m[K [01;31m[Kerror: [m[Kexpected ‘[01m[K)[m[K’ before ‘[01m[K_msg[m[K’
   46 |   void odom_convert[34m[K([m[Kconst px4_msgs::msg::vehicle_odometry::SharedPtr[01;31m[K [m[K[32m[K_msg[m[K);
      |                    [34m[K~[m[K                                                [01;31m[K^[m[K[32m[K~~~~[m[K
      |                                                                     [32m[K)[m[K
[01m[K/home/jingyan/px4_ros_com_ros2/src/px4_ros_com/src/examples/offboard/Odom_transform.cpp:46:60:[m[K [01;31m[Kerror: [m[Kexpected ‘[01m[K;[m[K’ at end of member declaration
   46 |   void odom_convert(const px4_msgs::msg::vehicle_odometry::[01;31m[KSharedPtr[m[K _msg);
      |                                                            [01;31m[K^~~~~~~~~[m[K
      |                                                                     [32m[K;[m[K
[01m[K/home/jingyan/px4_ros_com_ros2/src/px4_ros_com/src/examples/offboard/Odom_transform.cpp:46:70:[m[K [01;31m[Kerror: [m[K‘[01m[K_msg[m[K’ does not name a type
   46 |   void odom_convert(const px4_msgs::msg::vehicle_odometry::SharedPtr [01;31m[K_msg[m[K);
      |                                                                      [01;31m[K^~~~[m[K
[01m[K/home/jingyan/px4_ros_com_ros2/src/px4_ros_com/src/examples/offboard/Odom_transform.cpp:[m[K In constructor ‘[01m[KPx4OdomTransform::Px4OdomTransform()[m[K’:
[01m[K/home/jingyan/px4_ros_com_ros2/src/px4_ros_com/src/examples/offboard/Odom_transform.cpp:29:4:[m[K [01;31m[Kerror: [m[K‘[01m[Ksubscription_[m[K’ was not declared in this scope; did you mean ‘[01m[Krcl_subscription_t[m[K’?
   29 |    [01;31m[Ksubscription_[m[K = this->create_subscription<px4_msgs::msg::vehicle_odometry>(
      |    [01;31m[K^~~~~~~~~~~~~[m[K
      |    [32m[Krcl_subscription_t[m[K
[01m[K/home/jingyan/px4_ros_com_ros2/src/px4_ros_com/src/examples/offboard/Odom_transform.cpp:29:61:[m[K [01;31m[Kerror: [m[K‘[01m[Kvehicle_odometry[m[K’ is not a member of ‘[01m[Kpx4_msgs::msg[m[K’; did you mean ‘[01m[KVehicleOdometry[m[K’?
   29 |    subscription_ = this->create_subscription<px4_msgs::msg::[01;31m[Kvehicle_odometry[m[K>(
      |                                                             [01;31m[K^~~~~~~~~~~~~~~~[m[K
      |                                                             [32m[KVehicleOdometry[m[K
[01m[K/home/jingyan/px4_ros_com_ros2/src/px4_ros_com/src/examples/offboard/Odom_transform.cpp:31:75:[m[K [01;31m[Kerror: [m[Kno matching function for call to ‘[01m[KPx4OdomTransform::create_subscription<<expression error> >(const char [26], int, std::_Bind_helper<false, void (Px4OdomTransform::*)(...), Px4OdomTransform*, const std::_Placeholder<1>&>::type)[m[K’
   31 |    std::bind(&Px4OdomTransform::odom_convert, this, std::placeholders::_1)[01;31m[K)[m[K;
      |                                                                           [01;31m[K^[m[K
In file included from [01m[K/opt/ros/foxy/include/rclcpp/executors/single_threaded_executor.hpp:28[m[K,
                 from [01m[K/opt/ros/foxy/include/rclcpp/executors.hpp:22[m[K,
                 from [01m[K/opt/ros/foxy/include/rclcpp/rclcpp.hpp:146[m[K,
                 from [01m[K/home/jingyan/px4_ros_com_ros2/src/px4_ros_com/src/examples/offboard/Odom_transform.cpp:1[m[K:
[01m[K/opt/ros/foxy/include/rclcpp/node.hpp:213:3:[m[K [01;36m[Knote: [m[Kcandidate: ‘[01m[Ktemplate<class MessageT, class CallbackT, class AllocatorT, class CallbackMessageT, class SubscriptionT, class MessageMemoryStrategyT> std::shared_ptr<SubscriptionT> rclcpp::Node::create_subscription(const string&, const rclcpp::QoS&, CallbackT&&, const rclcpp::SubscriptionOptionsWithAllocator<AllocatorT>&, typename MessageMemoryStrategyT::SharedPtr)[m[K’
  213 |   [01;36m[Kcreate_subscription[m[K(
      |   [01;36m[K^~~~~~~~~~~~~~~~~~~[m[K
[01m[K/opt/ros/foxy/include/rclcpp/node.hpp:213:3:[m[K [01;36m[Knote: [m[K  template argument deduction/substitution failed:
[01m[K/home/jingyan/px4_ros_com_ros2/src/px4_ros_com/src/examples/offboard/Odom_transform.cpp:31:75:[m[K [01;31m[Kerror: [m[Ktemplate argument 1 is invalid
   31 |    std::bind(&Px4OdomTransform::odom_convert, this, std::placeholders::_1)[01;31m[K)[m[K;
      |                                                                           [01;31m[K^[m[K
[01m[K/home/jingyan/px4_ros_com_ros2/src/px4_ros_com/src/examples/offboard/Odom_transform.cpp:[m[K At global scope:
[01m[K/home/jingyan/px4_ros_com_ros2/src/px4_ros_com/src/examples/offboard/Odom_transform.cpp:52:58:[m[K [01;31m[Kerror: [m[K‘[01m[Kvehicle_odometry[m[K’ in namespace ‘[01m[Kpx4_msgs::msg[m[K’ does not name a type; did you mean ‘[01m[KVehicleOdometry[m[K’?
   52 | void Px4OdomTransform::odom_convert(const px4_msgs::msg::[01;31m[Kvehicle_odometry[m[K::SharedPtr _msg){
      |                                                          [01;31m[K^~~~~~~~~~~~~~~~[m[K
      |                                                          [32m[KVehicleOdometry[m[K
[01m[K/home/jingyan/px4_ros_com_ros2/src/px4_ros_com/src/examples/offboard/Odom_transform.cpp:52:86:[m[K [01;31m[Kerror: [m[Kexpected unqualified-id before ‘[01m[K_msg[m[K’
   52 | void Px4OdomTransform::odom_convert(const px4_msgs::msg::vehicle_odometry::SharedPtr [01;31m[K_msg[m[K){
      |                                                                                      [01;31m[K^~~~[m[K
[01m[K/home/jingyan/px4_ros_com_ros2/src/px4_ros_com/src/examples/offboard/Odom_transform.cpp:52:85:[m[K [01;31m[Kerror: [m[Kexpected ‘[01m[K)[m[K’ before ‘[01m[K_msg[m[K’
   52 | void Px4OdomTransform::odom_convert[34m[K([m[Kconst px4_msgs::msg::vehicle_odometry::SharedPtr[01;31m[K [m[K[32m[K_msg[m[K){
      |                                    [34m[K~[m[K                                                [01;31m[K^[m[K[32m[K~~~~[m[K
      |                                                                                     [32m[K)[m[K
[01m[K/home/jingyan/px4_ros_com_ros2/src/px4_ros_com/src/examples/offboard/Odom_transform.cpp:52:86:[m[K [01;31m[Kerror: [m[Kexpected initializer before ‘[01m[K_msg[m[K’
   52 | void Px4OdomTransform::odom_convert(const px4_msgs::msg::vehicle_odometry::SharedPtr [01;31m[K_msg[m[K){
      |                                                                                      [01;31m[K^~~~[m[K
make[2]: *** [CMakeFiles/Odom_transform.dir/build.make:63: CMakeFiles/Odom_transform.dir/src/examples/offboard/Odom_transform.cpp.o] Error 1
make[1]: *** [CMakeFiles/Makefile2:306: CMakeFiles/Odom_transform.dir/all] Error 2
make[1]: *** Waiting for unfinished jobs....
[ 99%] Built target frame_transforms
make: *** [Makefile:141: all] Error 2
