[0.018s] Invoking command in '/home/jingyan/px4_ros_com_ros2/build/px4_ros_com': AMENT_PREFIX_PATH=/home/jingyan/px4_ros_com_ros2/install/px4_msgs:${AMENT_PREFIX_PATH} CMAKE_PREFIX_PATH=/home/jingyan/px4_ros_com_ros2/install/px4_msgs:/opt/ros/foxy LD_LIBRARY_PATH=/home/jingyan/px4_ros_com_ros2/install/px4_msgs/lib:${LD_LIBRARY_PATH} PYTHONPATH=/home/jingyan/px4_ros_com_ros2/install/px4_msgs/lib/python3.8/site-packages:${PYTHONPATH} /usr/bin/cmake --build /home/jingyan/px4_ros_com_ros2/build/px4_ros_com -- -j16 -l16
[0.056s] -- Using C++17 compiler
[0.056s] -- Found ament_cmake: 0.9.11 (/opt/ros/foxy/share/ament_cmake/cmake)
[0.079s] -- Using PYTHON_EXECUTABLE: /usr/bin/python3
[0.245s] -- Override CMake install command with custom implementation using symlinks instead of copying resources
[0.257s] -- Found builtin_interfaces: 1.0.0 (/opt/ros/foxy/share/builtin_interfaces/cmake)
[0.272s] -- Using all available rosidl_typesupport_c: rosidl_typesupport_fastrtps_c;rosidl_typesupport_introspection_c
[0.275s] -- Found rosidl_adapter: 1.3.0 (/opt/ros/foxy/share/rosidl_adapter/cmake)
[0.412s] -- Using all available rosidl_typesupport_cpp: rosidl_typesupport_fastrtps_cpp;rosidl_typesupport_introspection_cpp
[0.451s] -- Found rclcpp: 2.4.2 (/opt/ros/foxy/share/rclcpp/cmake)
[0.481s] -- Found rmw_implementation_cmake: 1.0.3 (/opt/ros/foxy/share/rmw_implementation_cmake/cmake)
[0.482s] -- Using RMW implementation 'rmw_fastrtps_cpp' as default
[0.601s] -- Found rmw_fastrtps_cpp: 1.3.1 (/opt/ros/foxy/share/rmw_fastrtps_cpp/cmake)
[0.716s] -- Found px4_msgs: 2.0.1 (/home/jingyan/px4_ros_com_ros2/install/px4_msgs/share/px4_msgs/cmake)
[0.729s] -- Found sensor_msgs: 2.0.5 (/opt/ros/foxy/share/sensor_msgs/cmake)
[0.821s] -- Found nav_msgs: 2.0.5 (/opt/ros/foxy/share/nav_msgs/cmake)
[0.899s] -- Found eigen3_cmake_module: 0.1.1 (/opt/ros/foxy/share/eigen3_cmake_module/cmake)
[0.899s] -- fastrtpsgen found in /usr/local/bin
[0.959s] openjdk version "13.0.7" 2021-04-20
[0.959s] OpenJDK Runtime Environment (build 13.0.7+5-Ubuntu-0ubuntu120.04)
[0.959s] OpenJDK 64-Bit Server VM (build 13.0.7+5-Ubuntu-0ubuntu120.04, mixed mode)
[0.995s] -- fastrtpsgen version 1.0.4
[0.995s] -- px4_msgs message dir under /home/jingyan/px4_ros_com_ros2/install/px4_msgs/share/px4_msgs/msg
[0.995s] -- IDL definitions under /home/jingyan/px4_ros_com_ros2/install/px4_msgs/share/px4_msgs/msg
[0.995s] -- Retrieving list of msgs to send...
[1.043s] -- List of msgs to send: DebugArray, DebugKeyValue, DebugValue, DebugVect, OffboardControlMode, OnboardComputerStatus, PositionSetpoint, PositionSetpointTriplet, SensorOpticalFlow, TelemetryStatus, Timesync, TrajectoryBezier, TrajectorySetpoint, VehicleAttitudeSetpoint, VehicleCommand, VehicleLocalPositionSetpoint, VehicleRatesSetpoint, VehicleTrajectoryBezier, VehicleTrajectoryWaypoint, VehicleMocapOdometry, VehicleVisualOdometry
[1.043s] -- Retrieving list of msgs to receive...
[1.096s] -- List of msgs to receive: CollisionConstraints, SensorCombined, Timesync, TimesyncStatus, TrajectoryWaypoint, VehicleControlMode, VehicleOdometry, VehicleStatus
[1.188s] -- Configuring done
[1.403s] -- Generating done
[1.405s] -- Build files have been written to: /home/jingyan/px4_ros_com_ros2/build/px4_ros_com
[1.439s] [35m[1mScanning dependencies of target Odom_transform[0m
[1.456s] [  2%] [32m[1mLinking CXX executable vehicle_gps_position_listener[0m
[1.456s] [  2%] [32m[1mLinking CXX executable offboard_control[0m
[1.459s] [  3%] [32m[1mLinking CXX executable sensor_combined_listener[0m
[1.460s] [  4%] [32m[1mLinking CXX executable debug_vect_advertiser[0m
[1.463s] [  5%] [32m[1mLinking CXX shared library libframe_transforms.so[0m
[1.508s] [ 94%] Built target micrortps_agent
[1.599s] [ 94%] [32mBuilding CXX object CMakeFiles/Odom_transform.dir/src/examples/offboard/Odom_transform.cpp.o[0m
[1.731s] [ 95%] Built target debug_vect_advertiser
[1.763s] [ 96%] Built target vehicle_gps_position_listener
[1.765s] [ 97%] Built target sensor_combined_listener
[1.830s] [ 98%] Built target offboard_control
[3.072s] [01m[K/home/jingyan/px4_ros_com_ros2/src/px4_ros_com/src/examples/offboard/Odom_transform.cpp:42:39:[m[K [01;31m[Kerror: [m[K‘[01m[Kvehicle_odometry[m[K’ is not a member of ‘[01m[Kpx4_msgs::msg[m[K’; did you mean ‘[01m[KVehicleOdometry[m[K’?
[3.072s]    42 |   rclcpp::Subscription<px4_msgs::msg::[01;31m[Kvehicle_odometry[m[K>::SharedPtr subscription_;
[3.072s]       |                                       [01;31m[K^~~~~~~~~~~~~~~~[m[K
[3.072s]       |                                       [32m[KVehicleOdometry[m[K
[3.072s] [01m[K/home/jingyan/px4_ros_com_ros2/src/px4_ros_com/src/examples/offboard/Odom_transform.cpp:42:55:[m[K [01;31m[Kerror: [m[Ktemplate argument 1 is invalid
[3.073s]    42 |   rclcpp::Subscription<px4_msgs::msg::vehicle_odometry[01;31m[K>[m[K::SharedPtr subscription_;
[3.073s]       |                                                       [01;31m[K^[m[K
[3.073s] [01m[K/home/jingyan/px4_ros_com_ros2/src/px4_ros_com/src/examples/offboard/Odom_transform.cpp:42:55:[m[K [01;31m[Kerror: [m[Ktemplate argument 3 is invalid
[3.073s] [01m[K/home/jingyan/px4_ros_com_ros2/src/px4_ros_com/src/examples/offboard/Odom_transform.cpp:42:58:[m[K [01;31m[Kerror: [m[Kexpected ‘[01m[K;[m[K’ at end of member declaration
[3.073s]    42 |   rclcpp::Subscription<px4_msgs::msg::vehicle_odometry>::[01;31m[KSharedPtr[m[K subscription_;
[3.073s]       |                                                          [01;31m[K^~~~~~~~~[m[K
[3.073s]       |                                                                   [32m[K;[m[K
[3.074s] [01m[K/home/jingyan/px4_ros_com_ros2/src/px4_ros_com/src/examples/offboard/Odom_transform.cpp:42:68:[m[K [01;31m[Kerror: [m[K‘[01m[Ksubscription_[m[K’ does not name a type; did you mean ‘[01m[Krcl_subscription_t[m[K’?
[3.074s]    42 |   rclcpp::Subscription<px4_msgs::msg::vehicle_odometry>::SharedPtr [01;31m[Ksubscription_[m[K;
[3.074s]       |                                                                    [01;31m[K^~~~~~~~~~~~~[m[K
[3.074s]       |                                                                    [32m[Krcl_subscription_t[m[K
[3.074s] [01m[K/home/jingyan/px4_ros_com_ros2/src/px4_ros_com/src/examples/offboard/Odom_transform.cpp:46:42:[m[K [01;31m[Kerror: [m[K‘[01m[Kvehicle_odometry[m[K’ in namespace ‘[01m[Kpx4_msgs::msg[m[K’ does not name a type; did you mean ‘[01m[KVehicleOdometry[m[K’?
[3.075s]    46 |   void odom_convert(const px4_msgs::msg::[01;31m[Kvehicle_odometry[m[K::SharedPtr _msg);
[3.075s]       |                                          [01;31m[K^~~~~~~~~~~~~~~~[m[K
[3.075s]       |                                          [32m[KVehicleOdometry[m[K
[3.075s] [01m[K/home/jingyan/px4_ros_com_ros2/src/px4_ros_com/src/examples/offboard/Odom_transform.cpp:46:70:[m[K [01;31m[Kerror: [m[Kexpected unqualified-id before ‘[01m[K_msg[m[K’
[3.075s]    46 |   void odom_convert(const px4_msgs::msg::vehicle_odometry::SharedPtr [01;31m[K_msg[m[K);
[3.075s]       |                                                                      [01;31m[K^~~~[m[K
[3.075s] [01m[K/home/jingyan/px4_ros_com_ros2/src/px4_ros_com/src/examples/offboard/Odom_transform.cpp:46:69:[m[K [01;31m[Kerror: [m[Kexpected ‘[01m[K)[m[K’ before ‘[01m[K_msg[m[K’
[3.076s]    46 |   void odom_convert[34m[K([m[Kconst px4_msgs::msg::vehicle_odometry::SharedPtr[01;31m[K [m[K[32m[K_msg[m[K);
[3.076s]       |                    [34m[K~[m[K                                                [01;31m[K^[m[K[32m[K~~~~[m[K
[3.076s]       |                                                                     [32m[K)[m[K
[3.076s] [01m[K/home/jingyan/px4_ros_com_ros2/src/px4_ros_com/src/examples/offboard/Odom_transform.cpp:46:60:[m[K [01;31m[Kerror: [m[Kexpected ‘[01m[K;[m[K’ at end of member declaration
[3.076s]    46 |   void odom_convert(const px4_msgs::msg::vehicle_odometry::[01;31m[KSharedPtr[m[K _msg);
[3.076s]       |                                                            [01;31m[K^~~~~~~~~[m[K
[3.076s]       |                                                                     [32m[K;[m[K
[3.076s] [01m[K/home/jingyan/px4_ros_com_ros2/src/px4_ros_com/src/examples/offboard/Odom_transform.cpp:46:70:[m[K [01;31m[Kerror: [m[K‘[01m[K_msg[m[K’ does not name a type
[3.077s]    46 |   void odom_convert(const px4_msgs::msg::vehicle_odometry::SharedPtr [01;31m[K_msg[m[K);
[3.077s]       |                                                                      [01;31m[K^~~~[m[K
[3.078s] [01m[K/home/jingyan/px4_ros_com_ros2/src/px4_ros_com/src/examples/offboard/Odom_transform.cpp:[m[K In constructor ‘[01m[KPx4OdomTransform::Px4OdomTransform()[m[K’:
[3.079s] [01m[K/home/jingyan/px4_ros_com_ros2/src/px4_ros_com/src/examples/offboard/Odom_transform.cpp:29:4:[m[K [01;31m[Kerror: [m[K‘[01m[Ksubscription_[m[K’ was not declared in this scope; did you mean ‘[01m[Krcl_subscription_t[m[K’?
[3.079s]    29 |    [01;31m[Ksubscription_[m[K = this->create_subscription<px4_msgs::msg::vehicle_odometry>(
[3.079s]       |    [01;31m[K^~~~~~~~~~~~~[m[K
[3.079s]       |    [32m[Krcl_subscription_t[m[K
[3.079s] [01m[K/home/jingyan/px4_ros_com_ros2/src/px4_ros_com/src/examples/offboard/Odom_transform.cpp:29:61:[m[K [01;31m[Kerror: [m[K‘[01m[Kvehicle_odometry[m[K’ is not a member of ‘[01m[Kpx4_msgs::msg[m[K’; did you mean ‘[01m[KVehicleOdometry[m[K’?
[3.079s]    29 |    subscription_ = this->create_subscription<px4_msgs::msg::[01;31m[Kvehicle_odometry[m[K>(
[3.079s]       |                                                             [01;31m[K^~~~~~~~~~~~~~~~[m[K
[3.080s]       |                                                             [32m[KVehicleOdometry[m[K
[3.085s] [01m[K/home/jingyan/px4_ros_com_ros2/src/px4_ros_com/src/examples/offboard/Odom_transform.cpp:31:75:[m[K [01;31m[Kerror: [m[Kno matching function for call to ‘[01m[KPx4OdomTransform::create_subscription<<expression error> >(const char [26], int, std::_Bind_helper<false, void (Px4OdomTransform::*)(...), Px4OdomTransform*, const std::_Placeholder<1>&>::type)[m[K’
[3.085s]    31 |    std::bind(&Px4OdomTransform::odom_convert, this, std::placeholders::_1)[01;31m[K)[m[K;
[3.085s]       |                                                                           [01;31m[K^[m[K
[3.085s] In file included from [01m[K/opt/ros/foxy/include/rclcpp/executors/single_threaded_executor.hpp:28[m[K,
[3.085s]                  from [01m[K/opt/ros/foxy/include/rclcpp/executors.hpp:22[m[K,
[3.086s]                  from [01m[K/opt/ros/foxy/include/rclcpp/rclcpp.hpp:146[m[K,
[3.086s]                  from [01m[K/home/jingyan/px4_ros_com_ros2/src/px4_ros_com/src/examples/offboard/Odom_transform.cpp:1[m[K:
[3.086s] [01m[K/opt/ros/foxy/include/rclcpp/node.hpp:213:3:[m[K [01;36m[Knote: [m[Kcandidate: ‘[01m[Ktemplate<class MessageT, class CallbackT, class AllocatorT, class CallbackMessageT, class SubscriptionT, class MessageMemoryStrategyT> std::shared_ptr<SubscriptionT> rclcpp::Node::create_subscription(const string&, const rclcpp::QoS&, CallbackT&&, const rclcpp::SubscriptionOptionsWithAllocator<AllocatorT>&, typename MessageMemoryStrategyT::SharedPtr)[m[K’
[3.086s]   213 |   [01;36m[Kcreate_subscription[m[K(
[3.086s]       |   [01;36m[K^~~~~~~~~~~~~~~~~~~[m[K
[3.086s] [01m[K/opt/ros/foxy/include/rclcpp/node.hpp:213:3:[m[K [01;36m[Knote: [m[K  template argument deduction/substitution failed:
[3.086s] [01m[K/home/jingyan/px4_ros_com_ros2/src/px4_ros_com/src/examples/offboard/Odom_transform.cpp:31:75:[m[K [01;31m[Kerror: [m[Ktemplate argument 1 is invalid
[3.086s]    31 |    std::bind(&Px4OdomTransform::odom_convert, this, std::placeholders::_1)[01;31m[K)[m[K;
[3.086s]       |                                                                           [01;31m[K^[m[K
[3.086s] [01m[K/home/jingyan/px4_ros_com_ros2/src/px4_ros_com/src/examples/offboard/Odom_transform.cpp:[m[K At global scope:
[3.086s] [01m[K/home/jingyan/px4_ros_com_ros2/src/px4_ros_com/src/examples/offboard/Odom_transform.cpp:52:58:[m[K [01;31m[Kerror: [m[K‘[01m[Kvehicle_odometry[m[K’ in namespace ‘[01m[Kpx4_msgs::msg[m[K’ does not name a type; did you mean ‘[01m[KVehicleOdometry[m[K’?
[3.086s]    52 | void Px4OdomTransform::odom_convert(const px4_msgs::msg::[01;31m[Kvehicle_odometry[m[K::SharedPtr _msg){
[3.086s]       |                                                          [01;31m[K^~~~~~~~~~~~~~~~[m[K
[3.086s]       |                                                          [32m[KVehicleOdometry[m[K
[3.086s] [01m[K/home/jingyan/px4_ros_com_ros2/src/px4_ros_com/src/examples/offboard/Odom_transform.cpp:52:86:[m[K [01;31m[Kerror: [m[Kexpected unqualified-id before ‘[01m[K_msg[m[K’
[3.086s]    52 | void Px4OdomTransform::odom_convert(const px4_msgs::msg::vehicle_odometry::SharedPtr [01;31m[K_msg[m[K){
[3.086s]       |                                                                                      [01;31m[K^~~~[m[K
[3.086s] [01m[K/home/jingyan/px4_ros_com_ros2/src/px4_ros_com/src/examples/offboard/Odom_transform.cpp:52:85:[m[K [01;31m[Kerror: [m[Kexpected ‘[01m[K)[m[K’ before ‘[01m[K_msg[m[K’
[3.086s]    52 | void Px4OdomTransform::odom_convert[34m[K([m[Kconst px4_msgs::msg::vehicle_odometry::SharedPtr[01;31m[K [m[K[32m[K_msg[m[K){
[3.086s]       |                                    [34m[K~[m[K                                                [01;31m[K^[m[K[32m[K~~~~[m[K
[3.087s]       |                                                                                     [32m[K)[m[K
[3.087s] [01m[K/home/jingyan/px4_ros_com_ros2/src/px4_ros_com/src/examples/offboard/Odom_transform.cpp:52:86:[m[K [01;31m[Kerror: [m[Kexpected initializer before ‘[01m[K_msg[m[K’
[3.087s]    52 | void Px4OdomTransform::odom_convert(const px4_msgs::msg::vehicle_odometry::SharedPtr [01;31m[K_msg[m[K){
[3.087s]       |                                                                                      [01;31m[K^~~~[m[K
[3.760s] make[2]: *** [CMakeFiles/Odom_transform.dir/build.make:63: CMakeFiles/Odom_transform.dir/src/examples/offboard/Odom_transform.cpp.o] Error 1
[3.761s] make[1]: *** [CMakeFiles/Makefile2:306: CMakeFiles/Odom_transform.dir/all] Error 2
[3.761s] make[1]: *** Waiting for unfinished jobs....
[226.803s] [ 99%] Built target frame_transforms
[226.805s] make: *** [Makefile:141: all] Error 2
[226.808s] Invoked command in '/home/jingyan/px4_ros_com_ros2/build/px4_ros_com' returned '2': AMENT_PREFIX_PATH=/home/jingyan/px4_ros_com_ros2/install/px4_msgs:${AMENT_PREFIX_PATH} CMAKE_PREFIX_PATH=/home/jingyan/px4_ros_com_ros2/install/px4_msgs:/opt/ros/foxy LD_LIBRARY_PATH=/home/jingyan/px4_ros_com_ros2/install/px4_msgs/lib:${LD_LIBRARY_PATH} PYTHONPATH=/home/jingyan/px4_ros_com_ros2/install/px4_msgs/lib/python3.8/site-packages:${PYTHONPATH} /usr/bin/cmake --build /home/jingyan/px4_ros_com_ros2/build/px4_ros_com -- -j16 -l16
