[0.022s] Invoking command in '/home/jingyan/px4_ros_com_ros2/build/mmWave_drone_cartographer': CMAKE_PREFIX_PATH=/opt/ros/foxy /usr/bin/cmake /home/jingyan/px4_ros_com_ros2/src/mmWave_drone_cartographer -DCMAKE_INSTALL_PREFIX=/home/jingyan/px4_ros_com_ros2/install/mmWave_drone_cartographer
[0.370s] -- The C compiler identification is GNU 9.4.0
[0.609s] -- The CXX compiler identification is GNU 9.4.0
[0.621s] -- Check for working C compiler: /usr/bin/cc
[0.714s] -- Check for working C compiler: /usr/bin/cc -- works
[0.716s] -- Detecting C compiler ABI info
[0.802s] -- Detecting C compiler ABI info - done
[0.811s] -- Detecting C compile features
[0.811s] -- Detecting C compile features - done
[0.815s] -- Check for working CXX compiler: /usr/bin/c++
[0.889s] -- Check for working CXX compiler: /usr/bin/c++ -- works
[0.891s] -- Detecting CXX compiler ABI info
[0.996s] -- Detecting CXX compiler ABI info - done
[1.016s] -- Detecting CXX compile features
[1.016s] -- Detecting CXX compile features - done
[1.018s] -- Found ament_cmake: 0.9.11 (/opt/ros/foxy/share/ament_cmake/cmake)
[1.044s] -- Found PythonInterp: /usr/bin/python3 (found suitable version "3.8.10", minimum required is "3") 
[1.045s] -- Using PYTHON_EXECUTABLE: /usr/bin/python3
[1.257s] -- Found ament_lint_auto: 0.9.7 (/opt/ros/foxy/share/ament_lint_auto/cmake)
[1.301s] WARNING: Package name "mmWave_drone_cartographer" does not follow the naming conventions. It should start with a lower case letter and only contain lower case letters, digits, underscores, and dashes.
[1.335s] -- Added test 'copyright' to check source files copyright and LICENSE
[1.338s] -- Added test 'flake8' to check Python code syntax and style conventions
[1.339s] -- Added test 'lint_cmake' to check CMake code style
[1.339s] -- Added test 'pep257' to check Python code against some of the style conventions in PEP 257
[1.341s] -- Added test 'xmllint' to check XML markup files
[1.344s] -- Configuring done
[1.345s] -- Generating done
[1.346s] -- Build files have been written to: /home/jingyan/px4_ros_com_ros2/build/mmWave_drone_cartographer
[1.355s] Invoked command in '/home/jingyan/px4_ros_com_ros2/build/mmWave_drone_cartographer' returned '0': CMAKE_PREFIX_PATH=/opt/ros/foxy /usr/bin/cmake /home/jingyan/px4_ros_com_ros2/src/mmWave_drone_cartographer -DCMAKE_INSTALL_PREFIX=/home/jingyan/px4_ros_com_ros2/install/mmWave_drone_cartographer
[1.359s] Invoking command in '/home/jingyan/px4_ros_com_ros2/build/mmWave_drone_cartographer': CMAKE_PREFIX_PATH=/opt/ros/foxy /usr/bin/cmake --build /home/jingyan/px4_ros_com_ros2/build/mmWave_drone_cartographer -- -j16 -l16
[1.411s] Invoked command in '/home/jingyan/px4_ros_com_ros2/build/mmWave_drone_cartographer' returned '0': CMAKE_PREFIX_PATH=/opt/ros/foxy /usr/bin/cmake --build /home/jingyan/px4_ros_com_ros2/build/mmWave_drone_cartographer -- -j16 -l16
[1.439s] Invoking command in '/home/jingyan/px4_ros_com_ros2/build/mmWave_drone_cartographer': CMAKE_PREFIX_PATH=/opt/ros/foxy /usr/bin/cmake --install /home/jingyan/px4_ros_com_ros2/build/mmWave_drone_cartographer
[1.453s] -- Install configuration: ""
[1.453s] -- Installing: /home/jingyan/px4_ros_com_ros2/install/mmWave_drone_cartographer/share/mmWave_drone_cartographer/config
[1.453s] -- Installing: /home/jingyan/px4_ros_com_ros2/install/mmWave_drone_cartographer/share/mmWave_drone_cartographer/config/with_odometry_2d.lua
[1.454s] -- Installing: /home/jingyan/px4_ros_com_ros2/install/mmWave_drone_cartographer/share/mmWave_drone_cartographer/launch
[1.454s] -- Installing: /home/jingyan/px4_ros_com_ros2/install/mmWave_drone_cartographer/share/mmWave_drone_cartographer/launch/cartographer.launch.py
[1.454s] -- Installing: /home/jingyan/px4_ros_com_ros2/install/mmWave_drone_cartographer/share/mmWave_drone_cartographer/rviz
[1.454s] -- Installing: /home/jingyan/px4_ros_com_ros2/install/mmWave_drone_cartographer/share/ament_index/resource_index/package_run_dependencies/mmWave_drone_cartographer
[1.455s] -- Installing: /home/jingyan/px4_ros_com_ros2/install/mmWave_drone_cartographer/share/ament_index/resource_index/parent_prefix_path/mmWave_drone_cartographer
[1.455s] -- Installing: /home/jingyan/px4_ros_com_ros2/install/mmWave_drone_cartographer/share/mmWave_drone_cartographer/environment/ament_prefix_path.sh
[1.455s] -- Installing: /home/jingyan/px4_ros_com_ros2/install/mmWave_drone_cartographer/share/mmWave_drone_cartographer/environment/ament_prefix_path.dsv
[1.455s] -- Installing: /home/jingyan/px4_ros_com_ros2/install/mmWave_drone_cartographer/share/mmWave_drone_cartographer/environment/path.sh
[1.456s] -- Installing: /home/jingyan/px4_ros_com_ros2/install/mmWave_drone_cartographer/share/mmWave_drone_cartographer/environment/path.dsv
[1.457s] -- Installing: /home/jingyan/px4_ros_com_ros2/install/mmWave_drone_cartographer/share/mmWave_drone_cartographer/local_setup.bash
[1.457s] -- Installing: /home/jingyan/px4_ros_com_ros2/install/mmWave_drone_cartographer/share/mmWave_drone_cartographer/local_setup.sh
[1.457s] -- Installing: /home/jingyan/px4_ros_com_ros2/install/mmWave_drone_cartographer/share/mmWave_drone_cartographer/local_setup.zsh
[1.457s] -- Installing: /home/jingyan/px4_ros_com_ros2/install/mmWave_drone_cartographer/share/mmWave_drone_cartographer/local_setup.dsv
[1.457s] -- Installing: /home/jingyan/px4_ros_com_ros2/install/mmWave_drone_cartographer/share/mmWave_drone_cartographer/package.dsv
[1.457s] -- Installing: /home/jingyan/px4_ros_com_ros2/install/mmWave_drone_cartographer/share/ament_index/resource_index/packages/mmWave_drone_cartographer
[1.457s] -- Installing: /home/jingyan/px4_ros_com_ros2/install/mmWave_drone_cartographer/share/mmWave_drone_cartographer/cmake/mmWave_drone_cartographerConfig.cmake
[1.458s] -- Installing: /home/jingyan/px4_ros_com_ros2/install/mmWave_drone_cartographer/share/mmWave_drone_cartographer/cmake/mmWave_drone_cartographerConfig-version.cmake
[1.458s] -- Installing: /home/jingyan/px4_ros_com_ros2/install/mmWave_drone_cartographer/share/mmWave_drone_cartographer/package.xml
[1.488s] Invoked command in '/home/jingyan/px4_ros_com_ros2/build/mmWave_drone_cartographer' returned '0': CMAKE_PREFIX_PATH=/opt/ros/foxy /usr/bin/cmake --install /home/jingyan/px4_ros_com_ros2/build/mmWave_drone_cartographer
