[01m[K/home/jingyan/px4_ros_com_ros2/src/px4_ros_com/src/examples/offboard/offboard_control.cpp:[m[K In constructor ‘[01m[KOffboardControl::OffboardControl()[m[K’:
[01m[K/home/jingyan/px4_ros_com_ros2/src/px4_ros_com/src/examples/offboard/offboard_control.cpp:115:3:[m[K [01;31m[Kerror: [m[K‘[01m[Ksubscription_[m[K’ was not declared in this scope; did you mean ‘[01m[Krcl_subscription_t[m[K’?
  115 |   [01;31m[Ksubscription_[m[K = this->create_subscription<geometry_msgs::msg::Twist>(
      |   [01;31m[K^~~~~~~~~~~~~[m[K
      |   [32m[Krcl_subscription_t[m[K
[01m[K/home/jingyan/px4_ros_com_ros2/src/px4_ros_com/src/examples/offboard/offboard_control.cpp:[m[K At global scope:
[01m[K/home/jingyan/px4_ros_com_ros2/src/px4_ros_com/src/examples/offboard/offboard_control.cpp:176:54:[m[K [01;31m[Kerror: [m[K‘[01m[KDebugVect[m[K’ in namespace ‘[01m[Kpx4_msgs::msg[m[K’ does not name a type
  176 | void OffboardControl::OnVelVect(const px4_msgs::msg::[01;31m[KDebugVect[m[K::UniquePtr msg)
      |                                                      [01;31m[K^~~~~~~~~[m[K
[01m[K/home/jingyan/px4_ros_com_ros2/src/px4_ros_com/src/examples/offboard/offboard_control.cpp:176:75:[m[K [01;31m[Kerror: [m[Kexpected unqualified-id before ‘[01m[Kmsg[m[K’
  176 | void OffboardControl::OnVelVect(const px4_msgs::msg::DebugVect::UniquePtr [01;31m[Kmsg[m[K)
      |                                                                           [01;31m[K^~~[m[K
[01m[K/home/jingyan/px4_ros_com_ros2/src/px4_ros_com/src/examples/offboard/offboard_control.cpp:176:74:[m[K [01;31m[Kerror: [m[Kexpected ‘[01m[K)[m[K’ before ‘[01m[Kmsg[m[K’
  176 | void OffboardControl::OnVelVect[34m[K([m[Kconst px4_msgs::msg::DebugVect::UniquePtr[01;31m[K [m[K[32m[Kmsg[m[K)
      |                                [34m[K~[m[K                                         [01;31m[K^[m[K[32m[K~~~[m[K
      |                                                                          [32m[K)[m[K
[01m[K/home/jingyan/px4_ros_com_ros2/src/px4_ros_com/src/examples/offboard/offboard_control.cpp:176:75:[m[K [01;31m[Kerror: [m[Kexpected initializer before ‘[01m[Kmsg[m[K’
  176 | void OffboardControl::OnVelVect(const px4_msgs::msg::DebugVect::UniquePtr [01;31m[Kmsg[m[K)
      |                                                                           [01;31m[K^~~[m[K
make[2]: *** [CMakeFiles/offboard_control.dir/build.make:63: CMakeFiles/offboard_control.dir/src/examples/offboard/offboard_control.cpp.o] Error 1
make[1]: *** [CMakeFiles/Makefile2:119: CMakeFiles/offboard_control.dir/all] Error 2
make: *** [Makefile:141: all] Error 2
