[0.013s] Invoking command in '/home/jingyan/px4_ros_com_ros2/build/px4_ros_com': AMENT_PREFIX_PATH=/home/jingyan/px4_ros_com_ros2/install/px4_msgs:${AMENT_PREFIX_PATH} CMAKE_PREFIX_PATH=/home/jingyan/px4_ros_com_ros2/install/px4_msgs:/opt/ros/foxy LD_LIBRARY_PATH=/home/jingyan/px4_ros_com_ros2/install/px4_msgs/lib:${LD_LIBRARY_PATH} PYTHONPATH=/home/jingyan/px4_ros_com_ros2/install/px4_msgs/lib/python3.8/site-packages:${PYTHONPATH} /usr/bin/cmake --build /home/jingyan/px4_ros_com_ros2/build/px4_ros_com -- -j16 -l16
[0.070s] [35m[1mScanning dependencies of target offboard_control[0m
[0.086s] [  2%] Built target debug_vect_advertiser
[0.089s] [  4%] Built target vehicle_gps_position_listener
[0.091s] [  6%] Built target frame_transforms
[0.091s] [  7%] Built target Odom_transform
[0.092s] [  9%] Built target sensor_combined_listener
[0.093s] [ 11%] Built target offboard_control_vel
[0.100s] [ 12%] [32mBuilding CXX object CMakeFiles/offboard_control.dir/src/examples/offboard/offboard_control.cpp.o[0m
[0.127s] [ 99%] Built target micrortps_agent
[1.349s] [01m[K/home/jingyan/px4_ros_com_ros2/src/px4_ros_com/src/examples/offboard/offboard_control.cpp:[m[K In constructor ‘[01m[KOffboardControl::OffboardControl()[m[K’:
[1.349s] [01m[K/home/jingyan/px4_ros_com_ros2/src/px4_ros_com/src/examples/offboard/offboard_control.cpp:115:3:[m[K [01;31m[Kerror: [m[K‘[01m[Ksubscription_[m[K’ was not declared in this scope; did you mean ‘[01m[Krcl_subscription_t[m[K’?
[1.349s]   115 |   [01;31m[Ksubscription_[m[K = this->create_subscription<geometry_msgs::msg::Twist>(
[1.350s]       |   [01;31m[K^~~~~~~~~~~~~[m[K
[1.350s]       |   [32m[Krcl_subscription_t[m[K
[1.516s] [01m[K/home/jingyan/px4_ros_com_ros2/src/px4_ros_com/src/examples/offboard/offboard_control.cpp:[m[K At global scope:
[1.516s] [01m[K/home/jingyan/px4_ros_com_ros2/src/px4_ros_com/src/examples/offboard/offboard_control.cpp:176:54:[m[K [01;31m[Kerror: [m[K‘[01m[KDebugVect[m[K’ in namespace ‘[01m[Kpx4_msgs::msg[m[K’ does not name a type
[1.517s]   176 | void OffboardControl::OnVelVect(const px4_msgs::msg::[01;31m[KDebugVect[m[K::UniquePtr msg)
[1.517s]       |                                                      [01;31m[K^~~~~~~~~[m[K
[1.517s] [01m[K/home/jingyan/px4_ros_com_ros2/src/px4_ros_com/src/examples/offboard/offboard_control.cpp:176:75:[m[K [01;31m[Kerror: [m[Kexpected unqualified-id before ‘[01m[Kmsg[m[K’
[1.517s]   176 | void OffboardControl::OnVelVect(const px4_msgs::msg::DebugVect::UniquePtr [01;31m[Kmsg[m[K)
[1.517s]       |                                                                           [01;31m[K^~~[m[K
[1.517s] [01m[K/home/jingyan/px4_ros_com_ros2/src/px4_ros_com/src/examples/offboard/offboard_control.cpp:176:74:[m[K [01;31m[Kerror: [m[Kexpected ‘[01m[K)[m[K’ before ‘[01m[Kmsg[m[K’
[1.518s]   176 | void OffboardControl::OnVelVect[34m[K([m[Kconst px4_msgs::msg::DebugVect::UniquePtr[01;31m[K [m[K[32m[Kmsg[m[K)
[1.518s]       |                                [34m[K~[m[K                                         [01;31m[K^[m[K[32m[K~~~[m[K
[1.518s]       |                                                                          [32m[K)[m[K
[1.518s] [01m[K/home/jingyan/px4_ros_com_ros2/src/px4_ros_com/src/examples/offboard/offboard_control.cpp:176:75:[m[K [01;31m[Kerror: [m[Kexpected initializer before ‘[01m[Kmsg[m[K’
[1.518s]   176 | void OffboardControl::OnVelVect(const px4_msgs::msg::DebugVect::UniquePtr [01;31m[Kmsg[m[K)
[1.518s]       |                                                                           [01;31m[K^~~[m[K
[3.349s] make[2]: *** [CMakeFiles/offboard_control.dir/build.make:63: CMakeFiles/offboard_control.dir/src/examples/offboard/offboard_control.cpp.o] Error 1
[3.350s] make[1]: *** [CMakeFiles/Makefile2:119: CMakeFiles/offboard_control.dir/all] Error 2
[3.350s] make: *** [Makefile:141: all] Error 2
[3.353s] Invoked command in '/home/jingyan/px4_ros_com_ros2/build/px4_ros_com' returned '2': AMENT_PREFIX_PATH=/home/jingyan/px4_ros_com_ros2/install/px4_msgs:${AMENT_PREFIX_PATH} CMAKE_PREFIX_PATH=/home/jingyan/px4_ros_com_ros2/install/px4_msgs:/opt/ros/foxy LD_LIBRARY_PATH=/home/jingyan/px4_ros_com_ros2/install/px4_msgs/lib:${LD_LIBRARY_PATH} PYTHONPATH=/home/jingyan/px4_ros_com_ros2/install/px4_msgs/lib/python3.8/site-packages:${PYTHONPATH} /usr/bin/cmake --build /home/jingyan/px4_ros_com_ros2/build/px4_ros_com -- -j16 -l16
