[0.507s] Invoking command in '/home/jingyan/px4_ros_com_ros2/build/mmwave_drone_cartographer': CMAKE_PREFIX_PATH=${CMAKE_PREFIX_PATH}:/home/jingyan/px4_ros_com_ros2/install/nav_goals:/home/jingyan/px4_ros_com_ros2/install/iwr6843aop_pub:/home/jingyan/px4_ros_com_ros2/install/iwr6843_pub:/opt/ros/foxy /usr/bin/cmake --build /home/jingyan/px4_ros_com_ros2/build/mmwave_drone_cartographer -- -j16 -l16
[0.962s] Invoked command in '/home/jingyan/px4_ros_com_ros2/build/mmwave_drone_cartographer' returned '0': CMAKE_PREFIX_PATH=${CMAKE_PREFIX_PATH}:/home/jingyan/px4_ros_com_ros2/install/nav_goals:/home/jingyan/px4_ros_com_ros2/install/iwr6843aop_pub:/home/jingyan/px4_ros_com_ros2/install/iwr6843_pub:/opt/ros/foxy /usr/bin/cmake --build /home/jingyan/px4_ros_com_ros2/build/mmwave_drone_cartographer -- -j16 -l16
[1.011s] Invoking command in '/home/jingyan/px4_ros_com_ros2/build/mmwave_drone_cartographer': CMAKE_PREFIX_PATH=${CMAKE_PREFIX_PATH}:/home/jingyan/px4_ros_com_ros2/install/nav_goals:/home/jingyan/px4_ros_com_ros2/install/iwr6843aop_pub:/home/jingyan/px4_ros_com_ros2/install/iwr6843_pub:/opt/ros/foxy /usr/bin/cmake --install /home/jingyan/px4_ros_com_ros2/build/mmwave_drone_cartographer
[1.022s] -- Install configuration: ""
[1.022s] -- Up-to-date: /home/jingyan/px4_ros_com_ros2/install/mmwave_drone_cartographer/share/mmwave_drone_cartographer/config
[1.022s] -- Up-to-date: /home/jingyan/px4_ros_com_ros2/install/mmwave_drone_cartographer/share/mmwave_drone_cartographer/config/with_odometry_2d.lua
[1.022s] -- Up-to-date: /home/jingyan/px4_ros_com_ros2/install/mmwave_drone_cartographer/share/mmwave_drone_cartographer/launch
[1.022s] -- Up-to-date: /home/jingyan/px4_ros_com_ros2/install/mmwave_drone_cartographer/share/mmwave_drone_cartographer/launch/cartographer.launch.py
[1.023s] -- Up-to-date: /home/jingyan/px4_ros_com_ros2/install/mmwave_drone_cartographer/share/mmwave_drone_cartographer/rviz
[1.023s] -- Up-to-date: /home/jingyan/px4_ros_com_ros2/install/mmwave_drone_cartographer/share/ament_index/resource_index/package_run_dependencies/mmwave_drone_cartographer
[1.023s] -- Up-to-date: /home/jingyan/px4_ros_com_ros2/install/mmwave_drone_cartographer/share/ament_index/resource_index/parent_prefix_path/mmwave_drone_cartographer
[1.023s] -- Up-to-date: /home/jingyan/px4_ros_com_ros2/install/mmwave_drone_cartographer/share/mmwave_drone_cartographer/environment/ament_prefix_path.sh
[1.023s] -- Up-to-date: /home/jingyan/px4_ros_com_ros2/install/mmwave_drone_cartographer/share/mmwave_drone_cartographer/environment/ament_prefix_path.dsv
[1.024s] -- Up-to-date: /home/jingyan/px4_ros_com_ros2/install/mmwave_drone_cartographer/share/mmwave_drone_cartographer/environment/path.sh
[1.024s] -- Up-to-date: /home/jingyan/px4_ros_com_ros2/install/mmwave_drone_cartographer/share/mmwave_drone_cartographer/environment/path.dsv
[1.024s] -- Up-to-date: /home/jingyan/px4_ros_com_ros2/install/mmwave_drone_cartographer/share/mmwave_drone_cartographer/local_setup.bash
[1.024s] -- Up-to-date: /home/jingyan/px4_ros_com_ros2/install/mmwave_drone_cartographer/share/mmwave_drone_cartographer/local_setup.sh
[1.024s] -- Up-to-date: /home/jingyan/px4_ros_com_ros2/install/mmwave_drone_cartographer/share/mmwave_drone_cartographer/local_setup.zsh
[1.024s] -- Up-to-date: /home/jingyan/px4_ros_com_ros2/install/mmwave_drone_cartographer/share/mmwave_drone_cartographer/local_setup.dsv
[1.024s] -- Installing: /home/jingyan/px4_ros_com_ros2/install/mmwave_drone_cartographer/share/mmwave_drone_cartographer/package.dsv
[1.025s] -- Up-to-date: /home/jingyan/px4_ros_com_ros2/install/mmwave_drone_cartographer/share/ament_index/resource_index/packages/mmwave_drone_cartographer
[1.025s] -- Up-to-date: /home/jingyan/px4_ros_com_ros2/install/mmwave_drone_cartographer/share/mmwave_drone_cartographer/cmake/mmwave_drone_cartographerConfig.cmake
[1.025s] -- Up-to-date: /home/jingyan/px4_ros_com_ros2/install/mmwave_drone_cartographer/share/mmwave_drone_cartographer/cmake/mmwave_drone_cartographerConfig-version.cmake
[1.025s] -- Up-to-date: /home/jingyan/px4_ros_com_ros2/install/mmwave_drone_cartographer/share/mmwave_drone_cartographer/package.xml
[1.026s] Invoked command in '/home/jingyan/px4_ros_com_ros2/build/mmwave_drone_cartographer' returned '0': CMAKE_PREFIX_PATH=${CMAKE_PREFIX_PATH}:/home/jingyan/px4_ros_com_ros2/install/nav_goals:/home/jingyan/px4_ros_com_ros2/install/iwr6843aop_pub:/home/jingyan/px4_ros_com_ros2/install/iwr6843_pub:/opt/ros/foxy /usr/bin/cmake --install /home/jingyan/px4_ros_com_ros2/build/mmwave_drone_cartographer
