[0.014s] Invoking command in '/home/jingyan/px4_ros_com_ros2/build/px4_ros_com': AMENT_PREFIX_PATH=/home/jingyan/px4_ros_com_ros2/install/px4_msgs:${AMENT_PREFIX_PATH} CMAKE_PREFIX_PATH=/home/jingyan/px4_ros_com_ros2/install/px4_msgs:/opt/ros/foxy LD_LIBRARY_PATH=/home/jingyan/px4_ros_com_ros2/install/px4_msgs/lib:${LD_LIBRARY_PATH} PYTHONPATH=/home/jingyan/px4_ros_com_ros2/install/px4_msgs/lib/python3.8/site-packages:${PYTHONPATH} /usr/bin/cmake --build /home/jingyan/px4_ros_com_ros2/build/px4_ros_com -- -j16 -l16
[0.052s] -- Using C++17 compiler
[0.052s] -- Found ament_cmake: 0.9.11 (/opt/ros/foxy/share/ament_cmake/cmake)
[0.083s] -- Using PYTHON_EXECUTABLE: /usr/bin/python3
[0.261s] -- Found builtin_interfaces: 1.0.0 (/opt/ros/foxy/share/builtin_interfaces/cmake)
[0.284s] -- Using all available rosidl_typesupport_c: rosidl_typesupport_fastrtps_c;rosidl_typesupport_introspection_c
[0.288s] -- Found rosidl_adapter: 1.3.0 (/opt/ros/foxy/share/rosidl_adapter/cmake)
[0.423s] -- Using all available rosidl_typesupport_cpp: rosidl_typesupport_fastrtps_cpp;rosidl_typesupport_introspection_cpp
[0.468s] -- Found rclcpp: 2.4.2 (/opt/ros/foxy/share/rclcpp/cmake)
[0.507s] -- Found rmw_implementation_cmake: 1.0.3 (/opt/ros/foxy/share/rmw_implementation_cmake/cmake)
[0.508s] -- Using RMW implementation 'rmw_fastrtps_cpp' as default
[0.636s] -- Found rmw_fastrtps_cpp: 1.3.1 (/opt/ros/foxy/share/rmw_fastrtps_cpp/cmake)
[0.756s] -- Found px4_msgs: 2.0.1 (/home/jingyan/px4_ros_com_ros2/install/px4_msgs/share/px4_msgs/cmake)
[0.776s] -- Found sensor_msgs: 2.0.5 (/opt/ros/foxy/share/sensor_msgs/cmake)
[0.876s] -- Found nav_msgs: 2.0.5 (/opt/ros/foxy/share/nav_msgs/cmake)
[0.949s] -- Found tf2: 0.13.13 (/opt/ros/foxy/share/tf2/cmake)
[0.982s] -- Found eigen3_cmake_module: 0.1.1 (/opt/ros/foxy/share/eigen3_cmake_module/cmake)
[0.985s] -- fastrtpsgen found in /usr/local/bin
[1.130s] openjdk version "13.0.7" 2021-04-20
[1.131s] OpenJDK Runtime Environment (build 13.0.7+5-Ubuntu-0ubuntu120.04)
[1.131s] OpenJDK 64-Bit Server VM (build 13.0.7+5-Ubuntu-0ubuntu120.04, mixed mode)
[1.164s] -- fastrtpsgen version 1.0.4
[1.164s] -- px4_msgs message dir under /home/jingyan/px4_ros_com_ros2/install/px4_msgs/share/px4_msgs/msg
[1.164s] -- IDL definitions under /home/jingyan/px4_ros_com_ros2/install/px4_msgs/share/px4_msgs/msg
[1.164s] -- Retrieving list of msgs to send...
[1.216s] -- List of msgs to send: DebugArray, DebugKeyValue, DebugValue, DebugVect, OffboardControlMode, OnboardComputerStatus, PositionSetpoint, PositionSetpointTriplet, SensorOpticalFlow, TelemetryStatus, Timesync, TrajectoryBezier, TrajectorySetpoint, VehicleAttitudeSetpoint, VehicleCommand, VehicleLocalPositionSetpoint, VehicleRatesSetpoint, VehicleTrajectoryBezier, VehicleTrajectoryWaypoint, VehicleMocapOdometry, VehicleVisualOdometry
[1.216s] -- Retrieving list of msgs to receive...
[1.264s] -- List of msgs to receive: CollisionConstraints, SensorCombined, Timesync, TimesyncStatus, TrajectoryWaypoint, VehicleControlMode, VehicleOdometry, VehicleStatus
[1.352s] -- Configuring done
[1.500s] -- Generating done
[1.502s] -- Build files have been written to: /home/jingyan/px4_ros_com_ros2/build/px4_ros_com
[1.539s] [35m[1mScanning dependencies of target Odom_transform[0m
[1.552s] [  2%] Built target frame_transforms
[1.554s] [  3%] [32m[1mLinking CXX executable vehicle_gps_position_listener[0m
[1.556s] [  4%] [32m[1mLinking CXX executable offboard_control[0m
[1.556s] [  5%] [32m[1mLinking CXX executable sensor_combined_listener[0m
[1.560s] [  6%] [32m[1mLinking CXX executable debug_vect_advertiser[0m
[1.565s] [  6%] [32mBuilding CXX object CMakeFiles/Odom_transform.dir/src/examples/offboard/Odom_transform.cpp.o[0m
[1.589s] [ 95%] Built target micrortps_agent
[1.838s] [ 96%] Built target debug_vect_advertiser
[1.941s] [ 97%] Built target vehicle_gps_position_listener
[1.958s] [ 98%] Built target sensor_combined_listener
[2.026s] [ 99%] Built target offboard_control
[7.071s] [100%] [32m[1mLinking CXX executable Odom_transform[0m
[7.365s] /usr/bin/ld: CMakeFiles/Odom_transform.dir/src/examples/offboard/Odom_transform.cpp.o: in function `Px4OdomTransform::odom_convert(std::shared_ptr<px4_msgs::msg::VehicleOdometry_<std::allocator<void> > >)':
[7.366s] /home/jingyan/px4_ros_com_ros2/src/px4_ros_com/src/examples/offboard/Odom_transform.cpp:107: undefined reference to `tf2_ros::TransformBroadcaster::sendTransform(geometry_msgs::msg::TransformStamped_<std::allocator<void> > const&)'
[7.366s] /usr/bin/ld: CMakeFiles/Odom_transform.dir/src/examples/offboard/Odom_transform.cpp.o: in function `rclcpp::Publisher<tf2_msgs::msg::TFMessage_<std::allocator<void> >, std::allocator<void> >::Publisher(rclcpp::node_interfaces::NodeBaseInterface*, std::__cxx11::basic_string<char, std::char_traits<char>, std::allocator<char> > const&, rclcpp::QoS const&, rclcpp::PublisherOptionsWithAllocator<std::allocator<void> > const&)':
[7.366s] /opt/ros/foxy/include/rclcpp/publisher.hpp:81: undefined reference to `rosidl_message_type_support_t const* rosidl_typesupport_cpp::get_message_type_support_handle<tf2_msgs::msg::TFMessage_<std::allocator<void> > >()'
[7.366s] collect2: error: ld returned 1 exit status
[7.369s] make[2]: *** [CMakeFiles/Odom_transform.dir/build.make:153: Odom_transform] Error 1
[7.369s] make[1]: *** [CMakeFiles/Makefile2:306: CMakeFiles/Odom_transform.dir/all] Error 2
[7.369s] make: *** [Makefile:141: all] Error 2
[7.372s] Invoked command in '/home/jingyan/px4_ros_com_ros2/build/px4_ros_com' returned '2': AMENT_PREFIX_PATH=/home/jingyan/px4_ros_com_ros2/install/px4_msgs:${AMENT_PREFIX_PATH} CMAKE_PREFIX_PATH=/home/jingyan/px4_ros_com_ros2/install/px4_msgs:/opt/ros/foxy LD_LIBRARY_PATH=/home/jingyan/px4_ros_com_ros2/install/px4_msgs/lib:${LD_LIBRARY_PATH} PYTHONPATH=/home/jingyan/px4_ros_com_ros2/install/px4_msgs/lib/python3.8/site-packages:${PYTHONPATH} /usr/bin/cmake --build /home/jingyan/px4_ros_com_ros2/build/px4_ros_com -- -j16 -l16
