[0.759s] Invoking command in '/home/jingyan/px4_ros_com_ros2/src/iwr6843_pub-main': PYTHONPATH=/home/jingyan/px4_ros_com_ros2/install/iwr6843_pub/lib/python3.8/site-packages:${PYTHONPATH} /usr/bin/python3 setup.py egg_info --egg-base ../../build/iwr6843_pub build --build-base /home/jingyan/px4_ros_com_ros2/build/iwr6843_pub/build install --prefix /home/jingyan/px4_ros_com_ros2/install/iwr6843_pub --record /home/jingyan/px4_ros_com_ros2/build/iwr6843_pub/install.log --single-version-externally-managed
[0.962s] /usr/local/lib/python3.8/dist-packages/setuptools/dist.py:771: UserWarning: Usage of dash-separated 'script-dir' will not be supported in future versions. Please use the underscore name 'script_dir' instead
[0.962s]   warnings.warn(
[0.962s] /usr/local/lib/python3.8/dist-packages/setuptools/dist.py:771: UserWarning: Usage of dash-separated 'install-scripts' will not be supported in future versions. Please use the underscore name 'install_scripts' instead
[0.962s]   warnings.warn(
[1.017s] running egg_info
[1.026s] writing ../../build/iwr6843_pub/iwr6843_pub.egg-info/PKG-INFO
[1.026s] writing dependency_links to ../../build/iwr6843_pub/iwr6843_pub.egg-info/dependency_links.txt
[1.026s] writing entry points to ../../build/iwr6843_pub/iwr6843_pub.egg-info/entry_points.txt
[1.026s] writing requirements to ../../build/iwr6843_pub/iwr6843_pub.egg-info/requires.txt
[1.026s] writing top-level names to ../../build/iwr6843_pub/iwr6843_pub.egg-info/top_level.txt
[1.044s] reading manifest file '../../build/iwr6843_pub/iwr6843_pub.egg-info/SOURCES.txt'
[1.044s] writing manifest file '../../build/iwr6843_pub/iwr6843_pub.egg-info/SOURCES.txt'
[1.044s] running build
[1.044s] running build_py
[1.045s] running install
[1.045s] /usr/local/lib/python3.8/dist-packages/setuptools/command/install.py:34: SetuptoolsDeprecationWarning: setup.py install is deprecated. Use build and pip and other standards-based tools.
[1.045s]   warnings.warn(
[1.049s] running install_lib
[1.058s] running install_data
[1.067s] running install_egg_info
[1.076s] removing '/home/jingyan/px4_ros_com_ros2/install/iwr6843_pub/lib/python3.8/site-packages/iwr6843_pub-0.0.0-py3.8.egg-info' (and everything under it)
[1.076s] Copying ../../build/iwr6843_pub/iwr6843_pub.egg-info to /home/jingyan/px4_ros_com_ros2/install/iwr6843_pub/lib/python3.8/site-packages/iwr6843_pub-0.0.0-py3.8.egg-info
[1.076s] running install_scripts
[1.121s] Installing pcl_pub script to /home/jingyan/px4_ros_com_ros2/install/iwr6843_pub/lib/iwr6843_pub
[1.122s] writing list of installed files to '/home/jingyan/px4_ros_com_ros2/build/iwr6843_pub/install.log'
[1.162s] Invoked command in '/home/jingyan/px4_ros_com_ros2/src/iwr6843_pub-main' returned '0': PYTHONPATH=/home/jingyan/px4_ros_com_ros2/install/iwr6843_pub/lib/python3.8/site-packages:${PYTHONPATH} /usr/bin/python3 setup.py egg_info --egg-base ../../build/iwr6843_pub build --build-base /home/jingyan/px4_ros_com_ros2/build/iwr6843_pub/build install --prefix /home/jingyan/px4_ros_com_ros2/install/iwr6843_pub --record /home/jingyan/px4_ros_com_ros2/build/iwr6843_pub/install.log --single-version-externally-managed
