-- Install configuration: ""
-- Up-to-date: /home/jingyan/px4_ros_com_ros2/install/mmwave_drone_navigation2/share/mmwave_drone_navigation2/launch
-- Up-to-date: /home/jingyan/px4_ros_com_ros2/install/mmwave_drone_navigation2/share/mmwave_drone_navigation2/launch/navigation2.launch.py
-- Up-to-date: /home/jingyan/px4_ros_com_ros2/install/mmwave_drone_navigation2/share/mmwave_drone_navigation2/launch/navigation2
-- Up-to-date: /home/jingyan/px4_ros_com_ros2/install/mmwave_drone_navigation2/share/mmwave_drone_navigation2/param
-- Up-to-date: /home/jingyan/px4_ros_com_ros2/install/mmwave_drone_navigation2/share/mmwave_drone_navigation2/param/mmWave_drone_nav2.yaml
-- Up-to-date: /home/jingyan/px4_ros_com_ros2/install/mmwave_drone_navigation2/share/mmwave_drone_navigation2/maps
-- Up-to-date: /home/jingyan/px4_ros_com_ros2/install/mmwave_drone_navigation2/share/mmwave_drone_navigation2/maps/square_map.yaml
-- Up-to-date: /home/jingyan/px4_ros_com_ros2/install/mmwave_drone_navigation2/share/mmwave_drone_navigation2/maps/simple_map.yaml
-- Up-to-date: /home/jingyan/px4_ros_com_ros2/install/mmwave_drone_navigation2/share/mmwave_drone_navigation2/maps/square_map.pgm
-- Up-to-date: /home/jingyan/px4_ros_com_ros2/install/mmwave_drone_navigation2/share/mmwave_drone_navigation2/maps/indoor_map.pgm
-- Up-to-date: /home/jingyan/px4_ros_com_ros2/install/mmwave_drone_navigation2/share/mmwave_drone_navigation2/maps/simple_map.pgm
-- Up-to-date: /home/jingyan/px4_ros_com_ros2/install/mmwave_drone_navigation2/share/mmwave_drone_navigation2/maps/indoor_map.yaml
-- Up-to-date: /home/jingyan/px4_ros_com_ros2/install/mmwave_drone_navigation2/share/ament_index/resource_index/package_run_dependencies/mmwave_drone_navigation2
-- Up-to-date: /home/jingyan/px4_ros_com_ros2/install/mmwave_drone_navigation2/share/ament_index/resource_index/parent_prefix_path/mmwave_drone_navigation2
-- Up-to-date: /home/jingyan/px4_ros_com_ros2/install/mmwave_drone_navigation2/share/mmwave_drone_navigation2/environment/ament_prefix_path.sh
-- Up-to-date: /home/jingyan/px4_ros_com_ros2/install/mmwave_drone_navigation2/share/mmwave_drone_navigation2/environment/ament_prefix_path.dsv
-- Up-to-date: /home/jingyan/px4_ros_com_ros2/install/mmwave_drone_navigation2/share/mmwave_drone_navigation2/environment/path.sh
-- Up-to-date: /home/jingyan/px4_ros_com_ros2/install/mmwave_drone_navigation2/share/mmwave_drone_navigation2/environment/path.dsv
-- Up-to-date: /home/jingyan/px4_ros_com_ros2/install/mmwave_drone_navigation2/share/mmwave_drone_navigation2/local_setup.bash
-- Up-to-date: /home/jingyan/px4_ros_com_ros2/install/mmwave_drone_navigation2/share/mmwave_drone_navigation2/local_setup.sh
-- Up-to-date: /home/jingyan/px4_ros_com_ros2/install/mmwave_drone_navigation2/share/mmwave_drone_navigation2/local_setup.zsh
-- Up-to-date: /home/jingyan/px4_ros_com_ros2/install/mmwave_drone_navigation2/share/mmwave_drone_navigation2/local_setup.dsv
-- Installing: /home/jingyan/px4_ros_com_ros2/install/mmwave_drone_navigation2/share/mmwave_drone_navigation2/package.dsv
-- Up-to-date: /home/jingyan/px4_ros_com_ros2/install/mmwave_drone_navigation2/share/ament_index/resource_index/packages/mmwave_drone_navigation2
-- Up-to-date: /home/jingyan/px4_ros_com_ros2/install/mmwave_drone_navigation2/share/mmwave_drone_navigation2/cmake/mmwave_drone_navigation2Config.cmake
-- Up-to-date: /home/jingyan/px4_ros_com_ros2/install/mmwave_drone_navigation2/share/mmwave_drone_navigation2/cmake/mmwave_drone_navigation2Config-version.cmake
-- Up-to-date: /home/jingyan/px4_ros_com_ros2/install/mmwave_drone_navigation2/share/mmwave_drone_navigation2/package.xml
