[0.306s] Invoking command in '/home/jingyan/px4_ros_com_ros2/build/mmwave_drone_navigation2': CMAKE_PREFIX_PATH=/opt/ros/foxy /usr/bin/cmake --build /home/jingyan/px4_ros_com_ros2/build/mmwave_drone_navigation2 -- -j16 -l16
[0.508s] Invoked command in '/home/jingyan/px4_ros_com_ros2/build/mmwave_drone_navigation2' returned '0': CMAKE_PREFIX_PATH=/opt/ros/foxy /usr/bin/cmake --build /home/jingyan/px4_ros_com_ros2/build/mmwave_drone_navigation2 -- -j16 -l16
[0.548s] Invoking command in '/home/jingyan/px4_ros_com_ros2/build/mmwave_drone_navigation2': CMAKE_PREFIX_PATH=/opt/ros/foxy /usr/bin/cmake --install /home/jingyan/px4_ros_com_ros2/build/mmwave_drone_navigation2
[0.563s] -- Install configuration: ""
[0.563s] -- Up-to-date: /home/jingyan/px4_ros_com_ros2/install/mmwave_drone_navigation2/share/mmwave_drone_navigation2/launch
[0.563s] -- Up-to-date: /home/jingyan/px4_ros_com_ros2/install/mmwave_drone_navigation2/share/mmwave_drone_navigation2/launch/navigation2.launch.py
[0.563s] -- Up-to-date: /home/jingyan/px4_ros_com_ros2/install/mmwave_drone_navigation2/share/mmwave_drone_navigation2/launch/navigation2
[0.563s] -- Up-to-date: /home/jingyan/px4_ros_com_ros2/install/mmwave_drone_navigation2/share/mmwave_drone_navigation2/param
[0.564s] -- Up-to-date: /home/jingyan/px4_ros_com_ros2/install/mmwave_drone_navigation2/share/mmwave_drone_navigation2/param/mmWave_drone_nav2.yaml
[0.564s] -- Up-to-date: /home/jingyan/px4_ros_com_ros2/install/mmwave_drone_navigation2/share/mmwave_drone_navigation2/maps
[0.564s] -- Up-to-date: /home/jingyan/px4_ros_com_ros2/install/mmwave_drone_navigation2/share/mmwave_drone_navigation2/maps/square_map.yaml
[0.564s] -- Up-to-date: /home/jingyan/px4_ros_com_ros2/install/mmwave_drone_navigation2/share/mmwave_drone_navigation2/maps/simple_map.yaml
[0.564s] -- Up-to-date: /home/jingyan/px4_ros_com_ros2/install/mmwave_drone_navigation2/share/mmwave_drone_navigation2/maps/square_map.pgm
[0.564s] -- Up-to-date: /home/jingyan/px4_ros_com_ros2/install/mmwave_drone_navigation2/share/mmwave_drone_navigation2/maps/indoor_map.pgm
[0.564s] -- Up-to-date: /home/jingyan/px4_ros_com_ros2/install/mmwave_drone_navigation2/share/mmwave_drone_navigation2/maps/simple_map.pgm
[0.565s] -- Up-to-date: /home/jingyan/px4_ros_com_ros2/install/mmwave_drone_navigation2/share/mmwave_drone_navigation2/maps/indoor_map.yaml
[0.565s] -- Up-to-date: /home/jingyan/px4_ros_com_ros2/install/mmwave_drone_navigation2/share/ament_index/resource_index/package_run_dependencies/mmwave_drone_navigation2
[0.565s] -- Up-to-date: /home/jingyan/px4_ros_com_ros2/install/mmwave_drone_navigation2/share/ament_index/resource_index/parent_prefix_path/mmwave_drone_navigation2
[0.565s] -- Up-to-date: /home/jingyan/px4_ros_com_ros2/install/mmwave_drone_navigation2/share/mmwave_drone_navigation2/environment/ament_prefix_path.sh
[0.565s] -- Up-to-date: /home/jingyan/px4_ros_com_ros2/install/mmwave_drone_navigation2/share/mmwave_drone_navigation2/environment/ament_prefix_path.dsv
[0.565s] -- Up-to-date: /home/jingyan/px4_ros_com_ros2/install/mmwave_drone_navigation2/share/mmwave_drone_navigation2/environment/path.sh
[0.565s] -- Up-to-date: /home/jingyan/px4_ros_com_ros2/install/mmwave_drone_navigation2/share/mmwave_drone_navigation2/environment/path.dsv
[0.566s] -- Up-to-date: /home/jingyan/px4_ros_com_ros2/install/mmwave_drone_navigation2/share/mmwave_drone_navigation2/local_setup.bash
[0.566s] -- Up-to-date: /home/jingyan/px4_ros_com_ros2/install/mmwave_drone_navigation2/share/mmwave_drone_navigation2/local_setup.sh
[0.566s] -- Up-to-date: /home/jingyan/px4_ros_com_ros2/install/mmwave_drone_navigation2/share/mmwave_drone_navigation2/local_setup.zsh
[0.566s] -- Up-to-date: /home/jingyan/px4_ros_com_ros2/install/mmwave_drone_navigation2/share/mmwave_drone_navigation2/local_setup.dsv
[0.566s] -- Installing: /home/jingyan/px4_ros_com_ros2/install/mmwave_drone_navigation2/share/mmwave_drone_navigation2/package.dsv
[0.566s] -- Up-to-date: /home/jingyan/px4_ros_com_ros2/install/mmwave_drone_navigation2/share/ament_index/resource_index/packages/mmwave_drone_navigation2
[0.566s] -- Up-to-date: /home/jingyan/px4_ros_com_ros2/install/mmwave_drone_navigation2/share/mmwave_drone_navigation2/cmake/mmwave_drone_navigation2Config.cmake
[0.566s] -- Up-to-date: /home/jingyan/px4_ros_com_ros2/install/mmwave_drone_navigation2/share/mmwave_drone_navigation2/cmake/mmwave_drone_navigation2Config-version.cmake
[0.567s] -- Up-to-date: /home/jingyan/px4_ros_com_ros2/install/mmwave_drone_navigation2/share/mmwave_drone_navigation2/package.xml
[0.588s] Invoked command in '/home/jingyan/px4_ros_com_ros2/build/mmwave_drone_navigation2' returned '0': CMAKE_PREFIX_PATH=/opt/ros/foxy /usr/bin/cmake --install /home/jingyan/px4_ros_com_ros2/build/mmwave_drone_navigation2
