[35m[1mScanning dependencies of target offboard_control[0m
[  2%] Built target frame_transforms
[  4%] Built target vehicle_gps_position_listener
[  5%] Built target Odom_transform
[  7%] Built target debug_vect_advertiser
[  9%] Built target sensor_combined_listener
[ 11%] Built target offboard_control_vel
[ 12%] [32mBuilding CXX object CMakeFiles/offboard_control.dir/src/examples/offboard/offboard_control.cpp.o[0m
[ 99%] Built target micrortps_agent
[01m[K/home/jingyan/px4_ros_com_ros2/src/px4_ros_com/src/examples/offboard/offboard_control.cpp:[m[K In member function ‘[01m[Kvoid OffboardControl::OnVelVect(geometry_msgs::msg::Twist_<std::allocator<void> >::UniquePtr) const[m[K’:
[01m[K/home/jingyan/px4_ros_com_ros2/src/px4_ros_com/src/examples/offboard/offboard_control.cpp:179:22:[m[K [01;31m[Kerror: [m[Kassignment of member ‘[01m[KOffboardControl::xv[m[K’ in read-only object
  179 |  [01;31m[KOffboardControl::xv = -msg->linear.x[m[K;
      |  [01;31m[K~~~~~~~~~~~~~~~~~~~~^~~~~~~~~~~~~~~~[m[K
[01m[K/home/jingyan/px4_ros_com_ros2/src/px4_ros_com/src/examples/offboard/offboard_control.cpp:180:22:[m[K [01;31m[Kerror: [m[Kassignment of member ‘[01m[KOffboardControl::yv[m[K’ in read-only object
  180 |  [01;31m[KOffboardControl::yv = -msg->linear.y[m[K;
      |  [01;31m[K~~~~~~~~~~~~~~~~~~~~^~~~~~~~~~~~~~~~[m[K
[01m[K/home/jingyan/px4_ros_com_ros2/src/px4_ros_com/src/examples/offboard/offboard_control.cpp:181:24:[m[K [01;31m[Kerror: [m[Kassignment of member ‘[01m[KOffboardControl::yawv[m[K’ in read-only object
  181 |  [01;31m[KOffboardControl::yawv = -msg->angular.z[m[K;
      |  [01;31m[K~~~~~~~~~~~~~~~~~~~~~~^~~~~~~~~~~~~~~~~[m[K
make[2]: *** [CMakeFiles/offboard_control.dir/build.make:63: CMakeFiles/offboard_control.dir/src/examples/offboard/offboard_control.cpp.o] Error 1
make[1]: *** [CMakeFiles/Makefile2:119: CMakeFiles/offboard_control.dir/all] Error 2
make: *** [Makefile:141: all] Error 2
