[0.023s] Invoking command in '/home/jingyan/px4_ros_com_ros2/build/px4_ros_com': AMENT_PREFIX_PATH=/home/jingyan/px4_ros_com_ros2/install/px4_msgs:${AMENT_PREFIX_PATH} CMAKE_PREFIX_PATH=/home/jingyan/px4_ros_com_ros2/install/px4_msgs:/opt/ros/foxy LD_LIBRARY_PATH=/home/jingyan/px4_ros_com_ros2/install/px4_msgs/lib:${LD_LIBRARY_PATH} PYTHONPATH=/home/jingyan/px4_ros_com_ros2/install/px4_msgs/lib/python3.8/site-packages:${PYTHONPATH} /usr/bin/cmake --build /home/jingyan/px4_ros_com_ros2/build/px4_ros_com -- -j16 -l16
[0.084s] [35m[1mScanning dependencies of target offboard_control[0m
[0.099s] [  2%] Built target frame_transforms
[0.100s] [  4%] Built target vehicle_gps_position_listener
[0.100s] [  5%] Built target Odom_transform
[0.101s] [  7%] Built target debug_vect_advertiser
[0.102s] [  9%] Built target sensor_combined_listener
[0.107s] [ 11%] Built target offboard_control_vel
[0.114s] [ 12%] [32mBuilding CXX object CMakeFiles/offboard_control.dir/src/examples/offboard/offboard_control.cpp.o[0m
[0.139s] [ 99%] Built target micrortps_agent
[1.620s] [01m[K/home/jingyan/px4_ros_com_ros2/src/px4_ros_com/src/examples/offboard/offboard_control.cpp:[m[K In member function ‘[01m[Kvoid OffboardControl::OnVelVect(geometry_msgs::msg::Twist_<std::allocator<void> >::UniquePtr) const[m[K’:
[1.620s] [01m[K/home/jingyan/px4_ros_com_ros2/src/px4_ros_com/src/examples/offboard/offboard_control.cpp:179:22:[m[K [01;31m[Kerror: [m[Kassignment of member ‘[01m[KOffboardControl::xv[m[K’ in read-only object
[1.620s]   179 |  [01;31m[KOffboardControl::xv = -msg->linear.x[m[K;
[1.620s]       |  [01;31m[K~~~~~~~~~~~~~~~~~~~~^~~~~~~~~~~~~~~~[m[K
[1.621s] [01m[K/home/jingyan/px4_ros_com_ros2/src/px4_ros_com/src/examples/offboard/offboard_control.cpp:180:22:[m[K [01;31m[Kerror: [m[Kassignment of member ‘[01m[KOffboardControl::yv[m[K’ in read-only object
[1.621s]   180 |  [01;31m[KOffboardControl::yv = -msg->linear.y[m[K;
[1.621s]       |  [01;31m[K~~~~~~~~~~~~~~~~~~~~^~~~~~~~~~~~~~~~[m[K
[1.621s] [01m[K/home/jingyan/px4_ros_com_ros2/src/px4_ros_com/src/examples/offboard/offboard_control.cpp:181:24:[m[K [01;31m[Kerror: [m[Kassignment of member ‘[01m[KOffboardControl::yawv[m[K’ in read-only object
[1.622s]   181 |  [01;31m[KOffboardControl::yawv = -msg->angular.z[m[K;
[1.622s]       |  [01;31m[K~~~~~~~~~~~~~~~~~~~~~~^~~~~~~~~~~~~~~~~[m[K
[3.510s] make[2]: *** [CMakeFiles/offboard_control.dir/build.make:63: CMakeFiles/offboard_control.dir/src/examples/offboard/offboard_control.cpp.o] Error 1
[3.510s] make[1]: *** [CMakeFiles/Makefile2:119: CMakeFiles/offboard_control.dir/all] Error 2
[3.510s] make: *** [Makefile:141: all] Error 2
[3.512s] Invoked command in '/home/jingyan/px4_ros_com_ros2/build/px4_ros_com' returned '2': AMENT_PREFIX_PATH=/home/jingyan/px4_ros_com_ros2/install/px4_msgs:${AMENT_PREFIX_PATH} CMAKE_PREFIX_PATH=/home/jingyan/px4_ros_com_ros2/install/px4_msgs:/opt/ros/foxy LD_LIBRARY_PATH=/home/jingyan/px4_ros_com_ros2/install/px4_msgs/lib:${LD_LIBRARY_PATH} PYTHONPATH=/home/jingyan/px4_ros_com_ros2/install/px4_msgs/lib/python3.8/site-packages:${PYTHONPATH} /usr/bin/cmake --build /home/jingyan/px4_ros_com_ros2/build/px4_ros_com -- -j16 -l16
