[0.019s] Invoking command in '/home/jingyan/px4_ros_com_ros2/build/px4_ros_com': AMENT_PREFIX_PATH=/home/jingyan/px4_ros_com_ros2/install/px4_msgs:${AMENT_PREFIX_PATH} CMAKE_PREFIX_PATH=/home/jingyan/px4_ros_com_ros2/install/px4_msgs:/opt/ros/foxy LD_LIBRARY_PATH=/home/jingyan/px4_ros_com_ros2/install/px4_msgs/lib:${LD_LIBRARY_PATH} PYTHONPATH=/home/jingyan/px4_ros_com_ros2/install/px4_msgs/lib/python3.8/site-packages:${PYTHONPATH} /usr/bin/cmake --build /home/jingyan/px4_ros_com_ros2/build/px4_ros_com -- -j16 -l16
[0.078s] [35m[1mScanning dependencies of target offboard_control[0m
[0.093s] [  2%] Built target frame_transforms
[0.096s] [  4%] Built target sensor_combined_listener
[0.098s] [  6%] Built target debug_vect_advertiser
[0.099s] [  8%] Built target offboard_control_vel
[0.101s] [ 10%] Built target vehicle_gps_position_listener
[0.102s] [ 11%] Built target Odom_transform
[0.111s] [ 12%] [32mBuilding CXX object CMakeFiles/offboard_control.dir/src/examples/offboard/offboard_control.cpp.o[0m
[0.146s] [ 99%] Built target micrortps_agent
[1.660s] [01m[K/home/jingyan/px4_ros_com_ros2/src/px4_ros_com/src/examples/offboard/offboard_control.cpp:[m[K In member function ‘[01m[Kvoid OffboardControl::odom_convert(px4_msgs::msg::VehicleOdometry_<std::allocator<void> >::SharedPtr)[m[K’:
[1.660s] [01m[K/home/jingyan/px4_ros_com_ros2/src/px4_ros_com/src/examples/offboard/offboard_control.cpp:224:7:[m[K [01;31m[Kerror: [m[K‘[01m[KMatrix3x3[m[K’ is not a member of ‘[01m[Ktf2[m[K’
[1.660s]   224 |  tf2::[01;31m[KMatrix3x3[m[K m(q_final);
[1.660s]       |       [01;31m[K^~~~~~~~~[m[K
[1.661s] [01m[K/home/jingyan/px4_ros_com_ros2/src/px4_ros_com/src/examples/offboard/offboard_control.cpp:226:2:[m[K [01;31m[Kerror: [m[K‘[01m[Km[m[K’ was not declared in this scope; did you mean ‘[01m[Ktm[m[K’?
[1.661s]   226 |  [01;31m[Km[m[K.getRPY(roll, pitch, yaw);
[1.661s]       |  [01;31m[K^[m[K
[1.661s]       |  [32m[Ktm[m[K
[4.009s] make[2]: *** [CMakeFiles/offboard_control.dir/build.make:63: CMakeFiles/offboard_control.dir/src/examples/offboard/offboard_control.cpp.o] Error 1
[4.009s] make[1]: *** [CMakeFiles/Makefile2:119: CMakeFiles/offboard_control.dir/all] Error 2
[4.010s] make: *** [Makefile:141: all] Error 2
[4.013s] Invoked command in '/home/jingyan/px4_ros_com_ros2/build/px4_ros_com' returned '2': AMENT_PREFIX_PATH=/home/jingyan/px4_ros_com_ros2/install/px4_msgs:${AMENT_PREFIX_PATH} CMAKE_PREFIX_PATH=/home/jingyan/px4_ros_com_ros2/install/px4_msgs:/opt/ros/foxy LD_LIBRARY_PATH=/home/jingyan/px4_ros_com_ros2/install/px4_msgs/lib:${LD_LIBRARY_PATH} PYTHONPATH=/home/jingyan/px4_ros_com_ros2/install/px4_msgs/lib/python3.8/site-packages:${PYTHONPATH} /usr/bin/cmake --build /home/jingyan/px4_ros_com_ros2/build/px4_ros_com -- -j16 -l16
