[0.044s] Invoking command in '/home/jingyan/px4_ros_com_ros2/build/px4_ros_com': AMENT_PREFIX_PATH=/home/jingyan/px4_ros_com_ros2/install/px4_msgs:${AMENT_PREFIX_PATH} CMAKE_PREFIX_PATH=/home/jingyan/px4_ros_com_ros2/install/px4_msgs:/opt/ros/foxy LD_LIBRARY_PATH=/home/jingyan/px4_ros_com_ros2/install/px4_msgs/lib:${LD_LIBRARY_PATH} PYTHONPATH=/home/jingyan/px4_ros_com_ros2/install/px4_msgs/lib/python3.8/site-packages:${PYTHONPATH} /usr/bin/cmake --build /home/jingyan/px4_ros_com_ros2/build/px4_ros_com -- -j16 -l16
[0.125s] [  6%] Built target vehicle_gps_position_listener
[0.125s] [  6%] Built target frame_transforms
[0.125s] [  6%] Built target sensor_combined_listener
[0.127s] [  8%] Built target debug_vect_advertiser
[0.129s] [ 10%] Built target offboard_control_vel
[0.130s] [ 11%] Built target Odom_transform
[0.136s] [ 13%] Built target offboard_control
[0.170s] [100%] Built target micrortps_agent
[0.187s] Invoked command in '/home/jingyan/px4_ros_com_ros2/build/px4_ros_com' returned '0': AMENT_PREFIX_PATH=/home/jingyan/px4_ros_com_ros2/install/px4_msgs:${AMENT_PREFIX_PATH} CMAKE_PREFIX_PATH=/home/jingyan/px4_ros_com_ros2/install/px4_msgs:/opt/ros/foxy LD_LIBRARY_PATH=/home/jingyan/px4_ros_com_ros2/install/px4_msgs/lib:${LD_LIBRARY_PATH} PYTHONPATH=/home/jingyan/px4_ros_com_ros2/install/px4_msgs/lib/python3.8/site-packages:${PYTHONPATH} /usr/bin/cmake --build /home/jingyan/px4_ros_com_ros2/build/px4_ros_com -- -j16 -l16
[0.362s] Invoking command in '/home/jingyan/px4_ros_com_ros2/build/px4_ros_com': AMENT_PREFIX_PATH=/home/jingyan/px4_ros_com_ros2/install/px4_msgs:${AMENT_PREFIX_PATH} CMAKE_PREFIX_PATH=/home/jingyan/px4_ros_com_ros2/install/px4_msgs:/opt/ros/foxy LD_LIBRARY_PATH=/home/jingyan/px4_ros_com_ros2/install/px4_msgs/lib:${LD_LIBRARY_PATH} PYTHONPATH=/home/jingyan/px4_ros_com_ros2/install/px4_msgs/lib/python3.8/site-packages:${PYTHONPATH} /usr/bin/cmake --install /home/jingyan/px4_ros_com_ros2/build/px4_ros_com
[0.369s] -- Install configuration: ""
[0.370s] -- Up-to-date: /home/jingyan/px4_ros_com_ros2/install/px4_ros_com/lib/px4_ros_com/offboard_control_vel
[0.371s] -- Up-to-date: /home/jingyan/px4_ros_com_ros2/install/px4_ros_com/include/px4_ros_com
[0.371s] -- Up-to-date: /home/jingyan/px4_ros_com_ros2/install/px4_ros_com/share/px4_ros_com/cmake
[0.371s] -- Up-to-date: /home/jingyan/px4_ros_com_ros2/install/px4_ros_com/lib/libframe_transforms.so
[0.371s] -- Up-to-date: /home/jingyan/px4_ros_com_ros2/install/px4_ros_com/bin/micrortps_agent
[0.372s] -- Up-to-date: /home/jingyan/px4_ros_com_ros2/install/px4_ros_com/share/px4_ros_com/launch
[0.372s] -- Up-to-date: /home/jingyan/px4_ros_com_ros2/install/px4_ros_com/share/px4_ros_com/launch/odom.launch.py
[0.372s] -- Up-to-date: /home/jingyan/px4_ros_com_ros2/install/px4_ros_com/share/px4_ros_com/test
[0.373s] -- Installing: /home/jingyan/px4_ros_com_ros2/install/px4_ros_com/share/px4_ros_com/package.dsv
[0.373s] -- Up-to-date: /home/jingyan/px4_ros_com_ros2/install/px4_ros_com/share/px4_ros_com/cmake/export_frame_transformsExport.cmake
[0.373s] -- Up-to-date: /home/jingyan/px4_ros_com_ros2/install/px4_ros_com/share/px4_ros_com/cmake/export_frame_transformsExport-noconfig.cmake
[0.381s] Invoked command in '/home/jingyan/px4_ros_com_ros2/build/px4_ros_com' returned '0': AMENT_PREFIX_PATH=/home/jingyan/px4_ros_com_ros2/install/px4_msgs:${AMENT_PREFIX_PATH} CMAKE_PREFIX_PATH=/home/jingyan/px4_ros_com_ros2/install/px4_msgs:/opt/ros/foxy LD_LIBRARY_PATH=/home/jingyan/px4_ros_com_ros2/install/px4_msgs/lib:${LD_LIBRARY_PATH} PYTHONPATH=/home/jingyan/px4_ros_com_ros2/install/px4_msgs/lib/python3.8/site-packages:${PYTHONPATH} /usr/bin/cmake --install /home/jingyan/px4_ros_com_ros2/build/px4_ros_com
