openjdk version "13.0.7" 2021-04-20
OpenJDK Runtime Environment (build 13.0.7+5-Ubuntu-0ubuntu120.04)
OpenJDK 64-Bit Server VM (build 13.0.7+5-Ubuntu-0ubuntu120.04, mixed mode)
CMake Error at CMakeLists.txt:73 (add_executable):
  Cannot find source file:

    src/examples/offboard/vel_ctrl_vec_pub.cpp

  Tried extensions .c .C .c++ .cc .cpp .cxx .cu .m .M .mm .h .hh .h++ .hm
  .hpp .hxx .in .txx
Call Stack (most recent call first):
  CMakeLists.txt:105 (custom_executable)


CMake Error at CMakeLists.txt:73 (add_executable):
  Cannot find source file:

    src/examples/offboard/img_3d_to_2d_proj.cpp

  Tried extensions .c .C .c++ .cc .cpp .cxx .cu .m .M .mm .h .hh .h++ .hm
  .hpp .hxx .in .txx
Call Stack (most recent call first):
  CMakeLists.txt:106 (custom_executable)


CMake Error at CMakeLists.txt:73 (add_executable):
  Cannot find source file:

    src/examples/offboard/lidar_to_mmwave.cpp

  Tried extensions .c .C .c++ .cc .cpp .cxx .cu .m .M .mm .h .hh .h++ .hm
  .hpp .hxx .in .txx
Call Stack (most recent call first):
  CMakeLists.txt:107 (custom_executable)


CMake Error at CMakeLists.txt:73 (add_executable):
  No SOURCES given to target: vel_ctrl_vec_pub
Call Stack (most recent call first):
  CMakeLists.txt:105 (custom_executable)


CMake Error at CMakeLists.txt:73 (add_executable):
  No SOURCES given to target: img_3d_to_2d_proj
Call Stack (most recent call first):
  CMakeLists.txt:106 (custom_executable)


CMake Error at CMakeLists.txt:73 (add_executable):
  No SOURCES given to target: lidar_to_mmwave
Call Stack (most recent call first):
  CMakeLists.txt:107 (custom_executable)


CMake Generate step failed.  Build files cannot be regenerated correctly.
