[0.016s] Invoking command in '/home/jingyan/px4_ros_com_ros2/build/px4_ros_com': AMENT_PREFIX_PATH=/home/jingyan/px4_ros_com_ros2/install/px4_msgs:${AMENT_PREFIX_PATH} CMAKE_PREFIX_PATH=/home/jingyan/px4_ros_com_ros2/install/px4_msgs:/opt/ros/foxy LD_LIBRARY_PATH=/home/jingyan/px4_ros_com_ros2/install/px4_msgs/lib:${LD_LIBRARY_PATH} PYTHONPATH=/home/jingyan/px4_ros_com_ros2/install/px4_msgs/lib/python3.8/site-packages:${PYTHONPATH} /usr/bin/cmake /home/jingyan/px4_ros_com_ros2/src/px4_ros_com -DCMAKE_INSTALL_PREFIX=/home/jingyan/px4_ros_com_ros2/install/px4_ros_com
[0.028s] -- Using C++17 compiler
[0.028s] -- Found ament_cmake: 0.9.11 (/opt/ros/foxy/share/ament_cmake/cmake)
[0.051s] -- Using PYTHON_EXECUTABLE: /usr/bin/python3
[0.229s] -- Override CMake install command with custom implementation using symlinks instead of copying resources
[0.240s] -- Found builtin_interfaces: 1.0.0 (/opt/ros/foxy/share/builtin_interfaces/cmake)
[0.256s] -- Using all available rosidl_typesupport_c: rosidl_typesupport_fastrtps_c;rosidl_typesupport_introspection_c
[0.259s] -- Found rosidl_adapter: 1.3.0 (/opt/ros/foxy/share/rosidl_adapter/cmake)
[0.397s] -- Using all available rosidl_typesupport_cpp: rosidl_typesupport_fastrtps_cpp;rosidl_typesupport_introspection_cpp
[0.439s] -- Found rclcpp: 2.4.2 (/opt/ros/foxy/share/rclcpp/cmake)
[0.481s] -- Found rmw_implementation_cmake: 1.0.3 (/opt/ros/foxy/share/rmw_implementation_cmake/cmake)
[0.483s] -- Using RMW implementation 'rmw_fastrtps_cpp' as default
[0.618s] -- Found rmw_fastrtps_cpp: 1.3.1 (/opt/ros/foxy/share/rmw_fastrtps_cpp/cmake)
[0.737s] -- Found px4_msgs: 2.0.1 (/home/jingyan/px4_ros_com_ros2/install/px4_msgs/share/px4_msgs/cmake)
[0.752s] -- Found sensor_msgs: 2.0.5 (/opt/ros/foxy/share/sensor_msgs/cmake)
[0.871s] -- Found eigen3_cmake_module: 0.1.1 (/opt/ros/foxy/share/eigen3_cmake_module/cmake)
[0.874s] -- fastrtpsgen found in /usr/local/bin
[0.986s] openjdk version "13.0.7" 2021-04-20
[0.986s] OpenJDK Runtime Environment (build 13.0.7+5-Ubuntu-0ubuntu120.04)
[0.987s] OpenJDK 64-Bit Server VM (build 13.0.7+5-Ubuntu-0ubuntu120.04, mixed mode)
[1.031s] -- fastrtpsgen version 1.0.4
[1.032s] -- px4_msgs message dir under /home/jingyan/px4_ros_com_ros2/install/px4_msgs/share/px4_msgs/msg
[1.032s] -- IDL definitions under /home/jingyan/px4_ros_com_ros2/install/px4_msgs/share/px4_msgs/msg
[1.032s] -- Retrieving list of msgs to send...
[1.080s] -- List of msgs to send: DebugArray, DebugKeyValue, DebugValue, DebugVect, OffboardControlMode, OnboardComputerStatus, PositionSetpoint, PositionSetpointTriplet, SensorOpticalFlow, TelemetryStatus, Timesync, TrajectoryBezier, TrajectorySetpoint, VehicleAttitudeSetpoint, VehicleCommand, VehicleLocalPositionSetpoint, VehicleRatesSetpoint, VehicleTrajectoryBezier, VehicleTrajectoryWaypoint, VehicleMocapOdometry, VehicleVisualOdometry
[1.080s] -- Retrieving list of msgs to receive...
[1.128s] -- List of msgs to receive: CollisionConstraints, SensorCombined, Timesync, TimesyncStatus, TrajectoryWaypoint, VehicleControlMode, VehicleOdometry, VehicleStatus
[1.218s] -- Configuring done
[1.224s] CMake Error at CMakeLists.txt:73 (add_executable):
[1.224s]   Cannot find source file:
[1.224s] 
[1.224s]     src/examples/offboard/vel_ctrl_vec_pub.cpp
[1.224s] 
[1.224s]   Tried extensions .c .C .c++ .cc .cpp .cxx .cu .m .M .mm .h .hh .h++ .hm
[1.225s]   .hpp .hxx .in .txx
[1.225s] Call Stack (most recent call first):
[1.225s]   CMakeLists.txt:105 (custom_executable)
[1.225s] 
[1.225s] 
[1.225s] CMake Error at CMakeLists.txt:73 (add_executable):
[1.225s]   Cannot find source file:
[1.225s] 
[1.226s]     src/examples/offboard/img_3d_to_2d_proj.cpp
[1.226s] 
[1.226s]   Tried extensions .c .C .c++ .cc .cpp .cxx .cu .m .M .mm .h .hh .h++ .hm
[1.226s]   .hpp .hxx .in .txx
[1.226s] Call Stack (most recent call first):
[1.226s]   CMakeLists.txt:106 (custom_executable)
[1.226s] 
[1.227s] 
[1.227s] CMake Error at CMakeLists.txt:73 (add_executable):
[1.227s]   Cannot find source file:
[1.227s] 
[1.227s]     src/examples/offboard/lidar_to_mmwave.cpp
[1.227s] 
[1.227s]   Tried extensions .c .C .c++ .cc .cpp .cxx .cu .m .M .mm .h .hh .h++ .hm
[1.228s]   .hpp .hxx .in .txx
[1.228s] Call Stack (most recent call first):
[1.228s]   CMakeLists.txt:107 (custom_executable)
[1.228s] 
[1.228s] 
[1.228s] CMake Error at CMakeLists.txt:73 (add_executable):
[1.229s]   No SOURCES given to target: vel_ctrl_vec_pub
[1.229s] Call Stack (most recent call first):
[1.229s]   CMakeLists.txt:105 (custom_executable)
[1.229s] 
[1.229s] 
[1.229s] CMake Error at CMakeLists.txt:73 (add_executable):
[1.229s]   No SOURCES given to target: img_3d_to_2d_proj
[1.229s] Call Stack (most recent call first):
[1.229s]   CMakeLists.txt:106 (custom_executable)
[1.230s] 
[1.230s] 
[1.230s] CMake Error at CMakeLists.txt:73 (add_executable):
[1.230s]   No SOURCES given to target: lidar_to_mmwave
[1.230s] Call Stack (most recent call first):
[1.230s]   CMakeLists.txt:107 (custom_executable)
[1.230s] 
[1.230s] 
[1.230s] CMake Generate step failed.  Build files cannot be regenerated correctly.
[1.232s] Invoked command in '/home/jingyan/px4_ros_com_ros2/build/px4_ros_com' returned '1': AMENT_PREFIX_PATH=/home/jingyan/px4_ros_com_ros2/install/px4_msgs:${AMENT_PREFIX_PATH} CMAKE_PREFIX_PATH=/home/jingyan/px4_ros_com_ros2/install/px4_msgs:/opt/ros/foxy LD_LIBRARY_PATH=/home/jingyan/px4_ros_com_ros2/install/px4_msgs/lib:${LD_LIBRARY_PATH} PYTHONPATH=/home/jingyan/px4_ros_com_ros2/install/px4_msgs/lib/python3.8/site-packages:${PYTHONPATH} /usr/bin/cmake /home/jingyan/px4_ros_com_ros2/src/px4_ros_com -DCMAKE_INSTALL_PREFIX=/home/jingyan/px4_ros_com_ros2/install/px4_ros_com
