[0.019s] Invoking command in '/home/jingyan/px4_ros_com_ros2/build/px4_ros_com': AMENT_PREFIX_PATH=/home/jingyan/px4_ros_com_ros2/install/px4_msgs:${AMENT_PREFIX_PATH} CMAKE_PREFIX_PATH=/home/jingyan/px4_ros_com_ros2/install/px4_msgs:/opt/ros/foxy LD_LIBRARY_PATH=/home/jingyan/px4_ros_com_ros2/install/px4_msgs/lib:${LD_LIBRARY_PATH} PYTHONPATH=/home/jingyan/px4_ros_com_ros2/install/px4_msgs/lib/python3.8/site-packages:${PYTHONPATH} /usr/bin/cmake --build /home/jingyan/px4_ros_com_ros2/build/px4_ros_com -- -j16 -l16
[0.054s] -- Using C++17 compiler
[0.054s] -- Found ament_cmake: 0.9.11 (/opt/ros/foxy/share/ament_cmake/cmake)
[0.077s] -- Using PYTHON_EXECUTABLE: /usr/bin/python3
[0.232s] -- Override CMake install command with custom implementation using symlinks instead of copying resources
[0.245s] -- Found builtin_interfaces: 1.0.0 (/opt/ros/foxy/share/builtin_interfaces/cmake)
[0.261s] -- Using all available rosidl_typesupport_c: rosidl_typesupport_fastrtps_c;rosidl_typesupport_introspection_c
[0.263s] -- Found rosidl_adapter: 1.3.0 (/opt/ros/foxy/share/rosidl_adapter/cmake)
[0.394s] -- Using all available rosidl_typesupport_cpp: rosidl_typesupport_fastrtps_cpp;rosidl_typesupport_introspection_cpp
[0.434s] -- Found rclcpp: 2.4.2 (/opt/ros/foxy/share/rclcpp/cmake)
[0.464s] -- Found rmw_implementation_cmake: 1.0.3 (/opt/ros/foxy/share/rmw_implementation_cmake/cmake)
[0.465s] -- Using RMW implementation 'rmw_fastrtps_cpp' as default
[0.580s] -- Found rmw_fastrtps_cpp: 1.3.1 (/opt/ros/foxy/share/rmw_fastrtps_cpp/cmake)
[0.689s] -- Found px4_msgs: 2.0.1 (/home/jingyan/px4_ros_com_ros2/install/px4_msgs/share/px4_msgs/cmake)
[0.705s] -- Found sensor_msgs: 2.0.5 (/opt/ros/foxy/share/sensor_msgs/cmake)
[0.823s] -- Found eigen3_cmake_module: 0.1.1 (/opt/ros/foxy/share/eigen3_cmake_module/cmake)
[0.825s] -- fastrtpsgen found in /usr/local/bin
[0.881s] openjdk version "13.0.7" 2021-04-20
[0.882s] OpenJDK Runtime Environment (build 13.0.7+5-Ubuntu-0ubuntu120.04)
[0.882s] OpenJDK 64-Bit Server VM (build 13.0.7+5-Ubuntu-0ubuntu120.04, mixed mode)
[0.924s] -- fastrtpsgen version 1.0.4
[0.924s] -- px4_msgs message dir under /home/jingyan/px4_ros_com_ros2/install/px4_msgs/share/px4_msgs/msg
[0.924s] -- IDL definitions under /home/jingyan/px4_ros_com_ros2/install/px4_msgs/share/px4_msgs/msg
[0.924s] -- Retrieving list of msgs to send...
[0.969s] -- List of msgs to send: DebugArray, DebugKeyValue, DebugValue, DebugVect, OffboardControlMode, OnboardComputerStatus, PositionSetpoint, PositionSetpointTriplet, SensorOpticalFlow, TelemetryStatus, Timesync, TrajectoryBezier, TrajectorySetpoint, VehicleAttitudeSetpoint, VehicleCommand, VehicleLocalPositionSetpoint, VehicleRatesSetpoint, VehicleTrajectoryBezier, VehicleTrajectoryWaypoint, VehicleMocapOdometry, VehicleVisualOdometry
[0.969s] -- Retrieving list of msgs to receive...
[1.017s] -- List of msgs to receive: CollisionConstraints, SensorCombined, Timesync, TimesyncStatus, TrajectoryWaypoint, VehicleControlMode, VehicleOdometry, VehicleStatus
[1.022s] CMake Error at /opt/ros/foxy/share/ament_cmake_target_dependencies/cmake/ament_target_dependencies.cmake:77 (message):
[1.022s]   ament_target_dependencies() the passed package name 'nav_msgs' was not
[1.023s]   found before
[1.023s] Call Stack (most recent call first):
[1.023s]   CMakeLists.txt:88 (ament_target_dependencies)
[1.023s] 
[1.023s] 
[1.025s] -- Configuring incomplete, errors occurred!
[1.026s] See also "/home/jingyan/px4_ros_com_ros2/build/px4_ros_com/CMakeFiles/CMakeOutput.log".
[1.026s] See also "/home/jingyan/px4_ros_com_ros2/build/px4_ros_com/CMakeFiles/CMakeError.log".
[1.033s] make: *** [Makefile:3216: cmake_check_build_system] Error 1
[1.035s] Invoked command in '/home/jingyan/px4_ros_com_ros2/build/px4_ros_com' returned '2': AMENT_PREFIX_PATH=/home/jingyan/px4_ros_com_ros2/install/px4_msgs:${AMENT_PREFIX_PATH} CMAKE_PREFIX_PATH=/home/jingyan/px4_ros_com_ros2/install/px4_msgs:/opt/ros/foxy LD_LIBRARY_PATH=/home/jingyan/px4_ros_com_ros2/install/px4_msgs/lib:${LD_LIBRARY_PATH} PYTHONPATH=/home/jingyan/px4_ros_com_ros2/install/px4_msgs/lib/python3.8/site-packages:${PYTHONPATH} /usr/bin/cmake --build /home/jingyan/px4_ros_com_ros2/build/px4_ros_com -- -j16 -l16
