/usr/local/lib/python3.8/dist-packages/setuptools/dist.py:771: UserWarning: Usage of dash-separated 'script-dir' will not be supported in future versions. Please use the underscore name 'script_dir' instead
  warnings.warn(
/usr/local/lib/python3.8/dist-packages/setuptools/dist.py:771: UserWarning: Usage of dash-separated 'install-scripts' will not be supported in future versions. Please use the underscore name 'install_scripts' instead
  warnings.warn(
running egg_info
creating ../../build/iwr6843_pub/iwr6843_pub.egg-info
writing ../../build/iwr6843_pub/iwr6843_pub.egg-info/PKG-INFO
writing dependency_links to ../../build/iwr6843_pub/iwr6843_pub.egg-info/dependency_links.txt
writing entry points to ../../build/iwr6843_pub/iwr6843_pub.egg-info/entry_points.txt
writing requirements to ../../build/iwr6843_pub/iwr6843_pub.egg-info/requires.txt
writing top-level names to ../../build/iwr6843_pub/iwr6843_pub.egg-info/top_level.txt
writing manifest file '../../build/iwr6843_pub/iwr6843_pub.egg-info/SOURCES.txt'
reading manifest file '../../build/iwr6843_pub/iwr6843_pub.egg-info/SOURCES.txt'
writing manifest file '../../build/iwr6843_pub/iwr6843_pub.egg-info/SOURCES.txt'
running build
running build_py
creating /home/jingyan/px4_ros_com_ros2/build/iwr6843_pub/build
creating /home/jingyan/px4_ros_com_ros2/build/iwr6843_pub/build/lib
creating /home/jingyan/px4_ros_com_ros2/build/iwr6843_pub/build/lib/iwr6843_pub
copying iwr6843_pub/__init__.py -> /home/jingyan/px4_ros_com_ros2/build/iwr6843_pub/build/lib/iwr6843_pub
copying iwr6843_pub/publisher_member_function.py -> /home/jingyan/px4_ros_com_ros2/build/iwr6843_pub/build/lib/iwr6843_pub
running install
/usr/local/lib/python3.8/dist-packages/setuptools/command/install.py:34: SetuptoolsDeprecationWarning: setup.py install is deprecated. Use build and pip and other standards-based tools.
  warnings.warn(
running install_lib
creating /home/jingyan/px4_ros_com_ros2/install/iwr6843_pub/lib/python3.8/site-packages/iwr6843_pub
copying /home/jingyan/px4_ros_com_ros2/build/iwr6843_pub/build/lib/iwr6843_pub/__init__.py -> /home/jingyan/px4_ros_com_ros2/install/iwr6843_pub/lib/python3.8/site-packages/iwr6843_pub
copying /home/jingyan/px4_ros_com_ros2/build/iwr6843_pub/build/lib/iwr6843_pub/publisher_member_function.py -> /home/jingyan/px4_ros_com_ros2/install/iwr6843_pub/lib/python3.8/site-packages/iwr6843_pub
byte-compiling /home/jingyan/px4_ros_com_ros2/install/iwr6843_pub/lib/python3.8/site-packages/iwr6843_pub/__init__.py to __init__.cpython-38.pyc
byte-compiling /home/jingyan/px4_ros_com_ros2/install/iwr6843_pub/lib/python3.8/site-packages/iwr6843_pub/publisher_member_function.py to publisher_member_function.cpython-38.pyc
running install_data
creating /home/jingyan/px4_ros_com_ros2/install/iwr6843_pub/share/ament_index
creating /home/jingyan/px4_ros_com_ros2/install/iwr6843_pub/share/ament_index/resource_index
creating /home/jingyan/px4_ros_com_ros2/install/iwr6843_pub/share/ament_index/resource_index/packages
error: can't copy 'resource/iwr6843_pub': doesn't exist or not a regular file
