[0.900s] Invoking command in '/home/jingyan/px4_ros_com_ros2/src/iwr6843_pub-main': PYTHONPATH=/home/jingyan/px4_ros_com_ros2/install/iwr6843_pub/lib/python3.8/site-packages:${PYTHONPATH} /usr/bin/python3 setup.py egg_info --egg-base ../../build/iwr6843_pub build --build-base /home/jingyan/px4_ros_com_ros2/build/iwr6843_pub/build install --prefix /home/jingyan/px4_ros_com_ros2/install/iwr6843_pub --record /home/jingyan/px4_ros_com_ros2/build/iwr6843_pub/install.log --single-version-externally-managed
[1.094s] /usr/local/lib/python3.8/dist-packages/setuptools/dist.py:771: UserWarning: Usage of dash-separated 'script-dir' will not be supported in future versions. Please use the underscore name 'script_dir' instead
[1.094s]   warnings.warn(
[1.094s] /usr/local/lib/python3.8/dist-packages/setuptools/dist.py:771: UserWarning: Usage of dash-separated 'install-scripts' will not be supported in future versions. Please use the underscore name 'install_scripts' instead
[1.094s]   warnings.warn(
[1.149s] running egg_info
[1.150s] creating ../../build/iwr6843_pub/iwr6843_pub.egg-info
[1.161s] writing ../../build/iwr6843_pub/iwr6843_pub.egg-info/PKG-INFO
[1.161s] writing dependency_links to ../../build/iwr6843_pub/iwr6843_pub.egg-info/dependency_links.txt
[1.161s] writing entry points to ../../build/iwr6843_pub/iwr6843_pub.egg-info/entry_points.txt
[1.162s] writing requirements to ../../build/iwr6843_pub/iwr6843_pub.egg-info/requires.txt
[1.162s] writing top-level names to ../../build/iwr6843_pub/iwr6843_pub.egg-info/top_level.txt
[1.167s] writing manifest file '../../build/iwr6843_pub/iwr6843_pub.egg-info/SOURCES.txt'
[1.185s] reading manifest file '../../build/iwr6843_pub/iwr6843_pub.egg-info/SOURCES.txt'
[1.185s] writing manifest file '../../build/iwr6843_pub/iwr6843_pub.egg-info/SOURCES.txt'
[1.185s] running build
[1.185s] running build_py
[1.186s] creating /home/jingyan/px4_ros_com_ros2/build/iwr6843_pub/build
[1.186s] creating /home/jingyan/px4_ros_com_ros2/build/iwr6843_pub/build/lib
[1.186s] creating /home/jingyan/px4_ros_com_ros2/build/iwr6843_pub/build/lib/iwr6843_pub
[1.186s] copying iwr6843_pub/__init__.py -> /home/jingyan/px4_ros_com_ros2/build/iwr6843_pub/build/lib/iwr6843_pub
[1.187s] copying iwr6843_pub/publisher_member_function.py -> /home/jingyan/px4_ros_com_ros2/build/iwr6843_pub/build/lib/iwr6843_pub
[1.187s] running install
[1.187s] /usr/local/lib/python3.8/dist-packages/setuptools/command/install.py:34: SetuptoolsDeprecationWarning: setup.py install is deprecated. Use build and pip and other standards-based tools.
[1.187s]   warnings.warn(
[1.190s] running install_lib
[1.199s] creating /home/jingyan/px4_ros_com_ros2/install/iwr6843_pub/lib/python3.8/site-packages/iwr6843_pub
[1.199s] copying /home/jingyan/px4_ros_com_ros2/build/iwr6843_pub/build/lib/iwr6843_pub/__init__.py -> /home/jingyan/px4_ros_com_ros2/install/iwr6843_pub/lib/python3.8/site-packages/iwr6843_pub
[1.200s] copying /home/jingyan/px4_ros_com_ros2/build/iwr6843_pub/build/lib/iwr6843_pub/publisher_member_function.py -> /home/jingyan/px4_ros_com_ros2/install/iwr6843_pub/lib/python3.8/site-packages/iwr6843_pub
[1.200s] byte-compiling /home/jingyan/px4_ros_com_ros2/install/iwr6843_pub/lib/python3.8/site-packages/iwr6843_pub/__init__.py to __init__.cpython-38.pyc
[1.200s] byte-compiling /home/jingyan/px4_ros_com_ros2/install/iwr6843_pub/lib/python3.8/site-packages/iwr6843_pub/publisher_member_function.py to publisher_member_function.cpython-38.pyc
[1.201s] running install_data
[1.210s] creating /home/jingyan/px4_ros_com_ros2/install/iwr6843_pub/share/ament_index
[1.210s] creating /home/jingyan/px4_ros_com_ros2/install/iwr6843_pub/share/ament_index/resource_index
[1.210s] creating /home/jingyan/px4_ros_com_ros2/install/iwr6843_pub/share/ament_index/resource_index/packages
[1.210s] error: can't copy 'resource/iwr6843_pub': doesn't exist or not a regular file
[1.252s] Invoked command in '/home/jingyan/px4_ros_com_ros2/src/iwr6843_pub-main' returned '1': PYTHONPATH=/home/jingyan/px4_ros_com_ros2/install/iwr6843_pub/lib/python3.8/site-packages:${PYTHONPATH} /usr/bin/python3 setup.py egg_info --egg-base ../../build/iwr6843_pub build --build-base /home/jingyan/px4_ros_com_ros2/build/iwr6843_pub/build install --prefix /home/jingyan/px4_ros_com_ros2/install/iwr6843_pub --record /home/jingyan/px4_ros_com_ros2/build/iwr6843_pub/install.log --single-version-externally-managed
