-- Install configuration: ""
-- Up-to-date: /home/jingyan/px4_ros_com_ros2/install/mmwave_drone_cartographer/share/mmwave_drone_cartographer/config
-- Up-to-date: /home/jingyan/px4_ros_com_ros2/install/mmwave_drone_cartographer/share/mmwave_drone_cartographer/config/with_odometry_2d.lua
-- Up-to-date: /home/jingyan/px4_ros_com_ros2/install/mmwave_drone_cartographer/share/mmwave_drone_cartographer/launch
-- Installing: /home/jingyan/px4_ros_com_ros2/install/mmwave_drone_cartographer/share/mmwave_drone_cartographer/launch/cartographer.launch.py
-- Up-to-date: /home/jingyan/px4_ros_com_ros2/install/mmwave_drone_cartographer/share/mmwave_drone_cartographer/rviz
-- Up-to-date: /home/jingyan/px4_ros_com_ros2/install/mmwave_drone_cartographer/share/ament_index/resource_index/package_run_dependencies/mmwave_drone_cartographer
-- Up-to-date: /home/jingyan/px4_ros_com_ros2/install/mmwave_drone_cartographer/share/ament_index/resource_index/parent_prefix_path/mmwave_drone_cartographer
-- Up-to-date: /home/jingyan/px4_ros_com_ros2/install/mmwave_drone_cartographer/share/mmwave_drone_cartographer/environment/ament_prefix_path.sh
-- Up-to-date: /home/jingyan/px4_ros_com_ros2/install/mmwave_drone_cartographer/share/mmwave_drone_cartographer/environment/ament_prefix_path.dsv
-- Up-to-date: /home/jingyan/px4_ros_com_ros2/install/mmwave_drone_cartographer/share/mmwave_drone_cartographer/environment/path.sh
-- Up-to-date: /home/jingyan/px4_ros_com_ros2/install/mmwave_drone_cartographer/share/mmwave_drone_cartographer/environment/path.dsv
-- Up-to-date: /home/jingyan/px4_ros_com_ros2/install/mmwave_drone_cartographer/share/mmwave_drone_cartographer/local_setup.bash
-- Up-to-date: /home/jingyan/px4_ros_com_ros2/install/mmwave_drone_cartographer/share/mmwave_drone_cartographer/local_setup.sh
-- Up-to-date: /home/jingyan/px4_ros_com_ros2/install/mmwave_drone_cartographer/share/mmwave_drone_cartographer/local_setup.zsh
-- Up-to-date: /home/jingyan/px4_ros_com_ros2/install/mmwave_drone_cartographer/share/mmwave_drone_cartographer/local_setup.dsv
-- Installing: /home/jingyan/px4_ros_com_ros2/install/mmwave_drone_cartographer/share/mmwave_drone_cartographer/package.dsv
-- Up-to-date: /home/jingyan/px4_ros_com_ros2/install/mmwave_drone_cartographer/share/ament_index/resource_index/packages/mmwave_drone_cartographer
-- Up-to-date: /home/jingyan/px4_ros_com_ros2/install/mmwave_drone_cartographer/share/mmwave_drone_cartographer/cmake/mmwave_drone_cartographerConfig.cmake
-- Up-to-date: /home/jingyan/px4_ros_com_ros2/install/mmwave_drone_cartographer/share/mmwave_drone_cartographer/cmake/mmwave_drone_cartographerConfig-version.cmake
-- Up-to-date: /home/jingyan/px4_ros_com_ros2/install/mmwave_drone_cartographer/share/mmwave_drone_cartographer/package.xml
