[0.107s] Invoking command in '/home/jingyan/px4_ros_com_ros2/build/px4_ros_com': CMAKE_PREFIX_PATH=/home/jingyan/px4_ros_com_ros2/install/px4_msgs:/home/jingyan/px4_ros_com_ros2/install/px4_ros_com:/home/jingyan/px4_ros_com_ros2/install/mmwave_drone_navigation2:/home/jingyan/px4_ros_com_ros2/install/mmwave_drone_cartographer:/home/jingyan/px4_ros_com_ros2/install/mmWave_drone_navigation2:/home/jingyan/px4_ros_com_ros2/install/mmWave_drone_cartographer:/home/jingyan/px4_ros_com_ros2/install/fishbot_navigation2:/home/jingyan/px4_ros_com_ros2/install/fishbot_cartographer:/home/jingyan/px4_ros_com_ros2/install/nav_goals:/home/jingyan/px4_ros_com_ros2/install/iwr6843aop_pub:/home/jingyan/px4_ros_com_ros2/install/iwr6843_pub:/opt/ros/foxy LD_LIBRARY_PATH=/home/jingyan/px4_ros_com_ros2/install/px4_msgs/lib:/home/jingyan/px4_ros_com_ros2/install/px4_ros_com/lib:/usr/lib/x86_64-linux-gnu/gazebo-11/plugins:/opt/ros/foxy/opt/yaml_cpp_vendor/lib:/opt/ros/foxy/opt/rviz_ogre_vendor/lib:/opt/ros/foxy/lib/x86_64-linux-gnu:/opt/ros/foxy/lib /usr/bin/cmake --build /home/jingyan/px4_ros_com_ros2/build/px4_ros_com -- -j16 -l16
[0.255s] [  2%] Built target sensor_combined_listener
[0.256s] [  4%] Built target offboard_control_vel
[0.258s] [  6%] Built target offboard_control
[0.259s] [  8%] Built target offboard_simple
[0.261s] [ 10%] Built target vehicle_gps_position_listener
[0.261s] [ 12%] Built target debug_vect_advertiser
[0.264s] [ 14%] Built target frame_transforms
[0.268s] [ 18%] Built target Odom_transform
[0.268s] [ 18%] Built target Odom_transform_real
[0.268s] [ 18%] Built target offboard_control_absolute_version
[0.324s] [100%] Built target micrortps_agent
[0.344s] Invoked command in '/home/jingyan/px4_ros_com_ros2/build/px4_ros_com' returned '0': CMAKE_PREFIX_PATH=/home/jingyan/px4_ros_com_ros2/install/px4_msgs:/home/jingyan/px4_ros_com_ros2/install/px4_ros_com:/home/jingyan/px4_ros_com_ros2/install/mmwave_drone_navigation2:/home/jingyan/px4_ros_com_ros2/install/mmwave_drone_cartographer:/home/jingyan/px4_ros_com_ros2/install/mmWave_drone_navigation2:/home/jingyan/px4_ros_com_ros2/install/mmWave_drone_cartographer:/home/jingyan/px4_ros_com_ros2/install/fishbot_navigation2:/home/jingyan/px4_ros_com_ros2/install/fishbot_cartographer:/home/jingyan/px4_ros_com_ros2/install/nav_goals:/home/jingyan/px4_ros_com_ros2/install/iwr6843aop_pub:/home/jingyan/px4_ros_com_ros2/install/iwr6843_pub:/opt/ros/foxy LD_LIBRARY_PATH=/home/jingyan/px4_ros_com_ros2/install/px4_msgs/lib:/home/jingyan/px4_ros_com_ros2/install/px4_ros_com/lib:/usr/lib/x86_64-linux-gnu/gazebo-11/plugins:/opt/ros/foxy/opt/yaml_cpp_vendor/lib:/opt/ros/foxy/opt/rviz_ogre_vendor/lib:/opt/ros/foxy/lib/x86_64-linux-gnu:/opt/ros/foxy/lib /usr/bin/cmake --build /home/jingyan/px4_ros_com_ros2/build/px4_ros_com -- -j16 -l16
[0.690s] Invoking command in '/home/jingyan/px4_ros_com_ros2/build/px4_ros_com': CMAKE_PREFIX_PATH=/home/jingyan/px4_ros_com_ros2/install/px4_msgs:/home/jingyan/px4_ros_com_ros2/install/px4_ros_com:/home/jingyan/px4_ros_com_ros2/install/mmwave_drone_navigation2:/home/jingyan/px4_ros_com_ros2/install/mmwave_drone_cartographer:/home/jingyan/px4_ros_com_ros2/install/mmWave_drone_navigation2:/home/jingyan/px4_ros_com_ros2/install/mmWave_drone_cartographer:/home/jingyan/px4_ros_com_ros2/install/fishbot_navigation2:/home/jingyan/px4_ros_com_ros2/install/fishbot_cartographer:/home/jingyan/px4_ros_com_ros2/install/nav_goals:/home/jingyan/px4_ros_com_ros2/install/iwr6843aop_pub:/home/jingyan/px4_ros_com_ros2/install/iwr6843_pub:/opt/ros/foxy LD_LIBRARY_PATH=/home/jingyan/px4_ros_com_ros2/install/px4_msgs/lib:/home/jingyan/px4_ros_com_ros2/install/px4_ros_com/lib:/usr/lib/x86_64-linux-gnu/gazebo-11/plugins:/opt/ros/foxy/opt/yaml_cpp_vendor/lib:/opt/ros/foxy/opt/rviz_ogre_vendor/lib:/opt/ros/foxy/lib/x86_64-linux-gnu:/opt/ros/foxy/lib /usr/bin/cmake --install /home/jingyan/px4_ros_com_ros2/build/px4_ros_com
[0.704s] -- Install configuration: ""
[0.705s] -- Up-to-date: /home/jingyan/px4_ros_com_ros2/install/px4_ros_com/lib/px4_ros_com/Odom_transform_real
[0.706s] -- Up-to-date: /home/jingyan/px4_ros_com_ros2/install/px4_ros_com/lib/px4_ros_com/offboard_control_vel
[0.708s] -- Up-to-date: /home/jingyan/px4_ros_com_ros2/install/px4_ros_com/lib/px4_ros_com/offboard_control_absolute_version
[0.710s] -- Up-to-date: /home/jingyan/px4_ros_com_ros2/install/px4_ros_com/lib/px4_ros_com/offboard_simple
[0.711s] -- Up-to-date: /home/jingyan/px4_ros_com_ros2/install/px4_ros_com/include/px4_ros_com
[0.711s] -- Up-to-date: /home/jingyan/px4_ros_com_ros2/install/px4_ros_com/share/px4_ros_com/cmake
[0.712s] -- Up-to-date: /home/jingyan/px4_ros_com_ros2/install/px4_ros_com/lib/libframe_transforms.so
[0.713s] -- Up-to-date: /home/jingyan/px4_ros_com_ros2/install/px4_ros_com/bin/micrortps_agent
[0.713s] -- Up-to-date: /home/jingyan/px4_ros_com_ros2/install/px4_ros_com/share/px4_ros_com/launch
[0.713s] -- Up-to-date: /home/jingyan/px4_ros_com_ros2/install/px4_ros_com/share/px4_ros_com/launch/odom.launch.py
[0.714s] -- Up-to-date: /home/jingyan/px4_ros_com_ros2/install/px4_ros_com/share/px4_ros_com/test
[0.714s] -- Installing: /home/jingyan/px4_ros_com_ros2/install/px4_ros_com/share/px4_ros_com/package.dsv
[0.719s] -- Up-to-date: /home/jingyan/px4_ros_com_ros2/install/px4_ros_com/share/px4_ros_com/cmake/export_frame_transformsExport.cmake
[0.719s] -- Up-to-date: /home/jingyan/px4_ros_com_ros2/install/px4_ros_com/share/px4_ros_com/cmake/export_frame_transformsExport-noconfig.cmake
[0.727s] Invoked command in '/home/jingyan/px4_ros_com_ros2/build/px4_ros_com' returned '0': CMAKE_PREFIX_PATH=/home/jingyan/px4_ros_com_ros2/install/px4_msgs:/home/jingyan/px4_ros_com_ros2/install/px4_ros_com:/home/jingyan/px4_ros_com_ros2/install/mmwave_drone_navigation2:/home/jingyan/px4_ros_com_ros2/install/mmwave_drone_cartographer:/home/jingyan/px4_ros_com_ros2/install/mmWave_drone_navigation2:/home/jingyan/px4_ros_com_ros2/install/mmWave_drone_cartographer:/home/jingyan/px4_ros_com_ros2/install/fishbot_navigation2:/home/jingyan/px4_ros_com_ros2/install/fishbot_cartographer:/home/jingyan/px4_ros_com_ros2/install/nav_goals:/home/jingyan/px4_ros_com_ros2/install/iwr6843aop_pub:/home/jingyan/px4_ros_com_ros2/install/iwr6843_pub:/opt/ros/foxy LD_LIBRARY_PATH=/home/jingyan/px4_ros_com_ros2/install/px4_msgs/lib:/home/jingyan/px4_ros_com_ros2/install/px4_ros_com/lib:/usr/lib/x86_64-linux-gnu/gazebo-11/plugins:/opt/ros/foxy/opt/yaml_cpp_vendor/lib:/opt/ros/foxy/opt/rviz_ogre_vendor/lib:/opt/ros/foxy/lib/x86_64-linux-gnu:/opt/ros/foxy/lib /usr/bin/cmake --install /home/jingyan/px4_ros_com_ros2/build/px4_ros_com
