[0.029s] Invoking command in '/home/jingyan/px4_ros_com_ros2/build/mmWave_drone_navigation2': CMAKE_PREFIX_PATH=/opt/ros/foxy /usr/bin/cmake /home/jingyan/px4_ros_com_ros2/src/mmWave_drone_navigation2 -DCMAKE_INSTALL_PREFIX=/home/jingyan/px4_ros_com_ros2/install/mmWave_drone_navigation2
[0.352s] -- The C compiler identification is GNU 9.4.0
[0.595s] -- The CXX compiler identification is GNU 9.4.0
[0.608s] -- Check for working C compiler: /usr/bin/cc
[0.697s] -- Check for working C compiler: /usr/bin/cc -- works
[0.699s] -- Detecting C compiler ABI info
[0.779s] -- Detecting C compiler ABI info - done
[0.798s] -- Detecting C compile features
[0.798s] -- Detecting C compile features - done
[0.801s] -- Check for working CXX compiler: /usr/bin/c++
[0.875s] -- Check for working CXX compiler: /usr/bin/c++ -- works
[0.877s] -- Detecting CXX compiler ABI info
[0.966s] -- Detecting CXX compiler ABI info - done
[0.986s] -- Detecting CXX compile features
[0.986s] -- Detecting CXX compile features - done
[0.997s] -- Found ament_cmake: 0.9.11 (/opt/ros/foxy/share/ament_cmake/cmake)
[1.035s] -- Found PythonInterp: /usr/bin/python3 (found suitable version "3.8.10", minimum required is "3") 
[1.035s] -- Using PYTHON_EXECUTABLE: /usr/bin/python3
[1.240s] -- Found nav2_bringup: 0.4.7 (/opt/ros/foxy/share/nav2_bringup/cmake)
[1.242s] -- Found ament_lint_auto: 0.9.7 (/opt/ros/foxy/share/ament_lint_auto/cmake)
[1.284s] WARNING: Package name "mmWave_drone_navigation2" does not follow the naming conventions. It should start with a lower case letter and only contain lower case letters, digits, underscores, and dashes.
[1.320s] -- Added test 'copyright' to check source files copyright and LICENSE
[1.323s] -- Added test 'flake8' to check Python code syntax and style conventions
[1.324s] -- Added test 'lint_cmake' to check CMake code style
[1.325s] -- Added test 'pep257' to check Python code against some of the style conventions in PEP 257
[1.326s] -- Added test 'xmllint' to check XML markup files
[1.330s] -- Configuring done
[1.331s] -- Generating done
[1.332s] -- Build files have been written to: /home/jingyan/px4_ros_com_ros2/build/mmWave_drone_navigation2
[1.335s] Invoked command in '/home/jingyan/px4_ros_com_ros2/build/mmWave_drone_navigation2' returned '0': CMAKE_PREFIX_PATH=/opt/ros/foxy /usr/bin/cmake /home/jingyan/px4_ros_com_ros2/src/mmWave_drone_navigation2 -DCMAKE_INSTALL_PREFIX=/home/jingyan/px4_ros_com_ros2/install/mmWave_drone_navigation2
[1.340s] Invoking command in '/home/jingyan/px4_ros_com_ros2/build/mmWave_drone_navigation2': CMAKE_PREFIX_PATH=/opt/ros/foxy /usr/bin/cmake --build /home/jingyan/px4_ros_com_ros2/build/mmWave_drone_navigation2 -- -j16 -l16
[1.383s] Invoked command in '/home/jingyan/px4_ros_com_ros2/build/mmWave_drone_navigation2' returned '0': CMAKE_PREFIX_PATH=/opt/ros/foxy /usr/bin/cmake --build /home/jingyan/px4_ros_com_ros2/build/mmWave_drone_navigation2 -- -j16 -l16
[1.420s] Invoking command in '/home/jingyan/px4_ros_com_ros2/build/mmWave_drone_navigation2': CMAKE_PREFIX_PATH=/opt/ros/foxy /usr/bin/cmake --install /home/jingyan/px4_ros_com_ros2/build/mmWave_drone_navigation2
[1.426s] -- Install configuration: ""
[1.426s] -- Installing: /home/jingyan/px4_ros_com_ros2/install/mmWave_drone_navigation2/share/mmWave_drone_navigation2/launch
[1.427s] -- Installing: /home/jingyan/px4_ros_com_ros2/install/mmWave_drone_navigation2/share/mmWave_drone_navigation2/launch/navigation2.launch.py
[1.427s] -- Installing: /home/jingyan/px4_ros_com_ros2/install/mmWave_drone_navigation2/share/mmWave_drone_navigation2/launch/navigation2
[1.427s] -- Installing: /home/jingyan/px4_ros_com_ros2/install/mmWave_drone_navigation2/share/mmWave_drone_navigation2/param
[1.427s] -- Installing: /home/jingyan/px4_ros_com_ros2/install/mmWave_drone_navigation2/share/mmWave_drone_navigation2/param/mmWave_drone_nav2.yaml
[1.427s] -- Installing: /home/jingyan/px4_ros_com_ros2/install/mmWave_drone_navigation2/share/mmWave_drone_navigation2/maps
[1.427s] -- Installing: /home/jingyan/px4_ros_com_ros2/install/mmWave_drone_navigation2/share/mmWave_drone_navigation2/maps/square_map.yaml
[1.428s] -- Installing: /home/jingyan/px4_ros_com_ros2/install/mmWave_drone_navigation2/share/mmWave_drone_navigation2/maps/simple_map.yaml
[1.428s] -- Installing: /home/jingyan/px4_ros_com_ros2/install/mmWave_drone_navigation2/share/mmWave_drone_navigation2/maps/square_map.pgm
[1.428s] -- Installing: /home/jingyan/px4_ros_com_ros2/install/mmWave_drone_navigation2/share/mmWave_drone_navigation2/maps/indoor_map.pgm
[1.429s] -- Installing: /home/jingyan/px4_ros_com_ros2/install/mmWave_drone_navigation2/share/mmWave_drone_navigation2/maps/simple_map.pgm
[1.429s] -- Installing: /home/jingyan/px4_ros_com_ros2/install/mmWave_drone_navigation2/share/mmWave_drone_navigation2/maps/indoor_map.yaml
[1.429s] -- Installing: /home/jingyan/px4_ros_com_ros2/install/mmWave_drone_navigation2/share/ament_index/resource_index/package_run_dependencies/mmWave_drone_navigation2
[1.429s] -- Installing: /home/jingyan/px4_ros_com_ros2/install/mmWave_drone_navigation2/share/ament_index/resource_index/parent_prefix_path/mmWave_drone_navigation2
[1.429s] -- Installing: /home/jingyan/px4_ros_com_ros2/install/mmWave_drone_navigation2/share/mmWave_drone_navigation2/environment/ament_prefix_path.sh
[1.429s] -- Installing: /home/jingyan/px4_ros_com_ros2/install/mmWave_drone_navigation2/share/mmWave_drone_navigation2/environment/ament_prefix_path.dsv
[1.429s] -- Installing: /home/jingyan/px4_ros_com_ros2/install/mmWave_drone_navigation2/share/mmWave_drone_navigation2/environment/path.sh
[1.429s] -- Installing: /home/jingyan/px4_ros_com_ros2/install/mmWave_drone_navigation2/share/mmWave_drone_navigation2/environment/path.dsv
[1.429s] -- Installing: /home/jingyan/px4_ros_com_ros2/install/mmWave_drone_navigation2/share/mmWave_drone_navigation2/local_setup.bash
[1.430s] -- Installing: /home/jingyan/px4_ros_com_ros2/install/mmWave_drone_navigation2/share/mmWave_drone_navigation2/local_setup.sh
[1.430s] -- Installing: /home/jingyan/px4_ros_com_ros2/install/mmWave_drone_navigation2/share/mmWave_drone_navigation2/local_setup.zsh
[1.430s] -- Installing: /home/jingyan/px4_ros_com_ros2/install/mmWave_drone_navigation2/share/mmWave_drone_navigation2/local_setup.dsv
[1.430s] -- Installing: /home/jingyan/px4_ros_com_ros2/install/mmWave_drone_navigation2/share/mmWave_drone_navigation2/package.dsv
[1.430s] -- Installing: /home/jingyan/px4_ros_com_ros2/install/mmWave_drone_navigation2/share/ament_index/resource_index/packages/mmWave_drone_navigation2
[1.430s] -- Installing: /home/jingyan/px4_ros_com_ros2/install/mmWave_drone_navigation2/share/mmWave_drone_navigation2/cmake/mmWave_drone_navigation2Config.cmake
[1.430s] -- Installing: /home/jingyan/px4_ros_com_ros2/install/mmWave_drone_navigation2/share/mmWave_drone_navigation2/cmake/mmWave_drone_navigation2Config-version.cmake
[1.431s] -- Installing: /home/jingyan/px4_ros_com_ros2/install/mmWave_drone_navigation2/share/mmWave_drone_navigation2/package.xml
[1.434s] Invoked command in '/home/jingyan/px4_ros_com_ros2/build/mmWave_drone_navigation2' returned '0': CMAKE_PREFIX_PATH=/opt/ros/foxy /usr/bin/cmake --install /home/jingyan/px4_ros_com_ros2/build/mmWave_drone_navigation2
