[0.020s] Invoking command in '/home/jingyan/px4_ros_com_ros2/build/px4_ros_com': AMENT_PREFIX_PATH=/home/jingyan/px4_ros_com_ros2/install/px4_msgs:${AMENT_PREFIX_PATH} CMAKE_PREFIX_PATH=/home/jingyan/px4_ros_com_ros2/install/px4_msgs:/opt/ros/foxy LD_LIBRARY_PATH=/home/jingyan/px4_ros_com_ros2/install/px4_msgs/lib:${LD_LIBRARY_PATH} PYTHONPATH=/home/jingyan/px4_ros_com_ros2/install/px4_msgs/lib/python3.8/site-packages:${PYTHONPATH} /usr/bin/cmake --build /home/jingyan/px4_ros_com_ros2/build/px4_ros_com -- -j16 -l16
[0.120s] [  1%] Built target debug_vect_advertiser
[0.122s] [  3%] Built target sensor_combined_listener
[0.124s] [  6%] Built target offboard_control
[0.124s] [  7%] Built target frame_transforms
[0.124s] [  9%] Built target vehicle_gps_position_listener
[0.172s] [100%] Built target micrortps_agent
[0.182s] Invoked command in '/home/jingyan/px4_ros_com_ros2/build/px4_ros_com' returned '0': AMENT_PREFIX_PATH=/home/jingyan/px4_ros_com_ros2/install/px4_msgs:${AMENT_PREFIX_PATH} CMAKE_PREFIX_PATH=/home/jingyan/px4_ros_com_ros2/install/px4_msgs:/opt/ros/foxy LD_LIBRARY_PATH=/home/jingyan/px4_ros_com_ros2/install/px4_msgs/lib:${LD_LIBRARY_PATH} PYTHONPATH=/home/jingyan/px4_ros_com_ros2/install/px4_msgs/lib/python3.8/site-packages:${PYTHONPATH} /usr/bin/cmake --build /home/jingyan/px4_ros_com_ros2/build/px4_ros_com -- -j16 -l16
[0.350s] Invoking command in '/home/jingyan/px4_ros_com_ros2/build/px4_ros_com': AMENT_PREFIX_PATH=/home/jingyan/px4_ros_com_ros2/install/px4_msgs:${AMENT_PREFIX_PATH} CMAKE_PREFIX_PATH=/home/jingyan/px4_ros_com_ros2/install/px4_msgs:/opt/ros/foxy LD_LIBRARY_PATH=/home/jingyan/px4_ros_com_ros2/install/px4_msgs/lib:${LD_LIBRARY_PATH} PYTHONPATH=/home/jingyan/px4_ros_com_ros2/install/px4_msgs/lib/python3.8/site-packages:${PYTHONPATH} /usr/bin/cmake --install /home/jingyan/px4_ros_com_ros2/build/px4_ros_com
[0.363s] -- Install configuration: "RELWITHDEBINFO"
[0.363s] -- Execute custom install script
[0.365s] -- Up-to-date symlink: /home/jingyan/px4_ros_com_ros2/install/px4_ros_com/lib/px4_ros_com/sensor_combined_listener
[0.365s] -- Up-to-date symlink: /home/jingyan/px4_ros_com_ros2/install/px4_ros_com/lib/px4_ros_com/vehicle_gps_position_listener
[0.366s] -- Up-to-date symlink: /home/jingyan/px4_ros_com_ros2/install/px4_ros_com/lib/px4_ros_com/debug_vect_advertiser
[0.367s] -- Up-to-date symlink: /home/jingyan/px4_ros_com_ros2/install/px4_ros_com/lib/px4_ros_com/offboard_control
[0.368s] -- Up-to-date symlink: /home/jingyan/px4_ros_com_ros2/install/px4_ros_com/share/px4_ros_com/environment/library_path.sh
[0.368s] -- Up-to-date symlink: /home/jingyan/px4_ros_com_ros2/install/px4_ros_com/share/px4_ros_com/environment/library_path.dsv
[0.370s] -- Up-to-date symlink: /home/jingyan/px4_ros_com_ros2/install/px4_ros_com/include/px4_ros_com/frame_transforms.h
[0.371s] -- Up-to-date symlink: /home/jingyan/px4_ros_com_ros2/install/px4_ros_com/share/px4_ros_com/cmake/EnableC++XX.cmake
[0.371s] -- Up-to-date symlink: /home/jingyan/px4_ros_com_ros2/install/px4_ros_com/share/px4_ros_com/cmake/EnableSanitizers.cmake
[0.371s] -- Up-to-date symlink: /home/jingyan/px4_ros_com_ros2/install/px4_ros_com/share/px4_ros_com/cmake/GenerateMicroRTPSAgent.cmake
[0.373s] -- Up-to-date symlink: /home/jingyan/px4_ros_com_ros2/install/px4_ros_com/share/px4_ros_com/launch/sensor_combined_listener.launch.py
[0.374s] -- Up-to-date symlink: /home/jingyan/px4_ros_com_ros2/install/px4_ros_com/share/px4_ros_com/test/__init__.py
[0.375s] -- Up-to-date symlink: /home/jingyan/px4_ros_com_ros2/install/px4_ros_com/share/px4_ros_com/test/pipeline_io_test.py
[0.375s] -- Up-to-date symlink: /home/jingyan/px4_ros_com_ros2/install/px4_ros_com/share/px4_ros_com/test/test_input.py
[0.375s] -- Up-to-date symlink: /home/jingyan/px4_ros_com_ros2/install/px4_ros_com/share/px4_ros_com/test/test_output.py
[0.377s] -- Up-to-date symlink: /home/jingyan/px4_ros_com_ros2/install/px4_ros_com/share/ament_index/resource_index/package_run_dependencies/px4_ros_com
[0.377s] -- Up-to-date symlink: /home/jingyan/px4_ros_com_ros2/install/px4_ros_com/share/ament_index/resource_index/parent_prefix_path/px4_ros_com
[0.378s] -- Up-to-date symlink: /home/jingyan/px4_ros_com_ros2/install/px4_ros_com/share/px4_ros_com/environment/ament_prefix_path.sh
[0.378s] -- Up-to-date symlink: /home/jingyan/px4_ros_com_ros2/install/px4_ros_com/share/px4_ros_com/environment/ament_prefix_path.dsv
[0.378s] -- Up-to-date symlink: /home/jingyan/px4_ros_com_ros2/install/px4_ros_com/share/px4_ros_com/environment/path.sh
[0.379s] -- Up-to-date symlink: /home/jingyan/px4_ros_com_ros2/install/px4_ros_com/share/px4_ros_com/environment/path.dsv
[0.379s] -- Up-to-date symlink: /home/jingyan/px4_ros_com_ros2/install/px4_ros_com/share/px4_ros_com/local_setup.bash
[0.379s] -- Up-to-date symlink: /home/jingyan/px4_ros_com_ros2/install/px4_ros_com/share/px4_ros_com/local_setup.sh
[0.379s] -- Up-to-date symlink: /home/jingyan/px4_ros_com_ros2/install/px4_ros_com/share/px4_ros_com/local_setup.zsh
[0.380s] -- Up-to-date symlink: /home/jingyan/px4_ros_com_ros2/install/px4_ros_com/share/px4_ros_com/local_setup.dsv
[0.380s] -- Symlinking: /home/jingyan/px4_ros_com_ros2/install/px4_ros_com/share/px4_ros_com/package.dsv
[0.390s] -- Up-to-date symlink: /home/jingyan/px4_ros_com_ros2/install/px4_ros_com/share/ament_index/resource_index/packages/px4_ros_com
[0.391s] -- Up-to-date symlink: /home/jingyan/px4_ros_com_ros2/install/px4_ros_com/share/px4_ros_com/cmake/ament_cmake_export_dependencies-extras.cmake
[0.391s] -- Up-to-date symlink: /home/jingyan/px4_ros_com_ros2/install/px4_ros_com/share/px4_ros_com/cmake/ament_cmake_export_targets-extras.cmake
[0.392s] -- Up-to-date symlink: /home/jingyan/px4_ros_com_ros2/install/px4_ros_com/share/px4_ros_com/cmake/ament_cmake_export_include_directories-extras.cmake
[0.393s] -- Up-to-date symlink: /home/jingyan/px4_ros_com_ros2/install/px4_ros_com/share/px4_ros_com/cmake/ament_cmake_export_libraries-extras.cmake
[0.393s] -- Up-to-date symlink: /home/jingyan/px4_ros_com_ros2/install/px4_ros_com/share/px4_ros_com/cmake/px4_ros_comConfig.cmake
[0.393s] -- Up-to-date symlink: /home/jingyan/px4_ros_com_ros2/install/px4_ros_com/share/px4_ros_com/cmake/px4_ros_comConfig-version.cmake
[0.394s] -- Up-to-date symlink: /home/jingyan/px4_ros_com_ros2/install/px4_ros_com/share/px4_ros_com/package.xml
[0.395s] -- Up-to-date: /home/jingyan/px4_ros_com_ros2/install/px4_ros_com/lib/libframe_transforms.so
[0.397s] -- Up-to-date: /home/jingyan/px4_ros_com_ros2/install/px4_ros_com/bin/micrortps_agent
[0.399s] -- Up-to-date: /home/jingyan/px4_ros_com_ros2/install/px4_ros_com/share/px4_ros_com/cmake/export_frame_transformsExport.cmake
[0.399s] -- Up-to-date: /home/jingyan/px4_ros_com_ros2/install/px4_ros_com/share/px4_ros_com/cmake/export_frame_transformsExport-relwithdebinfo.cmake
[0.408s] Invoked command in '/home/jingyan/px4_ros_com_ros2/build/px4_ros_com' returned '0': AMENT_PREFIX_PATH=/home/jingyan/px4_ros_com_ros2/install/px4_msgs:${AMENT_PREFIX_PATH} CMAKE_PREFIX_PATH=/home/jingyan/px4_ros_com_ros2/install/px4_msgs:/opt/ros/foxy LD_LIBRARY_PATH=/home/jingyan/px4_ros_com_ros2/install/px4_msgs/lib:${LD_LIBRARY_PATH} PYTHONPATH=/home/jingyan/px4_ros_com_ros2/install/px4_msgs/lib/python3.8/site-packages:${PYTHONPATH} /usr/bin/cmake --install /home/jingyan/px4_ros_com_ros2/build/px4_ros_com
