[35m[1mScanning dependencies of target offboard_control[0m
[  5%] Built target sensor_combined_listener
[  5%] Built target vehicle_gps_position_listener
[  6%] Built target frame_transforms
[ 10%] Built target debug_vect_advertiser
[ 10%] Built target offboard_control_vel
[ 11%] Built target Odom_transform
[ 98%] Built target micrortps_agent
[ 99%] [32mBuilding CXX object CMakeFiles/offboard_control.dir/src/examples/offboard/offboard_control.cpp.o[0m
[01m[K/home/jingyan/px4_ros_com_ros2/src/px4_ros_com/src/examples/offboard/offboard_control.cpp:177:6:[m[K [01;31m[Kerror: [m[Kno declaration matches ‘[01m[Kvoid OffboardControl::OnVelVect(geometry_msgs::msg::Twist_<std::allocator<void> >::UniquePtr) const[m[K’
  177 | void [01;31m[KOffboardControl[m[K::OnVelVect(const geometry_msgs::msg::Twist::UniquePtr msg) const
      |      [01;31m[K^~~~~~~~~~~~~~~[m[K
[01m[K/home/jingyan/px4_ros_com_ros2/src/px4_ros_com/src/examples/offboard/offboard_control.cpp:138:7:[m[K [01;36m[Knote: [m[Kcandidate is: ‘[01m[Kvoid OffboardControl::OnVelVect(geometry_msgs::msg::Twist_<std::allocator<void> >::UniquePtr)[m[K’
  138 |  void [01;36m[KOnVelVect[m[K(const geometry_msgs::msg::Twist::UniquePtr msg);
      |       [01;36m[K^~~~~~~~~[m[K
[01m[K/home/jingyan/px4_ros_com_ros2/src/px4_ros_com/src/examples/offboard/offboard_control.cpp:62:7:[m[K [01;36m[Knote: [m[K‘[01m[Kclass OffboardControl[m[K’ defined here
   62 | class [01;36m[KOffboardControl[m[K : public rclcpp::Node
      |       [01;36m[K^~~~~~~~~~~~~~~[m[K
make[2]: *** [CMakeFiles/offboard_control.dir/build.make:63: CMakeFiles/offboard_control.dir/src/examples/offboard/offboard_control.cpp.o] Error 1
make[1]: *** [CMakeFiles/Makefile2:119: CMakeFiles/offboard_control.dir/all] Error 2
make: *** [Makefile:141: all] Error 2
