[0.020s] Invoking command in '/home/jingyan/px4_ros_com_ros2/build/px4_ros_com': AMENT_PREFIX_PATH=/home/jingyan/px4_ros_com_ros2/install/px4_msgs:${AMENT_PREFIX_PATH} CMAKE_PREFIX_PATH=/home/jingyan/px4_ros_com_ros2/install/px4_msgs:/opt/ros/foxy LD_LIBRARY_PATH=/home/jingyan/px4_ros_com_ros2/install/px4_msgs/lib:${LD_LIBRARY_PATH} PYTHONPATH=/home/jingyan/px4_ros_com_ros2/install/px4_msgs/lib/python3.8/site-packages:${PYTHONPATH} /usr/bin/cmake --build /home/jingyan/px4_ros_com_ros2/build/px4_ros_com -- -j16 -l16
[0.084s] [35m[1mScanning dependencies of target offboard_control[0m
[0.096s] [  5%] Built target sensor_combined_listener
[0.096s] [  5%] Built target vehicle_gps_position_listener
[0.097s] [  6%] Built target frame_transforms
[0.099s] [ 10%] Built target debug_vect_advertiser
[0.099s] [ 10%] Built target offboard_control_vel
[0.104s] [ 11%] Built target Odom_transform
[0.137s] [ 98%] Built target micrortps_agent
[0.214s] [ 99%] [32mBuilding CXX object CMakeFiles/offboard_control.dir/src/examples/offboard/offboard_control.cpp.o[0m
[1.667s] [01m[K/home/jingyan/px4_ros_com_ros2/src/px4_ros_com/src/examples/offboard/offboard_control.cpp:177:6:[m[K [01;31m[Kerror: [m[Kno declaration matches ‘[01m[Kvoid OffboardControl::OnVelVect(geometry_msgs::msg::Twist_<std::allocator<void> >::UniquePtr) const[m[K’
[1.668s]   177 | void [01;31m[KOffboardControl[m[K::OnVelVect(const geometry_msgs::msg::Twist::UniquePtr msg) const
[1.668s]       |      [01;31m[K^~~~~~~~~~~~~~~[m[K
[1.668s] [01m[K/home/jingyan/px4_ros_com_ros2/src/px4_ros_com/src/examples/offboard/offboard_control.cpp:138:7:[m[K [01;36m[Knote: [m[Kcandidate is: ‘[01m[Kvoid OffboardControl::OnVelVect(geometry_msgs::msg::Twist_<std::allocator<void> >::UniquePtr)[m[K’
[1.668s]   138 |  void [01;36m[KOnVelVect[m[K(const geometry_msgs::msg::Twist::UniquePtr msg);
[1.668s]       |       [01;36m[K^~~~~~~~~[m[K
[1.669s] [01m[K/home/jingyan/px4_ros_com_ros2/src/px4_ros_com/src/examples/offboard/offboard_control.cpp:62:7:[m[K [01;36m[Knote: [m[K‘[01m[Kclass OffboardControl[m[K’ defined here
[1.669s]    62 | class [01;36m[KOffboardControl[m[K : public rclcpp::Node
[1.669s]       |       [01;36m[K^~~~~~~~~~~~~~~[m[K
[3.690s] make[2]: *** [CMakeFiles/offboard_control.dir/build.make:63: CMakeFiles/offboard_control.dir/src/examples/offboard/offboard_control.cpp.o] Error 1
[3.690s] make[1]: *** [CMakeFiles/Makefile2:119: CMakeFiles/offboard_control.dir/all] Error 2
[3.690s] make: *** [Makefile:141: all] Error 2
[3.694s] Invoked command in '/home/jingyan/px4_ros_com_ros2/build/px4_ros_com' returned '2': AMENT_PREFIX_PATH=/home/jingyan/px4_ros_com_ros2/install/px4_msgs:${AMENT_PREFIX_PATH} CMAKE_PREFIX_PATH=/home/jingyan/px4_ros_com_ros2/install/px4_msgs:/opt/ros/foxy LD_LIBRARY_PATH=/home/jingyan/px4_ros_com_ros2/install/px4_msgs/lib:${LD_LIBRARY_PATH} PYTHONPATH=/home/jingyan/px4_ros_com_ros2/install/px4_msgs/lib/python3.8/site-packages:${PYTHONPATH} /usr/bin/cmake --build /home/jingyan/px4_ros_com_ros2/build/px4_ros_com -- -j16 -l16
