[35m[1mScanning dependencies of target offboard_control[0m
[  2%] Built target frame_transforms
[  4%] Built target sensor_combined_listener
[  6%] Built target offboard_control_vel
[  8%] Built target debug_vect_advertiser
[ 10%] Built target vehicle_gps_position_listener
[ 11%] [32mBuilding CXX object CMakeFiles/offboard_control.dir/src/examples/offboard/offboard_control.cpp.o[0m
[ 12%] Built target Odom_transform
[ 99%] Built target micrortps_agent
[01m[K/home/jingyan/px4_ros_com_ros2/src/px4_ros_com/src/examples/offboard/offboard_control.cpp:[m[K In member function ‘[01m[Kvoid OffboardControl::publish_trajectory_setpoint(float, float, float, float, float, float, float, float) const[m[K’:
[01m[K/home/jingyan/px4_ros_com_ros2/src/px4_ros_com/src/examples/offboard/offboard_control.cpp:232:6:[m[K [01;31m[Kerror: [m[K‘[01m[Kusing TrajectorySetpoint = struct px4_msgs::msg::TrajectorySetpoint_<std::allocator<void> >[m[K’ {aka ‘[01m[Kstruct px4_msgs::msg::TrajectorySetpoint_<std::allocator<void> >[m[K’} has no member named ‘[01m[Kx[m[K’
  232 |  msg.[01;31m[Kx[m[K = x;     // in meters NED
      |      [01;31m[K^[m[K
[01m[K/home/jingyan/px4_ros_com_ros2/src/px4_ros_com/src/examples/offboard/offboard_control.cpp:233:6:[m[K [01;31m[Kerror: [m[K‘[01m[Kusing TrajectorySetpoint = struct px4_msgs::msg::TrajectorySetpoint_<std::allocator<void> >[m[K’ {aka ‘[01m[Kstruct px4_msgs::msg::TrajectorySetpoint_<std::allocator<void> >[m[K’} has no member named ‘[01m[Ky[m[K’
  233 |  msg.[01;31m[Ky[m[K = y;     // in meters NED
      |      [01;31m[K^[m[K
[01m[K/home/jingyan/px4_ros_com_ros2/src/px4_ros_com/src/examples/offboard/offboard_control.cpp:234:6:[m[K [01;31m[Kerror: [m[K‘[01m[Kusing TrajectorySetpoint = struct px4_msgs::msg::TrajectorySetpoint_<std::allocator<void> >[m[K’ {aka ‘[01m[Kstruct px4_msgs::msg::TrajectorySetpoint_<std::allocator<void> >[m[K’} has no member named ‘[01m[Kz[m[K’
  234 |  msg.[01;31m[Kz[m[K = z;     // in meters NED
      |      [01;31m[K^[m[K
[01m[K/home/jingyan/px4_ros_com_ros2/src/px4_ros_com/src/examples/offboard/offboard_control.cpp:237:6:[m[K [01;31m[Kerror: [m[K‘[01m[Kusing TrajectorySetpoint = struct px4_msgs::msg::TrajectorySetpoint_<std::allocator<void> >[m[K’ {aka ‘[01m[Kstruct px4_msgs::msg::TrajectorySetpoint_<std::allocator<void> >[m[K’} has no member named ‘[01m[Kvx[m[K’
  237 |  msg.[01;31m[Kvx[m[K = vx;    // in meters/sec
      |      [01;31m[K^~[m[K
[01m[K/home/jingyan/px4_ros_com_ros2/src/px4_ros_com/src/examples/offboard/offboard_control.cpp:238:6:[m[K [01;31m[Kerror: [m[K‘[01m[Kusing TrajectorySetpoint = struct px4_msgs::msg::TrajectorySetpoint_<std::allocator<void> >[m[K’ {aka ‘[01m[Kstruct px4_msgs::msg::TrajectorySetpoint_<std::allocator<void> >[m[K’} has no member named ‘[01m[Kvy[m[K’
  238 |  msg.[01;31m[Kvy[m[K = vy;    // in meters/sec
      |      [01;31m[K^~[m[K
[01m[K/home/jingyan/px4_ros_com_ros2/src/px4_ros_com/src/examples/offboard/offboard_control.cpp:239:6:[m[K [01;31m[Kerror: [m[K‘[01m[Kusing TrajectorySetpoint = struct px4_msgs::msg::TrajectorySetpoint_<std::allocator<void> >[m[K’ {aka ‘[01m[Kstruct px4_msgs::msg::TrajectorySetpoint_<std::allocator<void> >[m[K’} has no member named ‘[01m[Kvz[m[K’
  239 |  msg.[01;31m[Kvz[m[K = vz;    // in meters/sec
      |      [01;31m[K^~[m[K
make[2]: *** [CMakeFiles/offboard_control.dir/build.make:63: CMakeFiles/offboard_control.dir/src/examples/offboard/offboard_control.cpp.o] Error 1
make[1]: *** [CMakeFiles/Makefile2:119: CMakeFiles/offboard_control.dir/all] Error 2
make: *** [Makefile:141: all] Error 2
