[0.020s] Invoking command in '/home/jingyan/px4_ros_com_ros2/build/px4_ros_com': AMENT_PREFIX_PATH=/home/jingyan/px4_ros_com_ros2/install/px4_msgs:${AMENT_PREFIX_PATH} CMAKE_PREFIX_PATH=/home/jingyan/px4_ros_com_ros2/install/px4_msgs:/opt/ros/foxy LD_LIBRARY_PATH=/home/jingyan/px4_ros_com_ros2/install/px4_msgs/lib:${LD_LIBRARY_PATH} PYTHONPATH=/home/jingyan/px4_ros_com_ros2/install/px4_msgs/lib/python3.8/site-packages:${PYTHONPATH} /usr/bin/cmake --build /home/jingyan/px4_ros_com_ros2/build/px4_ros_com -- -j16 -l16
[0.112s] [35m[1mScanning dependencies of target offboard_control[0m
[0.135s] [  4%] Built target debug_vect_advertiser
[0.135s] [  4%] Built target offboard_control_vel
[0.136s] [  6%] Built target sensor_combined_listener
[0.139s] [  8%] Built target Odom_transform
[0.139s] [  9%] Built target frame_transforms
[0.144s] [ 11%] Built target vehicle_gps_position_listener
[0.144s] [ 12%] [32mBuilding CXX object CMakeFiles/offboard_control.dir/src/examples/offboard/offboard_control.cpp.o[0m
[0.170s] [ 99%] Built target micrortps_agent
[1.705s] [01m[K/home/jingyan/px4_ros_com_ros2/src/px4_ros_com/src/examples/offboard/offboard_control.cpp:116:2:[m[K [01;31m[Kerror: [m[K‘[01m[Ksubscription_[m[K’ does not name a type; did you mean ‘[01m[Krcl_subscription_t[m[K’?
[1.705s]   116 |  [01;31m[Ksubscription_[m[K = this->create_subscription<geometry_msgs::msg::Twist>(
[1.705s]       |  [01;31m[K^~~~~~~~~~~~~[m[K
[1.705s]       |  [32m[Krcl_subscription_t[m[K
[1.727s] [01m[K/home/jingyan/px4_ros_com_ros2/src/px4_ros_com/src/examples/offboard/offboard_control.cpp:136:38:[m[K [01;31m[Kerror: [m[K‘[01m[KDebugVect[m[K’ in namespace ‘[01m[Kpx4_msgs::msg[m[K’ does not name a type
[1.727s]   136 |  void OnVelVect(const px4_msgs::msg::[01;31m[KDebugVect[m[K::UniquePtr msg);
[1.728s]       |                                      [01;31m[K^~~~~~~~~[m[K
[1.728s] [01m[K/home/jingyan/px4_ros_com_ros2/src/px4_ros_com/src/examples/offboard/offboard_control.cpp:136:59:[m[K [01;31m[Kerror: [m[Kexpected unqualified-id before ‘[01m[Kmsg[m[K’
[1.728s]   136 |  void OnVelVect(const px4_msgs::msg::DebugVect::UniquePtr [01;31m[Kmsg[m[K);
[1.728s]       |                                                           [01;31m[K^~~[m[K
[1.729s] [01m[K/home/jingyan/px4_ros_com_ros2/src/px4_ros_com/src/examples/offboard/offboard_control.cpp:136:58:[m[K [01;31m[Kerror: [m[Kexpected ‘[01m[K)[m[K’ before ‘[01m[Kmsg[m[K’
[1.729s]   136 |  void OnVelVect[34m[K([m[Kconst px4_msgs::msg::DebugVect::UniquePtr[01;31m[K [m[K[32m[Kmsg[m[K);
[1.729s]       |                [34m[K~[m[K                                         [01;31m[K^[m[K[32m[K~~~[m[K
[1.729s]       |                                                          [32m[K)[m[K
[1.729s] [01m[K/home/jingyan/px4_ros_com_ros2/src/px4_ros_com/src/examples/offboard/offboard_control.cpp:136:49:[m[K [01;31m[Kerror: [m[Kexpected ‘[01m[K;[m[K’ at end of member declaration
[1.729s]   136 |  void OnVelVect(const px4_msgs::msg::DebugVect::[01;31m[KUniquePtr[m[K msg);
[1.730s]       |                                                 [01;31m[K^~~~~~~~~[m[K
[1.730s]       |                                                          [32m[K;[m[K
[1.730s] [01m[K/home/jingyan/px4_ros_com_ros2/src/px4_ros_com/src/examples/offboard/offboard_control.cpp:136:59:[m[K [01;31m[Kerror: [m[K‘[01m[Kmsg[m[K’ does not name a type
[1.730s]   136 |  void OnVelVect(const px4_msgs::msg::DebugVect::UniquePtr [01;31m[Kmsg[m[K);
[1.730s]       |                                                           [01;31m[K^~~[m[K
[1.737s] [01m[K/home/jingyan/px4_ros_com_ros2/src/px4_ros_com/src/examples/offboard/offboard_control.cpp:[m[K In lambda function:
[1.737s] [01m[K/home/jingyan/px4_ros_com_ros2/src/px4_ros_com/src/examples/offboard/offboard_control.cpp:100:11:[m[K [01;31m[Kerror: [m[K‘[01m[Kclass OffboardControl[m[K’ has no member named ‘[01m[Karm[m[K’
[1.737s]   100 |     this->[01;31m[Karm[m[K();
[1.737s]       |           [01;31m[K^~~[m[K
[1.742s] [01m[K/home/jingyan/px4_ros_com_ros2/src/px4_ros_com/src/examples/offboard/offboard_control.cpp:[m[K At global scope:
[1.742s] [01m[K/home/jingyan/px4_ros_com_ros2/src/px4_ros_com/src/examples/offboard/offboard_control.cpp:142:6:[m[K [01;31m[Kerror: [m[Kno declaration matches ‘[01m[Kvoid OffboardControl::arm() const[m[K’
[1.742s]   142 | void [01;31m[KOffboardControl[m[K::arm() const
[1.742s]       |      [01;31m[K^~~~~~~~~~~~~~~[m[K
[1.742s] [01m[K/home/jingyan/px4_ros_com_ros2/src/px4_ros_com/src/examples/offboard/offboard_control.cpp:142:6:[m[K [01;36m[Knote: [m[Kno functions named ‘[01m[Kvoid OffboardControl::arm() const[m[K’
[1.742s] [01m[K/home/jingyan/px4_ros_com_ros2/src/px4_ros_com/src/examples/offboard/offboard_control.cpp:61:7:[m[K [01;36m[Knote: [m[K‘[01m[Kclass OffboardControl[m[K’ defined here
[1.743s]    61 | class [01;36m[KOffboardControl[m[K : public rclcpp::Node
[1.743s]       |       [01;36m[K^~~~~~~~~~~~~~~[m[K
[1.743s] [01m[K/home/jingyan/px4_ros_com_ros2/src/px4_ros_com/src/examples/offboard/offboard_control.cpp:152:6:[m[K [01;31m[Kerror: [m[Kno declaration matches ‘[01m[Kvoid OffboardControl::disarm() const[m[K’
[1.743s]   152 | void [01;31m[KOffboardControl[m[K::disarm() const
[1.743s]       |      [01;31m[K^~~~~~~~~~~~~~~[m[K
[1.743s] [01m[K/home/jingyan/px4_ros_com_ros2/src/px4_ros_com/src/examples/offboard/offboard_control.cpp:152:6:[m[K [01;36m[Knote: [m[Kno functions named ‘[01m[Kvoid OffboardControl::disarm() const[m[K’
[1.743s] [01m[K/home/jingyan/px4_ros_com_ros2/src/px4_ros_com/src/examples/offboard/offboard_control.cpp:61:7:[m[K [01;36m[Knote: [m[K‘[01m[Kclass OffboardControl[m[K’ defined here
[1.744s]    61 | class [01;36m[KOffboardControl[m[K : public rclcpp::Node
[1.744s]       |       [01;36m[K^~~~~~~~~~~~~~~[m[K
[1.747s] [01m[K/home/jingyan/px4_ros_com_ros2/src/px4_ros_com/src/examples/offboard/offboard_control.cpp:175:54:[m[K [01;31m[Kerror: [m[K‘[01m[KDebugVect[m[K’ in namespace ‘[01m[Kpx4_msgs::msg[m[K’ does not name a type
[1.747s]   175 | void OffboardControl::OnVelVect(const px4_msgs::msg::[01;31m[KDebugVect[m[K::UniquePtr msg)
[1.747s]       |                                                      [01;31m[K^~~~~~~~~[m[K
[1.748s] [01m[K/home/jingyan/px4_ros_com_ros2/src/px4_ros_com/src/examples/offboard/offboard_control.cpp:175:75:[m[K [01;31m[Kerror: [m[Kexpected unqualified-id before ‘[01m[Kmsg[m[K’
[1.748s]   175 | void OffboardControl::OnVelVect(const px4_msgs::msg::DebugVect::UniquePtr [01;31m[Kmsg[m[K)
[1.748s]       |                                                                           [01;31m[K^~~[m[K
[1.748s] [01m[K/home/jingyan/px4_ros_com_ros2/src/px4_ros_com/src/examples/offboard/offboard_control.cpp:175:74:[m[K [01;31m[Kerror: [m[Kexpected ‘[01m[K)[m[K’ before ‘[01m[Kmsg[m[K’
[1.748s]   175 | void OffboardControl::OnVelVect[34m[K([m[Kconst px4_msgs::msg::DebugVect::UniquePtr[01;31m[K [m[K[32m[Kmsg[m[K)
[1.748s]       |                                [34m[K~[m[K                                         [01;31m[K^[m[K[32m[K~~~[m[K
[1.748s]       |                                                                          [32m[K)[m[K
[1.749s] [01m[K/home/jingyan/px4_ros_com_ros2/src/px4_ros_com/src/examples/offboard/offboard_control.cpp:175:75:[m[K [01;31m[Kerror: [m[Kexpected initializer before ‘[01m[Kmsg[m[K’
[1.749s]   175 | void OffboardControl::OnVelVect(const px4_msgs::msg::DebugVect::UniquePtr [01;31m[Kmsg[m[K)
[1.749s]       |                                                                           [01;31m[K^~~[m[K
[1.749s] [01m[K/home/jingyan/px4_ros_com_ros2/src/px4_ros_com/src/examples/offboard/offboard_control.cpp:182:12:[m[K [01;31m[Kerror: [m[Knon-member function ‘[01m[Kvoid arm()[m[K’ cannot have cv-qualifier
[1.749s]   182 | void arm() [01;31m[Kconst[m[K;
[1.749s]       |            [01;31m[K^~~~~[m[K
[1.749s] [01m[K/home/jingyan/px4_ros_com_ros2/src/px4_ros_com/src/examples/offboard/offboard_control.cpp:183:15:[m[K [01;31m[Kerror: [m[Knon-member function ‘[01m[Kvoid disarm()[m[K’ cannot have cv-qualifier
[1.749s]   183 | void disarm() [01;31m[Kconst[m[K;
[1.749s]       |               [01;31m[K^~~~~[m[K
[3.154s] make[2]: *** [CMakeFiles/offboard_control.dir/build.make:63: CMakeFiles/offboard_control.dir/src/examples/offboard/offboard_control.cpp.o] Error 1
[3.154s] make[1]: *** [CMakeFiles/Makefile2:119: CMakeFiles/offboard_control.dir/all] Error 2
[3.154s] make: *** [Makefile:141: all] Error 2
[3.159s] Invoked command in '/home/jingyan/px4_ros_com_ros2/build/px4_ros_com' returned '2': AMENT_PREFIX_PATH=/home/jingyan/px4_ros_com_ros2/install/px4_msgs:${AMENT_PREFIX_PATH} CMAKE_PREFIX_PATH=/home/jingyan/px4_ros_com_ros2/install/px4_msgs:/opt/ros/foxy LD_LIBRARY_PATH=/home/jingyan/px4_ros_com_ros2/install/px4_msgs/lib:${LD_LIBRARY_PATH} PYTHONPATH=/home/jingyan/px4_ros_com_ros2/install/px4_msgs/lib/python3.8/site-packages:${PYTHONPATH} /usr/bin/cmake --build /home/jingyan/px4_ros_com_ros2/build/px4_ros_com -- -j16 -l16
