[0.271s] Invoking command in '/home/jingyan/px4_ros_com_ros2/build/fishbot_navigation2': CMAKE_PREFIX_PATH=/opt/ros/foxy /usr/bin/cmake --build /home/jingyan/px4_ros_com_ros2/build/fishbot_navigation2 -- -j16 -l16
[0.328s] Invoked command in '/home/jingyan/px4_ros_com_ros2/build/fishbot_navigation2' returned '0': CMAKE_PREFIX_PATH=/opt/ros/foxy /usr/bin/cmake --build /home/jingyan/px4_ros_com_ros2/build/fishbot_navigation2 -- -j16 -l16
[0.382s] Invoking command in '/home/jingyan/px4_ros_com_ros2/build/fishbot_navigation2': CMAKE_PREFIX_PATH=/opt/ros/foxy /usr/bin/cmake --install /home/jingyan/px4_ros_com_ros2/build/fishbot_navigation2
[0.395s] -- Install configuration: ""
[0.395s] -- Up-to-date: /home/jingyan/px4_ros_com_ros2/install/fishbot_navigation2/share/fishbot_navigation2/launch
[0.395s] -- Installing: /home/jingyan/px4_ros_com_ros2/install/fishbot_navigation2/share/fishbot_navigation2/launch/navigation2.launch.py
[0.396s] -- Up-to-date: /home/jingyan/px4_ros_com_ros2/install/fishbot_navigation2/share/fishbot_navigation2/launch/navigation2
[0.396s] -- Up-to-date: /home/jingyan/px4_ros_com_ros2/install/fishbot_navigation2/share/fishbot_navigation2/param
[0.396s] -- Up-to-date: /home/jingyan/px4_ros_com_ros2/install/fishbot_navigation2/share/fishbot_navigation2/param/fishbot_nav2.yaml
[0.396s] -- Up-to-date: /home/jingyan/px4_ros_com_ros2/install/fishbot_navigation2/share/fishbot_navigation2/maps
[0.396s] -- Up-to-date: /home/jingyan/px4_ros_com_ros2/install/fishbot_navigation2/share/fishbot_navigation2/maps/fishbot_map.yaml
[0.396s] -- Installing: /home/jingyan/px4_ros_com_ros2/install/fishbot_navigation2/share/fishbot_navigation2/maps/square_map.yaml
[0.396s] -- Installing: /home/jingyan/px4_ros_com_ros2/install/fishbot_navigation2/share/fishbot_navigation2/maps/square_map.pgm
[0.397s] -- Up-to-date: /home/jingyan/px4_ros_com_ros2/install/fishbot_navigation2/share/fishbot_navigation2/maps/fishbot_map.pgm
[0.397s] -- Up-to-date: /home/jingyan/px4_ros_com_ros2/install/fishbot_navigation2/share/ament_index/resource_index/package_run_dependencies/fishbot_navigation2
[0.397s] -- Up-to-date: /home/jingyan/px4_ros_com_ros2/install/fishbot_navigation2/share/ament_index/resource_index/parent_prefix_path/fishbot_navigation2
[0.397s] -- Up-to-date: /home/jingyan/px4_ros_com_ros2/install/fishbot_navigation2/share/fishbot_navigation2/environment/ament_prefix_path.sh
[0.398s] -- Up-to-date: /home/jingyan/px4_ros_com_ros2/install/fishbot_navigation2/share/fishbot_navigation2/environment/ament_prefix_path.dsv
[0.398s] -- Up-to-date: /home/jingyan/px4_ros_com_ros2/install/fishbot_navigation2/share/fishbot_navigation2/environment/path.sh
[0.398s] -- Up-to-date: /home/jingyan/px4_ros_com_ros2/install/fishbot_navigation2/share/fishbot_navigation2/environment/path.dsv
[0.399s] -- Up-to-date: /home/jingyan/px4_ros_com_ros2/install/fishbot_navigation2/share/fishbot_navigation2/local_setup.bash
[0.402s] -- Up-to-date: /home/jingyan/px4_ros_com_ros2/install/fishbot_navigation2/share/fishbot_navigation2/local_setup.sh
[0.402s] -- Up-to-date: /home/jingyan/px4_ros_com_ros2/install/fishbot_navigation2/share/fishbot_navigation2/local_setup.zsh
[0.402s] -- Up-to-date: /home/jingyan/px4_ros_com_ros2/install/fishbot_navigation2/share/fishbot_navigation2/local_setup.dsv
[0.402s] -- Up-to-date: /home/jingyan/px4_ros_com_ros2/install/fishbot_navigation2/share/fishbot_navigation2/package.dsv
[0.402s] -- Up-to-date: /home/jingyan/px4_ros_com_ros2/install/fishbot_navigation2/share/ament_index/resource_index/packages/fishbot_navigation2
[0.402s] -- Up-to-date: /home/jingyan/px4_ros_com_ros2/install/fishbot_navigation2/share/fishbot_navigation2/cmake/fishbot_navigation2Config.cmake
[0.403s] -- Up-to-date: /home/jingyan/px4_ros_com_ros2/install/fishbot_navigation2/share/fishbot_navigation2/cmake/fishbot_navigation2Config-version.cmake
[0.403s] -- Up-to-date: /home/jingyan/px4_ros_com_ros2/install/fishbot_navigation2/share/fishbot_navigation2/package.xml
[0.403s] Invoked command in '/home/jingyan/px4_ros_com_ros2/build/fishbot_navigation2' returned '0': CMAKE_PREFIX_PATH=/opt/ros/foxy /usr/bin/cmake --install /home/jingyan/px4_ros_com_ros2/build/fishbot_navigation2
