[  2%] Built target frame_transforms
[  4%] Built target Odom_transform_real
[ 10%] Built target debug_vect_advertiser
[ 10%] Built target sensor_combined_listener
[ 10%] Built target vehicle_gps_position_listener
[ 13%] Built target Odom_transform
[ 13%] Built target offboard_control
[ 15%] Built target offboard_simple
[ 17%] Built target offboard_control_vel
[ 18%] Built target offboard_control_absolute_version
[100%] Built target micrortps_agent
-- Install configuration: ""
-- Up-to-date: /home/jingyan/px4_ros_com_ros2/install/px4_ros_com/lib/px4_ros_com/Odom_transform_real
-- Up-to-date: /home/jingyan/px4_ros_com_ros2/install/px4_ros_com/lib/px4_ros_com/offboard_control_vel
-- Up-to-date: /home/jingyan/px4_ros_com_ros2/install/px4_ros_com/lib/px4_ros_com/offboard_control_absolute_version
-- Up-to-date: /home/jingyan/px4_ros_com_ros2/install/px4_ros_com/lib/px4_ros_com/offboard_simple
-- Up-to-date: /home/jingyan/px4_ros_com_ros2/install/px4_ros_com/include/px4_ros_com
-- Up-to-date: /home/jingyan/px4_ros_com_ros2/install/px4_ros_com/share/px4_ros_com/cmake
-- Up-to-date: /home/jingyan/px4_ros_com_ros2/install/px4_ros_com/lib/libframe_transforms.so
-- Up-to-date: /home/jingyan/px4_ros_com_ros2/install/px4_ros_com/bin/micrortps_agent
-- Up-to-date: /home/jingyan/px4_ros_com_ros2/install/px4_ros_com/share/px4_ros_com/launch
-- Up-to-date: /home/jingyan/px4_ros_com_ros2/install/px4_ros_com/share/px4_ros_com/launch/odom.launch.py
-- Up-to-date: /home/jingyan/px4_ros_com_ros2/install/px4_ros_com/share/px4_ros_com/test
-- Installing: /home/jingyan/px4_ros_com_ros2/install/px4_ros_com/share/px4_ros_com/package.dsv
-- Up-to-date: /home/jingyan/px4_ros_com_ros2/install/px4_ros_com/share/px4_ros_com/cmake/export_frame_transformsExport.cmake
-- Up-to-date: /home/jingyan/px4_ros_com_ros2/install/px4_ros_com/share/px4_ros_com/cmake/export_frame_transformsExport-noconfig.cmake
