[35m[1mScanning dependencies of target offboard_control[0m
[  2%] Built target debug_vect_advertiser
[  4%] Built target vehicle_gps_position_listener
[  8%] Built target offboard_control_vel
[  8%] Built target frame_transforms
[ 10%] Built target sensor_combined_listener
[ 11%] Built target Odom_transform
[ 12%] [32mBuilding CXX object CMakeFiles/offboard_control.dir/src/examples/offboard/offboard_control.cpp.o[0m
[ 99%] Built target micrortps_agent
[01m[K/home/jingyan/px4_ros_com_ros2/src/px4_ros_com/src/examples/offboard/offboard_control.cpp:[m[K In constructor ‘[01m[KOffboardControl::OffboardControl()[m[K’:
[01m[K/home/jingyan/px4_ros_com_ros2/src/px4_ros_com/src/examples/offboard/offboard_control.cpp:137:15:[m[K [01;31m[Kerror: [m[K‘[01m[KPx4OdomTransform[m[K’ has not been declared
  137 |    std::bind(&[01;31m[KPx4OdomTransform[m[K::odom_convert, this, std::placeholders::_1));
      |               [01;31m[K^~~~~~~~~~~~~~~~[m[K
[01m[K/home/jingyan/px4_ros_com_ros2/src/px4_ros_com/src/examples/offboard/offboard_control.cpp:[m[K At global scope:
[01m[K/home/jingyan/px4_ros_com_ros2/src/px4_ros_com/src/examples/offboard/offboard_control.cpp:210:6:[m[K [01;31m[Kerror: [m[K‘[01m[KPx4OdomTransform[m[K’ has not been declared
  210 | void [01;31m[KPx4OdomTransform[m[K::odom_convert(const px4_msgs::msg::VehicleOdometry::SharedPtr _msg)
      |      [01;31m[K^~~~~~~~~~~~~~~~[m[K
[01m[K/home/jingyan/px4_ros_com_ros2/src/px4_ros_com/src/examples/offboard/offboard_control.cpp:[m[K In function ‘[01m[Kvoid odom_convert(px4_msgs::msg::VehicleOdometry_<std::allocator<void> >::SharedPtr)[m[K’:
[01m[K/home/jingyan/px4_ros_com_ros2/src/px4_ros_com/src/examples/offboard/offboard_control.cpp:223:2:[m[K [01;31m[Kerror: [m[K‘[01m[Ktf[m[K’ has not been declared
  223 |  [01;31m[Ktf[m[K::Matrix3x3 m(q_final);
      |  [01;31m[K^~[m[K
[01m[K/home/jingyan/px4_ros_com_ros2/src/px4_ros_com/src/examples/offboard/offboard_control.cpp:225:2:[m[K [01;31m[Kerror: [m[K‘[01m[Km[m[K’ was not declared in this scope; did you mean ‘[01m[Ktm[m[K’?
  225 |  [01;31m[Km[m[K.getRPY(roll, pitch, yaw);
      |  [01;31m[K^[m[K
      |  [32m[Ktm[m[K
[01m[K/home/jingyan/px4_ros_com_ros2/src/px4_ros_com/src/examples/offboard/offboard_control.cpp:226:19:[m[K [01;31m[Kerror: [m[K‘[01m[Kfloat OffboardControl::CurrYaw[m[K’ is private within this context
  226 |  OffboardControl::[01;31m[KCurrYaw[m[K = yaw;
      |                   [01;31m[K^~~~~~~[m[K
[01m[K/home/jingyan/px4_ros_com_ros2/src/px4_ros_com/src/examples/offboard/offboard_control.cpp:154:8:[m[K [01;36m[Knote: [m[Kdeclared private here
  154 |  float [01;36m[KCurrYaw[m[K = 0.0;
      |        [01;36m[K^~~~~~~[m[K
[01m[K/home/jingyan/px4_ros_com_ros2/src/px4_ros_com/src/examples/offboard/offboard_control.cpp:226:19:[m[K [01;31m[Kerror: [m[Kinvalid use of non-static data member ‘[01m[KOffboardControl::CurrYaw[m[K’
  226 |  OffboardControl::[01;31m[KCurrYaw[m[K = yaw;
      |                   [01;31m[K^~~~~~~[m[K
[01m[K/home/jingyan/px4_ros_com_ros2/src/px4_ros_com/src/examples/offboard/offboard_control.cpp:154:8:[m[K [01;36m[Knote: [m[Kdeclared here
  154 |  float [01;36m[KCurrYaw[m[K = 0.0;
      |        [01;36m[K^~~~~~~[m[K
make[2]: *** [CMakeFiles/offboard_control.dir/build.make:63: CMakeFiles/offboard_control.dir/src/examples/offboard/offboard_control.cpp.o] Error 1
make[1]: *** [CMakeFiles/Makefile2:119: CMakeFiles/offboard_control.dir/all] Error 2
make: *** [Makefile:141: all] Error 2
