[0.031s] Invoking command in '/home/jingyan/px4_ros_com_ros2/build/px4_ros_com': AMENT_PREFIX_PATH=/home/jingyan/px4_ros_com_ros2/install/px4_msgs:${AMENT_PREFIX_PATH} CMAKE_PREFIX_PATH=/home/jingyan/px4_ros_com_ros2/install/px4_msgs:/opt/ros/foxy LD_LIBRARY_PATH=/home/jingyan/px4_ros_com_ros2/install/px4_msgs/lib:${LD_LIBRARY_PATH} PYTHONPATH=/home/jingyan/px4_ros_com_ros2/install/px4_msgs/lib/python3.8/site-packages:${PYTHONPATH} /usr/bin/cmake --build /home/jingyan/px4_ros_com_ros2/build/px4_ros_com -- -j16 -l16
[0.092s] [35m[1mScanning dependencies of target offboard_control[0m
[0.111s] [  2%] Built target debug_vect_advertiser
[0.111s] [  4%] Built target vehicle_gps_position_listener
[0.112s] [  8%] Built target offboard_control_vel
[0.112s] [  8%] Built target frame_transforms
[0.115s] [ 10%] Built target sensor_combined_listener
[0.116s] [ 11%] Built target Odom_transform
[0.126s] [ 12%] [32mBuilding CXX object CMakeFiles/offboard_control.dir/src/examples/offboard/offboard_control.cpp.o[0m
[0.155s] [ 99%] Built target micrortps_agent
[1.465s] [01m[K/home/jingyan/px4_ros_com_ros2/src/px4_ros_com/src/examples/offboard/offboard_control.cpp:[m[K In constructor ‘[01m[KOffboardControl::OffboardControl()[m[K’:
[1.465s] [01m[K/home/jingyan/px4_ros_com_ros2/src/px4_ros_com/src/examples/offboard/offboard_control.cpp:137:15:[m[K [01;31m[Kerror: [m[K‘[01m[KPx4OdomTransform[m[K’ has not been declared
[1.466s]   137 |    std::bind(&[01;31m[KPx4OdomTransform[m[K::odom_convert, this, std::placeholders::_1));
[1.466s]       |               [01;31m[K^~~~~~~~~~~~~~~~[m[K
[1.632s] [01m[K/home/jingyan/px4_ros_com_ros2/src/px4_ros_com/src/examples/offboard/offboard_control.cpp:[m[K At global scope:
[1.632s] [01m[K/home/jingyan/px4_ros_com_ros2/src/px4_ros_com/src/examples/offboard/offboard_control.cpp:210:6:[m[K [01;31m[Kerror: [m[K‘[01m[KPx4OdomTransform[m[K’ has not been declared
[1.632s]   210 | void [01;31m[KPx4OdomTransform[m[K::odom_convert(const px4_msgs::msg::VehicleOdometry::SharedPtr _msg)
[1.632s]       |      [01;31m[K^~~~~~~~~~~~~~~~[m[K
[1.634s] [01m[K/home/jingyan/px4_ros_com_ros2/src/px4_ros_com/src/examples/offboard/offboard_control.cpp:[m[K In function ‘[01m[Kvoid odom_convert(px4_msgs::msg::VehicleOdometry_<std::allocator<void> >::SharedPtr)[m[K’:
[1.634s] [01m[K/home/jingyan/px4_ros_com_ros2/src/px4_ros_com/src/examples/offboard/offboard_control.cpp:223:2:[m[K [01;31m[Kerror: [m[K‘[01m[Ktf[m[K’ has not been declared
[1.634s]   223 |  [01;31m[Ktf[m[K::Matrix3x3 m(q_final);
[1.634s]       |  [01;31m[K^~[m[K
[1.635s] [01m[K/home/jingyan/px4_ros_com_ros2/src/px4_ros_com/src/examples/offboard/offboard_control.cpp:225:2:[m[K [01;31m[Kerror: [m[K‘[01m[Km[m[K’ was not declared in this scope; did you mean ‘[01m[Ktm[m[K’?
[1.635s]   225 |  [01;31m[Km[m[K.getRPY(roll, pitch, yaw);
[1.635s]       |  [01;31m[K^[m[K
[1.636s]       |  [32m[Ktm[m[K
[1.636s] [01m[K/home/jingyan/px4_ros_com_ros2/src/px4_ros_com/src/examples/offboard/offboard_control.cpp:226:19:[m[K [01;31m[Kerror: [m[K‘[01m[Kfloat OffboardControl::CurrYaw[m[K’ is private within this context
[1.636s]   226 |  OffboardControl::[01;31m[KCurrYaw[m[K = yaw;
[1.636s]       |                   [01;31m[K^~~~~~~[m[K
[1.636s] [01m[K/home/jingyan/px4_ros_com_ros2/src/px4_ros_com/src/examples/offboard/offboard_control.cpp:154:8:[m[K [01;36m[Knote: [m[Kdeclared private here
[1.636s]   154 |  float [01;36m[KCurrYaw[m[K = 0.0;
[1.636s]       |        [01;36m[K^~~~~~~[m[K
[1.636s] [01m[K/home/jingyan/px4_ros_com_ros2/src/px4_ros_com/src/examples/offboard/offboard_control.cpp:226:19:[m[K [01;31m[Kerror: [m[Kinvalid use of non-static data member ‘[01m[KOffboardControl::CurrYaw[m[K’
[1.637s]   226 |  OffboardControl::[01;31m[KCurrYaw[m[K = yaw;
[1.637s]       |                   [01;31m[K^~~~~~~[m[K
[1.637s] [01m[K/home/jingyan/px4_ros_com_ros2/src/px4_ros_com/src/examples/offboard/offboard_control.cpp:154:8:[m[K [01;36m[Knote: [m[Kdeclared here
[1.637s]   154 |  float [01;36m[KCurrYaw[m[K = 0.0;
[1.637s]       |        [01;36m[K^~~~~~~[m[K
[3.647s] make[2]: *** [CMakeFiles/offboard_control.dir/build.make:63: CMakeFiles/offboard_control.dir/src/examples/offboard/offboard_control.cpp.o] Error 1
[3.648s] make[1]: *** [CMakeFiles/Makefile2:119: CMakeFiles/offboard_control.dir/all] Error 2
[3.648s] make: *** [Makefile:141: all] Error 2
[3.651s] Invoked command in '/home/jingyan/px4_ros_com_ros2/build/px4_ros_com' returned '2': AMENT_PREFIX_PATH=/home/jingyan/px4_ros_com_ros2/install/px4_msgs:${AMENT_PREFIX_PATH} CMAKE_PREFIX_PATH=/home/jingyan/px4_ros_com_ros2/install/px4_msgs:/opt/ros/foxy LD_LIBRARY_PATH=/home/jingyan/px4_ros_com_ros2/install/px4_msgs/lib:${LD_LIBRARY_PATH} PYTHONPATH=/home/jingyan/px4_ros_com_ros2/install/px4_msgs/lib/python3.8/site-packages:${PYTHONPATH} /usr/bin/cmake --build /home/jingyan/px4_ros_com_ros2/build/px4_ros_com -- -j16 -l16
