[0.032s] Invoking command in '/home/jingyan/px4_ros_com_ros2/build/fishbot_cartographer': CMAKE_PREFIX_PATH=/opt/ros/foxy /usr/bin/cmake /home/jingyan/px4_ros_com_ros2/src/cartographer_config -DCMAKE_INSTALL_PREFIX=/home/jingyan/px4_ros_com_ros2/install/fishbot_cartographer
[0.223s] -- The C compiler identification is GNU 9.4.0
[0.370s] -- The CXX compiler identification is GNU 9.4.0
[0.378s] -- Check for working C compiler: /usr/bin/cc
[0.461s] -- Check for working C compiler: /usr/bin/cc -- works
[0.464s] -- Detecting C compiler ABI info
[0.563s] -- Detecting C compiler ABI info - done
[0.583s] -- Detecting C compile features
[0.583s] -- Detecting C compile features - done
[0.585s] -- Check for working CXX compiler: /usr/bin/c++
[0.682s] -- Check for working CXX compiler: /usr/bin/c++ -- works
[0.682s] -- Detecting CXX compiler ABI info
[0.781s] -- Detecting CXX compiler ABI info - done
[0.791s] -- Detecting CXX compile features
[0.791s] -- Detecting CXX compile features - done
[0.800s] -- Found ament_cmake: 0.9.11 (/opt/ros/foxy/share/ament_cmake/cmake)
[0.831s] -- Found PythonInterp: /usr/bin/python3 (found suitable version "3.8.10", minimum required is "3") 
[0.831s] -- Using PYTHON_EXECUTABLE: /usr/bin/python3
[1.077s] -- Found ament_lint_auto: 0.9.7 (/opt/ros/foxy/share/ament_lint_auto/cmake)
[1.167s] -- Added test 'copyright' to check source files copyright and LICENSE
[1.169s] -- Added test 'flake8' to check Python code syntax and style conventions
[1.169s] -- Added test 'lint_cmake' to check CMake code style
[1.170s] -- Added test 'pep257' to check Python code against some of the style conventions in PEP 257
[1.171s] -- Added test 'xmllint' to check XML markup files
[1.174s] -- Configuring done
[1.177s] -- Generating done
[1.178s] -- Build files have been written to: /home/jingyan/px4_ros_com_ros2/build/fishbot_cartographer
[1.183s] Invoked command in '/home/jingyan/px4_ros_com_ros2/build/fishbot_cartographer' returned '0': CMAKE_PREFIX_PATH=/opt/ros/foxy /usr/bin/cmake /home/jingyan/px4_ros_com_ros2/src/cartographer_config -DCMAKE_INSTALL_PREFIX=/home/jingyan/px4_ros_com_ros2/install/fishbot_cartographer
[1.189s] Invoking command in '/home/jingyan/px4_ros_com_ros2/build/fishbot_cartographer': CMAKE_PREFIX_PATH=/opt/ros/foxy /usr/bin/cmake --build /home/jingyan/px4_ros_com_ros2/build/fishbot_cartographer -- -j16 -l16
[1.238s] Invoked command in '/home/jingyan/px4_ros_com_ros2/build/fishbot_cartographer' returned '0': CMAKE_PREFIX_PATH=/opt/ros/foxy /usr/bin/cmake --build /home/jingyan/px4_ros_com_ros2/build/fishbot_cartographer -- -j16 -l16
[1.289s] Invoking command in '/home/jingyan/px4_ros_com_ros2/build/fishbot_cartographer': CMAKE_PREFIX_PATH=/opt/ros/foxy /usr/bin/cmake --install /home/jingyan/px4_ros_com_ros2/build/fishbot_cartographer
[1.300s] -- Install configuration: ""
[1.300s] -- Up-to-date: /home/jingyan/px4_ros_com_ros2/install/fishbot_cartographer/share/fishbot_cartographer/config
[1.300s] -- Installing: /home/jingyan/px4_ros_com_ros2/install/fishbot_cartographer/share/fishbot_cartographer/config/fishbot_laser_2d.lua
[1.300s] -- Installing: /home/jingyan/px4_ros_com_ros2/install/fishbot_cartographer/share/fishbot_cartographer/config/fishbot_2d.lua
[1.300s] -- Up-to-date: /home/jingyan/px4_ros_com_ros2/install/fishbot_cartographer/share/fishbot_cartographer/launch
[1.301s] -- Up-to-date: /home/jingyan/px4_ros_com_ros2/install/fishbot_cartographer/share/fishbot_cartographer/launch/cartographer_pure_laser.launch.py
[1.301s] -- Up-to-date: /home/jingyan/px4_ros_com_ros2/install/fishbot_cartographer/share/fishbot_cartographer/launch/cartographer.launch.py
[1.301s] -- Up-to-date: /home/jingyan/px4_ros_com_ros2/install/fishbot_cartographer/share/fishbot_cartographer/rviz
[1.301s] -- Up-to-date: /home/jingyan/px4_ros_com_ros2/install/fishbot_cartographer/share/ament_index/resource_index/package_run_dependencies/fishbot_cartographer
[1.301s] -- Up-to-date: /home/jingyan/px4_ros_com_ros2/install/fishbot_cartographer/share/ament_index/resource_index/parent_prefix_path/fishbot_cartographer
[1.301s] -- Up-to-date: /home/jingyan/px4_ros_com_ros2/install/fishbot_cartographer/share/fishbot_cartographer/environment/ament_prefix_path.sh
[1.301s] -- Installing: /home/jingyan/px4_ros_com_ros2/install/fishbot_cartographer/share/fishbot_cartographer/environment/ament_prefix_path.dsv
[1.301s] -- Up-to-date: /home/jingyan/px4_ros_com_ros2/install/fishbot_cartographer/share/fishbot_cartographer/environment/path.sh
[1.301s] -- Installing: /home/jingyan/px4_ros_com_ros2/install/fishbot_cartographer/share/fishbot_cartographer/environment/path.dsv
[1.302s] -- Up-to-date: /home/jingyan/px4_ros_com_ros2/install/fishbot_cartographer/share/fishbot_cartographer/local_setup.bash
[1.302s] -- Up-to-date: /home/jingyan/px4_ros_com_ros2/install/fishbot_cartographer/share/fishbot_cartographer/local_setup.sh
[1.302s] -- Up-to-date: /home/jingyan/px4_ros_com_ros2/install/fishbot_cartographer/share/fishbot_cartographer/local_setup.zsh
[1.302s] -- Installing: /home/jingyan/px4_ros_com_ros2/install/fishbot_cartographer/share/fishbot_cartographer/local_setup.dsv
[1.302s] -- Installing: /home/jingyan/px4_ros_com_ros2/install/fishbot_cartographer/share/fishbot_cartographer/package.dsv
[1.302s] -- Up-to-date: /home/jingyan/px4_ros_com_ros2/install/fishbot_cartographer/share/ament_index/resource_index/packages/fishbot_cartographer
[1.302s] -- Up-to-date: /home/jingyan/px4_ros_com_ros2/install/fishbot_cartographer/share/fishbot_cartographer/cmake/fishbot_cartographerConfig.cmake
[1.302s] -- Up-to-date: /home/jingyan/px4_ros_com_ros2/install/fishbot_cartographer/share/fishbot_cartographer/cmake/fishbot_cartographerConfig-version.cmake
[1.302s] -- Up-to-date: /home/jingyan/px4_ros_com_ros2/install/fishbot_cartographer/share/fishbot_cartographer/package.xml
[1.305s] Invoked command in '/home/jingyan/px4_ros_com_ros2/build/fishbot_cartographer' returned '0': CMAKE_PREFIX_PATH=/opt/ros/foxy /usr/bin/cmake --install /home/jingyan/px4_ros_com_ros2/build/fishbot_cartographer
