[35m[1mScanning dependencies of target Odom_transform[0m
[  2%] Built target sensor_combined_listener
[  4%] Built target frame_transforms
[  6%] Built target debug_vect_advertiser
[  8%] Built target vehicle_gps_position_listener
[ 10%] Built target offboard_control
[ 10%] [32mBuilding CXX object CMakeFiles/Odom_transform.dir/src/examples/offboard/Odom_transform.cpp.o[0m
[ 99%] Built target micrortps_agent
[01m[K/home/jingyan/px4_ros_com_ros2/src/px4_ros_com/src/examples/offboard/Odom_transform.cpp:64:38:[m[K [01;31m[Kerror: [m[K‘[01m[KTimesync[m[K’ is not a member of ‘[01m[Kpx4_msgs::msg[m[K’
   64 |  rclcpp::Subscription<px4_msgs::msg::[01;31m[KTimesync[m[K>::SharedPtr timesync_sub_;
      |                                      [01;31m[K^~~~~~~~[m[K
[01m[K/home/jingyan/px4_ros_com_ros2/src/px4_ros_com/src/examples/offboard/Odom_transform.cpp:64:46:[m[K [01;31m[Kerror: [m[Ktemplate argument 1 is invalid
   64 |  rclcpp::Subscription<px4_msgs::msg::Timesync[01;31m[K>[m[K::SharedPtr timesync_sub_;
      |                                              [01;31m[K^[m[K
[01m[K/home/jingyan/px4_ros_com_ros2/src/px4_ros_com/src/examples/offboard/Odom_transform.cpp:64:46:[m[K [01;31m[Kerror: [m[Ktemplate argument 3 is invalid
[01m[K/home/jingyan/px4_ros_com_ros2/src/px4_ros_com/src/examples/offboard/Odom_transform.cpp:64:49:[m[K [01;31m[Kerror: [m[Kexpected ‘[01m[K;[m[K’ at end of member declaration
   64 |  rclcpp::Subscription<px4_msgs::msg::Timesync>::[01;31m[KSharedPtr[m[K timesync_sub_;
      |                                                 [01;31m[K^~~~~~~~~[m[K
      |                                                          [32m[K;[m[K
[01m[K/home/jingyan/px4_ros_com_ros2/src/px4_ros_com/src/examples/offboard/Odom_transform.cpp:64:59:[m[K [01;31m[Kerror: [m[K‘[01m[Ktimesync_sub_[m[K’ does not name a type
   64 |  rclcpp::Subscription<px4_msgs::msg::Timesync>::SharedPtr [01;31m[Ktimesync_sub_[m[K;
      |                                                           [01;31m[K^~~~~~~~~~~~~[m[K
[01m[K/home/jingyan/px4_ros_com_ros2/src/px4_ros_com/src/examples/offboard/Odom_transform.cpp:[m[K In constructor ‘[01m[KPx4OdomTransform::Px4OdomTransform()[m[K’:
[01m[K/home/jingyan/px4_ros_com_ros2/src/px4_ros_com/src/examples/offboard/Odom_transform.cpp:41:3:[m[K [01;31m[Kerror: [m[K‘[01m[Ktimesync_sub_[m[K’ was not declared in this scope
   41 |   [01;31m[Ktimesync_sub_[m[K =
      |   [01;31m[K^~~~~~~~~~~~~[m[K
[01m[K/home/jingyan/px4_ros_com_ros2/src/px4_ros_com/src/examples/offboard/Odom_transform.cpp:42:45:[m[K [01;31m[Kerror: [m[K‘[01m[KTimesync[m[K’ is not a member of ‘[01m[Kpx4_msgs::msg[m[K’
   42 |    this->create_subscription<px4_msgs::msg::[01;31m[KTimesync[m[K>("fmu/timesync/out", 10,
      |                                             [01;31m[K^~~~~~~~[m[K
[01m[K/home/jingyan/px4_ros_com_ros2/src/px4_ros_com/src/examples/offboard/Odom_transform.cpp:43:47:[m[K [01;31m[Kerror: [m[K‘[01m[KTimesync[m[K’ in namespace ‘[01m[Kpx4_msgs::msg[m[K’ does not name a type
   43 |                   [this](const px4_msgs::msg::[01;31m[KTimesync[m[K::UniquePtr msg)
      |                                               [01;31m[K^~~~~~~~[m[K
[01m[K/home/jingyan/px4_ros_com_ros2/src/px4_ros_com/src/examples/offboard/Odom_transform.cpp:[m[K In lambda function:
[01m[K/home/jingyan/px4_ros_com_ros2/src/px4_ros_com/src/examples/offboard/Odom_transform.cpp:46:21:[m[K [01;31m[Kerror: [m[Kexpected ‘[01m[K{[m[K’ before ‘[01m[K;[m[K’ token
   46 |                   })[01;31m[K;[m[K
      |                     [01;31m[K^[m[K
[01m[K/home/jingyan/px4_ros_com_ros2/src/px4_ros_com/src/examples/offboard/Odom_transform.cpp:[m[K In constructor ‘[01m[KPx4OdomTransform::Px4OdomTransform()[m[K’:
[01m[K/home/jingyan/px4_ros_com_ros2/src/px4_ros_com/src/examples/offboard/Odom_transform.cpp:46:21:[m[K [01;31m[Kerror: [m[Kexpected ‘[01m[K)[m[K’ before ‘[01m[K;[m[K’ token
   46 |                   })[01;31m[K;[m[K
      |                     [01;31m[K^[m[K
      |                     [32m[K)[m[K
[01m[K/home/jingyan/px4_ros_com_ros2/src/px4_ros_com/src/examples/offboard/Odom_transform.cpp:42:54:[m[K [01;36m[Knote: [m[Kto match this ‘[01m[K([m[K’
   42 |    this->create_subscription<px4_msgs::msg::Timesync>[01;36m[K([m[K"fmu/timesync/out", 10,
      |                                                      [01;36m[K^[m[K
[01m[K/home/jingyan/px4_ros_com_ros2/src/px4_ros_com/src/examples/offboard/Odom_transform.cpp:[m[K In member function ‘[01m[Kvoid Px4OdomTransform::odom_convert(px4_msgs::msg::VehicleOdometry_<std::allocator<void> >::SharedPtr)[m[K’:
[01m[K/home/jingyan/px4_ros_com_ros2/src/px4_ros_com/src/examples/offboard/Odom_transform.cpp:75:42:[m[K [01;31m[Kerror: [m[Kno match for ‘[01m[Koperator=[m[K’ (operand types are ‘[01m[Kstd_msgs::msg::Header_<std::allocator<void> >::_stamp_type[m[K’ {aka ‘[01m[Kbuiltin_interfaces::msg::Time_<std::allocator<void> >[m[K’} and ‘[01m[Kstd::__atomic_base<long unsigned int>::__int_type[m[K’ {aka ‘[01m[Klong unsigned int[m[K’})
   75 |  odom_msg.header.stamp = timestamp_.load([01;31m[K)[m[K;
      |                                          [01;31m[K^[m[K
In file included from [01m[K/opt/ros/foxy/include/builtin_interfaces/msg/time.hpp:7[m[K,
                 from [01m[K/opt/ros/foxy/include/rclcpp/time.hpp:18[m[K,
                 from [01m[K/opt/ros/foxy/include/rclcpp/clock.hpp:23[m[K,
                 from [01m[K/opt/ros/foxy/include/rclcpp/timer.hpp:27[m[K,
                 from [01m[K/opt/ros/foxy/include/rclcpp/callback_group.hpp:27[m[K,
                 from [01m[K/opt/ros/foxy/include/rclcpp/any_executable.hpp:20[m[K,
                 from [01m[K/opt/ros/foxy/include/rclcpp/memory_strategy.hpp:24[m[K,
                 from [01m[K/opt/ros/foxy/include/rclcpp/memory_strategies.hpp:18[m[K,
                 from [01m[K/opt/ros/foxy/include/rclcpp/executor_options.hpp:20[m[K,
                 from [01m[K/opt/ros/foxy/include/rclcpp/executor.hpp:33[m[K,
                 from [01m[K/opt/ros/foxy/include/rclcpp/executors/multi_threaded_executor.hpp:26[m[K,
                 from [01m[K/opt/ros/foxy/include/rclcpp/executors.hpp:21[m[K,
                 from [01m[K/opt/ros/foxy/include/rclcpp/rclcpp.hpp:146[m[K,
                 from [01m[K/home/jingyan/px4_ros_com_ros2/src/px4_ros_com/src/examples/offboard/Odom_transform.cpp:1[m[K:
[01m[K/opt/ros/foxy/include/builtin_interfaces/msg/detail/time__struct.hpp:31:8:[m[K [01;36m[Knote: [m[Kcandidate: ‘[01m[Kconstexpr builtin_interfaces::msg::Time_<std::allocator<void> >& builtin_interfaces::msg::Time_<std::allocator<void> >::operator=(const builtin_interfaces::msg::Time_<std::allocator<void> >&)[m[K’
   31 | struct [01;36m[KTime_[m[K
      |        [01;36m[K^~~~~[m[K
[01m[K/opt/ros/foxy/include/builtin_interfaces/msg/detail/time__struct.hpp:31:8:[m[K [01;36m[Knote: [m[K  no known conversion for argument 1 from ‘[01m[Kstd::__atomic_base<long unsigned int>::__int_type[m[K’ {aka ‘[01m[Klong unsigned int[m[K’} to ‘[01m[Kconst builtin_interfaces::msg::Time_<std::allocator<void> >&[m[K’
[01m[K/opt/ros/foxy/include/builtin_interfaces/msg/detail/time__struct.hpp:31:8:[m[K [01;36m[Knote: [m[Kcandidate: ‘[01m[Kconstexpr builtin_interfaces::msg::Time_<std::allocator<void> >& builtin_interfaces::msg::Time_<std::allocator<void> >::operator=(builtin_interfaces::msg::Time_<std::allocator<void> >&&)[m[K’
[01m[K/opt/ros/foxy/include/builtin_interfaces/msg/detail/time__struct.hpp:31:8:[m[K [01;36m[Knote: [m[K  no known conversion for argument 1 from ‘[01m[Kstd::__atomic_base<long unsigned int>::__int_type[m[K’ {aka ‘[01m[Klong unsigned int[m[K’} to ‘[01m[Kbuiltin_interfaces::msg::Time_<std::allocator<void> >&&[m[K’
[01m[K/home/jingyan/px4_ros_com_ros2/src/px4_ros_com/src/examples/offboard/Odom_transform.cpp:134:35:[m[K [01;31m[Kerror: [m[Kno match for ‘[01m[Koperator=[m[K’ (operand types are ‘[01m[Kstd_msgs::msg::Header_<std::allocator<void> >::_stamp_type[m[K’ {aka ‘[01m[Kbuiltin_interfaces::msg::Time_<std::allocator<void> >[m[K’} and ‘[01m[Kstd::__atomic_base<long unsigned int>::__int_type[m[K’ {aka ‘[01m[Klong unsigned int[m[K’})
  134 |  t.header.stamp = timestamp_.load([01;31m[K)[m[K;
      |                                   [01;31m[K^[m[K
In file included from [01m[K/opt/ros/foxy/include/builtin_interfaces/msg/time.hpp:7[m[K,
                 from [01m[K/opt/ros/foxy/include/rclcpp/time.hpp:18[m[K,
                 from [01m[K/opt/ros/foxy/include/rclcpp/clock.hpp:23[m[K,
                 from [01m[K/opt/ros/foxy/include/rclcpp/timer.hpp:27[m[K,
                 from [01m[K/opt/ros/foxy/include/rclcpp/callback_group.hpp:27[m[K,
                 from [01m[K/opt/ros/foxy/include/rclcpp/any_executable.hpp:20[m[K,
                 from [01m[K/opt/ros/foxy/include/rclcpp/memory_strategy.hpp:24[m[K,
                 from [01m[K/opt/ros/foxy/include/rclcpp/memory_strategies.hpp:18[m[K,
                 from [01m[K/opt/ros/foxy/include/rclcpp/executor_options.hpp:20[m[K,
                 from [01m[K/opt/ros/foxy/include/rclcpp/executor.hpp:33[m[K,
                 from [01m[K/opt/ros/foxy/include/rclcpp/executors/multi_threaded_executor.hpp:26[m[K,
                 from [01m[K/opt/ros/foxy/include/rclcpp/executors.hpp:21[m[K,
                 from [01m[K/opt/ros/foxy/include/rclcpp/rclcpp.hpp:146[m[K,
                 from [01m[K/home/jingyan/px4_ros_com_ros2/src/px4_ros_com/src/examples/offboard/Odom_transform.cpp:1[m[K:
[01m[K/opt/ros/foxy/include/builtin_interfaces/msg/detail/time__struct.hpp:31:8:[m[K [01;36m[Knote: [m[Kcandidate: ‘[01m[Kconstexpr builtin_interfaces::msg::Time_<std::allocator<void> >& builtin_interfaces::msg::Time_<std::allocator<void> >::operator=(const builtin_interfaces::msg::Time_<std::allocator<void> >&)[m[K’
   31 | struct [01;36m[KTime_[m[K
      |        [01;36m[K^~~~~[m[K
[01m[K/opt/ros/foxy/include/builtin_interfaces/msg/detail/time__struct.hpp:31:8:[m[K [01;36m[Knote: [m[K  no known conversion for argument 1 from ‘[01m[Kstd::__atomic_base<long unsigned int>::__int_type[m[K’ {aka ‘[01m[Klong unsigned int[m[K’} to ‘[01m[Kconst builtin_interfaces::msg::Time_<std::allocator<void> >&[m[K’
[01m[K/opt/ros/foxy/include/builtin_interfaces/msg/detail/time__struct.hpp:31:8:[m[K [01;36m[Knote: [m[Kcandidate: ‘[01m[Kconstexpr builtin_interfaces::msg::Time_<std::allocator<void> >& builtin_interfaces::msg::Time_<std::allocator<void> >::operator=(builtin_interfaces::msg::Time_<std::allocator<void> >&&)[m[K’
[01m[K/opt/ros/foxy/include/builtin_interfaces/msg/detail/time__struct.hpp:31:8:[m[K [01;36m[Knote: [m[K  no known conversion for argument 1 from ‘[01m[Kstd::__atomic_base<long unsigned int>::__int_type[m[K’ {aka ‘[01m[Klong unsigned int[m[K’} to ‘[01m[Kbuiltin_interfaces::msg::Time_<std::allocator<void> >&&[m[K’
[01m[K/home/jingyan/px4_ros_com_ros2/src/px4_ros_com/src/examples/offboard/Odom_transform.cpp:160:45:[m[K [01;31m[Kerror: [m[Kno match for ‘[01m[Koperator=[m[K’ (operand types are ‘[01m[Kstd_msgs::msg::Header_<std::allocator<void> >::_stamp_type[m[K’ {aka ‘[01m[Kbuiltin_interfaces::msg::Time_<std::allocator<void> >[m[K’} and ‘[01m[Kstd::__atomic_base<long unsigned int>::__int_type[m[K’ {aka ‘[01m[Klong unsigned int[m[K’})
  160 |  t_footprint.header.stamp = timestamp_.load([01;31m[K)[m[K;
      |                                             [01;31m[K^[m[K
In file included from [01m[K/opt/ros/foxy/include/builtin_interfaces/msg/time.hpp:7[m[K,
                 from [01m[K/opt/ros/foxy/include/rclcpp/time.hpp:18[m[K,
                 from [01m[K/opt/ros/foxy/include/rclcpp/clock.hpp:23[m[K,
                 from [01m[K/opt/ros/foxy/include/rclcpp/timer.hpp:27[m[K,
                 from [01m[K/opt/ros/foxy/include/rclcpp/callback_group.hpp:27[m[K,
                 from [01m[K/opt/ros/foxy/include/rclcpp/any_executable.hpp:20[m[K,
                 from [01m[K/opt/ros/foxy/include/rclcpp/memory_strategy.hpp:24[m[K,
                 from [01m[K/opt/ros/foxy/include/rclcpp/memory_strategies.hpp:18[m[K,
                 from [01m[K/opt/ros/foxy/include/rclcpp/executor_options.hpp:20[m[K,
                 from [01m[K/opt/ros/foxy/include/rclcpp/executor.hpp:33[m[K,
                 from [01m[K/opt/ros/foxy/include/rclcpp/executors/multi_threaded_executor.hpp:26[m[K,
                 from [01m[K/opt/ros/foxy/include/rclcpp/executors.hpp:21[m[K,
                 from [01m[K/opt/ros/foxy/include/rclcpp/rclcpp.hpp:146[m[K,
                 from [01m[K/home/jingyan/px4_ros_com_ros2/src/px4_ros_com/src/examples/offboard/Odom_transform.cpp:1[m[K:
[01m[K/opt/ros/foxy/include/builtin_interfaces/msg/detail/time__struct.hpp:31:8:[m[K [01;36m[Knote: [m[Kcandidate: ‘[01m[Kconstexpr builtin_interfaces::msg::Time_<std::allocator<void> >& builtin_interfaces::msg::Time_<std::allocator<void> >::operator=(const builtin_interfaces::msg::Time_<std::allocator<void> >&)[m[K’
   31 | struct [01;36m[KTime_[m[K
      |        [01;36m[K^~~~~[m[K
[01m[K/opt/ros/foxy/include/builtin_interfaces/msg/detail/time__struct.hpp:31:8:[m[K [01;36m[Knote: [m[K  no known conversion for argument 1 from ‘[01m[Kstd::__atomic_base<long unsigned int>::__int_type[m[K’ {aka ‘[01m[Klong unsigned int[m[K’} to ‘[01m[Kconst builtin_interfaces::msg::Time_<std::allocator<void> >&[m[K’
[01m[K/opt/ros/foxy/include/builtin_interfaces/msg/detail/time__struct.hpp:31:8:[m[K [01;36m[Knote: [m[Kcandidate: ‘[01m[Kconstexpr builtin_interfaces::msg::Time_<std::allocator<void> >& builtin_interfaces::msg::Time_<std::allocator<void> >::operator=(builtin_interfaces::msg::Time_<std::allocator<void> >&&)[m[K’
[01m[K/opt/ros/foxy/include/builtin_interfaces/msg/detail/time__struct.hpp:31:8:[m[K [01;36m[Knote: [m[K  no known conversion for argument 1 from ‘[01m[Kstd::__atomic_base<long unsigned int>::__int_type[m[K’ {aka ‘[01m[Klong unsigned int[m[K’} to ‘[01m[Kbuiltin_interfaces::msg::Time_<std::allocator<void> >&&[m[K’
[01m[K/home/jingyan/px4_ros_com_ros2/src/px4_ros_com/src/examples/offboard/Odom_transform.cpp:175:44:[m[K [01;31m[Kerror: [m[Kno match for ‘[01m[Koperator=[m[K’ (operand types are ‘[01m[Kstd_msgs::msg::Header_<std::allocator<void> >::_stamp_type[m[K’ {aka ‘[01m[Kbuiltin_interfaces::msg::Time_<std::allocator<void> >[m[K’} and ‘[01m[Kstd::__atomic_base<long unsigned int>::__int_type[m[K’ {aka ‘[01m[Klong unsigned int[m[K’})
  175 |  t_baselink.header.stamp = timestamp_.load([01;31m[K)[m[K;
      |                                            [01;31m[K^[m[K
In file included from [01m[K/opt/ros/foxy/include/builtin_interfaces/msg/time.hpp:7[m[K,
                 from [01m[K/opt/ros/foxy/include/rclcpp/time.hpp:18[m[K,
                 from [01m[K/opt/ros/foxy/include/rclcpp/clock.hpp:23[m[K,
                 from [01m[K/opt/ros/foxy/include/rclcpp/timer.hpp:27[m[K,
                 from [01m[K/opt/ros/foxy/include/rclcpp/callback_group.hpp:27[m[K,
                 from [01m[K/opt/ros/foxy/include/rclcpp/any_executable.hpp:20[m[K,
                 from [01m[K/opt/ros/foxy/include/rclcpp/memory_strategy.hpp:24[m[K,
                 from [01m[K/opt/ros/foxy/include/rclcpp/memory_strategies.hpp:18[m[K,
                 from [01m[K/opt/ros/foxy/include/rclcpp/executor_options.hpp:20[m[K,
                 from [01m[K/opt/ros/foxy/include/rclcpp/executor.hpp:33[m[K,
                 from [01m[K/opt/ros/foxy/include/rclcpp/executors/multi_threaded_executor.hpp:26[m[K,
                 from [01m[K/opt/ros/foxy/include/rclcpp/executors.hpp:21[m[K,
                 from [01m[K/opt/ros/foxy/include/rclcpp/rclcpp.hpp:146[m[K,
                 from [01m[K/home/jingyan/px4_ros_com_ros2/src/px4_ros_com/src/examples/offboard/Odom_transform.cpp:1[m[K:
[01m[K/opt/ros/foxy/include/builtin_interfaces/msg/detail/time__struct.hpp:31:8:[m[K [01;36m[Knote: [m[Kcandidate: ‘[01m[Kconstexpr builtin_interfaces::msg::Time_<std::allocator<void> >& builtin_interfaces::msg::Time_<std::allocator<void> >::operator=(const builtin_interfaces::msg::Time_<std::allocator<void> >&)[m[K’
   31 | struct [01;36m[KTime_[m[K
      |        [01;36m[K^~~~~[m[K
[01m[K/opt/ros/foxy/include/builtin_interfaces/msg/detail/time__struct.hpp:31:8:[m[K [01;36m[Knote: [m[K  no known conversion for argument 1 from ‘[01m[Kstd::__atomic_base<long unsigned int>::__int_type[m[K’ {aka ‘[01m[Klong unsigned int[m[K’} to ‘[01m[Kconst builtin_interfaces::msg::Time_<std::allocator<void> >&[m[K’
[01m[K/opt/ros/foxy/include/builtin_interfaces/msg/detail/time__struct.hpp:31:8:[m[K [01;36m[Knote: [m[Kcandidate: ‘[01m[Kconstexpr builtin_interfaces::msg::Time_<std::allocator<void> >& builtin_interfaces::msg::Time_<std::allocator<void> >::operator=(builtin_interfaces::msg::Time_<std::allocator<void> >&&)[m[K’
[01m[K/opt/ros/foxy/include/builtin_interfaces/msg/detail/time__struct.hpp:31:8:[m[K [01;36m[Knote: [m[K  no known conversion for argument 1 from ‘[01m[Kstd::__atomic_base<long unsigned int>::__int_type[m[K’ {aka ‘[01m[Klong unsigned int[m[K’} to ‘[01m[Kbuiltin_interfaces::msg::Time_<std::allocator<void> >&&[m[K’
make[2]: *** [CMakeFiles/Odom_transform.dir/build.make:63: CMakeFiles/Odom_transform.dir/src/examples/offboard/Odom_transform.cpp.o] Error 1
make[1]: *** [CMakeFiles/Makefile2:306: CMakeFiles/Odom_transform.dir/all] Error 2
make: *** [Makefile:141: all] Error 2
