[0.020s] Invoking command in '/home/jingyan/px4_ros_com_ros2/build/px4_ros_com': AMENT_PREFIX_PATH=/home/jingyan/px4_ros_com_ros2/install/px4_msgs:${AMENT_PREFIX_PATH} CMAKE_PREFIX_PATH=/home/jingyan/px4_ros_com_ros2/install/px4_msgs:/opt/ros/foxy LD_LIBRARY_PATH=/home/jingyan/px4_ros_com_ros2/install/px4_msgs/lib:${LD_LIBRARY_PATH} PYTHONPATH=/home/jingyan/px4_ros_com_ros2/install/px4_msgs/lib/python3.8/site-packages:${PYTHONPATH} /usr/bin/cmake --build /home/jingyan/px4_ros_com_ros2/build/px4_ros_com -- -j16 -l16
[0.091s] [35m[1mScanning dependencies of target Odom_transform[0m
[0.109s] [  2%] Built target sensor_combined_listener
[0.109s] [  4%] Built target frame_transforms
[0.111s] [  6%] Built target debug_vect_advertiser
[0.111s] [  8%] Built target vehicle_gps_position_listener
[0.113s] [ 10%] Built target offboard_control
[0.127s] [ 10%] [32mBuilding CXX object CMakeFiles/Odom_transform.dir/src/examples/offboard/Odom_transform.cpp.o[0m
[0.155s] [ 99%] Built target micrortps_agent
[1.593s] [01m[K/home/jingyan/px4_ros_com_ros2/src/px4_ros_com/src/examples/offboard/Odom_transform.cpp:64:38:[m[K [01;31m[Kerror: [m[K‘[01m[KTimesync[m[K’ is not a member of ‘[01m[Kpx4_msgs::msg[m[K’
[1.593s]    64 |  rclcpp::Subscription<px4_msgs::msg::[01;31m[KTimesync[m[K>::SharedPtr timesync_sub_;
[1.593s]       |                                      [01;31m[K^~~~~~~~[m[K
[1.593s] [01m[K/home/jingyan/px4_ros_com_ros2/src/px4_ros_com/src/examples/offboard/Odom_transform.cpp:64:46:[m[K [01;31m[Kerror: [m[Ktemplate argument 1 is invalid
[1.594s]    64 |  rclcpp::Subscription<px4_msgs::msg::Timesync[01;31m[K>[m[K::SharedPtr timesync_sub_;
[1.594s]       |                                              [01;31m[K^[m[K
[1.594s] [01m[K/home/jingyan/px4_ros_com_ros2/src/px4_ros_com/src/examples/offboard/Odom_transform.cpp:64:46:[m[K [01;31m[Kerror: [m[Ktemplate argument 3 is invalid
[1.594s] [01m[K/home/jingyan/px4_ros_com_ros2/src/px4_ros_com/src/examples/offboard/Odom_transform.cpp:64:49:[m[K [01;31m[Kerror: [m[Kexpected ‘[01m[K;[m[K’ at end of member declaration
[1.594s]    64 |  rclcpp::Subscription<px4_msgs::msg::Timesync>::[01;31m[KSharedPtr[m[K timesync_sub_;
[1.594s]       |                                                 [01;31m[K^~~~~~~~~[m[K
[1.594s]       |                                                          [32m[K;[m[K
[1.596s] [01m[K/home/jingyan/px4_ros_com_ros2/src/px4_ros_com/src/examples/offboard/Odom_transform.cpp:64:59:[m[K [01;31m[Kerror: [m[K‘[01m[Ktimesync_sub_[m[K’ does not name a type
[1.596s]    64 |  rclcpp::Subscription<px4_msgs::msg::Timesync>::SharedPtr [01;31m[Ktimesync_sub_[m[K;
[1.596s]       |                                                           [01;31m[K^~~~~~~~~~~~~[m[K
[1.610s] [01m[K/home/jingyan/px4_ros_com_ros2/src/px4_ros_com/src/examples/offboard/Odom_transform.cpp:[m[K In constructor ‘[01m[KPx4OdomTransform::Px4OdomTransform()[m[K’:
[1.611s] [01m[K/home/jingyan/px4_ros_com_ros2/src/px4_ros_com/src/examples/offboard/Odom_transform.cpp:41:3:[m[K [01;31m[Kerror: [m[K‘[01m[Ktimesync_sub_[m[K’ was not declared in this scope
[1.611s]    41 |   [01;31m[Ktimesync_sub_[m[K =
[1.611s]       |   [01;31m[K^~~~~~~~~~~~~[m[K
[1.611s] [01m[K/home/jingyan/px4_ros_com_ros2/src/px4_ros_com/src/examples/offboard/Odom_transform.cpp:42:45:[m[K [01;31m[Kerror: [m[K‘[01m[KTimesync[m[K’ is not a member of ‘[01m[Kpx4_msgs::msg[m[K’
[1.612s]    42 |    this->create_subscription<px4_msgs::msg::[01;31m[KTimesync[m[K>("fmu/timesync/out", 10,
[1.612s]       |                                             [01;31m[K^~~~~~~~[m[K
[1.612s] [01m[K/home/jingyan/px4_ros_com_ros2/src/px4_ros_com/src/examples/offboard/Odom_transform.cpp:43:47:[m[K [01;31m[Kerror: [m[K‘[01m[KTimesync[m[K’ in namespace ‘[01m[Kpx4_msgs::msg[m[K’ does not name a type
[1.612s]    43 |                   [this](const px4_msgs::msg::[01;31m[KTimesync[m[K::UniquePtr msg)
[1.612s]       |                                               [01;31m[K^~~~~~~~[m[K
[1.612s] [01m[K/home/jingyan/px4_ros_com_ros2/src/px4_ros_com/src/examples/offboard/Odom_transform.cpp:[m[K In lambda function:
[1.612s] [01m[K/home/jingyan/px4_ros_com_ros2/src/px4_ros_com/src/examples/offboard/Odom_transform.cpp:46:21:[m[K [01;31m[Kerror: [m[Kexpected ‘[01m[K{[m[K’ before ‘[01m[K;[m[K’ token
[1.613s]    46 |                   })[01;31m[K;[m[K
[1.613s]       |                     [01;31m[K^[m[K
[1.613s] [01m[K/home/jingyan/px4_ros_com_ros2/src/px4_ros_com/src/examples/offboard/Odom_transform.cpp:[m[K In constructor ‘[01m[KPx4OdomTransform::Px4OdomTransform()[m[K’:
[1.613s] [01m[K/home/jingyan/px4_ros_com_ros2/src/px4_ros_com/src/examples/offboard/Odom_transform.cpp:46:21:[m[K [01;31m[Kerror: [m[Kexpected ‘[01m[K)[m[K’ before ‘[01m[K;[m[K’ token
[1.613s]    46 |                   })[01;31m[K;[m[K
[1.613s]       |                     [01;31m[K^[m[K
[1.613s]       |                     [32m[K)[m[K
[1.613s] [01m[K/home/jingyan/px4_ros_com_ros2/src/px4_ros_com/src/examples/offboard/Odom_transform.cpp:42:54:[m[K [01;36m[Knote: [m[Kto match this ‘[01m[K([m[K’
[1.614s]    42 |    this->create_subscription<px4_msgs::msg::Timesync>[01;36m[K([m[K"fmu/timesync/out", 10,
[1.614s]       |                                                      [01;36m[K^[m[K
[1.615s] [01m[K/home/jingyan/px4_ros_com_ros2/src/px4_ros_com/src/examples/offboard/Odom_transform.cpp:[m[K In member function ‘[01m[Kvoid Px4OdomTransform::odom_convert(px4_msgs::msg::VehicleOdometry_<std::allocator<void> >::SharedPtr)[m[K’:
[1.615s] [01m[K/home/jingyan/px4_ros_com_ros2/src/px4_ros_com/src/examples/offboard/Odom_transform.cpp:75:42:[m[K [01;31m[Kerror: [m[Kno match for ‘[01m[Koperator=[m[K’ (operand types are ‘[01m[Kstd_msgs::msg::Header_<std::allocator<void> >::_stamp_type[m[K’ {aka ‘[01m[Kbuiltin_interfaces::msg::Time_<std::allocator<void> >[m[K’} and ‘[01m[Kstd::__atomic_base<long unsigned int>::__int_type[m[K’ {aka ‘[01m[Klong unsigned int[m[K’})
[1.615s]    75 |  odom_msg.header.stamp = timestamp_.load([01;31m[K)[m[K;
[1.616s]       |                                          [01;31m[K^[m[K
[1.616s] In file included from [01m[K/opt/ros/foxy/include/builtin_interfaces/msg/time.hpp:7[m[K,
[1.616s]                  from [01m[K/opt/ros/foxy/include/rclcpp/time.hpp:18[m[K,
[1.616s]                  from [01m[K/opt/ros/foxy/include/rclcpp/clock.hpp:23[m[K,
[1.616s]                  from [01m[K/opt/ros/foxy/include/rclcpp/timer.hpp:27[m[K,
[1.616s]                  from [01m[K/opt/ros/foxy/include/rclcpp/callback_group.hpp:27[m[K,
[1.617s]                  from [01m[K/opt/ros/foxy/include/rclcpp/any_executable.hpp:20[m[K,
[1.617s]                  from [01m[K/opt/ros/foxy/include/rclcpp/memory_strategy.hpp:24[m[K,
[1.617s]                  from [01m[K/opt/ros/foxy/include/rclcpp/memory_strategies.hpp:18[m[K,
[1.617s]                  from [01m[K/opt/ros/foxy/include/rclcpp/executor_options.hpp:20[m[K,
[1.617s]                  from [01m[K/opt/ros/foxy/include/rclcpp/executor.hpp:33[m[K,
[1.618s]                  from [01m[K/opt/ros/foxy/include/rclcpp/executors/multi_threaded_executor.hpp:26[m[K,
[1.618s]                  from [01m[K/opt/ros/foxy/include/rclcpp/executors.hpp:21[m[K,
[1.618s]                  from [01m[K/opt/ros/foxy/include/rclcpp/rclcpp.hpp:146[m[K,
[1.618s]                  from [01m[K/home/jingyan/px4_ros_com_ros2/src/px4_ros_com/src/examples/offboard/Odom_transform.cpp:1[m[K:
[1.619s] [01m[K/opt/ros/foxy/include/builtin_interfaces/msg/detail/time__struct.hpp:31:8:[m[K [01;36m[Knote: [m[Kcandidate: ‘[01m[Kconstexpr builtin_interfaces::msg::Time_<std::allocator<void> >& builtin_interfaces::msg::Time_<std::allocator<void> >::operator=(const builtin_interfaces::msg::Time_<std::allocator<void> >&)[m[K’
[1.619s]    31 | struct [01;36m[KTime_[m[K
[1.619s]       |        [01;36m[K^~~~~[m[K
[1.619s] [01m[K/opt/ros/foxy/include/builtin_interfaces/msg/detail/time__struct.hpp:31:8:[m[K [01;36m[Knote: [m[K  no known conversion for argument 1 from ‘[01m[Kstd::__atomic_base<long unsigned int>::__int_type[m[K’ {aka ‘[01m[Klong unsigned int[m[K’} to ‘[01m[Kconst builtin_interfaces::msg::Time_<std::allocator<void> >&[m[K’
[1.619s] [01m[K/opt/ros/foxy/include/builtin_interfaces/msg/detail/time__struct.hpp:31:8:[m[K [01;36m[Knote: [m[Kcandidate: ‘[01m[Kconstexpr builtin_interfaces::msg::Time_<std::allocator<void> >& builtin_interfaces::msg::Time_<std::allocator<void> >::operator=(builtin_interfaces::msg::Time_<std::allocator<void> >&&)[m[K’
[1.619s] [01m[K/opt/ros/foxy/include/builtin_interfaces/msg/detail/time__struct.hpp:31:8:[m[K [01;36m[Knote: [m[K  no known conversion for argument 1 from ‘[01m[Kstd::__atomic_base<long unsigned int>::__int_type[m[K’ {aka ‘[01m[Klong unsigned int[m[K’} to ‘[01m[Kbuiltin_interfaces::msg::Time_<std::allocator<void> >&&[m[K’
[1.619s] [01m[K/home/jingyan/px4_ros_com_ros2/src/px4_ros_com/src/examples/offboard/Odom_transform.cpp:134:35:[m[K [01;31m[Kerror: [m[Kno match for ‘[01m[Koperator=[m[K’ (operand types are ‘[01m[Kstd_msgs::msg::Header_<std::allocator<void> >::_stamp_type[m[K’ {aka ‘[01m[Kbuiltin_interfaces::msg::Time_<std::allocator<void> >[m[K’} and ‘[01m[Kstd::__atomic_base<long unsigned int>::__int_type[m[K’ {aka ‘[01m[Klong unsigned int[m[K’})
[1.620s]   134 |  t.header.stamp = timestamp_.load([01;31m[K)[m[K;
[1.620s]       |                                   [01;31m[K^[m[K
[1.620s] In file included from [01m[K/opt/ros/foxy/include/builtin_interfaces/msg/time.hpp:7[m[K,
[1.620s]                  from [01m[K/opt/ros/foxy/include/rclcpp/time.hpp:18[m[K,
[1.620s]                  from [01m[K/opt/ros/foxy/include/rclcpp/clock.hpp:23[m[K,
[1.620s]                  from [01m[K/opt/ros/foxy/include/rclcpp/timer.hpp:27[m[K,
[1.620s]                  from [01m[K/opt/ros/foxy/include/rclcpp/callback_group.hpp:27[m[K,
[1.620s]                  from [01m[K/opt/ros/foxy/include/rclcpp/any_executable.hpp:20[m[K,
[1.620s]                  from [01m[K/opt/ros/foxy/include/rclcpp/memory_strategy.hpp:24[m[K,
[1.621s]                  from [01m[K/opt/ros/foxy/include/rclcpp/memory_strategies.hpp:18[m[K,
[1.621s]                  from [01m[K/opt/ros/foxy/include/rclcpp/executor_options.hpp:20[m[K,
[1.621s]                  from [01m[K/opt/ros/foxy/include/rclcpp/executor.hpp:33[m[K,
[1.621s]                  from [01m[K/opt/ros/foxy/include/rclcpp/executors/multi_threaded_executor.hpp:26[m[K,
[1.621s]                  from [01m[K/opt/ros/foxy/include/rclcpp/executors.hpp:21[m[K,
[1.621s]                  from [01m[K/opt/ros/foxy/include/rclcpp/rclcpp.hpp:146[m[K,
[1.621s]                  from [01m[K/home/jingyan/px4_ros_com_ros2/src/px4_ros_com/src/examples/offboard/Odom_transform.cpp:1[m[K:
[1.621s] [01m[K/opt/ros/foxy/include/builtin_interfaces/msg/detail/time__struct.hpp:31:8:[m[K [01;36m[Knote: [m[Kcandidate: ‘[01m[Kconstexpr builtin_interfaces::msg::Time_<std::allocator<void> >& builtin_interfaces::msg::Time_<std::allocator<void> >::operator=(const builtin_interfaces::msg::Time_<std::allocator<void> >&)[m[K’
[1.621s]    31 | struct [01;36m[KTime_[m[K
[1.621s]       |        [01;36m[K^~~~~[m[K
[1.621s] [01m[K/opt/ros/foxy/include/builtin_interfaces/msg/detail/time__struct.hpp:31:8:[m[K [01;36m[Knote: [m[K  no known conversion for argument 1 from ‘[01m[Kstd::__atomic_base<long unsigned int>::__int_type[m[K’ {aka ‘[01m[Klong unsigned int[m[K’} to ‘[01m[Kconst builtin_interfaces::msg::Time_<std::allocator<void> >&[m[K’
[1.621s] [01m[K/opt/ros/foxy/include/builtin_interfaces/msg/detail/time__struct.hpp:31:8:[m[K [01;36m[Knote: [m[Kcandidate: ‘[01m[Kconstexpr builtin_interfaces::msg::Time_<std::allocator<void> >& builtin_interfaces::msg::Time_<std::allocator<void> >::operator=(builtin_interfaces::msg::Time_<std::allocator<void> >&&)[m[K’
[1.621s] [01m[K/opt/ros/foxy/include/builtin_interfaces/msg/detail/time__struct.hpp:31:8:[m[K [01;36m[Knote: [m[K  no known conversion for argument 1 from ‘[01m[Kstd::__atomic_base<long unsigned int>::__int_type[m[K’ {aka ‘[01m[Klong unsigned int[m[K’} to ‘[01m[Kbuiltin_interfaces::msg::Time_<std::allocator<void> >&&[m[K’
[1.621s] [01m[K/home/jingyan/px4_ros_com_ros2/src/px4_ros_com/src/examples/offboard/Odom_transform.cpp:160:45:[m[K [01;31m[Kerror: [m[Kno match for ‘[01m[Koperator=[m[K’ (operand types are ‘[01m[Kstd_msgs::msg::Header_<std::allocator<void> >::_stamp_type[m[K’ {aka ‘[01m[Kbuiltin_interfaces::msg::Time_<std::allocator<void> >[m[K’} and ‘[01m[Kstd::__atomic_base<long unsigned int>::__int_type[m[K’ {aka ‘[01m[Klong unsigned int[m[K’})
[1.621s]   160 |  t_footprint.header.stamp = timestamp_.load([01;31m[K)[m[K;
[1.622s]       |                                             [01;31m[K^[m[K
[1.622s] In file included from [01m[K/opt/ros/foxy/include/builtin_interfaces/msg/time.hpp:7[m[K,
[1.622s]                  from [01m[K/opt/ros/foxy/include/rclcpp/time.hpp:18[m[K,
[1.622s]                  from [01m[K/opt/ros/foxy/include/rclcpp/clock.hpp:23[m[K,
[1.622s]                  from [01m[K/opt/ros/foxy/include/rclcpp/timer.hpp:27[m[K,
[1.622s]                  from [01m[K/opt/ros/foxy/include/rclcpp/callback_group.hpp:27[m[K,
[1.622s]                  from [01m[K/opt/ros/foxy/include/rclcpp/any_executable.hpp:20[m[K,
[1.622s]                  from [01m[K/opt/ros/foxy/include/rclcpp/memory_strategy.hpp:24[m[K,
[1.622s]                  from [01m[K/opt/ros/foxy/include/rclcpp/memory_strategies.hpp:18[m[K,
[1.622s]                  from [01m[K/opt/ros/foxy/include/rclcpp/executor_options.hpp:20[m[K,
[1.622s]                  from [01m[K/opt/ros/foxy/include/rclcpp/executor.hpp:33[m[K,
[1.622s]                  from [01m[K/opt/ros/foxy/include/rclcpp/executors/multi_threaded_executor.hpp:26[m[K,
[1.622s]                  from [01m[K/opt/ros/foxy/include/rclcpp/executors.hpp:21[m[K,
[1.622s]                  from [01m[K/opt/ros/foxy/include/rclcpp/rclcpp.hpp:146[m[K,
[1.622s]                  from [01m[K/home/jingyan/px4_ros_com_ros2/src/px4_ros_com/src/examples/offboard/Odom_transform.cpp:1[m[K:
[1.622s] [01m[K/opt/ros/foxy/include/builtin_interfaces/msg/detail/time__struct.hpp:31:8:[m[K [01;36m[Knote: [m[Kcandidate: ‘[01m[Kconstexpr builtin_interfaces::msg::Time_<std::allocator<void> >& builtin_interfaces::msg::Time_<std::allocator<void> >::operator=(const builtin_interfaces::msg::Time_<std::allocator<void> >&)[m[K’
[1.622s]    31 | struct [01;36m[KTime_[m[K
[1.623s]       |        [01;36m[K^~~~~[m[K
[1.623s] [01m[K/opt/ros/foxy/include/builtin_interfaces/msg/detail/time__struct.hpp:31:8:[m[K [01;36m[Knote: [m[K  no known conversion for argument 1 from ‘[01m[Kstd::__atomic_base<long unsigned int>::__int_type[m[K’ {aka ‘[01m[Klong unsigned int[m[K’} to ‘[01m[Kconst builtin_interfaces::msg::Time_<std::allocator<void> >&[m[K’
[1.623s] [01m[K/opt/ros/foxy/include/builtin_interfaces/msg/detail/time__struct.hpp:31:8:[m[K [01;36m[Knote: [m[Kcandidate: ‘[01m[Kconstexpr builtin_interfaces::msg::Time_<std::allocator<void> >& builtin_interfaces::msg::Time_<std::allocator<void> >::operator=(builtin_interfaces::msg::Time_<std::allocator<void> >&&)[m[K’
[1.623s] [01m[K/opt/ros/foxy/include/builtin_interfaces/msg/detail/time__struct.hpp:31:8:[m[K [01;36m[Knote: [m[K  no known conversion for argument 1 from ‘[01m[Kstd::__atomic_base<long unsigned int>::__int_type[m[K’ {aka ‘[01m[Klong unsigned int[m[K’} to ‘[01m[Kbuiltin_interfaces::msg::Time_<std::allocator<void> >&&[m[K’
[1.623s] [01m[K/home/jingyan/px4_ros_com_ros2/src/px4_ros_com/src/examples/offboard/Odom_transform.cpp:175:44:[m[K [01;31m[Kerror: [m[Kno match for ‘[01m[Koperator=[m[K’ (operand types are ‘[01m[Kstd_msgs::msg::Header_<std::allocator<void> >::_stamp_type[m[K’ {aka ‘[01m[Kbuiltin_interfaces::msg::Time_<std::allocator<void> >[m[K’} and ‘[01m[Kstd::__atomic_base<long unsigned int>::__int_type[m[K’ {aka ‘[01m[Klong unsigned int[m[K’})
[1.623s]   175 |  t_baselink.header.stamp = timestamp_.load([01;31m[K)[m[K;
[1.623s]       |                                            [01;31m[K^[m[K
[1.623s] In file included from [01m[K/opt/ros/foxy/include/builtin_interfaces/msg/time.hpp:7[m[K,
[1.623s]                  from [01m[K/opt/ros/foxy/include/rclcpp/time.hpp:18[m[K,
[1.623s]                  from [01m[K/opt/ros/foxy/include/rclcpp/clock.hpp:23[m[K,
[1.623s]                  from [01m[K/opt/ros/foxy/include/rclcpp/timer.hpp:27[m[K,
[1.623s]                  from [01m[K/opt/ros/foxy/include/rclcpp/callback_group.hpp:27[m[K,
[1.623s]                  from [01m[K/opt/ros/foxy/include/rclcpp/any_executable.hpp:20[m[K,
[1.623s]                  from [01m[K/opt/ros/foxy/include/rclcpp/memory_strategy.hpp:24[m[K,
[1.623s]                  from [01m[K/opt/ros/foxy/include/rclcpp/memory_strategies.hpp:18[m[K,
[1.623s]                  from [01m[K/opt/ros/foxy/include/rclcpp/executor_options.hpp:20[m[K,
[1.623s]                  from [01m[K/opt/ros/foxy/include/rclcpp/executor.hpp:33[m[K,
[1.623s]                  from [01m[K/opt/ros/foxy/include/rclcpp/executors/multi_threaded_executor.hpp:26[m[K,
[1.624s]                  from [01m[K/opt/ros/foxy/include/rclcpp/executors.hpp:21[m[K,
[1.624s]                  from [01m[K/opt/ros/foxy/include/rclcpp/rclcpp.hpp:146[m[K,
[1.624s]                  from [01m[K/home/jingyan/px4_ros_com_ros2/src/px4_ros_com/src/examples/offboard/Odom_transform.cpp:1[m[K:
[1.624s] [01m[K/opt/ros/foxy/include/builtin_interfaces/msg/detail/time__struct.hpp:31:8:[m[K [01;36m[Knote: [m[Kcandidate: ‘[01m[Kconstexpr builtin_interfaces::msg::Time_<std::allocator<void> >& builtin_interfaces::msg::Time_<std::allocator<void> >::operator=(const builtin_interfaces::msg::Time_<std::allocator<void> >&)[m[K’
[1.624s]    31 | struct [01;36m[KTime_[m[K
[1.624s]       |        [01;36m[K^~~~~[m[K
[1.624s] [01m[K/opt/ros/foxy/include/builtin_interfaces/msg/detail/time__struct.hpp:31:8:[m[K [01;36m[Knote: [m[K  no known conversion for argument 1 from ‘[01m[Kstd::__atomic_base<long unsigned int>::__int_type[m[K’ {aka ‘[01m[Klong unsigned int[m[K’} to ‘[01m[Kconst builtin_interfaces::msg::Time_<std::allocator<void> >&[m[K’
[1.624s] [01m[K/opt/ros/foxy/include/builtin_interfaces/msg/detail/time__struct.hpp:31:8:[m[K [01;36m[Knote: [m[Kcandidate: ‘[01m[Kconstexpr builtin_interfaces::msg::Time_<std::allocator<void> >& builtin_interfaces::msg::Time_<std::allocator<void> >::operator=(builtin_interfaces::msg::Time_<std::allocator<void> >&&)[m[K’
[1.624s] [01m[K/opt/ros/foxy/include/builtin_interfaces/msg/detail/time__struct.hpp:31:8:[m[K [01;36m[Knote: [m[K  no known conversion for argument 1 from ‘[01m[Kstd::__atomic_base<long unsigned int>::__int_type[m[K’ {aka ‘[01m[Klong unsigned int[m[K’} to ‘[01m[Kbuiltin_interfaces::msg::Time_<std::allocator<void> >&&[m[K’
[3.204s] make[2]: *** [CMakeFiles/Odom_transform.dir/build.make:63: CMakeFiles/Odom_transform.dir/src/examples/offboard/Odom_transform.cpp.o] Error 1
[3.204s] make[1]: *** [CMakeFiles/Makefile2:306: CMakeFiles/Odom_transform.dir/all] Error 2
[3.204s] make: *** [Makefile:141: all] Error 2
[3.207s] Invoked command in '/home/jingyan/px4_ros_com_ros2/build/px4_ros_com' returned '2': AMENT_PREFIX_PATH=/home/jingyan/px4_ros_com_ros2/install/px4_msgs:${AMENT_PREFIX_PATH} CMAKE_PREFIX_PATH=/home/jingyan/px4_ros_com_ros2/install/px4_msgs:/opt/ros/foxy LD_LIBRARY_PATH=/home/jingyan/px4_ros_com_ros2/install/px4_msgs/lib:${LD_LIBRARY_PATH} PYTHONPATH=/home/jingyan/px4_ros_com_ros2/install/px4_msgs/lib/python3.8/site-packages:${PYTHONPATH} /usr/bin/cmake --build /home/jingyan/px4_ros_com_ros2/build/px4_ros_com -- -j16 -l16
