[0.820s] Invoking command in '/home/jingyan/px4_ros_com_ros2/src/nav_goals': PYTHONPATH=/home/jingyan/px4_ros_com_ros2/install/nav_goals/lib/python3.8/site-packages:${PYTHONPATH} /usr/bin/python3 setup.py egg_info --egg-base ../../build/nav_goals build --build-base /home/jingyan/px4_ros_com_ros2/build/nav_goals/build install --prefix /home/jingyan/px4_ros_com_ros2/install/nav_goals --record /home/jingyan/px4_ros_com_ros2/build/nav_goals/install.log --single-version-externally-managed
[1.023s] /usr/local/lib/python3.8/dist-packages/setuptools/dist.py:771: UserWarning: Usage of dash-separated 'script-dir' will not be supported in future versions. Please use the underscore name 'script_dir' instead
[1.023s]   warnings.warn(
[1.023s] /usr/local/lib/python3.8/dist-packages/setuptools/dist.py:771: UserWarning: Usage of dash-separated 'install-scripts' will not be supported in future versions. Please use the underscore name 'install_scripts' instead
[1.023s]   warnings.warn(
[1.082s] running egg_info
[1.091s] writing ../../build/nav_goals/nav_goals.egg-info/PKG-INFO
[1.091s] writing dependency_links to ../../build/nav_goals/nav_goals.egg-info/dependency_links.txt
[1.091s] writing entry points to ../../build/nav_goals/nav_goals.egg-info/entry_points.txt
[1.091s] writing requirements to ../../build/nav_goals/nav_goals.egg-info/requires.txt
[1.091s] writing top-level names to ../../build/nav_goals/nav_goals.egg-info/top_level.txt
[1.109s] reading manifest file '../../build/nav_goals/nav_goals.egg-info/SOURCES.txt'
[1.109s] writing manifest file '../../build/nav_goals/nav_goals.egg-info/SOURCES.txt'
[1.110s] running build
[1.110s] running build_py
[1.110s] copying nav_goals/nav.py -> /home/jingyan/px4_ros_com_ros2/build/nav_goals/build/lib/nav_goals
[1.110s] running install
[1.110s] /usr/local/lib/python3.8/dist-packages/setuptools/command/install.py:34: SetuptoolsDeprecationWarning: setup.py install is deprecated. Use build and pip and other standards-based tools.
[1.111s]   warnings.warn(
[1.120s] running install_lib
[1.128s] copying /home/jingyan/px4_ros_com_ros2/build/nav_goals/build/lib/nav_goals/nav.py -> /home/jingyan/px4_ros_com_ros2/install/nav_goals/lib/python3.8/site-packages/nav_goals
[1.128s] byte-compiling /home/jingyan/px4_ros_com_ros2/install/nav_goals/lib/python3.8/site-packages/nav_goals/nav.py to nav.cpython-38.pyc
[1.129s]   File "/home/jingyan/px4_ros_com_ros2/install/nav_goals/lib/python3.8/site-packages/nav_goals/nav.py", line 211
[1.129s]     def main()://(argv=sys.argv[1:]):
[1.129s]                ^
[1.129s] SyntaxError: invalid syntax
[1.129s] 
[1.129s] running install_data
[1.137s] running install_egg_info
[1.146s] removing '/home/jingyan/px4_ros_com_ros2/install/nav_goals/lib/python3.8/site-packages/nav_goals-0.0.0-py3.8.egg-info' (and everything under it)
[1.146s] Copying ../../build/nav_goals/nav_goals.egg-info to /home/jingyan/px4_ros_com_ros2/install/nav_goals/lib/python3.8/site-packages/nav_goals-0.0.0-py3.8.egg-info
[1.146s] running install_scripts
[1.195s] Installing navigator script to /home/jingyan/px4_ros_com_ros2/install/nav_goals/lib/nav_goals
[1.195s] writing list of installed files to '/home/jingyan/px4_ros_com_ros2/build/nav_goals/install.log'
[1.242s] Invoked command in '/home/jingyan/px4_ros_com_ros2/src/nav_goals' returned '0': PYTHONPATH=/home/jingyan/px4_ros_com_ros2/install/nav_goals/lib/python3.8/site-packages:${PYTHONPATH} /usr/bin/python3 setup.py egg_info --egg-base ../../build/nav_goals build --build-base /home/jingyan/px4_ros_com_ros2/build/nav_goals/build install --prefix /home/jingyan/px4_ros_com_ros2/install/nav_goals --record /home/jingyan/px4_ros_com_ros2/build/nav_goals/install.log --single-version-externally-managed
