[35m[1mScanning dependencies of target offboard_control[0m
[  2%] Built target frame_transforms
[  4%] Built target offboard_control_vel
[  6%] Built target debug_vect_advertiser
[  8%] Built target vehicle_gps_position_listener
[ 10%] Built target sensor_combined_listener
[ 11%] Built target Odom_transform
[ 12%] [32mBuilding CXX object CMakeFiles/offboard_control.dir/src/examples/offboard/offboard_control.cpp.o[0m
[ 99%] Built target micrortps_agent
[01m[K/home/jingyan/px4_ros_com_ros2/src/px4_ros_com/src/examples/offboard/offboard_control.cpp:[m[K In member function ‘[01m[Kvoid OffboardControl::publish_trajectory_setpoint() const[m[K’:
[01m[K/home/jingyan/px4_ros_com_ros2/src/px4_ros_com/src/examples/offboard/offboard_control.cpp:214:6:[m[K [01;31m[Kerror: [m[K‘[01m[Kusing PositionSetpoint = struct px4_msgs::msg::PositionSetpoint_<std::allocator<void> >[m[K’ {aka ‘[01m[Kstruct px4_msgs::msg::PositionSetpoint_<std::allocator<void> >[m[K’} has no member named ‘[01m[Kx[m[K’; did you mean ‘[01m[Kvx[m[K’?
  214 |  msg.[01;31m[Kx[m[K = NAN;
      |      [01;31m[K^[m[K
      |      [32m[Kvx[m[K
[01m[K/home/jingyan/px4_ros_com_ros2/src/px4_ros_com/src/examples/offboard/offboard_control.cpp:215:6:[m[K [01;31m[Kerror: [m[K‘[01m[Kusing PositionSetpoint = struct px4_msgs::msg::PositionSetpoint_<std::allocator<void> >[m[K’ {aka ‘[01m[Kstruct px4_msgs::msg::PositionSetpoint_<std::allocator<void> >[m[K’} has no member named ‘[01m[Ky[m[K’; did you mean ‘[01m[Kvy[m[K’?
  215 |  msg.[01;31m[Ky[m[K = NAN;
      |      [01;31m[K^[m[K
      |      [32m[Kvy[m[K
[01m[K/home/jingyan/px4_ros_com_ros2/src/px4_ros_com/src/examples/offboard/offboard_control.cpp:216:6:[m[K [01;31m[Kerror: [m[K‘[01m[Kusing PositionSetpoint = struct px4_msgs::msg::PositionSetpoint_<std::allocator<void> >[m[K’ {aka ‘[01m[Kstruct px4_msgs::msg::PositionSetpoint_<std::allocator<void> >[m[K’} has no member named ‘[01m[Kz[m[K’; did you mean ‘[01m[Kvz[m[K’?
  216 |  msg.[01;31m[Kz[m[K = NAN;
      |      [01;31m[K^[m[K
      |      [32m[Kvz[m[K
make[2]: *** [CMakeFiles/offboard_control.dir/build.make:63: CMakeFiles/offboard_control.dir/src/examples/offboard/offboard_control.cpp.o] Error 1
make[1]: *** [CMakeFiles/Makefile2:119: CMakeFiles/offboard_control.dir/all] Error 2
make: *** [Makefile:141: all] Error 2
