[0.023s] Invoking command in '/home/jingyan/px4_ros_com_ros2/build/px4_ros_com': AMENT_PREFIX_PATH=/home/jingyan/px4_ros_com_ros2/install/px4_msgs:${AMENT_PREFIX_PATH} CMAKE_PREFIX_PATH=/home/jingyan/px4_ros_com_ros2/install/px4_msgs:/opt/ros/foxy LD_LIBRARY_PATH=/home/jingyan/px4_ros_com_ros2/install/px4_msgs/lib:${LD_LIBRARY_PATH} PYTHONPATH=/home/jingyan/px4_ros_com_ros2/install/px4_msgs/lib/python3.8/site-packages:${PYTHONPATH} /usr/bin/cmake --build /home/jingyan/px4_ros_com_ros2/build/px4_ros_com -- -j16 -l16
[0.085s] [35m[1mScanning dependencies of target offboard_control[0m
[0.099s] [  2%] Built target frame_transforms
[0.105s] [  4%] Built target offboard_control_vel
[0.106s] [  6%] Built target debug_vect_advertiser
[0.108s] [  8%] Built target vehicle_gps_position_listener
[0.109s] [ 10%] Built target sensor_combined_listener
[0.113s] [ 11%] Built target Odom_transform
[0.116s] [ 12%] [32mBuilding CXX object CMakeFiles/offboard_control.dir/src/examples/offboard/offboard_control.cpp.o[0m
[0.147s] [ 99%] Built target micrortps_agent
[1.659s] [01m[K/home/jingyan/px4_ros_com_ros2/src/px4_ros_com/src/examples/offboard/offboard_control.cpp:[m[K In member function ‘[01m[Kvoid OffboardControl::publish_trajectory_setpoint() const[m[K’:
[1.659s] [01m[K/home/jingyan/px4_ros_com_ros2/src/px4_ros_com/src/examples/offboard/offboard_control.cpp:214:6:[m[K [01;31m[Kerror: [m[K‘[01m[Kusing PositionSetpoint = struct px4_msgs::msg::PositionSetpoint_<std::allocator<void> >[m[K’ {aka ‘[01m[Kstruct px4_msgs::msg::PositionSetpoint_<std::allocator<void> >[m[K’} has no member named ‘[01m[Kx[m[K’; did you mean ‘[01m[Kvx[m[K’?
[1.659s]   214 |  msg.[01;31m[Kx[m[K = NAN;
[1.659s]       |      [01;31m[K^[m[K
[1.659s]       |      [32m[Kvx[m[K
[1.660s] [01m[K/home/jingyan/px4_ros_com_ros2/src/px4_ros_com/src/examples/offboard/offboard_control.cpp:215:6:[m[K [01;31m[Kerror: [m[K‘[01m[Kusing PositionSetpoint = struct px4_msgs::msg::PositionSetpoint_<std::allocator<void> >[m[K’ {aka ‘[01m[Kstruct px4_msgs::msg::PositionSetpoint_<std::allocator<void> >[m[K’} has no member named ‘[01m[Ky[m[K’; did you mean ‘[01m[Kvy[m[K’?
[1.660s]   215 |  msg.[01;31m[Ky[m[K = NAN;
[1.660s]       |      [01;31m[K^[m[K
[1.660s]       |      [32m[Kvy[m[K
[1.660s] [01m[K/home/jingyan/px4_ros_com_ros2/src/px4_ros_com/src/examples/offboard/offboard_control.cpp:216:6:[m[K [01;31m[Kerror: [m[K‘[01m[Kusing PositionSetpoint = struct px4_msgs::msg::PositionSetpoint_<std::allocator<void> >[m[K’ {aka ‘[01m[Kstruct px4_msgs::msg::PositionSetpoint_<std::allocator<void> >[m[K’} has no member named ‘[01m[Kz[m[K’; did you mean ‘[01m[Kvz[m[K’?
[1.661s]   216 |  msg.[01;31m[Kz[m[K = NAN;
[1.661s]       |      [01;31m[K^[m[K
[1.661s]       |      [32m[Kvz[m[K
[3.584s] make[2]: *** [CMakeFiles/offboard_control.dir/build.make:63: CMakeFiles/offboard_control.dir/src/examples/offboard/offboard_control.cpp.o] Error 1
[3.585s] make[1]: *** [CMakeFiles/Makefile2:119: CMakeFiles/offboard_control.dir/all] Error 2
[3.585s] make: *** [Makefile:141: all] Error 2
[3.588s] Invoked command in '/home/jingyan/px4_ros_com_ros2/build/px4_ros_com' returned '2': AMENT_PREFIX_PATH=/home/jingyan/px4_ros_com_ros2/install/px4_msgs:${AMENT_PREFIX_PATH} CMAKE_PREFIX_PATH=/home/jingyan/px4_ros_com_ros2/install/px4_msgs:/opt/ros/foxy LD_LIBRARY_PATH=/home/jingyan/px4_ros_com_ros2/install/px4_msgs/lib:${LD_LIBRARY_PATH} PYTHONPATH=/home/jingyan/px4_ros_com_ros2/install/px4_msgs/lib/python3.8/site-packages:${PYTHONPATH} /usr/bin/cmake --build /home/jingyan/px4_ros_com_ros2/build/px4_ros_com -- -j16 -l16
