[0.013s] Invoking command in '/home/jingyan/px4_ros_com_ros2/build/fishbot_navigation2': CMAKE_PREFIX_PATH=/opt/ros/foxy /usr/bin/cmake /home/jingyan/px4_ros_com_ros2/src/fishbot_navigation2 -DCMAKE_INSTALL_PREFIX=/home/jingyan/px4_ros_com_ros2/install/fishbot_navigation2
[0.183s] -- The C compiler identification is GNU 9.4.0
[0.261s] -- The CXX compiler identification is GNU 9.4.0
[0.267s] -- Check for working C compiler: /usr/bin/cc
[0.353s] -- Check for working C compiler: /usr/bin/cc -- works
[0.357s] -- Detecting C compiler ABI info
[0.446s] -- Detecting C compiler ABI info - done
[0.459s] -- Detecting C compile features
[0.459s] -- Detecting C compile features - done
[0.462s] -- Check for working CXX compiler: /usr/bin/c++
[0.564s] -- Check for working CXX compiler: /usr/bin/c++ -- works
[0.566s] -- Detecting CXX compiler ABI info
[0.653s] -- Detecting CXX compiler ABI info - done
[0.671s] -- Detecting CXX compile features
[0.671s] -- Detecting CXX compile features - done
[0.676s] -- Found ament_cmake: 0.9.11 (/opt/ros/foxy/share/ament_cmake/cmake)
[0.702s] -- Found PythonInterp: /usr/bin/python3 (found suitable version "3.8.10", minimum required is "3") 
[0.702s] -- Using PYTHON_EXECUTABLE: /usr/bin/python3
[0.886s] -- Found nav2_bringup: 0.4.7 (/opt/ros/foxy/share/nav2_bringup/cmake)
[0.889s] -- Found ament_lint_auto: 0.9.7 (/opt/ros/foxy/share/ament_lint_auto/cmake)
[0.961s] -- Added test 'copyright' to check source files copyright and LICENSE
[0.963s] -- Added test 'flake8' to check Python code syntax and style conventions
[0.964s] -- Added test 'lint_cmake' to check CMake code style
[0.964s] -- Added test 'pep257' to check Python code against some of the style conventions in PEP 257
[0.965s] -- Added test 'xmllint' to check XML markup files
[0.967s] -- Configuring done
[0.968s] -- Generating done
[0.969s] -- Build files have been written to: /home/jingyan/px4_ros_com_ros2/build/fishbot_navigation2
[0.972s] Invoked command in '/home/jingyan/px4_ros_com_ros2/build/fishbot_navigation2' returned '0': CMAKE_PREFIX_PATH=/opt/ros/foxy /usr/bin/cmake /home/jingyan/px4_ros_com_ros2/src/fishbot_navigation2 -DCMAKE_INSTALL_PREFIX=/home/jingyan/px4_ros_com_ros2/install/fishbot_navigation2
[0.978s] Invoking command in '/home/jingyan/px4_ros_com_ros2/build/fishbot_navigation2': CMAKE_PREFIX_PATH=/opt/ros/foxy /usr/bin/cmake --build /home/jingyan/px4_ros_com_ros2/build/fishbot_navigation2 -- -j16 -l16
[1.034s] Invoked command in '/home/jingyan/px4_ros_com_ros2/build/fishbot_navigation2' returned '0': CMAKE_PREFIX_PATH=/opt/ros/foxy /usr/bin/cmake --build /home/jingyan/px4_ros_com_ros2/build/fishbot_navigation2 -- -j16 -l16
[1.077s] Invoking command in '/home/jingyan/px4_ros_com_ros2/build/fishbot_navigation2': CMAKE_PREFIX_PATH=/opt/ros/foxy /usr/bin/cmake --install /home/jingyan/px4_ros_com_ros2/build/fishbot_navigation2
[1.083s] -- Install configuration: ""
[1.083s] -- Installing: /home/jingyan/px4_ros_com_ros2/install/fishbot_navigation2/share/fishbot_navigation2/launch
[1.083s] -- Installing: /home/jingyan/px4_ros_com_ros2/install/fishbot_navigation2/share/fishbot_navigation2/launch/navigation2.launch.py
[1.084s] -- Installing: /home/jingyan/px4_ros_com_ros2/install/fishbot_navigation2/share/fishbot_navigation2/launch/navigation2
[1.084s] -- Installing: /home/jingyan/px4_ros_com_ros2/install/fishbot_navigation2/share/fishbot_navigation2/param
[1.084s] -- Installing: /home/jingyan/px4_ros_com_ros2/install/fishbot_navigation2/share/fishbot_navigation2/param/fishbot_nav2.yaml
[1.084s] -- Installing: /home/jingyan/px4_ros_com_ros2/install/fishbot_navigation2/share/fishbot_navigation2/maps
[1.084s] -- Installing: /home/jingyan/px4_ros_com_ros2/install/fishbot_navigation2/share/fishbot_navigation2/maps/fishbot_map.yaml
[1.084s] -- Installing: /home/jingyan/px4_ros_com_ros2/install/fishbot_navigation2/share/fishbot_navigation2/maps/fishbot_map.pgm
[1.085s] -- Installing: /home/jingyan/px4_ros_com_ros2/install/fishbot_navigation2/share/ament_index/resource_index/package_run_dependencies/fishbot_navigation2
[1.085s] -- Installing: /home/jingyan/px4_ros_com_ros2/install/fishbot_navigation2/share/ament_index/resource_index/parent_prefix_path/fishbot_navigation2
[1.085s] -- Installing: /home/jingyan/px4_ros_com_ros2/install/fishbot_navigation2/share/fishbot_navigation2/environment/ament_prefix_path.sh
[1.085s] -- Installing: /home/jingyan/px4_ros_com_ros2/install/fishbot_navigation2/share/fishbot_navigation2/environment/ament_prefix_path.dsv
[1.085s] -- Installing: /home/jingyan/px4_ros_com_ros2/install/fishbot_navigation2/share/fishbot_navigation2/environment/path.sh
[1.085s] -- Installing: /home/jingyan/px4_ros_com_ros2/install/fishbot_navigation2/share/fishbot_navigation2/environment/path.dsv
[1.085s] -- Installing: /home/jingyan/px4_ros_com_ros2/install/fishbot_navigation2/share/fishbot_navigation2/local_setup.bash
[1.086s] -- Installing: /home/jingyan/px4_ros_com_ros2/install/fishbot_navigation2/share/fishbot_navigation2/local_setup.sh
[1.086s] -- Installing: /home/jingyan/px4_ros_com_ros2/install/fishbot_navigation2/share/fishbot_navigation2/local_setup.zsh
[1.086s] -- Installing: /home/jingyan/px4_ros_com_ros2/install/fishbot_navigation2/share/fishbot_navigation2/local_setup.dsv
[1.086s] -- Installing: /home/jingyan/px4_ros_com_ros2/install/fishbot_navigation2/share/fishbot_navigation2/package.dsv
[1.086s] -- Installing: /home/jingyan/px4_ros_com_ros2/install/fishbot_navigation2/share/ament_index/resource_index/packages/fishbot_navigation2
[1.086s] -- Installing: /home/jingyan/px4_ros_com_ros2/install/fishbot_navigation2/share/fishbot_navigation2/cmake/fishbot_navigation2Config.cmake
[1.087s] -- Installing: /home/jingyan/px4_ros_com_ros2/install/fishbot_navigation2/share/fishbot_navigation2/cmake/fishbot_navigation2Config-version.cmake
[1.087s] -- Installing: /home/jingyan/px4_ros_com_ros2/install/fishbot_navigation2/share/fishbot_navigation2/package.xml
[1.089s] Invoked command in '/home/jingyan/px4_ros_com_ros2/build/fishbot_navigation2' returned '0': CMAKE_PREFIX_PATH=/opt/ros/foxy /usr/bin/cmake --install /home/jingyan/px4_ros_com_ros2/build/fishbot_navigation2
